Nov 23, 2024 1:40:01 PM com.itextos.beacon.smslog.ProducerTopicLog log
INFO: getTopicNameBasedOnPriorityForProducer : passedClusterKeyName : bulk used for search : passedClusterKeyName : bulk
Nov 23, 2024 1:40:01 PM com.itextos.beacon.smslog.ProducerTopicLog log
INFO: getTopicNameBasedOnPriorityForProducer : passedMessageType : 1 aPassedMsgType : TRANSACTIONAL
Nov 23, 2024 1:40:01 PM com.itextos.beacon.smslog.ProducerTopicLog log
INFO: getTopicNameBasedOnPriorityForProducer : passedMessagePriority : 5 aPassedMsgPriority : PRIORITY_5
Nov 23, 2024 1:40:01 PM com.itextos.beacon.smslog.ProducerTopicLog log
INFO: getTopicNameBasedOnPriorityForProducer : passedIntfGroupName : api aPassedIntfGroup : API
Nov 23, 2024 1:40:01 PM com.itextos.beacon.smslog.ProducerTopicLog log
INFO:  mKafkaPriorityTopics : {otp={DEFAULT={DEFAULT={0=high, 1=high, 2=low, 3=low, 4=low, 5=low}}}, bulk={DEFAULT={DEFAULT={0=high, 1=high, 2=low, 3=low, 4=low, 5=low}}}, intl={DEFAULT={DEFAULT={0=high, 1=high, 2=low, 3=low, 4=low, 5=low}}}, DEFAULT={DEFAULT={DEFAULT={0=high, 1=high, 2=low, 3=low, 4=low, 5=low}}}, trans={DEFAULT={DEFAULT={0=high, 1=high, 2=low, 3=low, 4=low, 5=low}}}}
Nov 23, 2024 1:40:01 PM com.itextos.beacon.smslog.ProducerTopicLog log
INFO: getProducerBasedOnPriority :  topicName : t2db-full-message-low aProducerKafkaRequest.isIntlFlag() : false aProducerKafkaRequest.getNextComponent()  :  T2DB_FULL_MESSAGE aProducerKafkaRequest.getPlatformCluster() : BULK aProducerKafkaRequest.getMessagePriority() :  PRIORITY_5
Nov 23, 2024 1:40:01 PM com.itextos.beacon.smslog.ProducerTopicLog log
INFO: getTopicNameBasedOnPriorityForProducer : passedClusterKeyName : bulk used for search : passedClusterKeyName : bulk
Nov 23, 2024 1:40:01 PM com.itextos.beacon.smslog.ProducerTopicLog log
INFO: getTopicNameBasedOnPriorityForProducer : passedMessageType : 1 aPassedMsgType : TRANSACTIONAL
Nov 23, 2024 1:40:01 PM com.itextos.beacon.smslog.ProducerTopicLog log
INFO: getTopicNameBasedOnPriorityForProducer : passedMessagePriority : 5 aPassedMsgPriority : PRIORITY_5
Nov 23, 2024 1:40:01 PM com.itextos.beacon.smslog.ProducerTopicLog log
INFO: getTopicNameBasedOnPriorityForProducer : passedIntfGroupName : api aPassedIntfGroup : API
Nov 23, 2024 1:40:01 PM com.itextos.beacon.smslog.ProducerTopicLog log
INFO:  mKafkaPriorityTopics : {otp={DEFAULT={DEFAULT={0=high, 1=high, 2=low, 3=low, 4=low, 5=low}}}, bulk={DEFAULT={DEFAULT={0=high, 1=high, 2=low, 3=low, 4=low, 5=low}}}, intl={DEFAULT={DEFAULT={0=high, 1=high, 2=low, 3=low, 4=low, 5=low}}}, DEFAULT={DEFAULT={DEFAULT={0=high, 1=high, 2=low, 3=low, 4=low, 5=low}}}, trans={DEFAULT={DEFAULT={0=high, 1=high, 2=low, 3=low, 4=low, 5=low}}}}
Nov 23, 2024 1:40:01 PM com.itextos.beacon.smslog.ProducerTopicLog log
INFO: getProducerBasedOnPriority :  topicName : t2db-submission-low aProducerKafkaRequest.isIntlFlag() : false aProducerKafkaRequest.getNextComponent()  :  T2DB_SUBMISSION aProducerKafkaRequest.getPlatformCluster() : BULK aProducerKafkaRequest.getMessagePriority() :  PRIORITY_5
Nov 23, 2024 1:43:00 PM com.itextos.beacon.smslog.ProducerTopicLog log
INFO: getTopicNameBasedOnPriorityForProducer : passedClusterKeyName : bulk used for search : passedClusterKeyName : bulk
Nov 23, 2024 1:43:00 PM com.itextos.beacon.smslog.ProducerTopicLog log
INFO: getTopicNameBasedOnPriorityForProducer : passedMessageType : 1 aPassedMsgType : TRANSACTIONAL
Nov 23, 2024 1:43:00 PM com.itextos.beacon.smslog.ProducerTopicLog log
INFO: getTopicNameBasedOnPriorityForProducer : passedMessagePriority : 5 aPassedMsgPriority : PRIORITY_5
Nov 23, 2024 1:43:00 PM com.itextos.beacon.smslog.ProducerTopicLog log
INFO: getTopicNameBasedOnPriorityForProducer : passedIntfGroupName : api aPassedIntfGroup : API
Nov 23, 2024 1:43:00 PM com.itextos.beacon.smslog.ProducerTopicLog log
INFO:  mKafkaPriorityTopics : {otp={DEFAULT={DEFAULT={0=high, 1=high, 2=low, 3=low, 4=low, 5=low}}}, bulk={DEFAULT={DEFAULT={0=high, 1=high, 2=low, 3=low, 4=low, 5=low}}}, intl={DEFAULT={DEFAULT={0=high, 1=high, 2=low, 3=low, 4=low, 5=low}}}, DEFAULT={DEFAULT={DEFAULT={0=high, 1=high, 2=low, 3=low, 4=low, 5=low}}}, trans={DEFAULT={DEFAULT={0=high, 1=high, 2=low, 3=low, 4=low, 5=low}}}}
Nov 23, 2024 1:43:00 PM com.itextos.beacon.smslog.ProducerTopicLog log
INFO: getProducerBasedOnPriority :  topicName : t2db-full-message-low aProducerKafkaRequest.isIntlFlag() : false aProducerKafkaRequest.getNextComponent()  :  T2DB_FULL_MESSAGE aProducerKafkaRequest.getPlatformCluster() : BULK aProducerKafkaRequest.getMessagePriority() :  PRIORITY_5
Nov 23, 2024 1:43:00 PM com.itextos.beacon.smslog.ProducerTopicLog log
INFO: getTopicNameBasedOnPriorityForProducer : passedClusterKeyName : bulk used for search : passedClusterKeyName : bulk
Nov 23, 2024 1:43:00 PM com.itextos.beacon.smslog.ProducerTopicLog log
INFO: getTopicNameBasedOnPriorityForProducer : passedMessageType : 1 aPassedMsgType : TRANSACTIONAL
Nov 23, 2024 1:43:00 PM com.itextos.beacon.smslog.ProducerTopicLog log
INFO: getTopicNameBasedOnPriorityForProducer : passedMessagePriority : 5 aPassedMsgPriority : PRIORITY_5
Nov 23, 2024 1:43:00 PM com.itextos.beacon.smslog.ProducerTopicLog log
INFO: getTopicNameBasedOnPriorityForProducer : passedIntfGroupName : api aPassedIntfGroup : API
Nov 23, 2024 1:43:00 PM com.itextos.beacon.smslog.ProducerTopicLog log
INFO:  mKafkaPriorityTopics : {otp={DEFAULT={DEFAULT={0=high, 1=high, 2=low, 3=low, 4=low, 5=low}}}, bulk={DEFAULT={DEFAULT={0=high, 1=high, 2=low, 3=low, 4=low, 5=low}}}, intl={DEFAULT={DEFAULT={0=high, 1=high, 2=low, 3=low, 4=low, 5=low}}}, DEFAULT={DEFAULT={DEFAULT={0=high, 1=high, 2=low, 3=low, 4=low, 5=low}}}, trans={DEFAULT={DEFAULT={0=high, 1=high, 2=low, 3=low, 4=low, 5=low}}}}
Nov 23, 2024 1:43:00 PM com.itextos.beacon.smslog.ProducerTopicLog log
INFO: getProducerBasedOnPriority :  topicName : t2db-submission-low aProducerKafkaRequest.isIntlFlag() : false aProducerKafkaRequest.getNextComponent()  :  T2DB_SUBMISSION aProducerKafkaRequest.getPlatformCluster() : BULK aProducerKafkaRequest.getMessagePriority() :  PRIORITY_5
Nov 23, 2024 1:45:00 PM com.itextos.beacon.smslog.ProducerTopicLog log
INFO: getTopicNameBasedOnPriorityForProducer : passedClusterKeyName : bulk used for search : passedClusterKeyName : bulk
Nov 23, 2024 1:45:00 PM com.itextos.beacon.smslog.ProducerTopicLog log
INFO: getTopicNameBasedOnPriorityForProducer : passedMessageType : 1 aPassedMsgType : TRANSACTIONAL
Nov 23, 2024 1:45:00 PM com.itextos.beacon.smslog.ProducerTopicLog log
INFO: getTopicNameBasedOnPriorityForProducer : passedMessagePriority : 5 aPassedMsgPriority : PRIORITY_5
Nov 23, 2024 1:45:00 PM com.itextos.beacon.smslog.ProducerTopicLog log
INFO: getTopicNameBasedOnPriorityForProducer : passedIntfGroupName : api aPassedIntfGroup : API
Nov 23, 2024 1:45:00 PM com.itextos.beacon.smslog.ProducerTopicLog log
INFO:  mKafkaPriorityTopics : {otp={DEFAULT={DEFAULT={0=high, 1=high, 2=low, 3=low, 4=low, 5=low}}}, bulk={DEFAULT={DEFAULT={0=high, 1=high, 2=low, 3=low, 4=low, 5=low}}}, intl={DEFAULT={DEFAULT={0=high, 1=high, 2=low, 3=low, 4=low, 5=low}}}, DEFAULT={DEFAULT={DEFAULT={0=high, 1=high, 2=low, 3=low, 4=low, 5=low}}}, trans={DEFAULT={DEFAULT={0=high, 1=high, 2=low, 3=low, 4=low, 5=low}}}}
Nov 23, 2024 1:45:00 PM com.itextos.beacon.smslog.ProducerTopicLog log
INFO: getProducerBasedOnPriority :  topicName : t2db-full-message-low aProducerKafkaRequest.isIntlFlag() : false aProducerKafkaRequest.getNextComponent()  :  T2DB_FULL_MESSAGE aProducerKafkaRequest.getPlatformCluster() : BULK aProducerKafkaRequest.getMessagePriority() :  PRIORITY_5
Nov 23, 2024 1:45:00 PM com.itextos.beacon.smslog.ProducerTopicLog log
INFO: getTopicNameBasedOnPriorityForProducer : passedClusterKeyName : bulk used for search : passedClusterKeyName : bulk
Nov 23, 2024 1:45:00 PM com.itextos.beacon.smslog.ProducerTopicLog log
INFO: getTopicNameBasedOnPriorityForProducer : passedMessageType : 1 aPassedMsgType : TRANSACTIONAL
Nov 23, 2024 1:45:00 PM com.itextos.beacon.smslog.ProducerTopicLog log
INFO: getTopicNameBasedOnPriorityForProducer : passedMessagePriority : 5 aPassedMsgPriority : PRIORITY_5
Nov 23, 2024 1:45:00 PM com.itextos.beacon.smslog.ProducerTopicLog log
INFO: getTopicNameBasedOnPriorityForProducer : passedIntfGroupName : api aPassedIntfGroup : API
Nov 23, 2024 1:45:00 PM com.itextos.beacon.smslog.ProducerTopicLog log
INFO:  mKafkaPriorityTopics : {otp={DEFAULT={DEFAULT={0=high, 1=high, 2=low, 3=low, 4=low, 5=low}}}, bulk={DEFAULT={DEFAULT={0=high, 1=high, 2=low, 3=low, 4=low, 5=low}}}, intl={DEFAULT={DEFAULT={0=high, 1=high, 2=low, 3=low, 4=low, 5=low}}}, DEFAULT={DEFAULT={DEFAULT={0=high, 1=high, 2=low, 3=low, 4=low, 5=low}}}, trans={DEFAULT={DEFAULT={0=high, 1=high, 2=low, 3=low, 4=low, 5=low}}}}
Nov 23, 2024 1:45:00 PM com.itextos.beacon.smslog.ProducerTopicLog log
INFO: getProducerBasedOnPriority :  topicName : t2db-submission-low aProducerKafkaRequest.isIntlFlag() : false aProducerKafkaRequest.getNextComponent()  :  T2DB_SUBMISSION aProducerKafkaRequest.getPlatformCluster() : BULK aProducerKafkaRequest.getMessagePriority() :  PRIORITY_5
Nov 23, 2024 1:48:01 PM com.itextos.beacon.smslog.ProducerTopicLog log
INFO: getTopicNameBasedOnPriorityForProducer : passedClusterKeyName : bulk used for search : passedClusterKeyName : bulk
Nov 23, 2024 1:48:01 PM com.itextos.beacon.smslog.ProducerTopicLog log
INFO: getTopicNameBasedOnPriorityForProducer : passedMessageType : 1 aPassedMsgType : TRANSACTIONAL
Nov 23, 2024 1:48:01 PM com.itextos.beacon.smslog.ProducerTopicLog log
INFO: getTopicNameBasedOnPriorityForProducer : passedMessagePriority : 5 aPassedMsgPriority : PRIORITY_5
Nov 23, 2024 1:48:01 PM com.itextos.beacon.smslog.ProducerTopicLog log
INFO: getTopicNameBasedOnPriorityForProducer : passedIntfGroupName : api aPassedIntfGroup : API
Nov 23, 2024 1:48:01 PM com.itextos.beacon.smslog.ProducerTopicLog log
INFO:  mKafkaPriorityTopics : {otp={DEFAULT={DEFAULT={0=high, 1=high, 2=low, 3=low, 4=low, 5=low}}}, bulk={DEFAULT={DEFAULT={0=high, 1=high, 2=low, 3=low, 4=low, 5=low}}}, intl={DEFAULT={DEFAULT={0=high, 1=high, 2=low, 3=low, 4=low, 5=low}}}, DEFAULT={DEFAULT={DEFAULT={0=high, 1=high, 2=low, 3=low, 4=low, 5=low}}}, trans={DEFAULT={DEFAULT={0=high, 1=high, 2=low, 3=low, 4=low, 5=low}}}}
Nov 23, 2024 1:48:01 PM com.itextos.beacon.smslog.ProducerTopicLog log
INFO: getProducerBasedOnPriority :  topicName : t2db-full-message-low aProducerKafkaRequest.isIntlFlag() : false aProducerKafkaRequest.getNextComponent()  :  T2DB_FULL_MESSAGE aProducerKafkaRequest.getPlatformCluster() : BULK aProducerKafkaRequest.getMessagePriority() :  PRIORITY_5
Nov 23, 2024 1:48:01 PM com.itextos.beacon.smslog.ProducerTopicLog log
INFO: getTopicNameBasedOnPriorityForProducer : passedClusterKeyName : bulk used for search : passedClusterKeyName : bulk
Nov 23, 2024 1:48:01 PM com.itextos.beacon.smslog.ProducerTopicLog log
INFO: getTopicNameBasedOnPriorityForProducer : passedMessageType : 1 aPassedMsgType : TRANSACTIONAL
Nov 23, 2024 1:48:01 PM com.itextos.beacon.smslog.ProducerTopicLog log
INFO: getTopicNameBasedOnPriorityForProducer : passedMessagePriority : 5 aPassedMsgPriority : PRIORITY_5
Nov 23, 2024 1:48:01 PM com.itextos.beacon.smslog.ProducerTopicLog log
INFO: getTopicNameBasedOnPriorityForProducer : passedIntfGroupName : api aPassedIntfGroup : API
Nov 23, 2024 1:48:01 PM com.itextos.beacon.smslog.ProducerTopicLog log
INFO:  mKafkaPriorityTopics : {otp={DEFAULT={DEFAULT={0=high, 1=high, 2=low, 3=low, 4=low, 5=low}}}, bulk={DEFAULT={DEFAULT={0=high, 1=high, 2=low, 3=low, 4=low, 5=low}}}, intl={DEFAULT={DEFAULT={0=high, 1=high, 2=low, 3=low, 4=low, 5=low}}}, DEFAULT={DEFAULT={DEFAULT={0=high, 1=high, 2=low, 3=low, 4=low, 5=low}}}, trans={DEFAULT={DEFAULT={0=high, 1=high, 2=low, 3=low, 4=low, 5=low}}}}
Nov 23, 2024 1:48:01 PM com.itextos.beacon.smslog.ProducerTopicLog log
INFO: getProducerBasedOnPriority :  topicName : t2db-submission-low aProducerKafkaRequest.isIntlFlag() : false aProducerKafkaRequest.getNextComponent()  :  T2DB_SUBMISSION aProducerKafkaRequest.getPlatformCluster() : BULK aProducerKafkaRequest.getMessagePriority() :  PRIORITY_5
