Nov 20, 2024 10:00:13 AM com.itextos.beacon.smslog.ExecutorLog1 log
INFO: [GENERAL] [t_T2DbTableWrapper : t2db_deliveries]: t_T2DbTableWrapper : t2db_deliveries : goto sleep for the milli second  : 1000
Nov 20, 2024 10:00:14 AM com.itextos.beacon.smslog.ExecutorLog1 log
INFO: [GENERAL] [t_T2DbTableWrapper : t2db_deliveries]: t_T2DbTableWrapper : t2db_deliveries : Wed Nov 20 10:00:14 IST 2024
Nov 20, 2024 10:00:14 AM com.itextos.beacon.smslog.ExecutorLog1 log
INFO: [GENERAL] [t_T2DbTableWrapper : t2db_deliveries]: t_T2DbTableWrapper : t2db_deliveries : goto sleep for the milli second  : 1000
Nov 20, 2024 10:00:15 AM com.itextos.beacon.smslog.ExecutorLog1 log
INFO: [GENERAL] [t_T2DbTableWrapper : t2db_deliveries]: t_T2DbTableWrapper : t2db_deliveries : Wed Nov 20 10:00:15 IST 2024
Nov 20, 2024 10:00:15 AM com.itextos.beacon.smslog.ExecutorLog1 log
INFO: [GENERAL] [t_T2DbTableWrapper : t2db_deliveries]: t_T2DbTableWrapper : t2db_deliveries : goto sleep for the milli second  : 1000
Nov 20, 2024 10:00:16 AM com.itextos.beacon.smslog.ExecutorLog1 log
INFO: [GENERAL] [t_T2DbTableWrapper : t2db_deliveries]: t_T2DbTableWrapper : t2db_deliveries : Wed Nov 20 10:00:16 IST 2024
Nov 20, 2024 10:00:16 AM com.itextos.beacon.smslog.ExecutorLog1 log
INFO: [GENERAL] [t_T2DbTableWrapper : t2db_deliveries]: t_T2DbTableWrapper : t2db_deliveries : goto sleep for the milli second  : 1000
Nov 20, 2024 10:00:16 AM com.itextos.beacon.smslog.ExecutorLog1 log
INFO: [GENERAL] [t_PartitionInfoCollection]: t_PartitionInfoCollection : Wed Nov 20 10:00:16 IST 2024
Nov 20, 2024 10:00:16 AM com.itextos.beacon.smslog.ExecutorLog1 log
INFO: [GENERAL] [t_PartitionInfoCollection]: t_PartitionInfoCollection : goto sleep for the milli second  : 5000
Nov 20, 2024 10:00:17 AM com.itextos.beacon.smslog.ExecutorLog1 log
INFO: [GENERAL] [t_T2DbTableWrapper : t2db_deliveries]: t_T2DbTableWrapper : t2db_deliveries : Wed Nov 20 10:00:17 IST 2024
Nov 20, 2024 10:00:17 AM com.itextos.beacon.smslog.ExecutorLog1 log
INFO: [GENERAL] [t_T2DbTableWrapper : t2db_deliveries]: t_T2DbTableWrapper : t2db_deliveries : goto sleep for the milli second  : 1000
Nov 20, 2024 10:00:18 AM com.itextos.beacon.smslog.ExecutorLog1 log
INFO: [GENERAL] [t_T2DbTableWrapper : t2db_deliveries]: t_T2DbTableWrapper : t2db_deliveries : Wed Nov 20 10:00:18 IST 2024
Nov 20, 2024 10:00:18 AM com.itextos.beacon.smslog.ExecutorLog1 log
INFO: [GENERAL] [t_T2DbTableWrapper : t2db_deliveries]: t_T2DbTableWrapper : t2db_deliveries : goto sleep for the milli second  : 1000
Nov 20, 2024 10:00:19 AM com.itextos.beacon.smslog.ExecutorLog1 log
INFO: [GENERAL] [t_T2DbTableWrapper : t2db_deliveries]: t_T2DbTableWrapper : t2db_deliveries : Wed Nov 20 10:00:19 IST 2024
Nov 20, 2024 10:00:19 AM com.itextos.beacon.smslog.ExecutorLog1 log
INFO: [GENERAL] [t_T2DbTableWrapper : t2db_deliveries]: t_T2DbTableWrapper : t2db_deliveries : goto sleep for the milli second  : 1000
Nov 20, 2024 10:00:20 AM com.itextos.beacon.smslog.ExecutorLog1 log
INFO: [GENERAL] [t_T2DbTableWrapper : t2db_deliveries]: t_T2DbTableWrapper : t2db_deliveries : Wed Nov 20 10:00:20 IST 2024
Nov 20, 2024 10:00:20 AM com.itextos.beacon.smslog.ExecutorLog1 log
INFO: [GENERAL] [t_T2DbTableWrapper : t2db_deliveries]: t_T2DbTableWrapper : t2db_deliveries : goto sleep for the milli second  : 1000
