Dec 04, 2024 11:50:39 AM com.itextos.beacon.smslog.TopicLog log
INFO: [GENERAL] [t2db_client_handover_master_log-low]: goto sleep mSleepInMillis : 100  mTopicName : t2db_client_handover_master_log-low : Wed Dec 04 11:50:39 IST 2024
Dec 04, 2024 11:50:39 AM com.itextos.beacon.smslog.TopicLog log
INFO: [GENERAL] [t2db_client_handover_log-low]: goto sleep mSleepInMillis : 100  mTopicName : t2db_client_handover_log-low : Wed Dec 04 11:50:39 IST 2024
Dec 04, 2024 11:50:39 AM com.itextos.beacon.smslog.TopicLog log
INFO: [GENERAL] [t2db_client_handover_retry_data-low]: goto sleep mSleepInMillis : 100  mTopicName : t2db_client_handover_retry_data-low : Wed Dec 04 11:50:39 IST 2024
Dec 04, 2024 11:50:39 AM com.itextos.beacon.smslog.TopicLog log
INFO: [GENERAL] [t2db_client_handover_master_log-low]: mTopicName : t2db_client_handover_master_log-low : Wed Dec 04 11:50:39 IST 2024
Dec 04, 2024 11:50:39 AM com.itextos.beacon.smslog.TopicLog log
INFO: [GENERAL] [t2db_client_handover_log-low]: mTopicName : t2db_client_handover_log-low : Wed Dec 04 11:50:39 IST 2024
Dec 04, 2024 11:50:39 AM com.itextos.beacon.smslog.TopicLog log
INFO: [GENERAL] [t2db_client_handover_retry_data-low]: mTopicName : t2db_client_handover_retry_data-low : Wed Dec 04 11:50:39 IST 2024
Dec 04, 2024 11:50:39 AM com.itextos.beacon.smslog.TopicLog log
INFO: [GENERAL] [t2db_client_handover_master_log-low]: goto sleep mSleepInMillis : 100  mTopicName : t2db_client_handover_master_log-low : Wed Dec 04 11:50:39 IST 2024
Dec 04, 2024 11:50:39 AM com.itextos.beacon.smslog.TopicLog log
INFO: [GENERAL] [t2db_client_handover_log-low]: goto sleep mSleepInMillis : 100  mTopicName : t2db_client_handover_log-low : Wed Dec 04 11:50:39 IST 2024
Dec 04, 2024 11:50:39 AM com.itextos.beacon.smslog.TopicLog log
INFO: [GENERAL] [t2db_client_handover_retry_data-low]: goto sleep mSleepInMillis : 100  mTopicName : t2db_client_handover_retry_data-low : Wed Dec 04 11:50:39 IST 2024
Dec 04, 2024 11:50:39 AM com.itextos.beacon.smslog.TopicLog log
INFO: [GENERAL] [t2db_client_handover_master_log-low]: mTopicName : t2db_client_handover_master_log-low : Wed Dec 04 11:50:39 IST 2024
Dec 04, 2024 11:50:39 AM com.itextos.beacon.smslog.TopicLog log
INFO: [GENERAL] [t2db_client_handover_log-low]: mTopicName : t2db_client_handover_log-low : Wed Dec 04 11:50:39 IST 2024
