Dec 04, 2024 11:50:34 AM com.itextos.beacon.smslog.ExecutorLog1 log
INFO: [GENERAL] [t_TimerThread-KANNEL_CONFIG_INFO]: t_TimerThread-KANNEL_CONFIG_INFO : goto sleep for the milli second  : 30000
Dec 04, 2024 11:50:34 AM com.itextos.beacon.smslog.ExecutorLog1 log
INFO: [GENERAL] [t_TimerThread-TABLE_INSERTER_INFO]: t_TimerThread-TABLE_INSERTER_INFO : Wed Dec 04 11:50:34 IST 2024
Dec 04, 2024 11:50:34 AM com.itextos.beacon.smslog.ExecutorLog1 log
INFO: [GENERAL] [t_TimerThread-TABLE_INSERTER_INFO]: t_TimerThread-TABLE_INSERTER_INFO : goto sleep for the milli second  : 30000
Dec 04, 2024 11:50:54 AM com.itextos.beacon.smslog.ExecutorLog1 log
INFO: [GENERAL] [t_KannelStatusRefresher]: t_KannelStatusRefresher : Wed Dec 04 11:50:54 IST 2024
Dec 04, 2024 11:50:56 AM com.itextos.beacon.smslog.ExecutorLog1 log
INFO: [GENERAL] [t_KannelStatusRefresher]: t_KannelStatusRefresher : goto sleep for the milli second  : 30000
Dec 04, 2024 11:51:04 AM com.itextos.beacon.smslog.ExecutorLog1 log
INFO: [GENERAL] [t_TimerThread-KANNEL_CONFIG_INFO]: t_TimerThread-KANNEL_CONFIG_INFO : Wed Dec 04 11:51:04 IST 2024
Dec 04, 2024 11:51:04 AM com.itextos.beacon.smslog.ExecutorLog1 log
INFO: [GENERAL] [t_TimerThread-KANNEL_CONFIG_INFO]: t_TimerThread-KANNEL_CONFIG_INFO : goto sleep for the milli second  : 30000
Dec 04, 2024 11:51:04 AM com.itextos.beacon.smslog.ExecutorLog1 log
INFO: [GENERAL] [t_TimerThread-TABLE_INSERTER_INFO]: t_TimerThread-TABLE_INSERTER_INFO : Wed Dec 04 11:51:04 IST 2024
Dec 04, 2024 11:51:04 AM com.itextos.beacon.smslog.ExecutorLog1 log
INFO: [GENERAL] [t_TimerThread-TABLE_INSERTER_INFO]: t_TimerThread-TABLE_INSERTER_INFO : goto sleep for the milli second  : 30000
Dec 04, 2024 11:51:26 AM com.itextos.beacon.smslog.ExecutorLog1 log
INFO: [GENERAL] [t_KannelStatusRefresher]: t_KannelStatusRefresher : Wed Dec 04 11:51:26 IST 2024
Dec 04, 2024 11:51:28 AM com.itextos.beacon.smslog.ExecutorLog1 log
INFO: [GENERAL] [t_KannelStatusRefresher]: t_KannelStatusRefresher : goto sleep for the milli second  : 30000
Dec 04, 2024 11:51:34 AM com.itextos.beacon.smslog.ExecutorLog1 log
INFO: [GENERAL] [t_TimerThread-KANNEL_CONFIG_INFO]: t_TimerThread-KANNEL_CONFIG_INFO : Wed Dec 04 11:51:34 IST 2024
Dec 04, 2024 11:51:34 AM com.itextos.beacon.smslog.ExecutorLog1 log
INFO: [GENERAL] [t_TimerThread-KANNEL_CONFIG_INFO]: t_TimerThread-KANNEL_CONFIG_INFO : goto sleep for the milli second  : 30000
Dec 04, 2024 11:51:34 AM com.itextos.beacon.smslog.ExecutorLog1 log
INFO: [GENERAL] [t_TimerThread-TABLE_INSERTER_INFO]: t_TimerThread-TABLE_INSERTER_INFO : Wed Dec 04 11:51:34 IST 2024
Dec 04, 2024 11:51:34 AM com.itextos.beacon.smslog.ExecutorLog1 log
INFO: [GENERAL] [t_TimerThread-TABLE_INSERTER_INFO]: t_TimerThread-TABLE_INSERTER_INFO : goto sleep for the milli second  : 30000
Dec 04, 2024 11:51:58 AM com.itextos.beacon.smslog.ExecutorLog1 log
INFO: [GENERAL] [t_KannelStatusRefresher]: t_KannelStatusRefresher : Wed Dec 04 11:51:58 IST 2024
Dec 04, 2024 11:52:00 AM com.itextos.beacon.smslog.ExecutorLog1 log
INFO: [GENERAL] [t_KannelStatusRefresher]: t_KannelStatusRefresher : goto sleep for the milli second  : 30000
Dec 04, 2024 11:52:04 AM com.itextos.beacon.smslog.ExecutorLog1 log
INFO: [GENERAL] [t_TimerThread-KANNEL_CONFIG_INFO]: t_TimerThread-KANNEL_CONFIG_INFO : Wed Dec 04 11:52:04 IST 2024
Dec 04, 2024 11:52:04 AM com.itextos.beacon.smslog.ExecutorLog1 log
INFO: [GENERAL] [t_TimerThread-KANNEL_CONFIG_INFO]: t_TimerThread-KANNEL_CONFIG_INFO : goto sleep for the milli second  : 30000
Dec 04, 2024 11:52:04 AM com.itextos.beacon.smslog.ExecutorLog1 log
INFO: [GENERAL] [t_TimerThread-TABLE_INSERTER_INFO]: t_TimerThread-TABLE_INSERTER_INFO : Wed Dec 04 11:52:04 IST 2024
Dec 04, 2024 11:52:04 AM com.itextos.beacon.smslog.ExecutorLog1 log
INFO: [GENERAL] [t_TimerThread-TABLE_INSERTER_INFO]: t_TimerThread-TABLE_INSERTER_INFO : goto sleep for the milli second  : 30000
Dec 04, 2024 11:52:30 AM com.itextos.beacon.smslog.ExecutorLog1 log
INFO: [GENERAL] [t_KannelStatusRefresher]: t_KannelStatusRefresher : Wed Dec 04 11:52:30 IST 2024
Dec 04, 2024 11:52:32 AM com.itextos.beacon.smslog.ExecutorLog1 log
INFO: [GENERAL] [t_KannelStatusRefresher]: t_KannelStatusRefresher : goto sleep for the milli second  : 30000
Dec 04, 2024 11:52:34 AM com.itextos.beacon.smslog.ExecutorLog1 log
INFO: [GENERAL] [t_TimerThread-KANNEL_CONFIG_INFO]: t_TimerThread-KANNEL_CONFIG_INFO : Wed Dec 04 11:52:34 IST 2024
Dec 04, 2024 11:52:34 AM com.itextos.beacon.smslog.ExecutorLog1 log
INFO: [GENERAL] [t_TimerThread-KANNEL_CONFIG_INFO]: t_TimerThread-KANNEL_CONFIG_INFO : goto sleep for the milli second  : 30000
Dec 04, 2024 11:52:34 AM com.itextos.beacon.smslog.ExecutorLog1 log
INFO: [GENERAL] [t_TimerThread-TABLE_INSERTER_INFO]: t_TimerThread-TABLE_INSERTER_INFO : Wed Dec 04 11:52:34 IST 2024
Dec 04, 2024 11:52:34 AM com.itextos.beacon.smslog.ExecutorLog1 log
INFO: [GENERAL] [t_TimerThread-TABLE_INSERTER_INFO]: t_TimerThread-TABLE_INSERTER_INFO : goto sleep for the milli second  : 30000
