Dec 04, 2024 11:50:39 AM com.itextos.beacon.smslog.ConsumerTPLog log
INFO: sleepForAWhile(1000); : mTopicName single-dlr-processor-high : Wed Dec 04 11:50:39 IST 2024
Dec 04, 2024 11:50:39 AM com.itextos.beacon.smslog.ConsumerTPLog log
INFO: sleepForAWhile(1000); : mTopicName aging-dn-processor-high : Wed Dec 04 11:50:39 IST 2024
Dec 04, 2024 11:50:39 AM com.itextos.beacon.smslog.ConsumerTPLog log
INFO: aging-dn-processor-high : Wed Dec 04 11:50:39 IST 2024
Dec 04, 2024 11:50:39 AM com.itextos.beacon.smslog.ConsumerTPLog log
INFO: single-dlr-processor-high : Wed Dec 04 11:50:39 IST 2024
Dec 04, 2024 11:50:39 AM com.itextos.beacon.smslog.ConsumerTPLog log
INFO: aging-dn-processor-high : Wed Dec 04 11:50:39 IST 2024
Dec 04, 2024 11:50:39 AM com.itextos.beacon.smslog.ConsumerTPLog log
INFO: sleepForAWhile(1000); : mTopicName dlr-processor-high : Wed Dec 04 11:50:39 IST 2024
Dec 04, 2024 11:50:39 AM com.itextos.beacon.smslog.ConsumerTPLog log
INFO: dlr-processor-high : Wed Dec 04 11:50:39 IST 2024
Dec 04, 2024 11:50:39 AM com.itextos.beacon.smslog.ConsumerTPLog log
INFO: sleepForAWhile(1000); : mTopicName dlr-processor-high : Wed Dec 04 11:50:39 IST 2024
Dec 04, 2024 11:50:39 AM com.itextos.beacon.smslog.ConsumerTPLog log
INFO: dlr-processor-high : Wed Dec 04 11:50:39 IST 2024
Dec 04, 2024 11:50:39 AM com.itextos.beacon.smslog.ConsumerTPLog log
INFO: sleepForAWhile(1000); : mTopicName single-dlr-processor-high : Wed Dec 04 11:50:39 IST 2024
Dec 04, 2024 11:50:39 AM com.itextos.beacon.smslog.ConsumerTPLog log
INFO: single-dlr-processor-high : Wed Dec 04 11:50:39 IST 2024
