Nov 23, 2024 1:06:38 PM com.itextos.beacon.smslog.ConsumerLog log
INFO:  : Topic Name Topic Name : 'aging-dn-processor-high-1, Consumer InMem Collection Size >>>>>>>> 0
Nov 23, 2024 1:06:38 PM com.itextos.beacon.smslog.ConsumerLog log
INFO:  : Topic Name Topic Name : 'single-dlr-processor-high-1, Consumer InMem Collection Size >>>>>>>> 0
Nov 23, 2024 1:06:38 PM com.itextos.beacon.smslog.ConsumerLog log
INFO:  : Topic Name Topic Name : 'aging-dn-processor-high-1, Consumer InMem Collection Size >>>>>>>> 0
Nov 23, 2024 1:06:38 PM com.itextos.beacon.smslog.ConsumerLog log
INFO:  : Topic Name Topic Name : 'single-dlr-processor-high-1, Consumer InMem Collection Size >>>>>>>> 0
Nov 23, 2024 1:06:39 PM com.itextos.beacon.smslog.ConsumerLog log
INFO:  : Topic Name Topic Name : 'dlr-processor-high-1, Consumer InMem Collection Size >>>>>>>> 0
Nov 23, 2024 1:06:39 PM com.itextos.beacon.smslog.ConsumerLog log
INFO:  : Topic Name Topic Name : 'dlr-processor-high-1, Consumer InMem Collection Size >>>>>>>> 0
Nov 27, 2024 10:11:25 AM com.itextos.beacon.smslog.ConsumerLog log
INFO:  : Topic Name Topic Name : 'single-dlr-processor-high-1, Consumer InMem Collection Size >>>>>>>> 0
Nov 27, 2024 10:11:25 AM com.itextos.beacon.smslog.ConsumerLog log
INFO:  : Topic Name Topic Name : 'single-dlr-processor-high-1, Consumer InMem Collection Size >>>>>>>> 0
Nov 27, 2024 10:11:28 AM com.itextos.beacon.smslog.ConsumerLog log
INFO:  : Topic Name Topic Name : 'aging-dn-processor-high-1, Consumer InMem Collection Size >>>>>>>> 0
Nov 27, 2024 10:11:28 AM com.itextos.beacon.smslog.ConsumerLog log
INFO:  : Topic Name Topic Name : 'aging-dn-processor-high-1, Consumer InMem Collection Size >>>>>>>> 0
Nov 28, 2024 9:30:02 PM com.itextos.beacon.smslog.ConsumerLog log
INFO:  : Topic Name Topic Name : 'single-dlr-processor-high-1, Consumer InMem Collection Size >>>>>>>> 0
Nov 28, 2024 9:30:02 PM com.itextos.beacon.smslog.ConsumerLog log
INFO:  : Topic Name Topic Name : 'single-dlr-processor-high-1, Consumer InMem Collection Size >>>>>>>> 0
Nov 28, 2024 9:30:04 PM com.itextos.beacon.smslog.ConsumerLog log
INFO:  : Topic Name Topic Name : 'dlr-processor-high-1, Consumer InMem Collection Size >>>>>>>> 0
Nov 28, 2024 9:30:04 PM com.itextos.beacon.smslog.ConsumerLog log
INFO:  : Topic Name Topic Name : 'dlr-processor-high-1, Consumer InMem Collection Size >>>>>>>> 0
Nov 28, 2024 9:30:04 PM com.itextos.beacon.smslog.ConsumerLog log
INFO:  : Topic Name Topic Name : 'aging-dn-processor-high-1, Consumer InMem Collection Size >>>>>>>> 0
Nov 28, 2024 9:30:04 PM com.itextos.beacon.smslog.ConsumerLog log
INFO:  : Topic Name Topic Name : 'aging-dn-processor-high-1, Consumer InMem Collection Size >>>>>>>> 0
Nov 28, 2024 9:32:59 PM com.itextos.beacon.smslog.ConsumerLog log
INFO:  : Topic Name Topic Name : 'dlr-processor-high-3, Consumer InMem Collection Size >>>>>>>> 0
Nov 28, 2024 9:32:59 PM com.itextos.beacon.smslog.ConsumerLog log
INFO:  : Topic Name Topic Name : 'dlr-processor-high-3, Consumer InMem Collection Size >>>>>>>> 0
Nov 28, 2024 9:32:59 PM com.itextos.beacon.smslog.ConsumerLog log
INFO:  : Topic Name Topic Name : 'dlr-processor-high-3, Consumer InMem Collection Size >>>>>>>> 0
Nov 28, 2024 9:32:59 PM com.itextos.beacon.smslog.ConsumerLog log
INFO:  : Topic Name Topic Name : 'dlr-processor-high-2, Consumer InMem Collection Size >>>>>>>> 0
Nov 28, 2024 9:32:59 PM com.itextos.beacon.smslog.ConsumerLog log
INFO:  : Topic Name Topic Name : 'dlr-processor-high-1, Consumer InMem Collection Size >>>>>>>> 0
Nov 28, 2024 9:32:59 PM com.itextos.beacon.smslog.ConsumerLog log
INFO:  : Topic Name Topic Name : 'dlr-processor-high-3, Consumer InMem Collection Size >>>>>>>> 0
Nov 28, 2024 9:32:59 PM com.itextos.beacon.smslog.ConsumerLog log
INFO:  : Topic Name Topic Name : 'dlr-processor-high-3, Consumer InMem Collection Size >>>>>>>> 0
Nov 28, 2024 9:32:59 PM com.itextos.beacon.smslog.ConsumerLog log
INFO:  : Topic Name Topic Name : 'dlr-processor-high-2, Consumer InMem Collection Size >>>>>>>> 0
Nov 28, 2024 9:33:00 PM com.itextos.beacon.smslog.ConsumerLog log
INFO:  : Topic Name Topic Name : 'aging-dn-processor-high-1, Consumer InMem Collection Size >>>>>>>> 0
Nov 28, 2024 9:33:00 PM com.itextos.beacon.smslog.ConsumerLog log
INFO:  : Topic Name Topic Name : 'dlr-processor-high-2, Consumer InMem Collection Size >>>>>>>> 0
Nov 28, 2024 9:33:00 PM com.itextos.beacon.smslog.ConsumerLog log
INFO:  : Topic Name Topic Name : 'dlr-processor-high-2, Consumer InMem Collection Size >>>>>>>> 0
Nov 28, 2024 9:33:00 PM com.itextos.beacon.smslog.ConsumerLog log
INFO:  : Topic Name Topic Name : 'dlr-processor-high-2, Consumer InMem Collection Size >>>>>>>> 0
Nov 28, 2024 9:33:00 PM com.itextos.beacon.smslog.ConsumerLog log
INFO:  : Topic Name Topic Name : 'dlr-processor-high-1, Consumer InMem Collection Size >>>>>>>> 0
Nov 28, 2024 9:33:00 PM com.itextos.beacon.smslog.ConsumerLog log
INFO:  : Topic Name Topic Name : 'dlr-processor-high-1, Consumer InMem Collection Size >>>>>>>> 0
Nov 28, 2024 9:33:00 PM com.itextos.beacon.smslog.ConsumerLog log
INFO:  : Topic Name Topic Name : 'aging-dn-processor-high-1, Consumer InMem Collection Size >>>>>>>> 0
Nov 28, 2024 9:33:00 PM com.itextos.beacon.smslog.ConsumerLog log
INFO:  : Topic Name Topic Name : 'aging-dn-processor-high-1, Consumer InMem Collection Size >>>>>>>> 0
Nov 28, 2024 9:33:00 PM com.itextos.beacon.smslog.ConsumerLog log
INFO:  isCompletelyStopped : true
Nov 28, 2024 9:33:00 PM com.itextos.beacon.smslog.ConsumerLog log
INFO:  isCompletelyStopped : true
Nov 28, 2024 9:33:00 PM com.itextos.beacon.smslog.ConsumerLog log
INFO:  : Topic Name Topic Name : 'aging-dn-processor-high-1, Consumer InMem Collection Size >>>>>>>> 0
Nov 28, 2024 9:33:00 PM com.itextos.beacon.smslog.ConsumerLog log
INFO:  : Topic Name Topic Name : 'aging-dn-processor-high-1, Consumer InMem Collection Size >>>>>>>> 0
Nov 28, 2024 9:33:00 PM com.itextos.beacon.smslog.ConsumerLog log
INFO:  : Topic Name Topic Name : 'dlr-processor-high-1, Consumer InMem Collection Size >>>>>>>> 0
Nov 28, 2024 9:33:00 PM com.itextos.beacon.smslog.ConsumerLog log
INFO:  : Topic Name Topic Name : 'dlr-processor-high-1, Consumer InMem Collection Size >>>>>>>> 0
Nov 28, 2024 9:33:00 PM com.itextos.beacon.smslog.ConsumerLog log
INFO:  : Topic Name Topic Name : 'dlr-processor-high-1, Consumer InMem Collection Size >>>>>>>> 0
Nov 28, 2024 9:33:00 PM com.itextos.beacon.smslog.ConsumerLog log
INFO:  : Topic Name Topic Name : 'dlr-processor-high-1, Consumer InMem Collection Size >>>>>>>> 0
Nov 28, 2024 9:33:00 PM com.itextos.beacon.smslog.ConsumerLog log
INFO:  : Topic Name Topic Name : 'aging-dn-processor-high-2, Consumer InMem Collection Size >>>>>>>> 0
Nov 28, 2024 9:33:00 PM com.itextos.beacon.smslog.ConsumerLog log
INFO:  : Topic Name Topic Name : 'aging-dn-processor-high-2, Consumer InMem Collection Size >>>>>>>> 0
Nov 28, 2024 9:33:00 PM com.itextos.beacon.smslog.ConsumerLog log
INFO:  : Topic Name Topic Name : 'aging-dn-processor-high-2, Consumer InMem Collection Size >>>>>>>> 0
Nov 28, 2024 9:33:00 PM com.itextos.beacon.smslog.ConsumerLog log
INFO:  : Topic Name Topic Name : 'aging-dn-processor-high-2, Consumer InMem Collection Size >>>>>>>> 0
Nov 28, 2024 9:33:00 PM com.itextos.beacon.smslog.ConsumerLog log
INFO:  : Topic Name Topic Name : 'aging-dn-processor-high-2, Consumer InMem Collection Size >>>>>>>> 0
Nov 28, 2024 9:33:00 PM com.itextos.beacon.smslog.ConsumerLog log
INFO:  : Topic Name Topic Name : 'aging-dn-processor-high-1, Consumer InMem Collection Size >>>>>>>> 0
Nov 28, 2024 9:33:00 PM com.itextos.beacon.smslog.ConsumerLog log
INFO:  : Topic Name Topic Name : 'aging-dn-processor-high-1, Consumer InMem Collection Size >>>>>>>> 0
Nov 28, 2024 9:33:00 PM com.itextos.beacon.smslog.ConsumerLog log
INFO:  isCompletelyStopped : true
Nov 28, 2024 9:33:00 PM com.itextos.beacon.smslog.ConsumerLog log
INFO:  : Topic Name Topic Name : 'single-dlr-processor-high-1, Consumer InMem Collection Size >>>>>>>> 0
Nov 28, 2024 9:33:00 PM com.itextos.beacon.smslog.ConsumerLog log
INFO:  : Topic Name Topic Name : 'single-dlr-processor-high-3, Consumer InMem Collection Size >>>>>>>> 0
Nov 28, 2024 9:33:00 PM com.itextos.beacon.smslog.ConsumerLog log
INFO:  : Topic Name Topic Name : 'single-dlr-processor-high-3, Consumer InMem Collection Size >>>>>>>> 0
Nov 28, 2024 9:33:00 PM com.itextos.beacon.smslog.ConsumerLog log
INFO:  : Topic Name Topic Name : 'aging-dn-processor-high-3, Consumer InMem Collection Size >>>>>>>> 0
Nov 28, 2024 9:33:00 PM com.itextos.beacon.smslog.ConsumerLog log
INFO:  : Topic Name Topic Name : 'single-dlr-processor-high-3, Consumer InMem Collection Size >>>>>>>> 0
Nov 28, 2024 9:33:00 PM com.itextos.beacon.smslog.ConsumerLog log
INFO:  : Topic Name Topic Name : 'aging-dn-processor-high-3, Consumer InMem Collection Size >>>>>>>> 0
Nov 28, 2024 9:33:00 PM com.itextos.beacon.smslog.ConsumerLog log
INFO:  : Topic Name Topic Name : 'aging-dn-processor-high-3, Consumer InMem Collection Size >>>>>>>> 0
Nov 28, 2024 9:33:00 PM com.itextos.beacon.smslog.ConsumerLog log
INFO:  : Topic Name Topic Name : 'aging-dn-processor-high-3, Consumer InMem Collection Size >>>>>>>> 0
Nov 28, 2024 9:33:00 PM com.itextos.beacon.smslog.ConsumerLog log
INFO:  : Topic Name Topic Name : 'aging-dn-processor-high-3, Consumer InMem Collection Size >>>>>>>> 0
Nov 28, 2024 9:33:00 PM com.itextos.beacon.smslog.ConsumerLog log
INFO:  : Topic Name Topic Name : 'single-dlr-processor-high-1, Consumer InMem Collection Size >>>>>>>> 0
Nov 28, 2024 9:33:00 PM com.itextos.beacon.smslog.ConsumerLog log
INFO:  : Topic Name Topic Name : 'single-dlr-processor-high-1, Consumer InMem Collection Size >>>>>>>> 0
Nov 28, 2024 9:33:00 PM com.itextos.beacon.smslog.ConsumerLog log
INFO:  : Topic Name Topic Name : 'single-dlr-processor-high-3, Consumer InMem Collection Size >>>>>>>> 0
Nov 28, 2024 9:33:00 PM com.itextos.beacon.smslog.ConsumerLog log
INFO:  : Topic Name Topic Name : 'single-dlr-processor-high-3, Consumer InMem Collection Size >>>>>>>> 0
Nov 28, 2024 9:33:00 PM com.itextos.beacon.smslog.ConsumerLog log
INFO:  isCompletelyStopped : true
Nov 28, 2024 9:33:00 PM com.itextos.beacon.smslog.ConsumerLog log
INFO:  isCompletelyStopped : true
Nov 28, 2024 9:33:00 PM com.itextos.beacon.smslog.ConsumerLog log
INFO:  : Topic Name Topic Name : 'single-dlr-processor-high-1, Consumer InMem Collection Size >>>>>>>> 0
Nov 28, 2024 9:33:00 PM com.itextos.beacon.smslog.ConsumerLog log
INFO:  : Topic Name Topic Name : 'single-dlr-processor-high-1, Consumer InMem Collection Size >>>>>>>> 0
Nov 28, 2024 9:33:00 PM com.itextos.beacon.smslog.ConsumerLog log
INFO:  isCompletelyStopped : true
Nov 28, 2024 9:33:00 PM com.itextos.beacon.smslog.ConsumerLog log
INFO:  isCompletelyStopped : true
Nov 28, 2024 9:33:00 PM com.itextos.beacon.smslog.ConsumerLog log
INFO:  : Topic Name Topic Name : 'single-dlr-processor-high-2, Consumer InMem Collection Size >>>>>>>> 0
Nov 28, 2024 9:33:00 PM com.itextos.beacon.smslog.ConsumerLog log
INFO:  : Topic Name Topic Name : 'single-dlr-processor-high-1, Consumer InMem Collection Size >>>>>>>> 0
Nov 28, 2024 9:33:00 PM com.itextos.beacon.smslog.ConsumerLog log
INFO:  : Topic Name Topic Name : 'single-dlr-processor-high-2, Consumer InMem Collection Size >>>>>>>> 0
Nov 28, 2024 9:33:00 PM com.itextos.beacon.smslog.ConsumerLog log
INFO:  : Topic Name Topic Name : 'single-dlr-processor-high-1, Consumer InMem Collection Size >>>>>>>> 0
Nov 28, 2024 9:33:00 PM com.itextos.beacon.smslog.ConsumerLog log
INFO:  : Topic Name Topic Name : 'single-dlr-processor-high-2, Consumer InMem Collection Size >>>>>>>> 0
Nov 28, 2024 9:33:00 PM com.itextos.beacon.smslog.ConsumerLog log
INFO:  : Topic Name Topic Name : 'single-dlr-processor-high-2, Consumer InMem Collection Size >>>>>>>> 0
Nov 28, 2024 9:33:00 PM com.itextos.beacon.smslog.ConsumerLog log
INFO:  : Topic Name Topic Name : 'single-dlr-processor-high-2, Consumer InMem Collection Size >>>>>>>> 0
Nov 28, 2024 9:33:00 PM com.itextos.beacon.smslog.ConsumerLog log
INFO:  isCompletelyStopped : true
Nov 28, 2024 9:33:00 PM com.itextos.beacon.smslog.ConsumerLog log
INFO:  isCompletelyStopped : true
Nov 30, 2024 6:56:35 AM com.itextos.beacon.smslog.ConsumerLog log
INFO:  : Topic Name Topic Name : 'single-dlr-processor-high-1, Consumer InMem Collection Size >>>>>>>> 0
Nov 30, 2024 6:56:35 AM com.itextos.beacon.smslog.ConsumerLog log
INFO:  : Topic Name Topic Name : 'single-dlr-processor-high-1, Consumer InMem Collection Size >>>>>>>> 0
Nov 30, 2024 6:56:35 AM com.itextos.beacon.smslog.ConsumerLog log
INFO:  : Topic Name Topic Name : 'aging-dn-processor-high-1, Consumer InMem Collection Size >>>>>>>> 0
Nov 30, 2024 6:56:35 AM com.itextos.beacon.smslog.ConsumerLog log
INFO:  : Topic Name Topic Name : 'aging-dn-processor-high-1, Consumer InMem Collection Size >>>>>>>> 0
Nov 30, 2024 6:56:35 AM com.itextos.beacon.smslog.ConsumerLog log
INFO:  : Topic Name Topic Name : 'dlr-processor-high-1, Consumer InMem Collection Size >>>>>>>> 0
Nov 30, 2024 6:56:35 AM com.itextos.beacon.smslog.ConsumerLog log
INFO:  : Topic Name Topic Name : 'dlr-processor-high-1, Consumer InMem Collection Size >>>>>>>> 0
Nov 30, 2024 7:13:40 AM com.itextos.beacon.smslog.ConsumerLog log
INFO:  : Topic Name Topic Name : 'single-dlr-processor-high-2, Consumer InMem Collection Size >>>>>>>> 0
Nov 30, 2024 7:13:40 AM com.itextos.beacon.smslog.ConsumerLog log
INFO:  : Topic Name Topic Name : 'single-dlr-processor-high-2, Consumer InMem Collection Size >>>>>>>> 0
Nov 30, 2024 7:13:41 AM com.itextos.beacon.smslog.ConsumerLog log
INFO:  : Topic Name Topic Name : 'dlr-processor-high-2, Consumer InMem Collection Size >>>>>>>> 0
Nov 30, 2024 7:13:41 AM com.itextos.beacon.smslog.ConsumerLog log
INFO:  : Topic Name Topic Name : 'dlr-processor-high-2, Consumer InMem Collection Size >>>>>>>> 0
Nov 30, 2024 7:13:43 AM com.itextos.beacon.smslog.ConsumerLog log
INFO:  : Topic Name Topic Name : 'aging-dn-processor-high-1, Consumer InMem Collection Size >>>>>>>> 0
Nov 30, 2024 7:13:43 AM com.itextos.beacon.smslog.ConsumerLog log
INFO:  : Topic Name Topic Name : 'aging-dn-processor-high-1, Consumer InMem Collection Size >>>>>>>> 0
Nov 30, 2024 7:13:43 AM com.itextos.beacon.smslog.ConsumerLog log
INFO:  : Topic Name Topic Name : 'single-dlr-processor-high-1, Consumer InMem Collection Size >>>>>>>> 0
Nov 30, 2024 7:13:43 AM com.itextos.beacon.smslog.ConsumerLog log
INFO:  : Topic Name Topic Name : 'single-dlr-processor-high-1, Consumer InMem Collection Size >>>>>>>> 0
Nov 30, 2024 7:13:44 AM com.itextos.beacon.smslog.ConsumerLog log
INFO:  : Topic Name Topic Name : 'aging-dn-processor-high-3, Consumer InMem Collection Size >>>>>>>> 0
Nov 30, 2024 7:13:44 AM com.itextos.beacon.smslog.ConsumerLog log
INFO:  : Topic Name Topic Name : 'aging-dn-processor-high-3, Consumer InMem Collection Size >>>>>>>> 0
Nov 30, 2024 7:13:44 AM com.itextos.beacon.smslog.ConsumerLog log
INFO:  : Topic Name Topic Name : 'dlr-processor-high-3, Consumer InMem Collection Size >>>>>>>> 0
Nov 30, 2024 7:13:44 AM com.itextos.beacon.smslog.ConsumerLog log
INFO:  : Topic Name Topic Name : 'dlr-processor-high-3, Consumer InMem Collection Size >>>>>>>> 0
Nov 30, 2024 7:13:44 AM com.itextos.beacon.smslog.ConsumerLog log
INFO:  : Topic Name Topic Name : 'dlr-processor-high-1, Consumer InMem Collection Size >>>>>>>> 0
Nov 30, 2024 7:13:44 AM com.itextos.beacon.smslog.ConsumerLog log
INFO:  : Topic Name Topic Name : 'dlr-processor-high-1, Consumer InMem Collection Size >>>>>>>> 0
Nov 30, 2024 7:13:44 AM com.itextos.beacon.smslog.ConsumerLog log
INFO:  : Topic Name Topic Name : 'single-dlr-processor-high-3, Consumer InMem Collection Size >>>>>>>> 0
Nov 30, 2024 7:13:44 AM com.itextos.beacon.smslog.ConsumerLog log
INFO:  : Topic Name Topic Name : 'single-dlr-processor-high-3, Consumer InMem Collection Size >>>>>>>> 0
Nov 30, 2024 7:13:44 AM com.itextos.beacon.smslog.ConsumerLog log
INFO:  : Topic Name Topic Name : 'aging-dn-processor-high-2, Consumer InMem Collection Size >>>>>>>> 0
Nov 30, 2024 7:13:44 AM com.itextos.beacon.smslog.ConsumerLog log
INFO:  : Topic Name Topic Name : 'aging-dn-processor-high-2, Consumer InMem Collection Size >>>>>>>> 0
Nov 30, 2024 1:18:27 PM com.itextos.beacon.smslog.ConsumerLog log
INFO:  : Topic Name Topic Name : 'aging-dn-processor-high-3, Consumer InMem Collection Size >>>>>>>> 0
Nov 30, 2024 1:18:27 PM com.itextos.beacon.smslog.ConsumerLog log
INFO:  : Topic Name Topic Name : 'dlr-processor-high-2, Consumer InMem Collection Size >>>>>>>> 0
Nov 30, 2024 1:18:27 PM com.itextos.beacon.smslog.ConsumerLog log
INFO:  : Topic Name Topic Name : 'aging-dn-processor-high-3, Consumer InMem Collection Size >>>>>>>> 0
Nov 30, 2024 1:18:27 PM com.itextos.beacon.smslog.ConsumerLog log
INFO:  : Topic Name Topic Name : 'dlr-processor-high-2, Consumer InMem Collection Size >>>>>>>> 0
Nov 30, 2024 1:18:28 PM com.itextos.beacon.smslog.ConsumerLog log
INFO:  : Topic Name Topic Name : 'single-dlr-processor-high-4, Consumer InMem Collection Size >>>>>>>> 0
Nov 30, 2024 1:18:28 PM com.itextos.beacon.smslog.ConsumerLog log
INFO:  : Topic Name Topic Name : 'single-dlr-processor-high-4, Consumer InMem Collection Size >>>>>>>> 0
Nov 30, 2024 1:18:28 PM com.itextos.beacon.smslog.ConsumerLog log
INFO:  : Topic Name Topic Name : 'aging-dn-processor-high-5, Consumer InMem Collection Size >>>>>>>> 0
Nov 30, 2024 1:18:28 PM com.itextos.beacon.smslog.ConsumerLog log
INFO:  : Topic Name Topic Name : 'aging-dn-processor-high-5, Consumer InMem Collection Size >>>>>>>> 0
Nov 30, 2024 1:18:28 PM com.itextos.beacon.smslog.ConsumerLog log
INFO:  : Topic Name Topic Name : 'aging-dn-processor-high-4, Consumer InMem Collection Size >>>>>>>> 0
Nov 30, 2024 1:18:28 PM com.itextos.beacon.smslog.ConsumerLog log
INFO:  : Topic Name Topic Name : 'dlr-processor-high-1, Consumer InMem Collection Size >>>>>>>> 0
Nov 30, 2024 1:18:28 PM com.itextos.beacon.smslog.ConsumerLog log
INFO:  : Topic Name Topic Name : 'dlr-processor-high-1, Consumer InMem Collection Size >>>>>>>> 0
Nov 30, 2024 1:18:28 PM com.itextos.beacon.smslog.ConsumerLog log
INFO:  : Topic Name Topic Name : 'aging-dn-processor-high-4, Consumer InMem Collection Size >>>>>>>> 0
Nov 30, 2024 1:18:28 PM com.itextos.beacon.smslog.ConsumerLog log
INFO:  : Topic Name Topic Name : 'dlr-processor-high-5, Consumer InMem Collection Size >>>>>>>> 0
Nov 30, 2024 1:18:28 PM com.itextos.beacon.smslog.ConsumerLog log
INFO:  : Topic Name Topic Name : 'dlr-processor-high-5, Consumer InMem Collection Size >>>>>>>> 0
Nov 30, 2024 1:18:28 PM com.itextos.beacon.smslog.ConsumerLog log
INFO:  : Topic Name Topic Name : 'aging-dn-processor-high-1, Consumer InMem Collection Size >>>>>>>> 0
Nov 30, 2024 1:18:28 PM com.itextos.beacon.smslog.ConsumerLog log
INFO:  : Topic Name Topic Name : 'aging-dn-processor-high-1, Consumer InMem Collection Size >>>>>>>> 0
Nov 30, 2024 1:18:28 PM com.itextos.beacon.smslog.ConsumerLog log
INFO:  : Topic Name Topic Name : 'single-dlr-processor-high-3, Consumer InMem Collection Size >>>>>>>> 0
Nov 30, 2024 1:18:28 PM com.itextos.beacon.smslog.ConsumerLog log
INFO:  : Topic Name Topic Name : 'single-dlr-processor-high-3, Consumer InMem Collection Size >>>>>>>> 0
Nov 30, 2024 1:18:28 PM com.itextos.beacon.smslog.ConsumerLog log
INFO:  : Topic Name Topic Name : 'single-dlr-processor-high-5, Consumer InMem Collection Size >>>>>>>> 0
Nov 30, 2024 1:18:28 PM com.itextos.beacon.smslog.ConsumerLog log
INFO:  : Topic Name Topic Name : 'aging-dn-processor-high-2, Consumer InMem Collection Size >>>>>>>> 0
Nov 30, 2024 1:18:28 PM com.itextos.beacon.smslog.ConsumerLog log
INFO:  : Topic Name Topic Name : 'single-dlr-processor-high-5, Consumer InMem Collection Size >>>>>>>> 0
Nov 30, 2024 1:18:28 PM com.itextos.beacon.smslog.ConsumerLog log
INFO:  : Topic Name Topic Name : 'aging-dn-processor-high-2, Consumer InMem Collection Size >>>>>>>> 0
Nov 30, 2024 1:18:28 PM com.itextos.beacon.smslog.ConsumerLog log
INFO:  : Topic Name Topic Name : 'single-dlr-processor-high-2, Consumer InMem Collection Size >>>>>>>> 0
Nov 30, 2024 1:18:28 PM com.itextos.beacon.smslog.ConsumerLog log
INFO:  : Topic Name Topic Name : 'single-dlr-processor-high-2, Consumer InMem Collection Size >>>>>>>> 0
Nov 30, 2024 1:18:28 PM com.itextos.beacon.smslog.ConsumerLog log
INFO:  : Topic Name Topic Name : 'dlr-processor-high-4, Consumer InMem Collection Size >>>>>>>> 0
Nov 30, 2024 1:18:28 PM com.itextos.beacon.smslog.ConsumerLog log
INFO:  : Topic Name Topic Name : 'dlr-processor-high-4, Consumer InMem Collection Size >>>>>>>> 0
Nov 30, 2024 1:18:28 PM com.itextos.beacon.smslog.ConsumerLog log
INFO:  : Topic Name Topic Name : 'single-dlr-processor-high-1, Consumer InMem Collection Size >>>>>>>> 0
Nov 30, 2024 1:18:28 PM com.itextos.beacon.smslog.ConsumerLog log
INFO:  : Topic Name Topic Name : 'single-dlr-processor-high-1, Consumer InMem Collection Size >>>>>>>> 0
Nov 30, 2024 1:18:28 PM com.itextos.beacon.smslog.ConsumerLog log
INFO:  : Topic Name Topic Name : 'dlr-processor-high-3, Consumer InMem Collection Size >>>>>>>> 0
Nov 30, 2024 1:18:28 PM com.itextos.beacon.smslog.ConsumerLog log
INFO:  : Topic Name Topic Name : 'dlr-processor-high-3, Consumer InMem Collection Size >>>>>>>> 0
Nov 30, 2024 1:24:33 PM com.itextos.beacon.smslog.ConsumerLog log
INFO:  : Topic Name Topic Name : 'dlr-processor-high-4, Consumer InMem Collection Size >>>>>>>> 0
Nov 30, 2024 1:24:33 PM com.itextos.beacon.smslog.ConsumerLog log
INFO:  : Topic Name Topic Name : 'dlr-processor-high-4, Consumer InMem Collection Size >>>>>>>> 0
Nov 30, 2024 1:24:33 PM com.itextos.beacon.smslog.ConsumerLog log
INFO:  : Topic Name Topic Name : 'dlr-processor-high-1, Consumer InMem Collection Size >>>>>>>> 0
Nov 30, 2024 1:24:33 PM com.itextos.beacon.smslog.ConsumerLog log
INFO:  : Topic Name Topic Name : 'dlr-processor-high-1, Consumer InMem Collection Size >>>>>>>> 0
Nov 30, 2024 1:24:34 PM com.itextos.beacon.smslog.ConsumerLog log
INFO:  : Topic Name Topic Name : 'single-dlr-processor-high-3, Consumer InMem Collection Size >>>>>>>> 0
Nov 30, 2024 1:24:34 PM com.itextos.beacon.smslog.ConsumerLog log
INFO:  : Topic Name Topic Name : 'single-dlr-processor-high-3, Consumer InMem Collection Size >>>>>>>> 0
Nov 30, 2024 1:24:35 PM com.itextos.beacon.smslog.ConsumerLog log
INFO:  : Topic Name Topic Name : 'single-dlr-processor-high-4, Consumer InMem Collection Size >>>>>>>> 0
Nov 30, 2024 1:24:35 PM com.itextos.beacon.smslog.ConsumerLog log
INFO:  : Topic Name Topic Name : 'single-dlr-processor-high-4, Consumer InMem Collection Size >>>>>>>> 0
Nov 30, 2024 1:24:35 PM com.itextos.beacon.smslog.ConsumerLog log
INFO:  : Topic Name Topic Name : 'dlr-processor-high-2, Consumer InMem Collection Size >>>>>>>> 0
Nov 30, 2024 1:24:35 PM com.itextos.beacon.smslog.ConsumerLog log
INFO:  : Topic Name Topic Name : 'dlr-processor-high-2, Consumer InMem Collection Size >>>>>>>> 0
Nov 30, 2024 1:24:36 PM com.itextos.beacon.smslog.ConsumerLog log
INFO:  : Topic Name Topic Name : 'aging-dn-processor-high-3, Consumer InMem Collection Size >>>>>>>> 0
Nov 30, 2024 1:24:36 PM com.itextos.beacon.smslog.ConsumerLog log
INFO:  : Topic Name Topic Name : 'aging-dn-processor-high-3, Consumer InMem Collection Size >>>>>>>> 0
Nov 30, 2024 1:24:36 PM com.itextos.beacon.smslog.ConsumerLog log
INFO:  : Topic Name Topic Name : 'aging-dn-processor-high-4, Consumer InMem Collection Size >>>>>>>> 0
Nov 30, 2024 1:24:36 PM com.itextos.beacon.smslog.ConsumerLog log
INFO:  : Topic Name Topic Name : 'aging-dn-processor-high-4, Consumer InMem Collection Size >>>>>>>> 0
Nov 30, 2024 1:24:36 PM com.itextos.beacon.smslog.ConsumerLog log
INFO:  : Topic Name Topic Name : 'aging-dn-processor-high-5, Consumer InMem Collection Size >>>>>>>> 0
Nov 30, 2024 1:24:36 PM com.itextos.beacon.smslog.ConsumerLog log
INFO:  : Topic Name Topic Name : 'aging-dn-processor-high-5, Consumer InMem Collection Size >>>>>>>> 0
Nov 30, 2024 1:24:36 PM com.itextos.beacon.smslog.ConsumerLog log
INFO:  : Topic Name Topic Name : 'dlr-processor-high-5, Consumer InMem Collection Size >>>>>>>> 0
Nov 30, 2024 1:24:36 PM com.itextos.beacon.smslog.ConsumerLog log
INFO:  : Topic Name Topic Name : 'dlr-processor-high-5, Consumer InMem Collection Size >>>>>>>> 0
Nov 30, 2024 1:24:36 PM com.itextos.beacon.smslog.ConsumerLog log
INFO:  : Topic Name Topic Name : 'aging-dn-processor-high-1, Consumer InMem Collection Size >>>>>>>> 0
Nov 30, 2024 1:24:36 PM com.itextos.beacon.smslog.ConsumerLog log
INFO:  : Topic Name Topic Name : 'aging-dn-processor-high-1, Consumer InMem Collection Size >>>>>>>> 0
Nov 30, 2024 1:24:36 PM com.itextos.beacon.smslog.ConsumerLog log
INFO:  : Topic Name Topic Name : 'aging-dn-processor-high-2, Consumer InMem Collection Size >>>>>>>> 0
Nov 30, 2024 1:24:36 PM com.itextos.beacon.smslog.ConsumerLog log
INFO:  : Topic Name Topic Name : 'aging-dn-processor-high-2, Consumer InMem Collection Size >>>>>>>> 0
Nov 30, 2024 1:24:36 PM com.itextos.beacon.smslog.ConsumerLog log
INFO:  : Topic Name Topic Name : 'single-dlr-processor-high-5, Consumer InMem Collection Size >>>>>>>> 0
Nov 30, 2024 1:24:36 PM com.itextos.beacon.smslog.ConsumerLog log
INFO:  : Topic Name Topic Name : 'single-dlr-processor-high-5, Consumer InMem Collection Size >>>>>>>> 0
Nov 30, 2024 1:24:36 PM com.itextos.beacon.smslog.ConsumerLog log
INFO:  : Topic Name Topic Name : 'single-dlr-processor-high-1, Consumer InMem Collection Size >>>>>>>> 0
Nov 30, 2024 1:24:36 PM com.itextos.beacon.smslog.ConsumerLog log
INFO:  : Topic Name Topic Name : 'dlr-processor-high-3, Consumer InMem Collection Size >>>>>>>> 0
Nov 30, 2024 1:24:36 PM com.itextos.beacon.smslog.ConsumerLog log
INFO:  : Topic Name Topic Name : 'single-dlr-processor-high-1, Consumer InMem Collection Size >>>>>>>> 0
Nov 30, 2024 1:24:36 PM com.itextos.beacon.smslog.ConsumerLog log
INFO:  : Topic Name Topic Name : 'dlr-processor-high-3, Consumer InMem Collection Size >>>>>>>> 0
Nov 30, 2024 1:24:36 PM com.itextos.beacon.smslog.ConsumerLog log
INFO:  : Topic Name Topic Name : 'single-dlr-processor-high-2, Consumer InMem Collection Size >>>>>>>> 0
Nov 30, 2024 1:24:36 PM com.itextos.beacon.smslog.ConsumerLog log
INFO:  : Topic Name Topic Name : 'single-dlr-processor-high-2, Consumer InMem Collection Size >>>>>>>> 0
Dec 03, 2024 8:08:16 PM com.itextos.beacon.smslog.ConsumerLog log
INFO:  : Topic Name Topic Name : 'dlr-processor-high-1, Consumer InMem Collection Size >>>>>>>> 0
Dec 03, 2024 8:08:16 PM com.itextos.beacon.smslog.ConsumerLog log
INFO:  : Topic Name Topic Name : 'dlr-processor-high-1, Consumer InMem Collection Size >>>>>>>> 0
Dec 03, 2024 8:08:17 PM com.itextos.beacon.smslog.ConsumerLog log
INFO:  : Topic Name Topic Name : 'aging-dn-processor-high-5, Consumer InMem Collection Size >>>>>>>> 0
Dec 03, 2024 8:08:17 PM com.itextos.beacon.smslog.ConsumerLog log
INFO:  : Topic Name Topic Name : 'aging-dn-processor-high-5, Consumer InMem Collection Size >>>>>>>> 0
Dec 03, 2024 8:08:17 PM com.itextos.beacon.smslog.ConsumerLog log
INFO:  : Topic Name Topic Name : 'aging-dn-processor-high-3, Consumer InMem Collection Size >>>>>>>> 0
Dec 03, 2024 8:08:17 PM com.itextos.beacon.smslog.ConsumerLog log
INFO:  : Topic Name Topic Name : 'aging-dn-processor-high-3, Consumer InMem Collection Size >>>>>>>> 0
Dec 03, 2024 8:08:17 PM com.itextos.beacon.smslog.ConsumerLog log
INFO:  : Topic Name Topic Name : 'dlr-processor-high-2, Consumer InMem Collection Size >>>>>>>> 0
Dec 03, 2024 8:08:17 PM com.itextos.beacon.smslog.ConsumerLog log
INFO:  : Topic Name Topic Name : 'dlr-processor-high-2, Consumer InMem Collection Size >>>>>>>> 0
Dec 03, 2024 8:08:17 PM com.itextos.beacon.smslog.ConsumerLog log
INFO:  : Topic Name Topic Name : 'single-dlr-processor-high-2, Consumer InMem Collection Size >>>>>>>> 0
Dec 03, 2024 8:08:17 PM com.itextos.beacon.smslog.ConsumerLog log
INFO:  : Topic Name Topic Name : 'single-dlr-processor-high-2, Consumer InMem Collection Size >>>>>>>> 0
Dec 03, 2024 8:08:17 PM com.itextos.beacon.smslog.ConsumerLog log
INFO:  : Topic Name Topic Name : 'aging-dn-processor-high-2, Consumer InMem Collection Size >>>>>>>> 0
Dec 03, 2024 8:08:17 PM com.itextos.beacon.smslog.ConsumerLog log
INFO:  : Topic Name Topic Name : 'aging-dn-processor-high-2, Consumer InMem Collection Size >>>>>>>> 0
Dec 03, 2024 8:08:17 PM com.itextos.beacon.smslog.ConsumerLog log
INFO:  : Topic Name Topic Name : 'aging-dn-processor-high-1, Consumer InMem Collection Size >>>>>>>> 0
Dec 03, 2024 8:08:17 PM com.itextos.beacon.smslog.ConsumerLog log
INFO:  : Topic Name Topic Name : 'aging-dn-processor-high-1, Consumer InMem Collection Size >>>>>>>> 0
Dec 03, 2024 8:08:17 PM com.itextos.beacon.smslog.ConsumerLog log
INFO:  : Topic Name Topic Name : 'dlr-processor-high-5, Consumer InMem Collection Size >>>>>>>> 0
Dec 03, 2024 8:08:17 PM com.itextos.beacon.smslog.ConsumerLog log
INFO:  : Topic Name Topic Name : 'dlr-processor-high-5, Consumer InMem Collection Size >>>>>>>> 0
Dec 03, 2024 8:08:18 PM com.itextos.beacon.smslog.ConsumerLog log
INFO:  : Topic Name Topic Name : 'dlr-processor-high-3, Consumer InMem Collection Size >>>>>>>> 0
Dec 03, 2024 8:08:18 PM com.itextos.beacon.smslog.ConsumerLog log
INFO:  : Topic Name Topic Name : 'dlr-processor-high-3, Consumer InMem Collection Size >>>>>>>> 0
Dec 03, 2024 8:08:18 PM com.itextos.beacon.smslog.ConsumerLog log
INFO:  : Topic Name Topic Name : 'single-dlr-processor-high-4, Consumer InMem Collection Size >>>>>>>> 0
Dec 03, 2024 8:08:18 PM com.itextos.beacon.smslog.ConsumerLog log
INFO:  : Topic Name Topic Name : 'single-dlr-processor-high-4, Consumer InMem Collection Size >>>>>>>> 0
Dec 03, 2024 8:08:18 PM com.itextos.beacon.smslog.ConsumerLog log
INFO:  : Topic Name Topic Name : 'single-dlr-processor-high-3, Consumer InMem Collection Size >>>>>>>> 0
Dec 03, 2024 8:08:18 PM com.itextos.beacon.smslog.ConsumerLog log
INFO:  : Topic Name Topic Name : 'single-dlr-processor-high-3, Consumer InMem Collection Size >>>>>>>> 0
Dec 03, 2024 8:08:19 PM com.itextos.beacon.smslog.ConsumerLog log
INFO:  : Topic Name Topic Name : 'single-dlr-processor-high-1, Consumer InMem Collection Size >>>>>>>> 0
Dec 03, 2024 8:08:19 PM com.itextos.beacon.smslog.ConsumerLog log
INFO:  : Topic Name Topic Name : 'single-dlr-processor-high-1, Consumer InMem Collection Size >>>>>>>> 0
Dec 03, 2024 8:08:19 PM com.itextos.beacon.smslog.ConsumerLog log
INFO:  : Topic Name Topic Name : 'dlr-processor-high-4, Consumer InMem Collection Size >>>>>>>> 0
Dec 03, 2024 8:08:19 PM com.itextos.beacon.smslog.ConsumerLog log
INFO:  : Topic Name Topic Name : 'dlr-processor-high-4, Consumer InMem Collection Size >>>>>>>> 0
Dec 03, 2024 8:08:19 PM com.itextos.beacon.smslog.ConsumerLog log
INFO:  : Topic Name Topic Name : 'single-dlr-processor-high-5, Consumer InMem Collection Size >>>>>>>> 0
Dec 03, 2024 8:08:19 PM com.itextos.beacon.smslog.ConsumerLog log
INFO:  : Topic Name Topic Name : 'single-dlr-processor-high-5, Consumer InMem Collection Size >>>>>>>> 0
Dec 03, 2024 8:08:19 PM com.itextos.beacon.smslog.ConsumerLog log
INFO:  : Topic Name Topic Name : 'aging-dn-processor-high-4, Consumer InMem Collection Size >>>>>>>> 0
Dec 03, 2024 8:08:19 PM com.itextos.beacon.smslog.ConsumerLog log
INFO:  : Topic Name Topic Name : 'aging-dn-processor-high-4, Consumer InMem Collection Size >>>>>>>> 0
