30-Dec-2024 23:11:03.586 INFO [main] org.apache.catalina.startup.VersionLoggerListener.log Server version name:   Apache Tomcat/9.0.78
30-Dec-2024 23:11:03.590 INFO [main] org.apache.catalina.startup.VersionLoggerListener.log Server built:          Jul 4 2023 13:15:43 UTC
30-Dec-2024 23:11:03.590 INFO [main] org.apache.catalina.startup.VersionLoggerListener.log Server version number: 9.0.78.0
30-Dec-2024 23:11:03.591 INFO [main] org.apache.catalina.startup.VersionLoggerListener.log OS Name:               Linux
30-Dec-2024 23:11:03.591 INFO [main] org.apache.catalina.startup.VersionLoggerListener.log OS Version:            6.8.0-49-generic
30-Dec-2024 23:11:03.591 INFO [main] org.apache.catalina.startup.VersionLoggerListener.log Architecture:          amd64
30-Dec-2024 23:11:03.591 INFO [main] org.apache.catalina.startup.VersionLoggerListener.log Java Home:             /usr/local/openjdk-21
30-Dec-2024 23:11:03.591 INFO [main] org.apache.catalina.startup.VersionLoggerListener.log JVM Version:           21+35-2513
30-Dec-2024 23:11:03.591 INFO [main] org.apache.catalina.startup.VersionLoggerListener.log JVM Vendor:            Oracle Corporation
30-Dec-2024 23:11:03.591 INFO [main] org.apache.catalina.startup.VersionLoggerListener.log CATALINA_BASE:         /opt/tomcat
30-Dec-2024 23:11:03.591 INFO [main] org.apache.catalina.startup.VersionLoggerListener.log CATALINA_HOME:         /opt/tomcat
30-Dec-2024 23:11:03.599 INFO [main] org.apache.catalina.startup.VersionLoggerListener.log Command line argument: --add-opens=java.base/java.lang=ALL-UNNAMED
30-Dec-2024 23:11:03.599 INFO [main] org.apache.catalina.startup.VersionLoggerListener.log Command line argument: --add-opens=java.base/java.io=ALL-UNNAMED
30-Dec-2024 23:11:03.599 INFO [main] org.apache.catalina.startup.VersionLoggerListener.log Command line argument: --add-opens=java.base/java.util=ALL-UNNAMED
30-Dec-2024 23:11:03.600 INFO [main] org.apache.catalina.startup.VersionLoggerListener.log Command line argument: --add-opens=java.base/java.util.concurrent=ALL-UNNAMED
30-Dec-2024 23:11:03.600 INFO [main] org.apache.catalina.startup.VersionLoggerListener.log Command line argument: --add-opens=java.rmi/sun.rmi.transport=ALL-UNNAMED
30-Dec-2024 23:11:03.600 INFO [main] org.apache.catalina.startup.VersionLoggerListener.log Command line argument: -Djava.util.logging.config.file=/opt/tomcat/conf/logging.properties
30-Dec-2024 23:11:03.600 INFO [main] org.apache.catalina.startup.VersionLoggerListener.log Command line argument: -Djava.util.logging.manager=org.apache.juli.ClassLoaderLogManager
30-Dec-2024 23:11:03.600 INFO [main] org.apache.catalina.startup.VersionLoggerListener.log Command line argument: -Djdk.tls.ephemeralDHKeySize=2048
30-Dec-2024 23:11:03.600 INFO [main] org.apache.catalina.startup.VersionLoggerListener.log Command line argument: -Djava.protocol.handler.pkgs=org.apache.catalina.webresources
30-Dec-2024 23:11:03.601 INFO [main] org.apache.catalina.startup.VersionLoggerListener.log Command line argument: -Dorg.apache.catalina.security.SecurityListener.UMASK=0027
30-Dec-2024 23:11:03.601 INFO [main] org.apache.catalina.startup.VersionLoggerListener.log Command line argument: -Dignore.endorsed.dirs=
30-Dec-2024 23:11:03.601 INFO [main] org.apache.catalina.startup.VersionLoggerListener.log Command line argument: -Dcatalina.base=/opt/tomcat
30-Dec-2024 23:11:03.601 INFO [main] org.apache.catalina.startup.VersionLoggerListener.log Command line argument: -Dcatalina.home=/opt/tomcat
30-Dec-2024 23:11:03.601 INFO [main] org.apache.catalina.startup.VersionLoggerListener.log Command line argument: -Djava.io.tmpdir=/opt/tomcat/temp
30-Dec-2024 23:11:03.602 INFO [main] org.apache.catalina.startup.VersionLoggerListener.log Command line argument: -Xmx512m
30-Dec-2024 23:11:03.602 INFO [main] org.apache.catalina.startup.VersionLoggerListener.log Command line argument: -Xms256m
30-Dec-2024 23:11:03.603 INFO [main] org.apache.catalina.core.AprLifecycleListener.lifecycleEvent The Apache Tomcat Native library which allows using OpenSSL was not found on the java.library.path: [/usr/java/packages/lib:/usr/lib64:/lib64:/lib:/usr/lib]
30-Dec-2024 23:11:03.895 INFO [main] org.apache.coyote.AbstractProtocol.init Initializing ProtocolHandler ["http-nio-8080"]
30-Dec-2024 23:11:03.910 INFO [main] org.apache.catalina.startup.Catalina.load Server initialization in [466] milliseconds
30-Dec-2024 23:11:03.943 INFO [main] org.apache.catalina.core.StandardService.startInternal Starting service [Catalina]
30-Dec-2024 23:11:03.944 INFO [main] org.apache.catalina.core.StandardEngine.startInternal Starting Servlet engine: [Apache Tomcat/9.0.78]
30-Dec-2024 23:11:03.959 INFO [main] org.apache.catalina.startup.HostConfig.deployWAR Deploying web application archive [/opt/tomcat/webapps/datarefresher.war]
30-Dec-2024 23:11:12.240 INFO [main] org.apache.jasper.servlet.TldScanner.scanJars At least one JAR was scanned for TLDs yet contained no TLDs. Enable debug logging for this logger for a complete list of JARs that were scanned but no TLDs were found in them. Skipping unneeded JARs during scanning can improve startup time and JSP compilation time.
30-Dec-2024 23:11:12.293 INFO [main] org.apache.catalina.startup.HostConfig.deployWAR Deployment of web application archive [/opt/tomcat/webapps/datarefresher.war] has finished in [8,335] ms
30-Dec-2024 23:11:12.294 INFO [main] org.apache.catalina.startup.HostConfig.deployWAR Deploying web application archive [/opt/tomcat/webapps/password.war]
30-Dec-2024 23:11:16.908 INFO [main] org.apache.catalina.startup.HostConfig.deployWAR Deployment of web application archive [/opt/tomcat/webapps/password.war] has finished in [4,614] ms
30-Dec-2024 23:11:16.909 INFO [main] org.apache.catalina.startup.HostConfig.deployWAR Deploying web application archive [/opt/tomcat/webapps/clienthandoveraccept.war]
30-Dec-2024 23:11:21.071 INFO [main] org.apache.catalina.startup.HostConfig.deployWAR Deployment of web application archive [/opt/tomcat/webapps/clienthandoveraccept.war] has finished in [4,163] ms
30-Dec-2024 23:11:21.072 INFO [main] org.apache.catalina.startup.HostConfig.deployWAR Deploying web application archive [/opt/tomcat/webapps/dlrquery.war]
30-Dec-2024 23:11:25.266 INFO [main] org.apache.catalina.startup.HostConfig.deployWAR Deployment of web application archive [/opt/tomcat/webapps/dlrquery.war] has finished in [4,194] ms
30-Dec-2024 23:11:25.267 INFO [main] org.apache.catalina.startup.HostConfig.deployWAR Deploying web application archive [/opt/tomcat/webapps/prepaiddata.war]
30-Dec-2024 23:11:29.379 INFO [main] org.apache.catalina.startup.HostConfig.deployWAR Deployment of web application archive [/opt/tomcat/webapps/prepaiddata.war] has finished in [4,112] ms
30-Dec-2024 23:11:29.380 INFO [main] org.apache.catalina.startup.HostConfig.deployWAR Deploying web application archive [/opt/tomcat/webapps/msgtool.war]
30-Dec-2024 23:11:33.446 INFO [main] org.apache.catalina.startup.HostConfig.deployWAR Deployment of web application archive [/opt/tomcat/webapps/msgtool.war] has finished in [4,065] ms
30-Dec-2024 23:11:33.449 INFO [main] org.apache.coyote.AbstractProtocol.start Starting ProtocolHandler ["http-nio-8080"]
30-Dec-2024 23:11:33.457 INFO [main] org.apache.catalina.startup.Catalina.start Server startup in [29545] milliseconds
