08-Jan-2025 21:15:59.610 INFO [http-nio-8080-exec-5] com.itextos.beacon.commonlib.commondbpool.log.DataSourceLog.log ConnectionPoolFactory Adding configuration for JndiInfo [id=0, description=System DB]
08-Jan-2025 21:15:59.613 INFO [http-nio-8080-exec-5] com.itextos.beacon.commonlib.commondbpool.log.DataSourceLog.log Creating connection pool : connection ID : 'JndiInfo [id=0, description=System DB]'
08-Jan-2025 21:15:59.720 INFO [http-nio-8080-exec-5] com.itextos.beacon.commonlib.commondbpool.log.DataSourceLog.log  Created dataSourceConfig  : {maxWaitMillis=-1, minIdle=2, initialSize=1, maxWait=-1, url=jdbc:mysql://10.139.244.160:30001/, numTestsPerEvictionRun=1, password=Sy5Cf8@123, maxIdle=2, minEvictableIdleTimeMillis=290000, timeBetweenEvictionRunsMillis=1000, maxTotal=3, driverClassName=org.mariadb.jdbc.Driver, username=cfguser, maxActive=3}
08-Jan-2025 21:15:59.721 INFO [http-nio-8080-exec-5] com.itextos.beacon.commonlib.commondbpool.log.DataSourceLog.log  isDataSourceCreated : true
08-Jan-2025 21:15:59.791 INFO [http-nio-8080-exec-5] com.itextos.beacon.commonlib.commondbpool.log.DataSourceLog.log ConnectionPoolFactory Adding configuration for JndiInfo [id=11, description=topic2table]
08-Jan-2025 21:15:59.791 INFO [http-nio-8080-exec-5] com.itextos.beacon.commonlib.commondbpool.log.DataSourceLog.log  Select from sysconfig.jndi_info  jndi info : JndiInfo [id=11, description=topic2table]
08-Jan-2025 21:15:59.855 INFO [http-nio-8080-exec-5] com.itextos.beacon.commonlib.commondbpool.log.DataSourceLog.log ConnectionPoolFactory Adding configuration for JndiInfo [id=10, description=r3c]
08-Jan-2025 21:15:59.855 INFO [http-nio-8080-exec-5] com.itextos.beacon.commonlib.commondbpool.log.DataSourceLog.log  Select from sysconfig.jndi_info  jndi info : JndiInfo [id=10, description=r3c]
08-Jan-2025 21:15:59.915 INFO [http-nio-8080-exec-5] com.itextos.beacon.commonlib.commondbpool.log.DataSourceLog.log ConnectionPoolFactory Adding configuration for JndiInfo [id=12, description=r3c_pb]
08-Jan-2025 21:15:59.915 INFO [http-nio-8080-exec-5] com.itextos.beacon.commonlib.commondbpool.log.DataSourceLog.log  Select from sysconfig.jndi_info  jndi info : JndiInfo [id=12, description=r3c_pb]
08-Jan-2025 21:15:59.976 INFO [http-nio-8080-exec-5] com.itextos.beacon.commonlib.commondbpool.log.DataSourceLog.log ConnectionPoolFactory Adding configuration for JndiInfo [id=5, description=payload]
08-Jan-2025 21:15:59.976 INFO [http-nio-8080-exec-5] com.itextos.beacon.commonlib.commondbpool.log.DataSourceLog.log  Select from sysconfig.jndi_info  jndi info : JndiInfo [id=5, description=payload]
08-Jan-2025 21:16:00.038 INFO [http-nio-8080-exec-5] com.itextos.beacon.commonlib.commondbpool.log.DataSourceLog.log ConnectionPoolFactory Adding configuration for JndiInfo [id=7, description=messaging]
08-Jan-2025 21:16:00.038 INFO [http-nio-8080-exec-5] com.itextos.beacon.commonlib.commondbpool.log.DataSourceLog.log  Select from sysconfig.jndi_info  jndi info : JndiInfo [id=7, description=messaging]
08-Jan-2025 21:16:00.099 INFO [http-nio-8080-exec-5] com.itextos.beacon.commonlib.commondbpool.log.DataSourceLog.log ConnectionPoolFactory Adding configuration for JndiInfo [id=8, description=logging]
08-Jan-2025 21:16:00.099 INFO [http-nio-8080-exec-5] com.itextos.beacon.commonlib.commondbpool.log.DataSourceLog.log  Select from sysconfig.jndi_info  jndi info : JndiInfo [id=8, description=logging]
08-Jan-2025 21:16:00.159 INFO [http-nio-8080-exec-5] com.itextos.beacon.commonlib.commondbpool.log.DataSourceLog.log ConnectionPoolFactory Adding configuration for JndiInfo [id=3, description=listing]
08-Jan-2025 21:16:00.159 INFO [http-nio-8080-exec-5] com.itextos.beacon.commonlib.commondbpool.log.DataSourceLog.log  Select from sysconfig.jndi_info  jndi info : JndiInfo [id=3, description=listing]
08-Jan-2025 21:16:00.220 INFO [http-nio-8080-exec-5] com.itextos.beacon.commonlib.commondbpool.log.DataSourceLog.log ConnectionPoolFactory Adding configuration for JndiInfo [id=9, description=httpclienthandover]
08-Jan-2025 21:16:00.220 INFO [http-nio-8080-exec-5] com.itextos.beacon.commonlib.commondbpool.log.DataSourceLog.log  Select from sysconfig.jndi_info  jndi info : JndiInfo [id=9, description=httpclienthandover]
08-Jan-2025 21:16:00.280 INFO [http-nio-8080-exec-5] com.itextos.beacon.commonlib.commondbpool.log.DataSourceLog.log ConnectionPoolFactory Adding configuration for JndiInfo [id=1, description=configuration]
08-Jan-2025 21:16:00.280 INFO [http-nio-8080-exec-5] com.itextos.beacon.commonlib.commondbpool.log.DataSourceLog.log  Select from sysconfig.jndi_info  jndi info : JndiInfo [id=1, description=configuration]
08-Jan-2025 21:16:00.338 INFO [http-nio-8080-exec-5] com.itextos.beacon.commonlib.commondbpool.log.DataSourceLog.log ConnectionPoolFactory Adding configuration for JndiInfo [id=4, description=carrier_handover]
08-Jan-2025 21:16:00.339 INFO [http-nio-8080-exec-5] com.itextos.beacon.commonlib.commondbpool.log.DataSourceLog.log  Select from sysconfig.jndi_info  jndi info : JndiInfo [id=4, description=carrier_handover]
08-Jan-2025 21:16:00.399 INFO [http-nio-8080-exec-5] com.itextos.beacon.commonlib.commondbpool.log.DataSourceLog.log ConnectionPoolFactory Adding configuration for JndiInfo [id=6, description=billing]
08-Jan-2025 21:16:00.399 INFO [http-nio-8080-exec-5] com.itextos.beacon.commonlib.commondbpool.log.DataSourceLog.log  Select from sysconfig.jndi_info  jndi info : JndiInfo [id=6, description=billing]
08-Jan-2025 21:16:00.462 INFO [http-nio-8080-exec-5] com.itextos.beacon.commonlib.commondbpool.log.DataSourceLog.log ConnectionPoolFactory Adding configuration for JndiInfo [id=2, description=accounts]
08-Jan-2025 21:16:00.462 INFO [http-nio-8080-exec-5] com.itextos.beacon.commonlib.commondbpool.log.DataSourceLog.log  Select from sysconfig.jndi_info  jndi info : JndiInfo [id=2, description=accounts]
08-Jan-2025 21:16:00.522 INFO [http-nio-8080-exec-5] com.itextos.beacon.commonlib.commondbpool.log.DataSourceLog.log ConnectionPoolFactory Adding configuration for JndiInfo [id=13, description=cm]
08-Jan-2025 21:16:00.523 INFO [http-nio-8080-exec-5] com.itextos.beacon.commonlib.commondbpool.log.DataSourceLog.log  Select from sysconfig.jndi_info  jndi info : JndiInfo [id=13, description=cm]
08-Jan-2025 21:16:00.583 INFO [http-nio-8080-exec-5] com.itextos.beacon.commonlib.commondbpool.log.DataSourceLog.log ConnectionPoolFactory Adding configuration for JndiInfo [id=14, description=billingbkup]
08-Jan-2025 21:16:00.583 INFO [http-nio-8080-exec-5] com.itextos.beacon.commonlib.commondbpool.log.DataSourceLog.log  Select from sysconfig.jndi_info  jndi info : JndiInfo [id=14, description=billingbkup]
08-Jan-2025 21:16:00.584 INFO [http-nio-8080-exec-5] com.itextos.beacon.commonlib.commondbpool.log.DataSourceLog.log ConnectionPoolFactory Adding configuration for JndiInfo [id=57, description=pg_billing]
08-Jan-2025 21:16:00.584 INFO [http-nio-8080-exec-5] com.itextos.beacon.commonlib.commondbpool.log.DataSourceLog.log  Select from sysconfig.jndi_info  jndi info : JndiInfo [id=57, description=pg_billing]
08-Jan-2025 21:16:00.584 INFO [http-nio-8080-exec-5] com.itextos.beacon.commonlib.commondbpool.log.DataSourceLog.log Creating connection pool : connection ID : 'JndiInfo [id=1, description=configuration]'
08-Jan-2025 21:16:00.590 INFO [http-nio-8080-exec-5] com.itextos.beacon.commonlib.commondbpool.log.DataSourceLog.log  Created dataSourceConfig  : {maxWaitMillis=-1, minIdle=2, initialSize=1, maxWait=-1, url=jdbc:mariadb://10.139.244.160:30001/configuration, numTestsPerEvictionRun=3, password=Sy5Cf8@123, maxIdle=3, minEvictableIdleTimeMillis=1800000, timeBetweenEvictionRunsMillis=-1, maxTotal=3, driverClassName=org.mariadb.jdbc.Driver, username=cfguser, maxActive=3}
08-Jan-2025 21:16:00.590 INFO [http-nio-8080-exec-5] com.itextos.beacon.commonlib.commondbpool.log.DataSourceLog.log  isDataSourceCreated : true
08-Jan-2025 21:16:00.598 INFO [http-nio-8080-exec-5] com.itextos.beacon.commonlib.commondbpool.log.DataSourceLog.log Creating connection pool : connection ID : 'JndiInfo [id=2, description=accounts]'
08-Jan-2025 21:16:00.599 INFO [50] com.itextos.beacon.commonlib.commondbpool.log.DataSourceLog.log Creating connection pool : connection ID : 'JndiInfo [id=2, description=accounts]'
08-Jan-2025 21:16:00.603 INFO [http-nio-8080-exec-5] com.itextos.beacon.commonlib.commondbpool.log.DataSourceLog.log  Created dataSourceConfig  : {maxWaitMillis=-1, minIdle=2, initialSize=1, maxWait=-1, url=jdbc:mariadb://10.139.244.160:30001/accounts, numTestsPerEvictionRun=3, password=Sy5Cf8@123, maxIdle=3, minEvictableIdleTimeMillis=1800000, timeBetweenEvictionRunsMillis=-1, maxTotal=3, driverClassName=org.mariadb.jdbc.Driver, username=cfguser, maxActive=3}
08-Jan-2025 21:16:00.603 INFO [http-nio-8080-exec-5] com.itextos.beacon.commonlib.commondbpool.log.DataSourceLog.log  isDataSourceCreated : true
08-Jan-2025 21:16:00.607 INFO [50] com.itextos.beacon.commonlib.commondbpool.log.DataSourceLog.log  Created dataSourceConfig  : {maxWaitMillis=-1, minIdle=2, initialSize=1, maxWait=-1, url=jdbc:mariadb://10.139.244.160:30001/accounts, numTestsPerEvictionRun=3, password=Sy5Cf8@123, maxIdle=3, minEvictableIdleTimeMillis=1800000, timeBetweenEvictionRunsMillis=-1, maxTotal=3, driverClassName=org.mariadb.jdbc.Driver, username=cfguser, maxActive=3}
08-Jan-2025 21:16:00.607 INFO [50] com.itextos.beacon.commonlib.commondbpool.log.DataSourceLog.log  isDataSourceCreated : true
