30-Dec-2024 23:11:12.274 INFO [main] org.apache.catalina.core.ApplicationContext.log 1 Spring WebApplicationInitializers detected on classpath
30-Dec-2024 23:11:12.276 FINE [main] org.apache.catalina.core.StandardContext.listenerStart Sending application start events
30-Dec-2024 23:11:12.280 FINE [main] org.apache.catalina.core.StandardContext.filterStart Starting filters
30-Dec-2024 23:11:12.280 FINE [main] org.apache.catalina.core.StandardContext.filterStart  Starting filter 'Tomcat WebSocket (JSR356) Filter'
30-Dec-2024 23:11:16.906 FINE [main] org.apache.catalina.core.StandardContext.listenerStart Sending application start events
30-Dec-2024 23:11:16.906 FINE [main] org.apache.catalina.core.StandardContext.filterStart Starting filters
30-Dec-2024 23:11:16.906 FINE [main] org.apache.catalina.core.StandardContext.filterStart  Starting filter 'Tomcat WebSocket (JSR356) Filter'
30-Dec-2024 23:11:21.069 FINE [main] org.apache.catalina.core.StandardContext.listenerStart Sending application start events
30-Dec-2024 23:11:21.070 FINE [main] org.apache.catalina.core.StandardContext.filterStart Starting filters
30-Dec-2024 23:11:21.070 FINE [main] org.apache.catalina.core.StandardContext.filterStart  Starting filter 'Tomcat WebSocket (JSR356) Filter'
30-Dec-2024 23:11:25.265 FINE [main] org.apache.catalina.core.StandardContext.listenerStart Sending application start events
30-Dec-2024 23:11:25.265 FINE [main] org.apache.catalina.core.StandardContext.filterStart Starting filters
30-Dec-2024 23:11:25.266 FINE [main] org.apache.catalina.core.StandardContext.filterStart  Starting filter 'Tomcat WebSocket (JSR356) Filter'
30-Dec-2024 23:11:29.378 FINE [main] org.apache.catalina.core.StandardContext.listenerStart Sending application start events
30-Dec-2024 23:11:29.378 FINE [main] org.apache.catalina.core.StandardContext.filterStart Starting filters
30-Dec-2024 23:11:29.378 FINE [main] org.apache.catalina.core.StandardContext.filterStart  Starting filter 'Tomcat WebSocket (JSR356) Filter'
30-Dec-2024 23:11:33.444 FINE [main] org.apache.catalina.core.StandardContext.listenerStart Sending application start events
30-Dec-2024 23:11:33.444 FINE [main] org.apache.catalina.core.StandardContext.filterStart Starting filters
30-Dec-2024 23:11:33.445 FINE [main] org.apache.catalina.core.StandardContext.filterStart  Starting filter 'Tomcat WebSocket (JSR356) Filter'
30-Dec-2024 23:11:33.500 FINE [http-nio-8080-exec-1] org.apache.catalina.core.StandardHostValve.custom Processing ErrorPage[errorCode=0, location=/errorservlet]
30-Dec-2024 23:11:33.507 FINE [http-nio-8080-exec-1] org.apache.catalina.core.ApplicationDispatcher.doForward  Disabling the response for further output
30-Dec-2024 23:11:37.239 FINE [http-nio-8080-exec-2] org.apache.catalina.core.StandardHostValve.custom Processing ErrorPage[errorCode=0, location=/errorservlet]
30-Dec-2024 23:11:37.240 FINE [http-nio-8080-exec-2] org.apache.catalina.core.ApplicationDispatcher.doForward  Disabling the response for further output
30-Dec-2024 23:11:39.179 FINE [http-nio-8080-exec-3] org.apache.catalina.core.StandardHostValve.custom Processing ErrorPage[errorCode=0, location=/errorservlet]
30-Dec-2024 23:11:39.180 FINE [http-nio-8080-exec-3] org.apache.catalina.core.ApplicationDispatcher.doForward  Disabling the response for further output
30-Dec-2024 23:11:39.938 FINE [http-nio-8080-exec-4] org.apache.catalina.core.StandardHostValve.custom Processing ErrorPage[errorCode=0, location=/errorservlet]
30-Dec-2024 23:11:39.939 FINE [http-nio-8080-exec-4] org.apache.catalina.core.ApplicationDispatcher.doForward  Disabling the response for further output
