Nov 19, 2024 7:57:03 AM com.itextos.beacon.smslog.DebugLog log
INFO: module : smppdlrpoller
Nov 19, 2024 8:06:24 AM com.itextos.beacon.smslog.DebugLog log
INFO: module : sbp
Nov 19, 2024 8:06:24 AM com.itextos.beacon.smslog.DebugLog log
INFO: Starting the Schedule Blockout Pollar application 
Nov 20, 2024 7:18:09 AM com.itextos.beacon.smslog.DebugLog log
INFO: module : sbp
Nov 20, 2024 7:18:09 AM com.itextos.beacon.smslog.DebugLog log
INFO: Starting the Schedule Blockout Pollar application 
Nov 23, 2024 1:19:14 PM com.itextos.beacon.smslog.DebugLog log
INFO: module : sbp
Nov 23, 2024 1:19:14 PM com.itextos.beacon.smslog.DebugLog log
INFO: Starting the Schedule Blockout Pollar application 
Nov 23, 2024 1:21:25 PM com.itextos.beacon.smslog.DebugLog log
INFO: module : sbp
Nov 23, 2024 1:21:25 PM com.itextos.beacon.smslog.DebugLog log
INFO: Starting the Schedule Blockout Pollar application 
Nov 28, 2024 9:41:37 PM com.itextos.beacon.smslog.DebugLog log
INFO: module : sbp
Nov 28, 2024 9:41:37 PM com.itextos.beacon.smslog.DebugLog log
INFO: Starting the Schedule Blockout Pollar application 
Nov 28, 2024 9:43:05 PM com.itextos.beacon.smslog.DebugLog log
INFO: module : sbp
Nov 28, 2024 9:43:05 PM com.itextos.beacon.smslog.DebugLog log
INFO: Starting the Schedule Blockout Pollar application 
Nov 30, 2024 7:17:49 AM com.itextos.beacon.smslog.DebugLog log
INFO: module : sbp
Nov 30, 2024 7:17:49 AM com.itextos.beacon.smslog.DebugLog log
INFO: Starting the Schedule Blockout Pollar application 
Nov 30, 2024 1:26:50 PM com.itextos.beacon.smslog.DebugLog log
INFO: module : sbp
Nov 30, 2024 1:26:50 PM com.itextos.beacon.smslog.DebugLog log
INFO: Starting the Schedule Blockout Pollar application 
