Nov 20, 2024 9:46:57 AM com.itextos.beacon.smslog.DebugLog log
INFO: module : subt2tb
Nov 20, 2024 9:46:57 AM com.itextos.beacon.smslog.DebugLog log
INFO: Invoking for Component 'T2DB_SUBMISSION' with Startup Arguments StartupRuntimeArguments [mPlatformCluster=[], mInterfaceGroup=[], mMessageType=null, mMessagePriority=[], mClientIds=[]]
Nov 20, 2024 9:48:30 AM com.itextos.beacon.smslog.DebugLog log
INFO: module : subt2tb
Nov 20, 2024 9:48:30 AM com.itextos.beacon.smslog.DebugLog log
INFO: Invoking for Component 'T2DB_SUBMISSION' with Startup Arguments StartupRuntimeArguments [mPlatformCluster=[], mInterfaceGroup=[], mMessageType=null, mMessagePriority=[], mClientIds=[]]
Nov 20, 2024 9:49:52 AM com.itextos.beacon.smslog.DebugLog log
INFO: module : dnt2tb
Nov 20, 2024 9:49:52 AM com.itextos.beacon.smslog.DebugLog log
INFO: Invoking for Component 'T2DB_DELIVERIES' with Startup Arguments StartupRuntimeArguments [mPlatformCluster=[], mInterfaceGroup=[], mMessageType=null, mMessagePriority=[], mClientIds=[]]
Nov 20, 2024 10:03:10 AM com.itextos.beacon.smslog.DebugLog log
INFO: module : errorlogt2tb
Nov 20, 2024 10:03:10 AM com.itextos.beacon.smslog.DebugLog log
INFO: Invoking for Component 'T2DB_ERROR_LOG' with Startup Arguments StartupRuntimeArguments [mPlatformCluster=[], mInterfaceGroup=[], mMessageType=null, mMessagePriority=[], mClientIds=[]]
Nov 23, 2024 1:07:24 PM com.itextos.beacon.smslog.DebugLog log
INFO: module : errorlogt2tb
Nov 23, 2024 1:07:24 PM com.itextos.beacon.smslog.DebugLog log
INFO: Invoking for Component 'T2DB_ERROR_LOG' with Startup Arguments StartupRuntimeArguments [mPlatformCluster=[], mInterfaceGroup=[], mMessageType=null, mMessagePriority=[], mClientIds=[]]
Nov 28, 2024 9:30:54 PM com.itextos.beacon.smslog.DebugLog log
INFO: module : errorlogt2tb
Nov 28, 2024 9:30:54 PM com.itextos.beacon.smslog.DebugLog log
INFO: Invoking for Component 'T2DB_ERROR_LOG' with Startup Arguments StartupRuntimeArguments [mPlatformCluster=[], mInterfaceGroup=[], mMessageType=null, mMessagePriority=[], mClientIds=[]]
Nov 28, 2024 9:34:16 PM com.itextos.beacon.smslog.DebugLog log
INFO: module : errorlogt2tb
Nov 28, 2024 9:34:16 PM com.itextos.beacon.smslog.DebugLog log
INFO: Invoking for Component 'T2DB_ERROR_LOG' with Startup Arguments StartupRuntimeArguments [mPlatformCluster=[], mInterfaceGroup=[], mMessageType=null, mMessagePriority=[], mClientIds=[]]
Nov 30, 2024 7:14:25 AM com.itextos.beacon.smslog.DebugLog log
INFO: module : errorlogt2tb
Nov 30, 2024 7:14:25 AM com.itextos.beacon.smslog.DebugLog log
INFO: Invoking for Component 'T2DB_ERROR_LOG' with Startup Arguments StartupRuntimeArguments [mPlatformCluster=[], mInterfaceGroup=[], mMessageType=null, mMessagePriority=[], mClientIds=[]]
Nov 30, 2024 1:25:19 PM com.itextos.beacon.smslog.DebugLog log
INFO: module : errorlogt2tb
Nov 30, 2024 1:25:19 PM com.itextos.beacon.smslog.DebugLog log
INFO: Invoking for Component 'T2DB_ERROR_LOG' with Startup Arguments StartupRuntimeArguments [mPlatformCluster=[], mInterfaceGroup=[], mMessageType=null, mMessagePriority=[], mClientIds=[]]
