Dec 04, 2024 11:50:34 AM com.itextos.beacon.smslog.ExecutorLog1 log
INFO: [GENERAL] [t_T2DbTableWrapper : t2db_submission]: t_T2DbTableWrapper : t2db_submission : goto sleep for the milli second  : 1000
Dec 04, 2024 11:50:35 AM com.itextos.beacon.smslog.ExecutorLog1 log
INFO: [GENERAL] [t_T2DbTableWrapper : t2db_submission]: t_T2DbTableWrapper : t2db_submission : Wed Dec 04 11:50:35 IST 2024
Dec 04, 2024 11:50:35 AM com.itextos.beacon.smslog.ExecutorLog1 log
INFO: [GENERAL] [t_T2DbTableWrapper : t2db_submission]: t_T2DbTableWrapper : t2db_submission : goto sleep for the milli second  : 1000
Dec 04, 2024 11:50:36 AM com.itextos.beacon.smslog.ExecutorLog1 log
INFO: [GENERAL] [t_T2DbTableWrapper : t2db_submission]: t_T2DbTableWrapper : t2db_submission : Wed Dec 04 11:50:36 IST 2024
Dec 04, 2024 11:50:36 AM com.itextos.beacon.smslog.ExecutorLog1 log
INFO: [GENERAL] [t_T2DbTableWrapper : t2db_submission]: t_T2DbTableWrapper : t2db_submission : goto sleep for the milli second  : 1000
Dec 04, 2024 11:50:37 AM com.itextos.beacon.smslog.ExecutorLog1 log
INFO: [GENERAL] [t_PartitionInfoCollection]: t_PartitionInfoCollection : Wed Dec 04 11:50:37 IST 2024
Dec 04, 2024 11:50:37 AM com.itextos.beacon.smslog.ExecutorLog1 log
INFO: [GENERAL] [t_PartitionInfoCollection]: t_PartitionInfoCollection : goto sleep for the milli second  : 5000
Dec 04, 2024 11:50:37 AM com.itextos.beacon.smslog.ExecutorLog1 log
INFO: [GENERAL] [t_T2DbTableWrapper : t2db_submission]: t_T2DbTableWrapper : t2db_submission : Wed Dec 04 11:50:37 IST 2024
Dec 04, 2024 11:50:37 AM com.itextos.beacon.smslog.ExecutorLog1 log
INFO: [GENERAL] [t_T2DbTableWrapper : t2db_submission]: t_T2DbTableWrapper : t2db_submission : goto sleep for the milli second  : 1000
Dec 04, 2024 11:50:37 AM com.itextos.beacon.smslog.ExecutorLog1 log
INFO: [GENERAL] [t_KafkaCustomPropertiesReload]: t_KafkaCustomPropertiesReload : Wed Dec 04 11:50:37 IST 2024
Dec 04, 2024 11:50:37 AM com.itextos.beacon.smslog.ExecutorLog1 log
INFO: [GENERAL] [t_KafkaCustomPropertiesReload]: t_KafkaCustomPropertiesReload : goto sleep for the milli second  : 30000
Dec 04, 2024 11:50:37 AM com.itextos.beacon.smslog.ExecutorLog1 log
INFO: [GENERAL] [t_TimerThread-TABLE_INSERTER_INFO]: t_TimerThread-TABLE_INSERTER_INFO : Wed Dec 04 11:50:37 IST 2024
Dec 04, 2024 11:50:37 AM com.itextos.beacon.smslog.ExecutorLog1 log
INFO: [GENERAL] [t_TimerThread-TABLE_INSERTER_INFO]: t_TimerThread-TABLE_INSERTER_INFO : goto sleep for the milli second  : 30000
Dec 04, 2024 11:50:38 AM com.itextos.beacon.smslog.ExecutorLog1 log
INFO: [GENERAL] [t_TimerThread-APPLICATION_CONFIG]: t_TimerThread-APPLICATION_CONFIG : Wed Dec 04 11:50:38 IST 2024
Dec 04, 2024 11:50:38 AM com.itextos.beacon.smslog.ExecutorLog1 log
INFO: [GENERAL] [t_TimerThread-APPLICATION_CONFIG]: t_TimerThread-APPLICATION_CONFIG : goto sleep for the milli second  : 6000
Dec 04, 2024 11:50:38 AM com.itextos.beacon.smslog.ExecutorLog1 log
INFO: [GENERAL] [t_T2DbTableWrapper : t2db_submission]: t_T2DbTableWrapper : t2db_submission : Wed Dec 04 11:50:38 IST 2024
Dec 04, 2024 11:50:38 AM com.itextos.beacon.smslog.ExecutorLog1 log
INFO: [GENERAL] [t_T2DbTableWrapper : t2db_submission]: t_T2DbTableWrapper : t2db_submission : goto sleep for the milli second  : 1000
Dec 04, 2024 11:50:39 AM com.itextos.beacon.smslog.ExecutorLog1 log
INFO: [GENERAL] [t_T2DbTableWrapper : t2db_submission]: t_T2DbTableWrapper : t2db_submission : Wed Dec 04 11:50:39 IST 2024
Dec 04, 2024 11:50:39 AM com.itextos.beacon.smslog.ExecutorLog1 log
INFO: [GENERAL] [t_T2DbTableWrapper : t2db_submission]: t_T2DbTableWrapper : t2db_submission : goto sleep for the milli second  : 1000
