Nov 20, 2024 9:52:25 AM com.itextos.beacon.smslog.ExecutorLog1 log
INFO: [GENERAL] [t_TimerThread-TABLE_INSERTER_INFO]: t_TimerThread-TABLE_INSERTER_INFO : goto sleep for the milli second  : 30000
Nov 20, 2024 9:52:25 AM com.itextos.beacon.smslog.ExecutorLog1 log
INFO: [GENERAL] [t_T2DbTableWrapper : t2db_deliveries]: t_T2DbTableWrapper : t2db_deliveries : Wed Nov 20 09:52:25 IST 2024
Nov 20, 2024 9:52:25 AM com.itextos.beacon.smslog.ExecutorLog1 log
INFO: [GENERAL] [t_T2DbTableWrapper : t2db_deliveries]: t_T2DbTableWrapper : t2db_deliveries : goto sleep for the milli second  : 1000
Nov 20, 2024 9:52:26 AM com.itextos.beacon.smslog.ExecutorLog1 log
INFO: [GENERAL] [t_PartitionInfoCollection]: t_PartitionInfoCollection : Wed Nov 20 09:52:26 IST 2024
Nov 20, 2024 9:52:26 AM com.itextos.beacon.smslog.ExecutorLog1 log
INFO: [GENERAL] [t_PartitionInfoCollection]: t_PartitionInfoCollection : goto sleep for the milli second  : 5000
Nov 20, 2024 9:52:26 AM com.itextos.beacon.smslog.ExecutorLog1 log
INFO: [GENERAL] [t_T2DbTableWrapper : t2db_deliveries]: t_T2DbTableWrapper : t2db_deliveries : Wed Nov 20 09:52:26 IST 2024
Nov 20, 2024 9:52:26 AM com.itextos.beacon.smslog.ExecutorLog1 log
INFO: [GENERAL] [t_T2DbTableWrapper : t2db_deliveries]: t_T2DbTableWrapper : t2db_deliveries : goto sleep for the milli second  : 1000
Nov 20, 2024 9:52:27 AM com.itextos.beacon.smslog.ExecutorLog1 log
INFO: [GENERAL] [t_T2DbTableWrapper : t2db_deliveries]: t_T2DbTableWrapper : t2db_deliveries : Wed Nov 20 09:52:27 IST 2024
Nov 20, 2024 9:52:27 AM com.itextos.beacon.smslog.ExecutorLog1 log
INFO: [GENERAL] [t_T2DbTableWrapper : t2db_deliveries]: t_T2DbTableWrapper : t2db_deliveries : goto sleep for the milli second  : 1000
Nov 20, 2024 9:52:28 AM com.itextos.beacon.smslog.ExecutorLog1 log
INFO: [GENERAL] [t_T2DbTableWrapper : t2db_deliveries]: t_T2DbTableWrapper : t2db_deliveries : Wed Nov 20 09:52:28 IST 2024
Nov 20, 2024 9:52:28 AM com.itextos.beacon.smslog.ExecutorLog1 log
INFO: [GENERAL] [t_T2DbTableWrapper : t2db_deliveries]: t_T2DbTableWrapper : t2db_deliveries : goto sleep for the milli second  : 1000
Nov 20, 2024 9:52:29 AM com.itextos.beacon.smslog.ExecutorLog1 log
INFO: [GENERAL] [t_T2DbTableWrapper : t2db_deliveries]: t_T2DbTableWrapper : t2db_deliveries : Wed Nov 20 09:52:29 IST 2024
Nov 20, 2024 9:52:29 AM com.itextos.beacon.smslog.ExecutorLog1 log
INFO: [GENERAL] [t_T2DbTableWrapper : t2db_deliveries]: t_T2DbTableWrapper : t2db_deliveries : goto sleep for the milli second  : 1000
Nov 20, 2024 9:52:30 AM com.itextos.beacon.smslog.ExecutorLog1 log
INFO: [GENERAL] [t_T2DbTableWrapper : t2db_deliveries]: t_T2DbTableWrapper : t2db_deliveries : Wed Nov 20 09:52:30 IST 2024
Nov 20, 2024 9:52:30 AM com.itextos.beacon.smslog.ExecutorLog1 log
INFO: [GENERAL] [t_T2DbTableWrapper : t2db_deliveries]: t_T2DbTableWrapper : t2db_deliveries : goto sleep for the milli second  : 1000
Nov 20, 2024 9:52:31 AM com.itextos.beacon.smslog.ExecutorLog1 log
INFO: [GENERAL] [t_PartitionInfoCollection]: t_PartitionInfoCollection : Wed Nov 20 09:52:31 IST 2024
Nov 20, 2024 9:52:31 AM com.itextos.beacon.smslog.ExecutorLog1 log
INFO: [GENERAL] [t_PartitionInfoCollection]: t_PartitionInfoCollection : goto sleep for the milli second  : 5000
Nov 20, 2024 9:52:31 AM com.itextos.beacon.smslog.ExecutorLog1 log
INFO: [GENERAL] [t_T2DbTableWrapper : t2db_deliveries]: t_T2DbTableWrapper : t2db_deliveries : Wed Nov 20 09:52:31 IST 2024
Nov 20, 2024 9:52:31 AM com.itextos.beacon.smslog.ExecutorLog1 log
INFO: [GENERAL] [t_T2DbTableWrapper : t2db_deliveries]: t_T2DbTableWrapper : t2db_deliveries : goto sleep for the milli second  : 1000
Nov 20, 2024 9:52:32 AM com.itextos.beacon.smslog.ExecutorLog1 log
INFO: [GENERAL] [t_T2DbTableWrapper : t2db_deliveries]: t_T2DbTableWrapper : t2db_deliveries : Wed Nov 20 09:52:32 IST 2024
Nov 20, 2024 9:52:32 AM com.itextos.beacon.smslog.ExecutorLog1 log
INFO: [GENERAL] [t_T2DbTableWrapper : t2db_deliveries]: t_T2DbTableWrapper : t2db_deliveries : goto sleep for the milli second  : 1000
Nov 20, 2024 9:52:33 AM com.itextos.beacon.smslog.ExecutorLog1 log
INFO: [GENERAL] [t_T2DbTableWrapper : t2db_deliveries]: t_T2DbTableWrapper : t2db_deliveries : Wed Nov 20 09:52:33 IST 2024
Nov 20, 2024 9:52:33 AM com.itextos.beacon.smslog.ExecutorLog1 log
INFO: [GENERAL] [t_T2DbTableWrapper : t2db_deliveries]: t_T2DbTableWrapper : t2db_deliveries : goto sleep for the milli second  : 1000
