2024/12/21 15:30:58 [notice] 1#1: using the "epoll" event method
2024/12/21 15:30:58 [notice] 1#1: nginx/1.27.3
2024/12/21 15:30:58 [notice] 1#1: built by gcc 12.2.0 (Debian 12.2.0-14) 
2024/12/21 15:30:58 [notice] 1#1: OS: Linux 6.8.0-49-generic
2024/12/21 15:30:58 [notice] 1#1: getrlimit(RLIMIT_NOFILE): 1048576:1048576
2024/12/21 15:30:58 [notice] 1#1: start worker processes
2024/12/21 15:30:58 [notice] 1#1: start worker process 29
2024/12/21 15:30:58 [notice] 1#1: start worker process 30
2024/12/21 15:30:58 [notice] 1#1: start worker process 31
2024/12/21 15:30:58 [notice] 1#1: start worker process 32
2024/12/21 15:30:58 [notice] 1#1: start worker process 33
2024/12/21 15:30:58 [notice] 1#1: start worker process 34
2024/12/21 15:30:58 [notice] 1#1: start worker process 35
2024/12/21 15:30:58 [notice] 1#1: start worker process 36
2024/12/21 15:32:41 [notice] 1#1: signal 3 (SIGQUIT) received, shutting down
2024/12/21 15:32:41 [notice] 29#29: gracefully shutting down
2024/12/21 15:32:41 [notice] 30#30: gracefully shutting down
2024/12/21 15:32:41 [notice] 32#32: gracefully shutting down
2024/12/21 15:32:41 [notice] 29#29: exiting
2024/12/21 15:32:41 [notice] 34#34: gracefully shutting down
2024/12/21 15:32:41 [notice] 31#31: gracefully shutting down
2024/12/21 15:32:41 [notice] 30#30: exiting
2024/12/21 15:32:41 [notice] 32#32: exiting
2024/12/21 15:32:41 [notice] 33#33: gracefully shutting down
2024/12/21 15:32:41 [notice] 34#34: exiting
2024/12/21 15:32:41 [notice] 31#31: exiting
2024/12/21 15:32:41 [notice] 33#33: exiting
2024/12/21 15:32:41 [notice] 29#29: exit
2024/12/21 15:32:41 [notice] 30#30: exit
2024/12/21 15:32:41 [notice] 32#32: exit
2024/12/21 15:32:41 [notice] 31#31: exit
2024/12/21 15:32:41 [notice] 34#34: exit
2024/12/21 15:32:41 [notice] 33#33: exit
2024/12/21 15:32:41 [notice] 36#36: gracefully shutting down
2024/12/21 15:32:41 [notice] 36#36: exiting
2024/12/21 15:32:41 [notice] 36#36: exit
2024/12/21 15:32:41 [notice] 35#35: gracefully shutting down
2024/12/21 15:32:41 [notice] 35#35: exiting
2024/12/21 15:32:41 [notice] 35#35: exit
2024/12/21 15:32:41 [notice] 1#1: signal 17 (SIGCHLD) received from 30
2024/12/21 15:32:41 [notice] 1#1: worker process 30 exited with code 0
2024/12/21 15:32:41 [notice] 1#1: signal 29 (SIGIO) received
2024/12/21 15:32:41 [notice] 1#1: signal 17 (SIGCHLD) received from 35
2024/12/21 15:32:41 [notice] 1#1: worker process 29 exited with code 0
2024/12/21 15:32:41 [notice] 1#1: worker process 33 exited with code 0
2024/12/21 15:32:41 [notice] 1#1: worker process 35 exited with code 0
2024/12/21 15:32:41 [notice] 1#1: signal 29 (SIGIO) received
2024/12/21 15:32:41 [notice] 1#1: signal 17 (SIGCHLD) received from 31
2024/12/21 15:32:41 [notice] 1#1: worker process 31 exited with code 0
2024/12/21 15:32:41 [notice] 1#1: signal 29 (SIGIO) received
2024/12/21 15:32:41 [notice] 1#1: signal 17 (SIGCHLD) received from 34
2024/12/21 15:32:41 [notice] 1#1: worker process 34 exited with code 0
2024/12/21 15:32:41 [notice] 1#1: worker process 32 exited with code 0
2024/12/21 15:32:41 [notice] 1#1: worker process 36 exited with code 0
2024/12/21 15:32:41 [notice] 1#1: exit
2024/12/21 15:37:42 [error] 31#31: *3 open() "/usr/share/nginx/html/favicon.ico" failed (2: No such file or directory), client: 27.107.168.78, server: 165.22.210.126, request: "GET /favicon.ico HTTP/1.1", host: "165.22.210.126:9180", referrer: "http://165.22.210.126:9180/mui/"
