Dec 04, 2024 11:50:35 AM com.itextos.beacon.smslog.ExecutorLog1 log
INFO: [GENERAL] [t_SingleDnExpiryProcessor ]: t_SingleDnExpiryProcessor  : Wed Dec 04 11:50:35 IST 2024
Dec 04, 2024 11:50:35 AM com.itextos.beacon.smslog.ExecutorLog1 log
INFO: [GENERAL] [t_SingleDnExpiryProcessor ]: t_SingleDnExpiryProcessor  : goto sleep for the milli second  : 30000
Dec 04, 2024 11:50:35 AM com.itextos.beacon.smslog.ExecutorLog1 log
INFO: [GENERAL] [t_SingleDnDataDelete]: t_SingleDnDataDelete : Wed Dec 04 11:50:35 IST 2024
Dec 04, 2024 11:50:35 AM com.itextos.beacon.smslog.ExecutorLog1 log
INFO: [GENERAL] [t_SingleDnDataDelete]: t_SingleDnDataDelete : goto sleep for the milli second  : 1000
Dec 04, 2024 11:50:35 AM com.itextos.beacon.smslog.ExecutorLog1 log
INFO: [GENERAL] [t_SingleDnOldDuplicateCheckRemove]: t_SingleDnOldDuplicateCheckRemove : Wed Dec 04 11:50:35 IST 2024
Dec 04, 2024 11:50:35 AM com.itextos.beacon.smslog.ExecutorLog1 log
INFO: [GENERAL] [t_SingleDnOldDuplicateCheckRemove]: t_SingleDnOldDuplicateCheckRemove : goto sleep for the milli second  : 30000
Dec 04, 2024 11:50:35 AM com.itextos.beacon.smslog.ExecutorLog1 log
INFO: [GENERAL] [t_SingleDnDuplicateCheckRemove]: t_SingleDnDuplicateCheckRemove : Wed Dec 04 11:50:35 IST 2024
Dec 04, 2024 11:50:35 AM com.itextos.beacon.smslog.ExecutorLog1 log
INFO: [GENERAL] [t_SingleDnDuplicateCheckRemove]: t_SingleDnDuplicateCheckRemove : goto sleep for the milli second  : 30000
Dec 04, 2024 11:50:36 AM com.itextos.beacon.smslog.ExecutorLog1 log
INFO: [GENERAL] [t_SingleDnDataDelete]: t_SingleDnDataDelete : Wed Dec 04 11:50:36 IST 2024
Dec 04, 2024 11:50:36 AM com.itextos.beacon.smslog.ExecutorLog1 log
INFO: [GENERAL] [t_SingleDnDataDelete]: t_SingleDnDataDelete : goto sleep for the milli second  : 1000
Dec 04, 2024 11:50:36 AM com.itextos.beacon.smslog.ExecutorLog1 log
INFO: [GENERAL] [t_PartitionInfoCollection]: t_PartitionInfoCollection : Wed Dec 04 11:50:36 IST 2024
Dec 04, 2024 11:50:36 AM com.itextos.beacon.smslog.ExecutorLog1 log
INFO: [GENERAL] [t_PartitionInfoCollection]: t_PartitionInfoCollection : goto sleep for the milli second  : 5000
Dec 04, 2024 11:50:37 AM com.itextos.beacon.smslog.ExecutorLog1 log
INFO: [GENERAL] [t_SingleDnDataDelete]: t_SingleDnDataDelete : Wed Dec 04 11:50:37 IST 2024
Dec 04, 2024 11:50:37 AM com.itextos.beacon.smslog.ExecutorLog1 log
INFO: [GENERAL] [t_SingleDnDataDelete]: t_SingleDnDataDelete : goto sleep for the milli second  : 1000
Dec 04, 2024 11:50:37 AM com.itextos.beacon.smslog.ExecutorLog1 log
INFO: [GENERAL] [t_TimerThread-APPLICATION_CONFIG]: t_TimerThread-APPLICATION_CONFIG : Wed Dec 04 11:50:37 IST 2024
Dec 04, 2024 11:50:37 AM com.itextos.beacon.smslog.ExecutorLog1 log
INFO: [GENERAL] [t_TimerThread-APPLICATION_CONFIG]: t_TimerThread-APPLICATION_CONFIG : goto sleep for the milli second  : 6000
Dec 04, 2024 11:50:38 AM com.itextos.beacon.smslog.ExecutorLog1 log
INFO: [GENERAL] [t_SingleDnDataDelete]: t_SingleDnDataDelete : Wed Dec 04 11:50:38 IST 2024
Dec 04, 2024 11:50:38 AM com.itextos.beacon.smslog.ExecutorLog1 log
INFO: [GENERAL] [t_SingleDnDataDelete]: t_SingleDnDataDelete : goto sleep for the milli second  : 1000
Dec 04, 2024 11:50:39 AM com.itextos.beacon.smslog.ExecutorLog1 log
INFO: [GENERAL] [t_SingleDnDataDelete]: t_SingleDnDataDelete : Wed Dec 04 11:50:39 IST 2024
Dec 04, 2024 11:50:39 AM com.itextos.beacon.smslog.ExecutorLog1 log
INFO: [GENERAL] [t_SingleDnDataDelete]: t_SingleDnDataDelete : goto sleep for the milli second  : 1000
