Nov 22, 2024 3:14:31 PM com.itextos.beacon.smslog.KILog log
INFO: mKafkaProducerCollection : {}
Nov 22, 2024 3:37:25 PM com.itextos.beacon.smslog.KILog log
INFO: mKafkaProducerCollection : {t2db_submission~bulk={t2db-error-log-low={1=Producer [mComponent=T2DB_ERROR_LOG, mTopicName=t2db-error-log-low, lastFlushed=1732270045074]}}}
Nov 22, 2024 3:38:39 PM com.itextos.beacon.smslog.KILog log
INFO: mKafkaProducerCollection : {t2db_submission~bulk={t2db-error-log-low={1=Producer [mComponent=T2DB_ERROR_LOG, mTopicName=t2db-error-log-low, lastFlushed=1732270117597]}}}
Nov 22, 2024 4:37:22 PM com.itextos.beacon.smslog.KILog log
INFO: mKafkaProducerCollection : {t2db_submission~bulk={t2db-error-log-low={1=Producer [mComponent=T2DB_ERROR_LOG, mTopicName=t2db-error-log-low, lastFlushed=1732273642045]}}}
Nov 22, 2024 9:35:28 PM com.itextos.beacon.smslog.KILog log
INFO: mKafkaProducerCollection : {t2db_submission~bulk={t2db-error-log-low={1=Producer [mComponent=T2DB_ERROR_LOG, mTopicName=t2db-error-log-low, lastFlushed=1732291526638]}}}
Nov 23, 2024 6:18:36 AM com.itextos.beacon.smslog.KILog log
INFO: mKafkaProducerCollection : {t2db_submission~bulk={t2db-error-log-low={1=Producer [mComponent=T2DB_ERROR_LOG, mTopicName=t2db-error-log-low, lastFlushed=1732322914586]}}}
Nov 23, 2024 6:33:37 AM com.itextos.beacon.smslog.KILog log
INFO: mKafkaProducerCollection : {t2db_submission~bulk={t2db-error-log-low={1=Producer [mComponent=T2DB_ERROR_LOG, mTopicName=t2db-error-log-low, lastFlushed=1732323817368]}}}
Nov 23, 2024 7:00:03 AM com.itextos.beacon.smslog.KILog log
INFO: mKafkaProducerCollection : {t2db_submission~bulk={t2db-error-log-low={1=Producer [mComponent=T2DB_ERROR_LOG, mTopicName=t2db-error-log-low, lastFlushed=1732325402901]}}}
Nov 23, 2024 7:11:27 AM com.itextos.beacon.smslog.KILog log
INFO: mKafkaProducerCollection : {t2db_submission~bulk={t2db-error-log-low={1=Producer [mComponent=T2DB_ERROR_LOG, mTopicName=t2db-error-log-low, lastFlushed=1732326085593]}}}
Nov 23, 2024 7:40:03 AM com.itextos.beacon.smslog.KILog log
INFO: mKafkaProducerCollection : {t2db_submission~bulk={t2db-error-log-low={1=Producer [mComponent=T2DB_ERROR_LOG, mTopicName=t2db-error-log-low, lastFlushed=1732327801148]}}}
Nov 23, 2024 7:55:12 AM com.itextos.beacon.smslog.KILog log
INFO: mKafkaProducerCollection : {t2db_submission~bulk={t2db-error-log-low={1=Producer [mComponent=T2DB_ERROR_LOG, mTopicName=t2db-error-log-low, lastFlushed=1732328711495]}}}
Nov 23, 2024 8:17:46 AM com.itextos.beacon.smslog.KILog log
INFO: mKafkaProducerCollection : {t2db_submission~bulk={t2db-error-log-low={1=Producer [mComponent=T2DB_ERROR_LOG, mTopicName=t2db-error-log-low, lastFlushed=1732330064448]}}}
Nov 23, 2024 8:32:22 AM com.itextos.beacon.smslog.KILog log
INFO: mKafkaProducerCollection : {t2db_submission~bulk={t2db-error-log-low={1=Producer [mComponent=T2DB_ERROR_LOG, mTopicName=t2db-error-log-low, lastFlushed=1732330942276]}}}
Nov 23, 2024 8:35:47 AM com.itextos.beacon.smslog.KILog log
INFO: mKafkaProducerCollection : {t2db_submission~bulk={t2db-error-log-low={1=Producer [mComponent=T2DB_ERROR_LOG, mTopicName=t2db-error-log-low, lastFlushed=1732331144863]}}}
Nov 23, 2024 9:43:28 AM com.itextos.beacon.smslog.KILog log
INFO: mKafkaProducerCollection : {t2db_submission~bulk={t2db-error-log-low={1=Producer [mComponent=T2DB_ERROR_LOG, mTopicName=t2db-error-log-low, lastFlushed=1732335206545]}}}
Nov 23, 2024 9:50:34 AM com.itextos.beacon.smslog.KILog log
INFO: mKafkaProducerCollection : {t2db_submission~bulk={t2db-error-log-low={1=Producer [mComponent=T2DB_ERROR_LOG, mTopicName=t2db-error-log-low, lastFlushed=1732335631704]}}}
Nov 23, 2024 9:50:47 AM com.itextos.beacon.smslog.KILog log
INFO: mKafkaProducerCollection : {t2db_submission~bulk={t2db-error-log-low={1=Producer [mComponent=T2DB_ERROR_LOG, mTopicName=t2db-error-log-low, lastFlushed=1732335646707]}}}
Dec 01, 2024 6:54:19 PM com.itextos.beacon.smslog.KILog log
INFO: mKafkaProducerCollection : {}
Dec 01, 2024 6:54:21 PM com.itextos.beacon.smslog.KILog log
INFO: mKafkaProducerCollection : {t2db_submission~bulk={t2db-submission-low={1=Producer [mComponent=T2DB_SUBMISSION, mTopicName=t2db-submission-low, lastFlushed=1733059459853]}}}
Dec 01, 2024 6:54:22 PM com.itextos.beacon.smslog.KILog log
INFO: mKafkaProducerCollection : {t2db_submission~bulk={t2db-submission-low={1=Producer [mComponent=T2DB_SUBMISSION, mTopicName=t2db-submission-low, lastFlushed=1733059462412]}}}
Dec 01, 2024 6:54:23 PM com.itextos.beacon.smslog.KILog log
INFO: mKafkaProducerCollection : {t2db_submission~bulk={t2db-submission-low={1=Producer [mComponent=T2DB_SUBMISSION, mTopicName=t2db-submission-low, lastFlushed=1733059462412]}}}
Dec 01, 2024 6:54:24 PM com.itextos.beacon.smslog.KILog log
INFO: mKafkaProducerCollection : {t2db_submission~bulk={t2db-submission-low={1=Producer [mComponent=T2DB_SUBMISSION, mTopicName=t2db-submission-low, lastFlushed=1733059464913]}}}
Dec 01, 2024 6:54:26 PM com.itextos.beacon.smslog.KILog log
INFO: mKafkaProducerCollection : {t2db_submission~bulk={t2db-submission-low={1=Producer [mComponent=T2DB_SUBMISSION, mTopicName=t2db-submission-low, lastFlushed=1733059464913]}}}
Dec 01, 2024 6:54:27 PM com.itextos.beacon.smslog.KILog log
INFO: mKafkaProducerCollection : {t2db_submission~bulk={t2db-submission-low={1=Producer [mComponent=T2DB_SUBMISSION, mTopicName=t2db-submission-low, lastFlushed=1733059464913]}}}
Dec 01, 2024 6:54:28 PM com.itextos.beacon.smslog.KILog log
INFO: mKafkaProducerCollection : {t2db_submission~bulk={t2db-submission-low={1=Producer [mComponent=T2DB_SUBMISSION, mTopicName=t2db-submission-low, lastFlushed=1733059467414]}}}
Dec 01, 2024 6:54:29 PM com.itextos.beacon.smslog.KILog log
INFO: mKafkaProducerCollection : {t2db_submission~bulk={t2db-submission-low={1=Producer [mComponent=T2DB_SUBMISSION, mTopicName=t2db-submission-low, lastFlushed=1733059467414]}}}
Dec 01, 2024 6:54:30 PM com.itextos.beacon.smslog.KILog log
INFO: mKafkaProducerCollection : {t2db_submission~bulk={t2db-submission-low={1=Producer [mComponent=T2DB_SUBMISSION, mTopicName=t2db-submission-low, lastFlushed=1733059469915]}}}
Dec 01, 2024 6:54:31 PM com.itextos.beacon.smslog.KILog log
INFO: mKafkaProducerCollection : {t2db_submission~bulk={t2db-submission-low={1=Producer [mComponent=T2DB_SUBMISSION, mTopicName=t2db-submission-low, lastFlushed=1733059469915]}}}
Dec 01, 2024 6:56:24 PM com.itextos.beacon.smslog.KILog log
INFO: mKafkaProducerCollection : {t2db_submission~bulk={t2db-error-log-low={1=Producer [mComponent=T2DB_ERROR_LOG, mTopicName=t2db-error-log-low, lastFlushed=1733059583704]}, t2db-submission-low={1=Producer [mComponent=T2DB_SUBMISSION, mTopicName=t2db-submission-low, lastFlushed=1733059582454]}}}
Dec 01, 2024 6:56:25 PM com.itextos.beacon.smslog.KILog log
INFO: mKafkaProducerCollection : {t2db_submission~bulk={t2db-error-log-low={1=Producer [mComponent=T2DB_ERROR_LOG, mTopicName=t2db-error-log-low, lastFlushed=1733059583704]}, t2db-submission-low={1=Producer [mComponent=T2DB_SUBMISSION, mTopicName=t2db-submission-low, lastFlushed=1733059584955]}}}
Dec 01, 2024 6:56:26 PM com.itextos.beacon.smslog.KILog log
INFO: mKafkaProducerCollection : {t2db_submission~bulk={t2db-error-log-low={1=Producer [mComponent=T2DB_ERROR_LOG, mTopicName=t2db-error-log-low, lastFlushed=1733059586206]}, t2db-submission-low={1=Producer [mComponent=T2DB_SUBMISSION, mTopicName=t2db-submission-low, lastFlushed=1733059584955]}}}
Dec 01, 2024 6:56:27 PM com.itextos.beacon.smslog.KILog log
INFO: mKafkaProducerCollection : {t2db_submission~bulk={t2db-error-log-low={1=Producer [mComponent=T2DB_ERROR_LOG, mTopicName=t2db-error-log-low, lastFlushed=1733059586206]}, t2db-submission-low={1=Producer [mComponent=T2DB_SUBMISSION, mTopicName=t2db-submission-low, lastFlushed=1733059584955]}}}
Dec 01, 2024 6:56:28 PM com.itextos.beacon.smslog.KILog log
INFO: mKafkaProducerCollection : {t2db_submission~bulk={t2db-error-log-low={1=Producer [mComponent=T2DB_ERROR_LOG, mTopicName=t2db-error-log-low, lastFlushed=1733059586206]}, t2db-submission-low={1=Producer [mComponent=T2DB_SUBMISSION, mTopicName=t2db-submission-low, lastFlushed=1733059587455]}}}
Dec 01, 2024 6:56:29 PM com.itextos.beacon.smslog.KILog log
INFO: mKafkaProducerCollection : {t2db_submission~bulk={t2db-error-log-low={1=Producer [mComponent=T2DB_ERROR_LOG, mTopicName=t2db-error-log-low, lastFlushed=1733059588707]}, t2db-submission-low={1=Producer [mComponent=T2DB_SUBMISSION, mTopicName=t2db-submission-low, lastFlushed=1733059587455]}}}
Dec 01, 2024 6:56:30 PM com.itextos.beacon.smslog.KILog log
INFO: mKafkaProducerCollection : {t2db_submission~bulk={t2db-error-log-low={1=Producer [mComponent=T2DB_ERROR_LOG, mTopicName=t2db-error-log-low, lastFlushed=1733059588707]}, t2db-submission-low={1=Producer [mComponent=T2DB_SUBMISSION, mTopicName=t2db-submission-low, lastFlushed=1733059589956]}}}
Dec 01, 2024 6:56:31 PM com.itextos.beacon.smslog.KILog log
INFO: mKafkaProducerCollection : {t2db_submission~bulk={t2db-error-log-low={1=Producer [mComponent=T2DB_ERROR_LOG, mTopicName=t2db-error-log-low, lastFlushed=1733059591207]}, t2db-submission-low={1=Producer [mComponent=T2DB_SUBMISSION, mTopicName=t2db-submission-low, lastFlushed=1733059589956]}}}
Dec 01, 2024 6:56:32 PM com.itextos.beacon.smslog.KILog log
INFO: mKafkaProducerCollection : {t2db_submission~bulk={t2db-error-log-low={1=Producer [mComponent=T2DB_ERROR_LOG, mTopicName=t2db-error-log-low, lastFlushed=1733059591207]}, t2db-submission-low={1=Producer [mComponent=T2DB_SUBMISSION, mTopicName=t2db-submission-low, lastFlushed=1733059589956]}}}
Dec 01, 2024 6:56:33 PM com.itextos.beacon.smslog.KILog log
INFO: mKafkaProducerCollection : {t2db_submission~bulk={t2db-error-log-low={1=Producer [mComponent=T2DB_ERROR_LOG, mTopicName=t2db-error-log-low, lastFlushed=1733059591207]}, t2db-submission-low={1=Producer [mComponent=T2DB_SUBMISSION, mTopicName=t2db-submission-low, lastFlushed=1733059592457]}}}
Dec 01, 2024 6:56:34 PM com.itextos.beacon.smslog.KILog log
INFO: mKafkaProducerCollection : {t2db_submission~bulk={t2db-error-log-low={1=Producer [mComponent=T2DB_ERROR_LOG, mTopicName=t2db-error-log-low, lastFlushed=1733059593708]}, t2db-submission-low={1=Producer [mComponent=T2DB_SUBMISSION, mTopicName=t2db-submission-low, lastFlushed=1733059592457]}}}
Dec 02, 2024 6:49:55 PM com.itextos.beacon.smslog.KILog log
INFO: mKafkaProducerCollection : {t2db_submission~bulk={t2db-error-log-low={1=Producer [mComponent=T2DB_ERROR_LOG, mTopicName=t2db-error-log-low, lastFlushed=1733145592844]}, t2db-submission-low={1=Producer [mComponent=T2DB_SUBMISSION, mTopicName=t2db-submission-low, lastFlushed=1733145592768]}}}
Dec 02, 2024 6:49:56 PM com.itextos.beacon.smslog.KILog log
INFO: mKafkaProducerCollection : {t2db_submission~bulk={t2db-error-log-low={1=Producer [mComponent=T2DB_ERROR_LOG, mTopicName=t2db-error-log-low, lastFlushed=1733145595345]}, t2db-submission-low={1=Producer [mComponent=T2DB_SUBMISSION, mTopicName=t2db-submission-low, lastFlushed=1733145595269]}}, t2db_submission~trans={t2db-submission-low={1=Producer [mComponent=T2DB_SUBMISSION, mTopicName=t2db-submission-low, lastFlushed=1733145595135]}}}
Dec 02, 2024 6:49:57 PM com.itextos.beacon.smslog.KILog log
INFO: mKafkaProducerCollection : {t2db_submission~bulk={t2db-error-log-low={1=Producer [mComponent=T2DB_ERROR_LOG, mTopicName=t2db-error-log-low, lastFlushed=1733145595345]}, t2db-submission-low={1=Producer [mComponent=T2DB_SUBMISSION, mTopicName=t2db-submission-low, lastFlushed=1733145595269]}}, t2db_submission~trans={t2db-submission-low={1=Producer [mComponent=T2DB_SUBMISSION, mTopicName=t2db-submission-low, lastFlushed=1733145595135]}}}
Dec 02, 2024 6:49:58 PM com.itextos.beacon.smslog.KILog log
INFO: mKafkaProducerCollection : {t2db_submission~bulk={t2db-error-log-low={1=Producer [mComponent=T2DB_ERROR_LOG, mTopicName=t2db-error-log-low, lastFlushed=1733145597847]}, t2db-submission-low={1=Producer [mComponent=T2DB_SUBMISSION, mTopicName=t2db-submission-low, lastFlushed=1733145597770]}}, t2db_submission~trans={t2db-submission-low={1=Producer [mComponent=T2DB_SUBMISSION, mTopicName=t2db-submission-low, lastFlushed=1733145597651]}}}
Dec 02, 2024 6:49:59 PM com.itextos.beacon.smslog.KILog log
INFO: mKafkaProducerCollection : {t2db_submission~bulk={t2db-error-log-low={1=Producer [mComponent=T2DB_ERROR_LOG, mTopicName=t2db-error-log-low, lastFlushed=1733145597847]}, t2db-submission-low={1=Producer [mComponent=T2DB_SUBMISSION, mTopicName=t2db-submission-low, lastFlushed=1733145597770]}}, t2db_submission~trans={t2db-submission-low={1=Producer [mComponent=T2DB_SUBMISSION, mTopicName=t2db-submission-low, lastFlushed=1733145597651]}}}
Dec 02, 2024 6:50:00 PM com.itextos.beacon.smslog.KILog log
INFO: mKafkaProducerCollection : {t2db_submission~bulk={t2db-error-log-low={1=Producer [mComponent=T2DB_ERROR_LOG, mTopicName=t2db-error-log-low, lastFlushed=1733145597847]}, t2db-submission-low={1=Producer [mComponent=T2DB_SUBMISSION, mTopicName=t2db-submission-low, lastFlushed=1733145597770]}}, t2db_submission~trans={t2db-submission-low={1=Producer [mComponent=T2DB_SUBMISSION, mTopicName=t2db-submission-low, lastFlushed=1733145600152]}}}
Dec 02, 2024 6:50:01 PM com.itextos.beacon.smslog.KILog log
INFO: mKafkaProducerCollection : {t2db_submission~bulk={t2db-error-log-low={1=Producer [mComponent=T2DB_ERROR_LOG, mTopicName=t2db-error-log-low, lastFlushed=1733145600347]}, t2db-submission-low={1=Producer [mComponent=T2DB_SUBMISSION, mTopicName=t2db-submission-low, lastFlushed=1733145600270]}}, t2db_submission~trans={t2db-submission-low={1=Producer [mComponent=T2DB_SUBMISSION, mTopicName=t2db-submission-low, lastFlushed=1733145600152]}}}
Dec 02, 2024 6:50:02 PM com.itextos.beacon.smslog.KILog log
INFO: mKafkaProducerCollection : {t2db_submission~bulk={t2db-error-log-low={1=Producer [mComponent=T2DB_ERROR_LOG, mTopicName=t2db-error-log-low, lastFlushed=1733145600347]}, t2db-submission-low={1=Producer [mComponent=T2DB_SUBMISSION, mTopicName=t2db-submission-low, lastFlushed=1733145600270]}}, t2db_submission~trans={t2db-submission-low={1=Producer [mComponent=T2DB_SUBMISSION, mTopicName=t2db-submission-low, lastFlushed=1733145600152]}}}
Dec 02, 2024 6:50:03 PM com.itextos.beacon.smslog.KILog log
INFO: mKafkaProducerCollection : {t2db_submission~bulk={t2db-error-log-low={1=Producer [mComponent=T2DB_ERROR_LOG, mTopicName=t2db-error-log-low, lastFlushed=1733145602848]}, t2db-submission-low={1=Producer [mComponent=T2DB_SUBMISSION, mTopicName=t2db-submission-low, lastFlushed=1733145602771]}}, t2db_submission~trans={t2db-submission-low={1=Producer [mComponent=T2DB_SUBMISSION, mTopicName=t2db-submission-low, lastFlushed=1733145602652]}}}
Dec 02, 2024 6:50:04 PM com.itextos.beacon.smslog.KILog log
INFO: mKafkaProducerCollection : {t2db_submission~bulk={t2db-error-log-low={1=Producer [mComponent=T2DB_ERROR_LOG, mTopicName=t2db-error-log-low, lastFlushed=1733145602848]}, t2db-submission-low={1=Producer [mComponent=T2DB_SUBMISSION, mTopicName=t2db-submission-low, lastFlushed=1733145602771]}}, t2db_submission~trans={t2db-submission-low={1=Producer [mComponent=T2DB_SUBMISSION, mTopicName=t2db-submission-low, lastFlushed=1733145602652]}}}
Dec 02, 2024 6:50:05 PM com.itextos.beacon.smslog.KILog log
INFO: mKafkaProducerCollection : {t2db_submission~bulk={t2db-error-log-low={1=Producer [mComponent=T2DB_ERROR_LOG, mTopicName=t2db-error-log-low, lastFlushed=1733145602848]}, t2db-submission-low={1=Producer [mComponent=T2DB_SUBMISSION, mTopicName=t2db-submission-low, lastFlushed=1733145605273]}}, t2db_submission~trans={t2db-submission-low={1=Producer [mComponent=T2DB_SUBMISSION, mTopicName=t2db-submission-low, lastFlushed=1733145605153]}}}
