14-Jan-2025 19:19:30.916 FINE [Thread-4] org.apache.catalina.core.StandardContext.filterStop Stopping filters
14-Jan-2025 19:19:30.916 FINE [Thread-4] org.apache.catalina.core.StandardContext.filterStop  Stopping filter 'Tomcat WebSocket (JSR356) Filter'
14-Jan-2025 19:19:30.925 FINE [Thread-4] org.apache.catalina.core.StandardContext.filterStop Stopping filters
14-Jan-2025 19:19:30.925 FINE [Thread-4] org.apache.catalina.core.StandardContext.filterStop  Stopping filter 'Tomcat WebSocket (JSR356) Filter'
14-Jan-2025 19:19:30.928 FINE [Thread-4] org.apache.catalina.core.StandardContext.filterStop Stopping filters
14-Jan-2025 19:19:30.928 FINE [Thread-4] org.apache.catalina.core.StandardContext.filterStop  Stopping filter 'Tomcat WebSocket (JSR356) Filter'
14-Jan-2025 19:19:30.930 FINE [Thread-4] org.apache.catalina.core.StandardContext.filterStop Stopping filters
14-Jan-2025 19:19:30.930 FINE [Thread-4] org.apache.catalina.core.StandardContext.filterStop  Stopping filter 'Tomcat WebSocket (JSR356) Filter'
14-Jan-2025 19:19:43.709 FINE [main] org.apache.catalina.core.StandardContext.listenerStart Sending application start events
14-Jan-2025 19:19:43.714 FINE [main] org.apache.catalina.core.StandardContext.filterStart Starting filters
14-Jan-2025 19:19:43.714 FINE [main] org.apache.catalina.core.StandardContext.filterStart  Starting filter 'Tomcat WebSocket (JSR356) Filter'
14-Jan-2025 19:19:48.156 FINE [main] org.apache.catalina.core.StandardContext.listenerStart Sending application start events
14-Jan-2025 19:19:48.157 FINE [main] org.apache.catalina.core.StandardContext.filterStart Starting filters
14-Jan-2025 19:19:48.157 FINE [main] org.apache.catalina.core.StandardContext.filterStart  Starting filter 'Tomcat WebSocket (JSR356) Filter'
14-Jan-2025 19:19:52.180 FINE [main] org.apache.catalina.core.StandardContext.listenerStart Sending application start events
14-Jan-2025 19:19:52.180 FINE [main] org.apache.catalina.core.StandardContext.filterStart Starting filters
14-Jan-2025 19:19:52.180 FINE [main] org.apache.catalina.core.StandardContext.filterStart  Starting filter 'Tomcat WebSocket (JSR356) Filter'
14-Jan-2025 19:19:56.428 FINE [main] org.apache.catalina.core.StandardContext.listenerStart Sending application start events
14-Jan-2025 19:19:56.429 FINE [main] org.apache.catalina.core.StandardContext.filterStart Starting filters
14-Jan-2025 19:19:56.429 FINE [main] org.apache.catalina.core.StandardContext.filterStart  Starting filter 'Tomcat WebSocket (JSR356) Filter'
