08-Jan-2025 17:37:55.490 FINE [Thread-1] org.apache.catalina.core.StandardContext.filterStop Stopping filters
08-Jan-2025 17:37:55.490 FINE [Thread-1] org.apache.catalina.core.StandardContext.filterStop  Stopping filter 'Tomcat WebSocket (JSR356) Filter'
08-Jan-2025 17:37:55.503 FINE [Thread-1] org.apache.catalina.core.StandardContext.filterStop Stopping filters
08-Jan-2025 17:37:55.503 FINE [Thread-1] org.apache.catalina.core.StandardContext.filterStop  Stopping filter 'Tomcat WebSocket (JSR356) Filter'
08-Jan-2025 17:37:55.505 FINE [Thread-1] org.apache.catalina.core.StandardContext.filterStop Stopping filters
08-Jan-2025 17:37:55.505 FINE [Thread-1] org.apache.catalina.core.StandardContext.filterStop  Stopping filter 'Tomcat WebSocket (JSR356) Filter'
08-Jan-2025 17:37:55.508 FINE [Thread-1] org.apache.catalina.core.StandardContext.filterStop Stopping filters
08-Jan-2025 17:37:55.508 FINE [Thread-1] org.apache.catalina.core.StandardContext.filterStop  Stopping filter 'Tomcat WebSocket (JSR356) Filter'
08-Jan-2025 17:39:57.842 FINE [main] org.apache.catalina.core.StandardContext.listenerStart Sending application start events
08-Jan-2025 17:39:57.846 FINE [main] org.apache.catalina.core.StandardContext.filterStart Starting filters
08-Jan-2025 17:39:57.846 FINE [main] org.apache.catalina.core.StandardContext.filterStart  Starting filter 'Tomcat WebSocket (JSR356) Filter'
08-Jan-2025 18:15:09.365 FINE [main] org.apache.catalina.core.StandardContext.listenerStart Sending application start events
08-Jan-2025 18:15:09.371 FINE [main] org.apache.catalina.core.StandardContext.filterStart Starting filters
08-Jan-2025 18:15:09.371 FINE [main] org.apache.catalina.core.StandardContext.filterStart  Starting filter 'Tomcat WebSocket (JSR356) Filter'
08-Jan-2025 18:15:13.904 FINE [main] org.apache.catalina.core.StandardContext.listenerStart Sending application start events
08-Jan-2025 18:15:13.904 FINE [main] org.apache.catalina.core.StandardContext.filterStart Starting filters
08-Jan-2025 18:15:13.904 FINE [main] org.apache.catalina.core.StandardContext.filterStart  Starting filter 'Tomcat WebSocket (JSR356) Filter'
08-Jan-2025 18:15:17.594 FINE [main] org.apache.catalina.core.StandardContext.listenerStart Sending application start events
08-Jan-2025 18:15:17.594 FINE [main] org.apache.catalina.core.StandardContext.filterStart Starting filters
08-Jan-2025 18:15:17.594 FINE [main] org.apache.catalina.core.StandardContext.filterStart  Starting filter 'Tomcat WebSocket (JSR356) Filter'
08-Jan-2025 18:15:21.151 FINE [main] org.apache.catalina.core.StandardContext.listenerStart Sending application start events
08-Jan-2025 18:15:21.152 FINE [main] org.apache.catalina.core.StandardContext.filterStart Starting filters
08-Jan-2025 18:15:21.152 FINE [main] org.apache.catalina.core.StandardContext.filterStart  Starting filter 'Tomcat WebSocket (JSR356) Filter'
08-Jan-2025 18:17:58.480 FINE [Thread-4] org.apache.catalina.core.StandardContext.filterStop Stopping filters
08-Jan-2025 18:17:58.480 FINE [Thread-4] org.apache.catalina.core.StandardContext.filterStop  Stopping filter 'Tomcat WebSocket (JSR356) Filter'
08-Jan-2025 18:17:58.487 FINE [Thread-4] org.apache.catalina.core.StandardContext.filterStop Stopping filters
08-Jan-2025 18:17:58.487 FINE [Thread-4] org.apache.catalina.core.StandardContext.filterStop  Stopping filter 'Tomcat WebSocket (JSR356) Filter'
08-Jan-2025 18:17:58.489 FINE [Thread-4] org.apache.catalina.core.StandardContext.filterStop Stopping filters
08-Jan-2025 18:17:58.489 FINE [Thread-4] org.apache.catalina.core.StandardContext.filterStop  Stopping filter 'Tomcat WebSocket (JSR356) Filter'
08-Jan-2025 18:17:58.491 FINE [Thread-4] org.apache.catalina.core.StandardContext.filterStop Stopping filters
08-Jan-2025 18:17:58.491 FINE [Thread-4] org.apache.catalina.core.StandardContext.filterStop  Stopping filter 'Tomcat WebSocket (JSR356) Filter'
08-Jan-2025 18:18:07.796 FINE [main] org.apache.catalina.core.StandardContext.listenerStart Sending application start events
08-Jan-2025 18:18:07.800 FINE [main] org.apache.catalina.core.StandardContext.filterStart Starting filters
08-Jan-2025 18:18:07.800 FINE [main] org.apache.catalina.core.StandardContext.filterStart  Starting filter 'Tomcat WebSocket (JSR356) Filter'
08-Jan-2025 18:18:12.057 FINE [main] org.apache.catalina.core.StandardContext.listenerStart Sending application start events
08-Jan-2025 18:18:12.058 FINE [main] org.apache.catalina.core.StandardContext.filterStart Starting filters
08-Jan-2025 18:18:12.058 FINE [main] org.apache.catalina.core.StandardContext.filterStart  Starting filter 'Tomcat WebSocket (JSR356) Filter'
08-Jan-2025 18:18:15.876 FINE [main] org.apache.catalina.core.StandardContext.listenerStart Sending application start events
08-Jan-2025 18:18:15.877 FINE [main] org.apache.catalina.core.StandardContext.filterStart Starting filters
08-Jan-2025 18:18:15.877 FINE [main] org.apache.catalina.core.StandardContext.filterStart  Starting filter 'Tomcat WebSocket (JSR356) Filter'
08-Jan-2025 18:18:19.570 FINE [main] org.apache.catalina.core.StandardContext.listenerStart Sending application start events
08-Jan-2025 18:18:19.571 FINE [main] org.apache.catalina.core.StandardContext.filterStart Starting filters
08-Jan-2025 18:18:19.571 FINE [main] org.apache.catalina.core.StandardContext.filterStart  Starting filter 'Tomcat WebSocket (JSR356) Filter'
08-Jan-2025 21:53:25.529 FINE [Thread-4] org.apache.catalina.core.StandardContext.filterStop Stopping filters
08-Jan-2025 21:53:25.529 FINE [Thread-4] org.apache.catalina.core.StandardContext.filterStop  Stopping filter 'Tomcat WebSocket (JSR356) Filter'
08-Jan-2025 21:53:25.537 FINE [Thread-4] org.apache.catalina.core.StandardContext.filterStop Stopping filters
08-Jan-2025 21:53:25.537 FINE [Thread-4] org.apache.catalina.core.StandardContext.filterStop  Stopping filter 'Tomcat WebSocket (JSR356) Filter'
08-Jan-2025 21:53:25.539 FINE [Thread-4] org.apache.catalina.core.StandardContext.filterStop Stopping filters
08-Jan-2025 21:53:25.539 FINE [Thread-4] org.apache.catalina.core.StandardContext.filterStop  Stopping filter 'Tomcat WebSocket (JSR356) Filter'
08-Jan-2025 21:53:25.541 FINE [Thread-4] org.apache.catalina.core.StandardContext.filterStop Stopping filters
08-Jan-2025 21:53:25.541 FINE [Thread-4] org.apache.catalina.core.StandardContext.filterStop  Stopping filter 'Tomcat WebSocket (JSR356) Filter'
08-Jan-2025 21:53:37.280 FINE [main] org.apache.catalina.core.StandardContext.listenerStart Sending application start events
08-Jan-2025 21:53:37.285 FINE [main] org.apache.catalina.core.StandardContext.filterStart Starting filters
08-Jan-2025 21:53:37.285 FINE [main] org.apache.catalina.core.StandardContext.filterStart  Starting filter 'Tomcat WebSocket (JSR356) Filter'
08-Jan-2025 21:53:41.619 FINE [main] org.apache.catalina.core.StandardContext.listenerStart Sending application start events
08-Jan-2025 21:53:41.620 FINE [main] org.apache.catalina.core.StandardContext.filterStart Starting filters
08-Jan-2025 21:53:41.620 FINE [main] org.apache.catalina.core.StandardContext.filterStart  Starting filter 'Tomcat WebSocket (JSR356) Filter'
08-Jan-2025 21:53:45.477 FINE [main] org.apache.catalina.core.StandardContext.listenerStart Sending application start events
08-Jan-2025 21:53:45.477 FINE [main] org.apache.catalina.core.StandardContext.filterStart Starting filters
08-Jan-2025 21:53:45.477 FINE [main] org.apache.catalina.core.StandardContext.filterStart  Starting filter 'Tomcat WebSocket (JSR356) Filter'
08-Jan-2025 21:53:49.192 FINE [main] org.apache.catalina.core.StandardContext.listenerStart Sending application start events
08-Jan-2025 21:53:49.193 FINE [main] org.apache.catalina.core.StandardContext.filterStart Starting filters
08-Jan-2025 21:53:49.193 FINE [main] org.apache.catalina.core.StandardContext.filterStart  Starting filter 'Tomcat WebSocket (JSR356) Filter'
08-Jan-2025 22:12:21.274 FINE [Thread-4] org.apache.catalina.core.StandardContext.filterStop Stopping filters
08-Jan-2025 22:12:21.274 FINE [Thread-4] org.apache.catalina.core.StandardContext.filterStop  Stopping filter 'Tomcat WebSocket (JSR356) Filter'
08-Jan-2025 22:12:21.283 FINE [Thread-4] org.apache.catalina.core.StandardContext.filterStop Stopping filters
08-Jan-2025 22:12:21.284 FINE [Thread-4] org.apache.catalina.core.StandardContext.filterStop  Stopping filter 'Tomcat WebSocket (JSR356) Filter'
08-Jan-2025 22:12:21.285 FINE [Thread-4] org.apache.catalina.core.StandardContext.filterStop Stopping filters
08-Jan-2025 22:12:21.285 FINE [Thread-4] org.apache.catalina.core.StandardContext.filterStop  Stopping filter 'Tomcat WebSocket (JSR356) Filter'
08-Jan-2025 22:12:21.289 FINE [Thread-4] org.apache.catalina.core.StandardContext.filterStop Stopping filters
08-Jan-2025 22:12:21.289 FINE [Thread-4] org.apache.catalina.core.StandardContext.filterStop  Stopping filter 'Tomcat WebSocket (JSR356) Filter'
08-Jan-2025 22:12:39.852 FINE [main] org.apache.catalina.core.StandardContext.listenerStart Sending application start events
08-Jan-2025 22:12:39.858 FINE [main] org.apache.catalina.core.StandardContext.filterStart Starting filters
08-Jan-2025 22:12:39.859 FINE [main] org.apache.catalina.core.StandardContext.filterStart  Starting filter 'Tomcat WebSocket (JSR356) Filter'
08-Jan-2025 22:12:45.533 FINE [main] org.apache.catalina.core.StandardContext.listenerStart Sending application start events
08-Jan-2025 22:12:45.534 FINE [main] org.apache.catalina.core.StandardContext.filterStart Starting filters
08-Jan-2025 22:12:45.534 FINE [main] org.apache.catalina.core.StandardContext.filterStart  Starting filter 'Tomcat WebSocket (JSR356) Filter'
08-Jan-2025 22:12:49.813 FINE [main] org.apache.catalina.core.StandardContext.listenerStart Sending application start events
08-Jan-2025 22:12:49.814 FINE [main] org.apache.catalina.core.StandardContext.filterStart Starting filters
08-Jan-2025 22:12:49.814 FINE [main] org.apache.catalina.core.StandardContext.filterStart  Starting filter 'Tomcat WebSocket (JSR356) Filter'
08-Jan-2025 22:12:53.708 FINE [main] org.apache.catalina.core.StandardContext.listenerStart Sending application start events
08-Jan-2025 22:12:53.709 FINE [main] org.apache.catalina.core.StandardContext.filterStart Starting filters
08-Jan-2025 22:12:53.709 FINE [main] org.apache.catalina.core.StandardContext.filterStart  Starting filter 'Tomcat WebSocket (JSR356) Filter'
