09-Jan-2025 17:39:57.642 FINE [Thread-4] org.apache.catalina.core.StandardContext.filterStop Stopping filters
09-Jan-2025 17:39:57.642 FINE [Thread-4] org.apache.catalina.core.StandardContext.filterStop  Stopping filter 'Tomcat WebSocket (JSR356) Filter'
09-Jan-2025 17:39:57.651 FINE [Thread-4] org.apache.catalina.core.StandardContext.filterStop Stopping filters
09-Jan-2025 17:39:57.651 FINE [Thread-4] org.apache.catalina.core.StandardContext.filterStop  Stopping filter 'Tomcat WebSocket (JSR356) Filter'
09-Jan-2025 17:39:57.653 FINE [Thread-4] org.apache.catalina.core.StandardContext.filterStop Stopping filters
09-Jan-2025 17:39:57.653 FINE [Thread-4] org.apache.catalina.core.StandardContext.filterStop  Stopping filter 'Tomcat WebSocket (JSR356) Filter'
09-Jan-2025 17:39:57.655 FINE [Thread-4] org.apache.catalina.core.StandardContext.filterStop Stopping filters
09-Jan-2025 17:39:57.655 FINE [Thread-4] org.apache.catalina.core.StandardContext.filterStop  Stopping filter 'Tomcat WebSocket (JSR356) Filter'
09-Jan-2025 17:40:43.508 FINE [main] org.apache.catalina.core.StandardContext.listenerStart Sending application start events
09-Jan-2025 17:40:43.513 FINE [main] org.apache.catalina.core.StandardContext.filterStart Starting filters
09-Jan-2025 17:40:43.513 FINE [main] org.apache.catalina.core.StandardContext.filterStart  Starting filter 'Tomcat WebSocket (JSR356) Filter'
09-Jan-2025 17:40:48.458 FINE [main] org.apache.catalina.core.StandardContext.listenerStart Sending application start events
09-Jan-2025 17:40:48.459 FINE [main] org.apache.catalina.core.StandardContext.filterStart Starting filters
09-Jan-2025 17:40:48.459 FINE [main] org.apache.catalina.core.StandardContext.filterStart  Starting filter 'Tomcat WebSocket (JSR356) Filter'
09-Jan-2025 17:40:52.433 FINE [main] org.apache.catalina.core.StandardContext.listenerStart Sending application start events
09-Jan-2025 17:40:52.434 FINE [main] org.apache.catalina.core.StandardContext.filterStart Starting filters
09-Jan-2025 17:40:52.434 FINE [main] org.apache.catalina.core.StandardContext.filterStart  Starting filter 'Tomcat WebSocket (JSR356) Filter'
09-Jan-2025 17:40:56.462 FINE [main] org.apache.catalina.core.StandardContext.listenerStart Sending application start events
09-Jan-2025 17:40:56.463 FINE [main] org.apache.catalina.core.StandardContext.filterStart Starting filters
09-Jan-2025 17:40:56.463 FINE [main] org.apache.catalina.core.StandardContext.filterStart  Starting filter 'Tomcat WebSocket (JSR356) Filter'
09-Jan-2025 17:47:12.252 FINE [Thread-4] org.apache.catalina.core.StandardContext.filterStop Stopping filters
09-Jan-2025 17:47:12.252 FINE [Thread-4] org.apache.catalina.core.StandardContext.filterStop  Stopping filter 'Tomcat WebSocket (JSR356) Filter'
09-Jan-2025 17:47:12.261 FINE [Thread-4] org.apache.catalina.core.StandardContext.filterStop Stopping filters
09-Jan-2025 17:47:12.261 FINE [Thread-4] org.apache.catalina.core.StandardContext.filterStop  Stopping filter 'Tomcat WebSocket (JSR356) Filter'
09-Jan-2025 17:47:12.263 FINE [Thread-4] org.apache.catalina.core.StandardContext.filterStop Stopping filters
09-Jan-2025 17:47:12.263 FINE [Thread-4] org.apache.catalina.core.StandardContext.filterStop  Stopping filter 'Tomcat WebSocket (JSR356) Filter'
09-Jan-2025 17:47:12.264 FINE [Thread-4] org.apache.catalina.core.StandardContext.filterStop Stopping filters
09-Jan-2025 17:47:12.264 FINE [Thread-4] org.apache.catalina.core.StandardContext.filterStop  Stopping filter 'Tomcat WebSocket (JSR356) Filter'
09-Jan-2025 17:48:07.478 FINE [main] org.apache.catalina.core.StandardContext.listenerStart Sending application start events
09-Jan-2025 17:48:07.483 FINE [main] org.apache.catalina.core.StandardContext.filterStart Starting filters
09-Jan-2025 17:48:07.484 FINE [main] org.apache.catalina.core.StandardContext.filterStart  Starting filter 'Tomcat WebSocket (JSR356) Filter'
09-Jan-2025 17:48:12.279 FINE [main] org.apache.catalina.core.StandardContext.listenerStart Sending application start events
09-Jan-2025 17:48:12.280 FINE [main] org.apache.catalina.core.StandardContext.filterStart Starting filters
09-Jan-2025 17:48:12.280 FINE [main] org.apache.catalina.core.StandardContext.filterStart  Starting filter 'Tomcat WebSocket (JSR356) Filter'
09-Jan-2025 17:48:16.821 FINE [main] org.apache.catalina.core.StandardContext.listenerStart Sending application start events
09-Jan-2025 17:48:16.822 FINE [main] org.apache.catalina.core.StandardContext.filterStart Starting filters
09-Jan-2025 17:48:16.822 FINE [main] org.apache.catalina.core.StandardContext.filterStart  Starting filter 'Tomcat WebSocket (JSR356) Filter'
09-Jan-2025 17:48:21.035 FINE [main] org.apache.catalina.core.StandardContext.listenerStart Sending application start events
09-Jan-2025 17:48:21.036 FINE [main] org.apache.catalina.core.StandardContext.filterStart Starting filters
09-Jan-2025 17:48:21.036 FINE [main] org.apache.catalina.core.StandardContext.filterStart  Starting filter 'Tomcat WebSocket (JSR356) Filter'
