Nov 20, 2024 9:46:57 AM com.itextos.beacon.smslog.DebugLog log
INFO: module : subt2tb
Nov 20, 2024 9:46:57 AM com.itextos.beacon.smslog.DebugLog log
INFO: Invoking for Component 'T2DB_SUBMISSION' with Startup Arguments StartupRuntimeArguments [mPlatformCluster=[], mInterfaceGroup=[], mMessageType=null, mMessagePriority=[], mClientIds=[]]
Nov 20, 2024 9:49:15 AM com.itextos.beacon.smslog.DebugLog log
INFO: module : dnt2tb
Nov 20, 2024 9:49:15 AM com.itextos.beacon.smslog.DebugLog log
INFO: Invoking for Component 'T2DB_DELIVERIES' with Startup Arguments StartupRuntimeArguments [mPlatformCluster=[], mInterfaceGroup=[], mMessageType=null, mMessagePriority=[], mClientIds=[]]
Nov 20, 2024 10:02:43 AM com.itextos.beacon.smslog.DebugLog log
INFO: module : errorlogt2tb
Nov 20, 2024 10:02:43 AM com.itextos.beacon.smslog.DebugLog log
INFO: Invoking for Component 'T2DB_ERROR_LOG' with Startup Arguments StartupRuntimeArguments [mPlatformCluster=[], mInterfaceGroup=[], mMessageType=null, mMessagePriority=[], mClientIds=[]]
Nov 23, 2024 1:07:19 PM com.itextos.beacon.smslog.DebugLog log
INFO: module : errorlogt2tb
Nov 23, 2024 1:07:19 PM com.itextos.beacon.smslog.DebugLog log
INFO: Invoking for Component 'T2DB_ERROR_LOG' with Startup Arguments StartupRuntimeArguments [mPlatformCluster=[], mInterfaceGroup=[], mMessageType=null, mMessagePriority=[], mClientIds=[]]
Nov 28, 2024 9:30:48 PM com.itextos.beacon.smslog.DebugLog log
INFO: module : errorlogt2tb
Nov 28, 2024 9:30:48 PM com.itextos.beacon.smslog.DebugLog log
INFO: Invoking for Component 'T2DB_ERROR_LOG' with Startup Arguments StartupRuntimeArguments [mPlatformCluster=[], mInterfaceGroup=[], mMessageType=null, mMessagePriority=[], mClientIds=[]]
Nov 28, 2024 9:34:09 PM com.itextos.beacon.smslog.DebugLog log
INFO: module : errorlogt2tb
Nov 28, 2024 9:34:10 PM com.itextos.beacon.smslog.DebugLog log
INFO: Invoking for Component 'T2DB_ERROR_LOG' with Startup Arguments StartupRuntimeArguments [mPlatformCluster=[], mInterfaceGroup=[], mMessageType=null, mMessagePriority=[], mClientIds=[]]
Nov 30, 2024 7:14:19 AM com.itextos.beacon.smslog.DebugLog log
INFO: module : errorlogt2tb
Nov 30, 2024 7:14:19 AM com.itextos.beacon.smslog.DebugLog log
INFO: Invoking for Component 'T2DB_ERROR_LOG' with Startup Arguments StartupRuntimeArguments [mPlatformCluster=[], mInterfaceGroup=[], mMessageType=null, mMessagePriority=[], mClientIds=[]]
Nov 30, 2024 1:25:13 PM com.itextos.beacon.smslog.DebugLog log
INFO: module : errorlogt2tb
Nov 30, 2024 1:25:13 PM com.itextos.beacon.smslog.DebugLog log
INFO: Invoking for Component 'T2DB_ERROR_LOG' with Startup Arguments StartupRuntimeArguments [mPlatformCluster=[], mInterfaceGroup=[], mMessageType=null, mMessagePriority=[], mClientIds=[]]
