Nov 18, 2024 7:22:29 PM com.itextos.beacon.smslog.ConsumerLog log
INFO:  : Topic Name Topic Name : 'interface-async-process-low-1, Consumer InMem Collection Size >>>>>>>> 0
Nov 18, 2024 7:22:29 PM com.itextos.beacon.smslog.ConsumerLog log
INFO:  : Topic Name Topic Name : 'interface-async-process-low-1, Consumer InMem Collection Size >>>>>>>> 0
Nov 20, 2024 7:16:38 AM com.itextos.beacon.smslog.ConsumerLog log
INFO:  : Topic Name Topic Name : 'interface-async-process-low-1, Consumer InMem Collection Size >>>>>>>> 0
Nov 20, 2024 7:16:38 AM com.itextos.beacon.smslog.ConsumerLog log
INFO:  : Topic Name Topic Name : 'interface-async-process-low-1, Consumer InMem Collection Size >>>>>>>> 0
Nov 20, 2024 7:16:38 AM com.itextos.beacon.smslog.ConsumerLog log
INFO:  : Topic Name Topic Name : 'interface-async-process-low-1, Consumer InMem Collection Size >>>>>>>> 0
Nov 20, 2024 7:16:38 AM com.itextos.beacon.smslog.ConsumerLog log
INFO:  : Topic Name Topic Name : 'interface-async-process-low-1, Consumer InMem Collection Size >>>>>>>> 0
Nov 20, 2024 7:16:38 AM com.itextos.beacon.smslog.ConsumerLog log
INFO:  : Topic Name Topic Name : 'interface-async-process-low-1, Consumer InMem Collection Size >>>>>>>> 0
Nov 20, 2024 7:16:38 AM com.itextos.beacon.smslog.ConsumerLog log
INFO:  : Topic Name Topic Name : 'interface-async-process-low-1, Consumer InMem Collection Size >>>>>>>> 0
Nov 20, 2024 7:16:38 AM com.itextos.beacon.smslog.ConsumerLog log
INFO:  : Topic Name Topic Name : 'interface-async-process-low-1, Consumer InMem Collection Size >>>>>>>> 0
Nov 20, 2024 7:16:38 AM com.itextos.beacon.smslog.ConsumerLog log
INFO:  isCompletelyStopped : true
Nov 20, 2024 7:16:54 AM com.itextos.beacon.smslog.ConsumerLog log
INFO:  : Topic Name Topic Name : 'interface-async-process-low-1, Consumer InMem Collection Size >>>>>>>> 0
Nov 20, 2024 7:16:54 AM com.itextos.beacon.smslog.ConsumerLog log
INFO:  : Topic Name Topic Name : 'interface-async-process-low-1, Consumer InMem Collection Size >>>>>>>> 0
Nov 20, 2024 7:17:10 AM com.itextos.beacon.smslog.ConsumerLog log
INFO:  : Topic Name Topic Name : 'interface-async-process-low-1, Consumer InMem Collection Size >>>>>>>> 0
Nov 20, 2024 7:17:10 AM com.itextos.beacon.smslog.ConsumerLog log
INFO:  : Topic Name Topic Name : 'interface-async-process-low-1, Consumer InMem Collection Size >>>>>>>> 0
Nov 20, 2024 11:05:22 PM com.itextos.beacon.smslog.ConsumerLog log
INFO:  : Topic Name : 'interface-async-process-low-1 Time taken 36 records 1
Nov 23, 2024 1:18:45 PM com.itextos.beacon.smslog.ConsumerLog log
INFO:  : Topic Name : 'interface-async-process-low-1 Time taken 97 records 1
Nov 23, 2024 1:20:54 PM com.itextos.beacon.smslog.ConsumerLog log
INFO:  : Topic Name Topic Name : 'interface-async-process-low-1, Consumer InMem Collection Size >>>>>>>> 0
Nov 23, 2024 1:20:54 PM com.itextos.beacon.smslog.ConsumerLog log
INFO:  : Topic Name Topic Name : 'interface-async-process-low-1, Consumer InMem Collection Size >>>>>>>> 0
Nov 28, 2024 9:41:08 PM com.itextos.beacon.smslog.ConsumerLog log
INFO:  : Topic Name Topic Name : 'interface-async-process-low-2, Consumer InMem Collection Size >>>>>>>> 0
Nov 28, 2024 9:41:08 PM com.itextos.beacon.smslog.ConsumerLog log
INFO:  : Topic Name Topic Name : 'interface-async-process-low-3, Consumer InMem Collection Size >>>>>>>> 0
Nov 28, 2024 9:41:08 PM com.itextos.beacon.smslog.ConsumerLog log
INFO:  : Topic Name Topic Name : 'interface-async-process-low-2, Consumer InMem Collection Size >>>>>>>> 0
Nov 28, 2024 9:41:08 PM com.itextos.beacon.smslog.ConsumerLog log
INFO:  : Topic Name Topic Name : 'interface-async-process-low-3, Consumer InMem Collection Size >>>>>>>> 0
Nov 28, 2024 9:41:08 PM com.itextos.beacon.smslog.ConsumerLog log
INFO:  : Topic Name Topic Name : 'interface-async-process-low-1, Consumer InMem Collection Size >>>>>>>> 0
Nov 28, 2024 9:41:08 PM com.itextos.beacon.smslog.ConsumerLog log
INFO:  : Topic Name Topic Name : 'interface-async-process-low-1, Consumer InMem Collection Size >>>>>>>> 0
Nov 28, 2024 9:42:48 PM com.itextos.beacon.smslog.ConsumerLog log
INFO:  : Topic Name Topic Name : 'interface-async-process-low-2, Consumer InMem Collection Size >>>>>>>> 0
Nov 28, 2024 9:42:48 PM com.itextos.beacon.smslog.ConsumerLog log
INFO:  : Topic Name Topic Name : 'interface-async-process-low-2, Consumer InMem Collection Size >>>>>>>> 0
Nov 28, 2024 9:42:48 PM com.itextos.beacon.smslog.ConsumerLog log
INFO:  : Topic Name Topic Name : 'interface-async-process-low-3, Consumer InMem Collection Size >>>>>>>> 0
Nov 28, 2024 9:42:48 PM com.itextos.beacon.smslog.ConsumerLog log
INFO:  : Topic Name Topic Name : 'interface-async-process-low-3, Consumer InMem Collection Size >>>>>>>> 0
Nov 28, 2024 9:42:48 PM com.itextos.beacon.smslog.ConsumerLog log
INFO:  : Topic Name Topic Name : 'interface-async-process-low-1, Consumer InMem Collection Size >>>>>>>> 0
Nov 28, 2024 9:42:48 PM com.itextos.beacon.smslog.ConsumerLog log
INFO:  : Topic Name Topic Name : 'interface-async-process-low-1, Consumer InMem Collection Size >>>>>>>> 0
Nov 30, 2024 6:56:11 AM com.itextos.beacon.smslog.ConsumerLog log
INFO:  : Topic Name Topic Name : 'interface-async-process-low-1, Consumer InMem Collection Size >>>>>>>> 0
Nov 30, 2024 6:56:11 AM com.itextos.beacon.smslog.ConsumerLog log
INFO:  : Topic Name Topic Name : 'interface-async-process-low-1, Consumer InMem Collection Size >>>>>>>> 0
Nov 30, 2024 6:56:18 AM com.itextos.beacon.smslog.ConsumerLog log
INFO:  : Topic Name Topic Name : 'interface-async-process-low-1, Consumer InMem Collection Size >>>>>>>> 0
Nov 30, 2024 6:56:18 AM com.itextos.beacon.smslog.ConsumerLog log
INFO:  : Topic Name Topic Name : 'interface-async-process-low-1, Consumer InMem Collection Size >>>>>>>> 0
Nov 30, 2024 7:17:20 AM com.itextos.beacon.smslog.ConsumerLog log
INFO:  : Topic Name Topic Name : 'interface-async-process-low-1, Consumer InMem Collection Size >>>>>>>> 0
Nov 30, 2024 7:17:20 AM com.itextos.beacon.smslog.ConsumerLog log
INFO:  : Topic Name Topic Name : 'interface-async-process-low-2, Consumer InMem Collection Size >>>>>>>> 0
Nov 30, 2024 7:17:20 AM com.itextos.beacon.smslog.ConsumerLog log
INFO:  : Topic Name Topic Name : 'interface-async-process-low-3, Consumer InMem Collection Size >>>>>>>> 0
Nov 30, 2024 7:17:20 AM com.itextos.beacon.smslog.ConsumerLog log
INFO:  : Topic Name Topic Name : 'interface-async-process-low-4, Consumer InMem Collection Size >>>>>>>> 0
Nov 30, 2024 7:17:20 AM com.itextos.beacon.smslog.ConsumerLog log
INFO:  : Topic Name Topic Name : 'interface-async-process-low-3, Consumer InMem Collection Size >>>>>>>> 0
Nov 30, 2024 7:17:20 AM com.itextos.beacon.smslog.ConsumerLog log
INFO:  : Topic Name Topic Name : 'interface-async-process-low-4, Consumer InMem Collection Size >>>>>>>> 0
Nov 30, 2024 7:17:20 AM com.itextos.beacon.smslog.ConsumerLog log
INFO:  : Topic Name Topic Name : 'interface-async-process-low-2, Consumer InMem Collection Size >>>>>>>> 0
Nov 30, 2024 7:17:20 AM com.itextos.beacon.smslog.ConsumerLog log
INFO:  : Topic Name Topic Name : 'interface-async-process-low-1, Consumer InMem Collection Size >>>>>>>> 0
Nov 30, 2024 7:17:20 AM com.itextos.beacon.smslog.ConsumerLog log
INFO:  : Topic Name Topic Name : 'interface-async-process-low-5, Consumer InMem Collection Size >>>>>>>> 0
Nov 30, 2024 7:17:20 AM com.itextos.beacon.smslog.ConsumerLog log
INFO:  : Topic Name Topic Name : 'interface-async-process-low-5, Consumer InMem Collection Size >>>>>>>> 0
Nov 30, 2024 1:18:03 PM com.itextos.beacon.smslog.ConsumerLog log
INFO:  : Topic Name Topic Name : 'interface-async-process-low-2, Consumer InMem Collection Size >>>>>>>> 0
Nov 30, 2024 1:18:03 PM com.itextos.beacon.smslog.ConsumerLog log
INFO:  : Topic Name Topic Name : 'interface-async-process-low-2, Consumer InMem Collection Size >>>>>>>> 0
Nov 30, 2024 1:18:03 PM com.itextos.beacon.smslog.ConsumerLog log
INFO:  : Topic Name Topic Name : 'interface-async-process-low-5, Consumer InMem Collection Size >>>>>>>> 0
Nov 30, 2024 1:18:03 PM com.itextos.beacon.smslog.ConsumerLog log
INFO:  : Topic Name Topic Name : 'interface-async-process-low-5, Consumer InMem Collection Size >>>>>>>> 0
Nov 30, 2024 1:18:04 PM com.itextos.beacon.smslog.ConsumerLog log
INFO:  : Topic Name Topic Name : 'interface-async-process-low-1, Consumer InMem Collection Size >>>>>>>> 0
Nov 30, 2024 1:18:04 PM com.itextos.beacon.smslog.ConsumerLog log
INFO:  : Topic Name Topic Name : 'interface-async-process-low-1, Consumer InMem Collection Size >>>>>>>> 0
Nov 30, 2024 1:18:04 PM com.itextos.beacon.smslog.ConsumerLog log
INFO:  : Topic Name Topic Name : 'interface-async-process-low-3, Consumer InMem Collection Size >>>>>>>> 0
Nov 30, 2024 1:18:04 PM com.itextos.beacon.smslog.ConsumerLog log
INFO:  : Topic Name Topic Name : 'interface-async-process-low-4, Consumer InMem Collection Size >>>>>>>> 0
Nov 30, 2024 1:18:04 PM com.itextos.beacon.smslog.ConsumerLog log
INFO:  : Topic Name Topic Name : 'interface-async-process-low-3, Consumer InMem Collection Size >>>>>>>> 0
Nov 30, 2024 1:18:04 PM com.itextos.beacon.smslog.ConsumerLog log
INFO:  : Topic Name Topic Name : 'interface-async-process-low-4, Consumer InMem Collection Size >>>>>>>> 0
Nov 30, 2024 1:18:11 PM com.itextos.beacon.smslog.ConsumerLog log
INFO:  : Topic Name Topic Name : 'interface-async-process-low-1, Consumer InMem Collection Size >>>>>>>> 0
Nov 30, 2024 1:18:11 PM com.itextos.beacon.smslog.ConsumerLog log
INFO:  : Topic Name Topic Name : 'interface-async-process-low-1, Consumer InMem Collection Size >>>>>>>> 0
Nov 30, 2024 1:26:18 PM com.itextos.beacon.smslog.ConsumerLog log
INFO:  : Topic Name Topic Name : 'interface-async-process-low-3, Consumer InMem Collection Size >>>>>>>> 0
Nov 30, 2024 1:26:18 PM com.itextos.beacon.smslog.ConsumerLog log
INFO:  : Topic Name Topic Name : 'interface-async-process-low-4, Consumer InMem Collection Size >>>>>>>> 0
Nov 30, 2024 1:26:18 PM com.itextos.beacon.smslog.ConsumerLog log
INFO:  : Topic Name Topic Name : 'interface-async-process-low-3, Consumer InMem Collection Size >>>>>>>> 0
Nov 30, 2024 1:26:18 PM com.itextos.beacon.smslog.ConsumerLog log
INFO:  : Topic Name Topic Name : 'interface-async-process-low-1, Consumer InMem Collection Size >>>>>>>> 0
Nov 30, 2024 1:26:18 PM com.itextos.beacon.smslog.ConsumerLog log
INFO:  : Topic Name Topic Name : 'interface-async-process-low-2, Consumer InMem Collection Size >>>>>>>> 0
Nov 30, 2024 1:26:18 PM com.itextos.beacon.smslog.ConsumerLog log
INFO:  : Topic Name Topic Name : 'interface-async-process-low-4, Consumer InMem Collection Size >>>>>>>> 0
Nov 30, 2024 1:26:18 PM com.itextos.beacon.smslog.ConsumerLog log
INFO:  : Topic Name Topic Name : 'interface-async-process-low-2, Consumer InMem Collection Size >>>>>>>> 0
Nov 30, 2024 1:26:18 PM com.itextos.beacon.smslog.ConsumerLog log
INFO:  : Topic Name Topic Name : 'interface-async-process-low-1, Consumer InMem Collection Size >>>>>>>> 0
Nov 30, 2024 1:26:18 PM com.itextos.beacon.smslog.ConsumerLog log
INFO:  : Topic Name Topic Name : 'interface-async-process-low-5, Consumer InMem Collection Size >>>>>>>> 0
Nov 30, 2024 1:26:18 PM com.itextos.beacon.smslog.ConsumerLog log
INFO:  : Topic Name Topic Name : 'interface-async-process-low-5, Consumer InMem Collection Size >>>>>>>> 0
