Nov 20, 2024 9:46:57 AM com.itextos.beacon.smslog.DebugLog log
INFO: module : subt2tb
Nov 20, 2024 9:46:57 AM com.itextos.beacon.smslog.DebugLog log
INFO: Invoking for Component 'T2DB_SUBMISSION' with Startup Arguments StartupRuntimeArguments [mPlatformCluster=[], mInterfaceGroup=[], mMessageType=null, mMessagePriority=[], mClientIds=[]]
Nov 20, 2024 9:48:30 AM com.itextos.beacon.smslog.DebugLog log
INFO: module : subt2tb
Nov 20, 2024 9:48:30 AM com.itextos.beacon.smslog.DebugLog log
INFO: Invoking for Component 'T2DB_SUBMISSION' with Startup Arguments StartupRuntimeArguments [mPlatformCluster=[], mInterfaceGroup=[], mMessageType=null, mMessagePriority=[], mClientIds=[]]
Nov 20, 2024 9:49:52 AM com.itextos.beacon.smslog.DebugLog log
INFO: module : dnt2tb
Nov 20, 2024 9:49:52 AM com.itextos.beacon.smslog.DebugLog log
INFO: Invoking for Component 'T2DB_DELIVERIES' with Startup Arguments StartupRuntimeArguments [mPlatformCluster=[], mInterfaceGroup=[], mMessageType=null, mMessagePriority=[], mClientIds=[]]
Nov 20, 2024 9:58:20 AM com.itextos.beacon.smslog.DebugLog log
INFO: module : clienthandovert2tb
Nov 20, 2024 9:58:20 AM com.itextos.beacon.smslog.DebugLog log
INFO: Invoking for Component 'T2DB_CLIENT_HANDOVER_RETRY_DATA' with Startup Arguments StartupRuntimeArguments [mPlatformCluster=[], mInterfaceGroup=[], mMessageType=null, mMessagePriority=[], mClientIds=[]]
Nov 20, 2024 9:58:22 AM com.itextos.beacon.smslog.DebugLog log
INFO: Invoking for Component 'T2DB_CLIENT_HANDOVER_LOG' with Startup Arguments StartupRuntimeArguments [mPlatformCluster=[], mInterfaceGroup=[], mMessageType=null, mMessagePriority=[], mClientIds=[]]
Nov 20, 2024 9:58:22 AM com.itextos.beacon.smslog.DebugLog log
INFO: Invoking for Component 'T2DB_CLIENT_HANDOVER_MASTER_LOG' with Startup Arguments StartupRuntimeArguments [mPlatformCluster=[], mInterfaceGroup=[], mMessageType=null, mMessagePriority=[], mClientIds=[]]
Nov 23, 2024 1:07:58 PM com.itextos.beacon.smslog.DebugLog log
INFO: module : clienthandovert2tb
Nov 23, 2024 1:07:58 PM com.itextos.beacon.smslog.DebugLog log
INFO: Invoking for Component 'T2DB_CLIENT_HANDOVER_RETRY_DATA' with Startup Arguments StartupRuntimeArguments [mPlatformCluster=[], mInterfaceGroup=[], mMessageType=null, mMessagePriority=[], mClientIds=[]]
Nov 23, 2024 1:08:01 PM com.itextos.beacon.smslog.DebugLog log
INFO: Invoking for Component 'T2DB_CLIENT_HANDOVER_LOG' with Startup Arguments StartupRuntimeArguments [mPlatformCluster=[], mInterfaceGroup=[], mMessageType=null, mMessagePriority=[], mClientIds=[]]
Nov 23, 2024 1:08:01 PM com.itextos.beacon.smslog.DebugLog log
INFO: Invoking for Component 'T2DB_CLIENT_HANDOVER_MASTER_LOG' with Startup Arguments StartupRuntimeArguments [mPlatformCluster=[], mInterfaceGroup=[], mMessageType=null, mMessagePriority=[], mClientIds=[]]
Nov 28, 2024 9:31:36 PM com.itextos.beacon.smslog.DebugLog log
INFO: module : clienthandovert2tb
Nov 28, 2024 9:31:36 PM com.itextos.beacon.smslog.DebugLog log
INFO: Invoking for Component 'T2DB_CLIENT_HANDOVER_RETRY_DATA' with Startup Arguments StartupRuntimeArguments [mPlatformCluster=[], mInterfaceGroup=[], mMessageType=null, mMessagePriority=[], mClientIds=[]]
Nov 28, 2024 9:31:41 PM com.itextos.beacon.smslog.DebugLog log
INFO: Invoking for Component 'T2DB_CLIENT_HANDOVER_LOG' with Startup Arguments StartupRuntimeArguments [mPlatformCluster=[], mInterfaceGroup=[], mMessageType=null, mMessagePriority=[], mClientIds=[]]
Nov 28, 2024 9:31:42 PM com.itextos.beacon.smslog.DebugLog log
INFO: Invoking for Component 'T2DB_CLIENT_HANDOVER_MASTER_LOG' with Startup Arguments StartupRuntimeArguments [mPlatformCluster=[], mInterfaceGroup=[], mMessageType=null, mMessagePriority=[], mClientIds=[]]
Nov 28, 2024 9:34:37 PM com.itextos.beacon.smslog.DebugLog log
INFO: module : clienthandovert2tb
Nov 28, 2024 9:34:38 PM com.itextos.beacon.smslog.DebugLog log
INFO: Invoking for Component 'T2DB_CLIENT_HANDOVER_RETRY_DATA' with Startup Arguments StartupRuntimeArguments [mPlatformCluster=[], mInterfaceGroup=[], mMessageType=null, mMessagePriority=[], mClientIds=[]]
Nov 28, 2024 9:34:49 PM com.itextos.beacon.smslog.DebugLog log
INFO: Invoking for Component 'T2DB_CLIENT_HANDOVER_LOG' with Startup Arguments StartupRuntimeArguments [mPlatformCluster=[], mInterfaceGroup=[], mMessageType=null, mMessagePriority=[], mClientIds=[]]
Nov 28, 2024 9:34:49 PM com.itextos.beacon.smslog.DebugLog log
INFO: Invoking for Component 'T2DB_CLIENT_HANDOVER_MASTER_LOG' with Startup Arguments StartupRuntimeArguments [mPlatformCluster=[], mInterfaceGroup=[], mMessageType=null, mMessagePriority=[], mClientIds=[]]
Nov 30, 2024 7:14:59 AM com.itextos.beacon.smslog.DebugLog log
INFO: module : clienthandovert2tb
Nov 30, 2024 7:14:59 AM com.itextos.beacon.smslog.DebugLog log
INFO: Invoking for Component 'T2DB_CLIENT_HANDOVER_RETRY_DATA' with Startup Arguments StartupRuntimeArguments [mPlatformCluster=[], mInterfaceGroup=[], mMessageType=null, mMessagePriority=[], mClientIds=[]]
Nov 30, 2024 7:15:04 AM com.itextos.beacon.smslog.DebugLog log
INFO: Invoking for Component 'T2DB_CLIENT_HANDOVER_LOG' with Startup Arguments StartupRuntimeArguments [mPlatformCluster=[], mInterfaceGroup=[], mMessageType=null, mMessagePriority=[], mClientIds=[]]
Nov 30, 2024 7:15:04 AM com.itextos.beacon.smslog.DebugLog log
INFO: Invoking for Component 'T2DB_CLIENT_HANDOVER_MASTER_LOG' with Startup Arguments StartupRuntimeArguments [mPlatformCluster=[], mInterfaceGroup=[], mMessageType=null, mMessagePriority=[], mClientIds=[]]
Nov 30, 2024 1:26:01 PM com.itextos.beacon.smslog.DebugLog log
INFO: module : clienthandovert2tb
Nov 30, 2024 1:26:01 PM com.itextos.beacon.smslog.DebugLog log
INFO: Invoking for Component 'T2DB_CLIENT_HANDOVER_RETRY_DATA' with Startup Arguments StartupRuntimeArguments [mPlatformCluster=[], mInterfaceGroup=[], mMessageType=null, mMessagePriority=[], mClientIds=[]]
Nov 30, 2024 1:26:05 PM com.itextos.beacon.smslog.DebugLog log
INFO: Invoking for Component 'T2DB_CLIENT_HANDOVER_LOG' with Startup Arguments StartupRuntimeArguments [mPlatformCluster=[], mInterfaceGroup=[], mMessageType=null, mMessagePriority=[], mClientIds=[]]
Nov 30, 2024 1:26:05 PM com.itextos.beacon.smslog.DebugLog log
INFO: Invoking for Component 'T2DB_CLIENT_HANDOVER_MASTER_LOG' with Startup Arguments StartupRuntimeArguments [mPlatformCluster=[], mInterfaceGroup=[], mMessageType=null, mMessagePriority=[], mClientIds=[]]
