Nov 23, 2024 1:06:09 PM com.itextos.beacon.smslog.ConsumerLog log
INFO:  : Topic Name Topic Name : 't2db-deliveries-high-1, Consumer InMem Collection Size >>>>>>>> 0
Nov 23, 2024 1:06:09 PM com.itextos.beacon.smslog.ConsumerLog log
INFO:  : Topic Name Topic Name : 't2db-deliveries-high-1, Consumer InMem Collection Size >>>>>>>> 0
Nov 23, 2024 1:06:09 PM com.itextos.beacon.smslog.ConsumerLog log
INFO:  : Topic Name Topic Name : 't2db-deliveries-high-1, Consumer InMem Collection Size >>>>>>>> 0
Nov 23, 2024 1:06:09 PM com.itextos.beacon.smslog.ConsumerLog log
INFO:  : Topic Name Topic Name : 't2db-deliveries-high-1, Consumer InMem Collection Size >>>>>>>> 0
Nov 23, 2024 1:06:09 PM com.itextos.beacon.smslog.ConsumerLog log
INFO:  : Topic Name Topic Name : 't2db-deliveries-high-1, Consumer InMem Collection Size >>>>>>>> 0
Nov 23, 2024 1:06:09 PM com.itextos.beacon.smslog.ConsumerLog log
INFO:  : Topic Name Topic Name : 't2db-deliveries-high-1, Consumer InMem Collection Size >>>>>>>> 0
Nov 23, 2024 1:06:09 PM com.itextos.beacon.smslog.ConsumerLog log
INFO:  : Topic Name Topic Name : 't2db-deliveries-high-1, Consumer InMem Collection Size >>>>>>>> 0
Nov 23, 2024 1:06:09 PM com.itextos.beacon.smslog.ConsumerLog log
INFO:  isCompletelyStopped : true
Nov 28, 2024 9:29:52 PM com.itextos.beacon.smslog.ConsumerLog log
INFO:  : Topic Name Topic Name : 't2db-deliveries-high-1, Consumer InMem Collection Size >>>>>>>> 0
Nov 28, 2024 9:29:52 PM com.itextos.beacon.smslog.ConsumerLog log
INFO:  : Topic Name Topic Name : 't2db-deliveries-high-1, Consumer InMem Collection Size >>>>>>>> 0
Nov 28, 2024 9:33:00 PM com.itextos.beacon.smslog.ConsumerLog log
INFO:  : Topic Name Topic Name : 't2db-deliveries-high-2, Consumer InMem Collection Size >>>>>>>> 0
Nov 28, 2024 9:33:00 PM com.itextos.beacon.smslog.ConsumerLog log
INFO:  : Topic Name Topic Name : 't2db-deliveries-high-2, Consumer InMem Collection Size >>>>>>>> 0
Nov 28, 2024 9:33:00 PM com.itextos.beacon.smslog.ConsumerLog log
INFO:  : Topic Name Topic Name : 't2db-deliveries-high-2, Consumer InMem Collection Size >>>>>>>> 0
Nov 28, 2024 9:33:00 PM com.itextos.beacon.smslog.ConsumerLog log
INFO:  : Topic Name Topic Name : 't2db-deliveries-high-3, Consumer InMem Collection Size >>>>>>>> 0
Nov 28, 2024 9:33:00 PM com.itextos.beacon.smslog.ConsumerLog log
INFO:  : Topic Name Topic Name : 't2db-deliveries-high-3, Consumer InMem Collection Size >>>>>>>> 0
Nov 28, 2024 9:33:00 PM com.itextos.beacon.smslog.ConsumerLog log
INFO:  : Topic Name Topic Name : 't2db-deliveries-high-3, Consumer InMem Collection Size >>>>>>>> 0
Nov 28, 2024 9:33:00 PM com.itextos.beacon.smslog.ConsumerLog log
INFO:  : Topic Name Topic Name : 't2db-deliveries-high-2, Consumer InMem Collection Size >>>>>>>> 0
Nov 28, 2024 9:33:00 PM com.itextos.beacon.smslog.ConsumerLog log
INFO:  : Topic Name Topic Name : 't2db-deliveries-high-1, Consumer InMem Collection Size >>>>>>>> 0
Nov 28, 2024 9:33:00 PM com.itextos.beacon.smslog.ConsumerLog log
INFO:  : Topic Name Topic Name : 't2db-deliveries-high-2, Consumer InMem Collection Size >>>>>>>> 0
Nov 28, 2024 9:33:00 PM com.itextos.beacon.smslog.ConsumerLog log
INFO:  : Topic Name Topic Name : 't2db-deliveries-high-3, Consumer InMem Collection Size >>>>>>>> 0
Nov 28, 2024 9:33:00 PM com.itextos.beacon.smslog.ConsumerLog log
INFO:  : Topic Name Topic Name : 't2db-deliveries-high-3, Consumer InMem Collection Size >>>>>>>> 0
Nov 28, 2024 9:33:00 PM com.itextos.beacon.smslog.ConsumerLog log
INFO:  : Topic Name Topic Name : 't2db-deliveries-high-1, Consumer InMem Collection Size >>>>>>>> 0
Nov 28, 2024 9:33:00 PM com.itextos.beacon.smslog.ConsumerLog log
INFO:  : Topic Name Topic Name : 't2db-deliveries-high-1, Consumer InMem Collection Size >>>>>>>> 0
Nov 28, 2024 9:33:00 PM com.itextos.beacon.smslog.ConsumerLog log
INFO:  : Topic Name Topic Name : 't2db-deliveries-high-1, Consumer InMem Collection Size >>>>>>>> 0
Nov 28, 2024 9:33:00 PM com.itextos.beacon.smslog.ConsumerLog log
INFO:  : Topic Name Topic Name : 't2db-deliveries-high-1, Consumer InMem Collection Size >>>>>>>> 0
Nov 28, 2024 9:33:00 PM com.itextos.beacon.smslog.ConsumerLog log
INFO:  isCompletelyStopped : true
Nov 28, 2024 9:33:00 PM com.itextos.beacon.smslog.ConsumerLog log
INFO:  isCompletelyStopped : true
Nov 28, 2024 9:33:00 PM com.itextos.beacon.smslog.ConsumerLog log
INFO:  : Topic Name Topic Name : 't2db-deliveries-high-1, Consumer InMem Collection Size >>>>>>>> 0
Nov 28, 2024 9:33:00 PM com.itextos.beacon.smslog.ConsumerLog log
INFO:  : Topic Name Topic Name : 't2db-deliveries-high-1, Consumer InMem Collection Size >>>>>>>> 0
Nov 28, 2024 9:33:00 PM com.itextos.beacon.smslog.ConsumerLog log
INFO:  isCompletelyStopped : true
Nov 30, 2024 6:56:35 AM com.itextos.beacon.smslog.ConsumerLog log
INFO:  : Topic Name Topic Name : 't2db-deliveries-high-1, Consumer InMem Collection Size >>>>>>>> 0
Nov 30, 2024 6:56:35 AM com.itextos.beacon.smslog.ConsumerLog log
INFO:  : Topic Name Topic Name : 't2db-deliveries-high-1, Consumer InMem Collection Size >>>>>>>> 0
Nov 30, 2024 7:13:32 AM com.itextos.beacon.smslog.ConsumerLog log
INFO:  : Topic Name Topic Name : 't2db-deliveries-high-3, Consumer InMem Collection Size >>>>>>>> 0
Nov 30, 2024 7:13:32 AM com.itextos.beacon.smslog.ConsumerLog log
INFO:  : Topic Name Topic Name : 't2db-deliveries-high-3, Consumer InMem Collection Size >>>>>>>> 0
Nov 30, 2024 7:13:32 AM com.itextos.beacon.smslog.ConsumerLog log
INFO:  : Topic Name Topic Name : 't2db-deliveries-high-2, Consumer InMem Collection Size >>>>>>>> 0
Nov 30, 2024 7:13:32 AM com.itextos.beacon.smslog.ConsumerLog log
INFO:  : Topic Name Topic Name : 't2db-deliveries-high-2, Consumer InMem Collection Size >>>>>>>> 0
Nov 30, 2024 7:13:32 AM com.itextos.beacon.smslog.ConsumerLog log
INFO:  : Topic Name Topic Name : 't2db-deliveries-high-1, Consumer InMem Collection Size >>>>>>>> 0
Nov 30, 2024 7:13:32 AM com.itextos.beacon.smslog.ConsumerLog log
INFO:  : Topic Name Topic Name : 't2db-deliveries-high-1, Consumer InMem Collection Size >>>>>>>> 0
Nov 30, 2024 1:18:27 PM com.itextos.beacon.smslog.ConsumerLog log
INFO:  : Topic Name Topic Name : 't2db-deliveries-high-5, Consumer InMem Collection Size >>>>>>>> 0
Nov 30, 2024 1:18:27 PM com.itextos.beacon.smslog.ConsumerLog log
INFO:  : Topic Name Topic Name : 't2db-deliveries-high-5, Consumer InMem Collection Size >>>>>>>> 0
Nov 30, 2024 1:18:28 PM com.itextos.beacon.smslog.ConsumerLog log
INFO:  : Topic Name Topic Name : 't2db-deliveries-high-4, Consumer InMem Collection Size >>>>>>>> 0
Nov 30, 2024 1:18:28 PM com.itextos.beacon.smslog.ConsumerLog log
INFO:  : Topic Name Topic Name : 't2db-deliveries-high-4, Consumer InMem Collection Size >>>>>>>> 0
Nov 30, 2024 1:18:28 PM com.itextos.beacon.smslog.ConsumerLog log
INFO:  : Topic Name Topic Name : 't2db-deliveries-high-3, Consumer InMem Collection Size >>>>>>>> 0
Nov 30, 2024 1:18:28 PM com.itextos.beacon.smslog.ConsumerLog log
INFO:  : Topic Name Topic Name : 't2db-deliveries-high-3, Consumer InMem Collection Size >>>>>>>> 0
Nov 30, 2024 1:18:28 PM com.itextos.beacon.smslog.ConsumerLog log
INFO:  : Topic Name Topic Name : 't2db-deliveries-high-2, Consumer InMem Collection Size >>>>>>>> 0
Nov 30, 2024 1:18:28 PM com.itextos.beacon.smslog.ConsumerLog log
INFO:  : Topic Name Topic Name : 't2db-deliveries-high-2, Consumer InMem Collection Size >>>>>>>> 0
Nov 30, 2024 1:18:28 PM com.itextos.beacon.smslog.ConsumerLog log
INFO:  : Topic Name Topic Name : 't2db-deliveries-high-1, Consumer InMem Collection Size >>>>>>>> 0
Nov 30, 2024 1:18:28 PM com.itextos.beacon.smslog.ConsumerLog log
INFO:  : Topic Name Topic Name : 't2db-deliveries-high-1, Consumer InMem Collection Size >>>>>>>> 0
Nov 30, 2024 1:24:23 PM com.itextos.beacon.smslog.ConsumerLog log
INFO:  : Topic Name Topic Name : 't2db-deliveries-high-1, Consumer InMem Collection Size >>>>>>>> 0
Nov 30, 2024 1:24:23 PM com.itextos.beacon.smslog.ConsumerLog log
INFO:  : Topic Name Topic Name : 't2db-deliveries-high-1, Consumer InMem Collection Size >>>>>>>> 0
Nov 30, 2024 1:24:23 PM com.itextos.beacon.smslog.ConsumerLog log
INFO:  : Topic Name Topic Name : 't2db-deliveries-high-5, Consumer InMem Collection Size >>>>>>>> 0
Nov 30, 2024 1:24:23 PM com.itextos.beacon.smslog.ConsumerLog log
INFO:  : Topic Name Topic Name : 't2db-deliveries-high-5, Consumer InMem Collection Size >>>>>>>> 0
Nov 30, 2024 1:24:24 PM com.itextos.beacon.smslog.ConsumerLog log
INFO:  : Topic Name Topic Name : 't2db-deliveries-high-4, Consumer InMem Collection Size >>>>>>>> 0
Nov 30, 2024 1:24:24 PM com.itextos.beacon.smslog.ConsumerLog log
INFO:  : Topic Name Topic Name : 't2db-deliveries-high-4, Consumer InMem Collection Size >>>>>>>> 0
Nov 30, 2024 1:24:24 PM com.itextos.beacon.smslog.ConsumerLog log
INFO:  : Topic Name Topic Name : 't2db-deliveries-high-3, Consumer InMem Collection Size >>>>>>>> 0
Nov 30, 2024 1:24:24 PM com.itextos.beacon.smslog.ConsumerLog log
INFO:  : Topic Name Topic Name : 't2db-deliveries-high-3, Consumer InMem Collection Size >>>>>>>> 0
Nov 30, 2024 1:24:24 PM com.itextos.beacon.smslog.ConsumerLog log
INFO:  : Topic Name Topic Name : 't2db-deliveries-high-2, Consumer InMem Collection Size >>>>>>>> 0
Nov 30, 2024 1:24:24 PM com.itextos.beacon.smslog.ConsumerLog log
INFO:  : Topic Name Topic Name : 't2db-deliveries-high-2, Consumer InMem Collection Size >>>>>>>> 0
Dec 03, 2024 8:08:16 PM com.itextos.beacon.smslog.ConsumerLog log
INFO:  : Topic Name Topic Name : 't2db-deliveries-high-4, Consumer InMem Collection Size >>>>>>>> 0
Dec 03, 2024 8:08:16 PM com.itextos.beacon.smslog.ConsumerLog log
INFO:  : Topic Name Topic Name : 't2db-deliveries-high-4, Consumer InMem Collection Size >>>>>>>> 0
Dec 03, 2024 8:08:16 PM com.itextos.beacon.smslog.ConsumerLog log
INFO:  : Topic Name Topic Name : 't2db-deliveries-high-5, Consumer InMem Collection Size >>>>>>>> 0
Dec 03, 2024 8:08:16 PM com.itextos.beacon.smslog.ConsumerLog log
INFO:  : Topic Name Topic Name : 't2db-deliveries-high-5, Consumer InMem Collection Size >>>>>>>> 0
Dec 03, 2024 8:08:17 PM com.itextos.beacon.smslog.ConsumerLog log
INFO:  : Topic Name Topic Name : 't2db-deliveries-high-2, Consumer InMem Collection Size >>>>>>>> 0
Dec 03, 2024 8:08:17 PM com.itextos.beacon.smslog.ConsumerLog log
INFO:  : Topic Name Topic Name : 't2db-deliveries-high-2, Consumer InMem Collection Size >>>>>>>> 0
Dec 03, 2024 8:08:17 PM com.itextos.beacon.smslog.ConsumerLog log
INFO:  : Topic Name Topic Name : 't2db-deliveries-high-1, Consumer InMem Collection Size >>>>>>>> 0
Dec 03, 2024 8:08:17 PM com.itextos.beacon.smslog.ConsumerLog log
INFO:  : Topic Name Topic Name : 't2db-deliveries-high-1, Consumer InMem Collection Size >>>>>>>> 0
Dec 03, 2024 8:08:19 PM com.itextos.beacon.smslog.ConsumerLog log
INFO:  : Topic Name Topic Name : 't2db-deliveries-high-3, Consumer InMem Collection Size >>>>>>>> 0
Dec 03, 2024 8:08:19 PM com.itextos.beacon.smslog.ConsumerLog log
INFO:  : Topic Name Topic Name : 't2db-deliveries-high-3, Consumer InMem Collection Size >>>>>>>> 0
Dec 03, 2024 8:08:22 PM com.itextos.beacon.smslog.ConsumerLog log
INFO:  : Topic Name Topic Name : 't2db-deliveries-high-4, Consumer InMem Collection Size >>>>>>>> 0
Dec 03, 2024 8:08:22 PM com.itextos.beacon.smslog.ConsumerLog log
INFO:  : Topic Name Topic Name : 't2db-deliveries-high-4, Consumer InMem Collection Size >>>>>>>> 0
Dec 03, 2024 8:08:22 PM com.itextos.beacon.smslog.ConsumerLog log
INFO:  : Topic Name Topic Name : 't2db-deliveries-high-5, Consumer InMem Collection Size >>>>>>>> 0
Dec 03, 2024 8:08:22 PM com.itextos.beacon.smslog.ConsumerLog log
INFO:  : Topic Name Topic Name : 't2db-deliveries-high-5, Consumer InMem Collection Size >>>>>>>> 0
