Dec 04, 2024 11:50:40 AM com.itextos.beacon.smslog.TopicLog log
INFO: [GENERAL] [aging_insert-high]: mTopicName : aging_insert-high : Wed Dec 04 11:50:40 IST 2024
Dec 04, 2024 11:50:40 AM com.itextos.beacon.smslog.TopicLog log
INFO: [GENERAL] [update_aging-high]: mTopicName : update_aging-high : Wed Dec 04 11:50:40 IST 2024
Dec 04, 2024 11:50:40 AM com.itextos.beacon.smslog.TopicLog log
INFO: [GENERAL] [dlr_query_mt-high]: goto sleep mSleepInMillis : 100  mTopicName : dlr_query_mt-high : Wed Dec 04 11:50:40 IST 2024
Dec 04, 2024 11:50:40 AM com.itextos.beacon.smslog.TopicLog log
INFO: [GENERAL] [dlr_query_dn-high]: mTopicName : dlr_query_dn-high : Wed Dec 04 11:50:40 IST 2024
Dec 04, 2024 11:50:40 AM com.itextos.beacon.smslog.TopicLog log
INFO: [GENERAL] [aging_insert-high]: goto sleep mSleepInMillis : 100  mTopicName : aging_insert-high : Wed Dec 04 11:50:40 IST 2024
Dec 04, 2024 11:50:40 AM com.itextos.beacon.smslog.TopicLog log
INFO: [GENERAL] [update_aging-high]: goto sleep mSleepInMillis : 100  mTopicName : update_aging-high : Wed Dec 04 11:50:40 IST 2024
Dec 04, 2024 11:50:40 AM com.itextos.beacon.smslog.TopicLog log
INFO: [GENERAL] [dlr_query_mt-high]: mTopicName : dlr_query_mt-high : Wed Dec 04 11:50:40 IST 2024
Dec 04, 2024 11:50:40 AM com.itextos.beacon.smslog.TopicLog log
INFO: [GENERAL] [dlr_query_dn-high]: goto sleep mSleepInMillis : 100  mTopicName : dlr_query_dn-high : Wed Dec 04 11:50:40 IST 2024
Dec 04, 2024 11:50:40 AM com.itextos.beacon.smslog.TopicLog log
INFO: [GENERAL] [aging_insert-high]: mTopicName : aging_insert-high : Wed Dec 04 11:50:40 IST 2024
Dec 04, 2024 11:50:40 AM com.itextos.beacon.smslog.TopicLog log
INFO: [GENERAL] [update_aging-high]: mTopicName : update_aging-high : Wed Dec 04 11:50:40 IST 2024
Dec 04, 2024 11:50:40 AM com.itextos.beacon.smslog.TopicLog log
INFO: [GENERAL] [dlr_query_mt-high]: goto sleep mSleepInMillis : 100  mTopicName : dlr_query_mt-high : Wed Dec 04 11:50:40 IST 2024
Dec 04, 2024 11:50:40 AM com.itextos.beacon.smslog.TopicLog log
INFO: [GENERAL] [dlr_query_dn-high]: mTopicName : dlr_query_dn-high : Wed Dec 04 11:50:40 IST 2024
