Nov 23, 2024 1:07:36 PM com.itextos.beacon.smslog.ConsumerLog log
INFO:  : Topic Name Topic Name : 'aging-insert-high-1, Consumer InMem Collection Size >>>>>>>> 0
Nov 23, 2024 1:07:36 PM com.itextos.beacon.smslog.ConsumerLog log
INFO:  : Topic Name Topic Name : 'aging-insert-high-1, Consumer InMem Collection Size >>>>>>>> 0
Nov 23, 2024 1:07:36 PM com.itextos.beacon.smslog.ConsumerLog log
INFO:  : Topic Name Topic Name : 'update-aging-high-1, Consumer InMem Collection Size >>>>>>>> 0
Nov 23, 2024 1:07:36 PM com.itextos.beacon.smslog.ConsumerLog log
INFO:  : Topic Name Topic Name : 'update-aging-high-1, Consumer InMem Collection Size >>>>>>>> 0
Nov 23, 2024 1:07:36 PM com.itextos.beacon.smslog.ConsumerLog log
INFO:  : Topic Name Topic Name : 'dlr-query-mt-high-1, Consumer InMem Collection Size >>>>>>>> 0
Nov 23, 2024 1:07:36 PM com.itextos.beacon.smslog.ConsumerLog log
INFO:  : Topic Name Topic Name : 'dlr-query-mt-high-1, Consumer InMem Collection Size >>>>>>>> 0
Nov 23, 2024 1:07:37 PM com.itextos.beacon.smslog.ConsumerLog log
INFO:  : Topic Name Topic Name : 'dlr-query-dn-high-1, Consumer InMem Collection Size >>>>>>>> 0
Nov 23, 2024 1:07:37 PM com.itextos.beacon.smslog.ConsumerLog log
INFO:  : Topic Name Topic Name : 'dlr-query-dn-high-1, Consumer InMem Collection Size >>>>>>>> 0
Nov 27, 2024 10:11:28 AM com.itextos.beacon.smslog.ConsumerLog log
INFO:  : Topic Name Topic Name : 'dlr-query-mt-high-1, Consumer InMem Collection Size >>>>>>>> 0
Nov 27, 2024 10:11:28 AM com.itextos.beacon.smslog.ConsumerLog log
INFO:  : Topic Name Topic Name : 'dlr-query-mt-high-1, Consumer InMem Collection Size >>>>>>>> 0
Nov 28, 2024 9:31:05 PM com.itextos.beacon.smslog.ConsumerLog log
INFO:  : Topic Name Topic Name : 'aging-insert-high-1, Consumer InMem Collection Size >>>>>>>> 0
Nov 28, 2024 9:31:05 PM com.itextos.beacon.smslog.ConsumerLog log
INFO:  : Topic Name Topic Name : 'aging-insert-high-1, Consumer InMem Collection Size >>>>>>>> 0
Nov 28, 2024 9:31:06 PM com.itextos.beacon.smslog.ConsumerLog log
INFO:  : Topic Name Topic Name : 'update-aging-high-1, Consumer InMem Collection Size >>>>>>>> 0
Nov 28, 2024 9:31:06 PM com.itextos.beacon.smslog.ConsumerLog log
INFO:  : Topic Name Topic Name : 'update-aging-high-1, Consumer InMem Collection Size >>>>>>>> 0
Nov 28, 2024 9:31:06 PM com.itextos.beacon.smslog.ConsumerLog log
INFO:  : Topic Name Topic Name : 'dlr-query-mt-high-1, Consumer InMem Collection Size >>>>>>>> 0
Nov 28, 2024 9:31:06 PM com.itextos.beacon.smslog.ConsumerLog log
INFO:  : Topic Name Topic Name : 'dlr-query-mt-high-1, Consumer InMem Collection Size >>>>>>>> 0
Nov 28, 2024 9:31:07 PM com.itextos.beacon.smslog.ConsumerLog log
INFO:  : Topic Name Topic Name : 'dlr-query-dn-high-1, Consumer InMem Collection Size >>>>>>>> 0
Nov 28, 2024 9:31:07 PM com.itextos.beacon.smslog.ConsumerLog log
INFO:  : Topic Name Topic Name : 'dlr-query-dn-high-1, Consumer InMem Collection Size >>>>>>>> 0
Nov 28, 2024 9:32:59 PM com.itextos.beacon.smslog.ConsumerLog log
INFO:  : Topic Name Topic Name : 'aging-insert-high-2, Consumer InMem Collection Size >>>>>>>> 0
Nov 28, 2024 9:32:59 PM com.itextos.beacon.smslog.ConsumerLog log
INFO:  : Topic Name Topic Name : 'aging-insert-high-1, Consumer InMem Collection Size >>>>>>>> 0
Nov 28, 2024 9:32:59 PM com.itextos.beacon.smslog.ConsumerLog log
INFO:  : Topic Name Topic Name : 'update-aging-high-3, Consumer InMem Collection Size >>>>>>>> 0
Nov 28, 2024 9:32:59 PM com.itextos.beacon.smslog.ConsumerLog log
INFO:  : Topic Name Topic Name : 'update-aging-high-2, Consumer InMem Collection Size >>>>>>>> 0
Nov 28, 2024 9:32:59 PM com.itextos.beacon.smslog.ConsumerLog log
INFO:  : Topic Name Topic Name : 'aging-insert-high-2, Consumer InMem Collection Size >>>>>>>> 0
Nov 28, 2024 9:32:59 PM com.itextos.beacon.smslog.ConsumerLog log
INFO:  : Topic Name Topic Name : 'aging-insert-high-2, Consumer InMem Collection Size >>>>>>>> 0
Nov 28, 2024 9:32:59 PM com.itextos.beacon.smslog.ConsumerLog log
INFO:  : Topic Name Topic Name : 'update-aging-high-2, Consumer InMem Collection Size >>>>>>>> 0
Nov 28, 2024 9:32:59 PM com.itextos.beacon.smslog.ConsumerLog log
INFO:  : Topic Name Topic Name : 'update-aging-high-2, Consumer InMem Collection Size >>>>>>>> 0
Nov 28, 2024 9:32:59 PM com.itextos.beacon.smslog.ConsumerLog log
INFO:  : Topic Name Topic Name : 'aging-insert-high-2, Consumer InMem Collection Size >>>>>>>> 0
Nov 28, 2024 9:32:59 PM com.itextos.beacon.smslog.ConsumerLog log
INFO:  : Topic Name Topic Name : 'update-aging-high-3, Consumer InMem Collection Size >>>>>>>> 0
Nov 28, 2024 9:32:59 PM com.itextos.beacon.smslog.ConsumerLog log
INFO:  : Topic Name Topic Name : 'update-aging-high-3, Consumer InMem Collection Size >>>>>>>> 0
Nov 28, 2024 9:32:59 PM com.itextos.beacon.smslog.ConsumerLog log
INFO:  : Topic Name Topic Name : 'aging-insert-high-2, Consumer InMem Collection Size >>>>>>>> 0
Nov 28, 2024 9:32:59 PM com.itextos.beacon.smslog.ConsumerLog log
INFO:  : Topic Name Topic Name : 'update-aging-high-2, Consumer InMem Collection Size >>>>>>>> 0
Nov 28, 2024 9:32:59 PM com.itextos.beacon.smslog.ConsumerLog log
INFO:  : Topic Name Topic Name : 'update-aging-high-2, Consumer InMem Collection Size >>>>>>>> 0
Nov 28, 2024 9:32:59 PM com.itextos.beacon.smslog.ConsumerLog log
INFO:  : Topic Name Topic Name : 'update-aging-high-3, Consumer InMem Collection Size >>>>>>>> 0
Nov 28, 2024 9:32:59 PM com.itextos.beacon.smslog.ConsumerLog log
INFO:  : Topic Name Topic Name : 'update-aging-high-3, Consumer InMem Collection Size >>>>>>>> 0
Nov 28, 2024 9:32:59 PM com.itextos.beacon.smslog.ConsumerLog log
INFO:  : Topic Name Topic Name : 'dlr-query-dn-high-2, Consumer InMem Collection Size >>>>>>>> 0
Nov 28, 2024 9:32:59 PM com.itextos.beacon.smslog.ConsumerLog log
INFO:  : Topic Name Topic Name : 'aging-insert-high-3, Consumer InMem Collection Size >>>>>>>> 0
Nov 28, 2024 9:32:59 PM com.itextos.beacon.smslog.ConsumerLog log
INFO:  : Topic Name Topic Name : 'dlr-query-dn-high-3, Consumer InMem Collection Size >>>>>>>> 0
Nov 28, 2024 9:32:59 PM com.itextos.beacon.smslog.ConsumerLog log
INFO:  : Topic Name Topic Name : 'aging-insert-high-1, Consumer InMem Collection Size >>>>>>>> 0
Nov 28, 2024 9:32:59 PM com.itextos.beacon.smslog.ConsumerLog log
INFO:  : Topic Name Topic Name : 'aging-insert-high-1, Consumer InMem Collection Size >>>>>>>> 0
Nov 28, 2024 9:32:59 PM com.itextos.beacon.smslog.ConsumerLog log
INFO:  : Topic Name Topic Name : 'update-aging-high-1, Consumer InMem Collection Size >>>>>>>> 0
Nov 28, 2024 9:33:00 PM com.itextos.beacon.smslog.ConsumerLog log
INFO:  : Topic Name Topic Name : 'dlr-query-dn-high-2, Consumer InMem Collection Size >>>>>>>> 0
Nov 28, 2024 9:33:00 PM com.itextos.beacon.smslog.ConsumerLog log
INFO:  : Topic Name Topic Name : 'dlr-query-dn-high-2, Consumer InMem Collection Size >>>>>>>> 0
Nov 28, 2024 9:33:00 PM com.itextos.beacon.smslog.ConsumerLog log
INFO:  : Topic Name Topic Name : 'dlr-query-dn-high-3, Consumer InMem Collection Size >>>>>>>> 0
Nov 28, 2024 9:33:00 PM com.itextos.beacon.smslog.ConsumerLog log
INFO:  : Topic Name Topic Name : 'aging-insert-high-3, Consumer InMem Collection Size >>>>>>>> 0
Nov 28, 2024 9:33:00 PM com.itextos.beacon.smslog.ConsumerLog log
INFO:  : Topic Name Topic Name : 'aging-insert-high-3, Consumer InMem Collection Size >>>>>>>> 0
Nov 28, 2024 9:33:00 PM com.itextos.beacon.smslog.ConsumerLog log
INFO:  : Topic Name Topic Name : 'dlr-query-dn-high-3, Consumer InMem Collection Size >>>>>>>> 0
Nov 28, 2024 9:33:00 PM com.itextos.beacon.smslog.ConsumerLog log
INFO:  : Topic Name Topic Name : 'dlr-query-dn-high-2, Consumer InMem Collection Size >>>>>>>> 0
Nov 28, 2024 9:33:00 PM com.itextos.beacon.smslog.ConsumerLog log
INFO:  : Topic Name Topic Name : 'dlr-query-dn-high-2, Consumer InMem Collection Size >>>>>>>> 0
Nov 28, 2024 9:33:00 PM com.itextos.beacon.smslog.ConsumerLog log
INFO:  isCompletelyStopped : true
Nov 28, 2024 9:33:00 PM com.itextos.beacon.smslog.ConsumerLog log
INFO:  isCompletelyStopped : true
Nov 28, 2024 9:33:00 PM com.itextos.beacon.smslog.ConsumerLog log
INFO:  : Topic Name Topic Name : 'update-aging-high-1, Consumer InMem Collection Size >>>>>>>> 0
Nov 28, 2024 9:33:00 PM com.itextos.beacon.smslog.ConsumerLog log
INFO:  : Topic Name Topic Name : 'aging-insert-high-3, Consumer InMem Collection Size >>>>>>>> 0
Nov 28, 2024 9:33:00 PM com.itextos.beacon.smslog.ConsumerLog log
INFO:  isCompletelyStopped : true
Nov 28, 2024 9:33:00 PM com.itextos.beacon.smslog.ConsumerLog log
INFO:  : Topic Name Topic Name : 'dlr-query-dn-high-3, Consumer InMem Collection Size >>>>>>>> 0
Nov 28, 2024 9:33:00 PM com.itextos.beacon.smslog.ConsumerLog log
INFO:  : Topic Name Topic Name : 'dlr-query-mt-high-1, Consumer InMem Collection Size >>>>>>>> 0
Nov 28, 2024 9:33:00 PM com.itextos.beacon.smslog.ConsumerLog log
INFO:  isCompletelyStopped : true
Nov 28, 2024 9:33:00 PM com.itextos.beacon.smslog.ConsumerLog log
INFO:  : Topic Name Topic Name : 'dlr-query-mt-high-2, Consumer InMem Collection Size >>>>>>>> 0
Nov 28, 2024 9:33:00 PM com.itextos.beacon.smslog.ConsumerLog log
INFO:  : Topic Name Topic Name : 'update-aging-high-1, Consumer InMem Collection Size >>>>>>>> 0
Nov 28, 2024 9:33:00 PM com.itextos.beacon.smslog.ConsumerLog log
INFO:  : Topic Name Topic Name : 'dlr-query-dn-high-3, Consumer InMem Collection Size >>>>>>>> 0
Nov 28, 2024 9:33:00 PM com.itextos.beacon.smslog.ConsumerLog log
INFO:  : Topic Name Topic Name : 'dlr-query-mt-high-3, Consumer InMem Collection Size >>>>>>>> 0
Nov 28, 2024 9:33:00 PM com.itextos.beacon.smslog.ConsumerLog log
INFO:  : Topic Name Topic Name : 'dlr-query-mt-high-3, Consumer InMem Collection Size >>>>>>>> 0
Nov 28, 2024 9:33:00 PM com.itextos.beacon.smslog.ConsumerLog log
INFO:  : Topic Name Topic Name : 'dlr-query-mt-high-3, Consumer InMem Collection Size >>>>>>>> 0
Nov 28, 2024 9:33:00 PM com.itextos.beacon.smslog.ConsumerLog log
INFO:  : Topic Name Topic Name : 'dlr-query-dn-high-1, Consumer InMem Collection Size >>>>>>>> 0
Nov 28, 2024 9:33:00 PM com.itextos.beacon.smslog.ConsumerLog log
INFO:  : Topic Name Topic Name : 'dlr-query-mt-high-3, Consumer InMem Collection Size >>>>>>>> 0
Nov 28, 2024 9:33:00 PM com.itextos.beacon.smslog.ConsumerLog log
INFO:  : Topic Name Topic Name : 'aging-insert-high-3, Consumer InMem Collection Size >>>>>>>> 0
Nov 28, 2024 9:33:00 PM com.itextos.beacon.smslog.ConsumerLog log
INFO:  : Topic Name Topic Name : 'aging-insert-high-1, Consumer InMem Collection Size >>>>>>>> 0
Nov 28, 2024 9:33:00 PM com.itextos.beacon.smslog.ConsumerLog log
INFO:  : Topic Name Topic Name : 'aging-insert-high-1, Consumer InMem Collection Size >>>>>>>> 0
Nov 28, 2024 9:33:00 PM com.itextos.beacon.smslog.ConsumerLog log
INFO:  : Topic Name Topic Name : 'dlr-query-mt-high-3, Consumer InMem Collection Size >>>>>>>> 0
Nov 28, 2024 9:33:00 PM com.itextos.beacon.smslog.ConsumerLog log
INFO:  : Topic Name Topic Name : 'dlr-query-mt-high-1, Consumer InMem Collection Size >>>>>>>> 0
Nov 28, 2024 9:33:00 PM com.itextos.beacon.smslog.ConsumerLog log
INFO:  : Topic Name Topic Name : 'dlr-query-mt-high-1, Consumer InMem Collection Size >>>>>>>> 0
Nov 28, 2024 9:33:00 PM com.itextos.beacon.smslog.ConsumerLog log
INFO:  : Topic Name Topic Name : 'dlr-query-mt-high-2, Consumer InMem Collection Size >>>>>>>> 0
Nov 28, 2024 9:33:00 PM com.itextos.beacon.smslog.ConsumerLog log
INFO:  isCompletelyStopped : true
Nov 28, 2024 9:33:00 PM com.itextos.beacon.smslog.ConsumerLog log
INFO:  isCompletelyStopped : true
Nov 28, 2024 9:33:00 PM com.itextos.beacon.smslog.ConsumerLog log
INFO:  : Topic Name Topic Name : 'dlr-query-mt-high-2, Consumer InMem Collection Size >>>>>>>> 0
Nov 28, 2024 9:33:00 PM com.itextos.beacon.smslog.ConsumerLog log
INFO:  : Topic Name Topic Name : 'dlr-query-dn-high-1, Consumer InMem Collection Size >>>>>>>> 0
Nov 28, 2024 9:33:00 PM com.itextos.beacon.smslog.ConsumerLog log
INFO:  : Topic Name Topic Name : 'dlr-query-dn-high-1, Consumer InMem Collection Size >>>>>>>> 0
Nov 28, 2024 9:33:00 PM com.itextos.beacon.smslog.ConsumerLog log
INFO:  : Topic Name Topic Name : 'update-aging-high-1, Consumer InMem Collection Size >>>>>>>> 0
Nov 28, 2024 9:33:00 PM com.itextos.beacon.smslog.ConsumerLog log
INFO:  : Topic Name Topic Name : 'dlr-query-mt-high-2, Consumer InMem Collection Size >>>>>>>> 0
Nov 28, 2024 9:33:00 PM com.itextos.beacon.smslog.ConsumerLog log
INFO:  : Topic Name Topic Name : 'dlr-query-mt-high-2, Consumer InMem Collection Size >>>>>>>> 0
Nov 28, 2024 9:33:00 PM com.itextos.beacon.smslog.ConsumerLog log
INFO:  isCompletelyStopped : true
Nov 28, 2024 9:33:00 PM com.itextos.beacon.smslog.ConsumerLog log
INFO:  : Topic Name Topic Name : 'dlr-query-mt-high-1, Consumer InMem Collection Size >>>>>>>> 0
Nov 28, 2024 9:33:00 PM com.itextos.beacon.smslog.ConsumerLog log
INFO:  : Topic Name Topic Name : 'aging-insert-high-1, Consumer InMem Collection Size >>>>>>>> 0
Nov 28, 2024 9:33:00 PM com.itextos.beacon.smslog.ConsumerLog log
INFO:  : Topic Name Topic Name : 'aging-insert-high-1, Consumer InMem Collection Size >>>>>>>> 0
Nov 28, 2024 9:33:00 PM com.itextos.beacon.smslog.ConsumerLog log
INFO:  : Topic Name Topic Name : 'update-aging-high-1, Consumer InMem Collection Size >>>>>>>> 0
Nov 28, 2024 9:33:00 PM com.itextos.beacon.smslog.ConsumerLog log
INFO:  : Topic Name Topic Name : 'dlr-query-mt-high-1, Consumer InMem Collection Size >>>>>>>> 0
Nov 28, 2024 9:33:00 PM com.itextos.beacon.smslog.ConsumerLog log
INFO:  : Topic Name Topic Name : 'dlr-query-dn-high-1, Consumer InMem Collection Size >>>>>>>> 0
Nov 28, 2024 9:33:00 PM com.itextos.beacon.smslog.ConsumerLog log
INFO:  : Topic Name Topic Name : 'dlr-query-dn-high-1, Consumer InMem Collection Size >>>>>>>> 0
Nov 28, 2024 9:33:00 PM com.itextos.beacon.smslog.ConsumerLog log
INFO:  : Topic Name Topic Name : 'update-aging-high-1, Consumer InMem Collection Size >>>>>>>> 0
Nov 28, 2024 9:33:00 PM com.itextos.beacon.smslog.ConsumerLog log
INFO:  isCompletelyStopped : true
Nov 28, 2024 9:33:00 PM com.itextos.beacon.smslog.ConsumerLog log
INFO:  : Topic Name Topic Name : 'update-aging-high-1, Consumer InMem Collection Size >>>>>>>> 0
Nov 28, 2024 9:33:00 PM com.itextos.beacon.smslog.ConsumerLog log
INFO:  : Topic Name Topic Name : 'dlr-query-mt-high-1, Consumer InMem Collection Size >>>>>>>> 0
Nov 28, 2024 9:33:00 PM com.itextos.beacon.smslog.ConsumerLog log
INFO:  : Topic Name Topic Name : 'dlr-query-dn-high-1, Consumer InMem Collection Size >>>>>>>> 0
Nov 28, 2024 9:33:00 PM com.itextos.beacon.smslog.ConsumerLog log
INFO:  : Topic Name Topic Name : 'dlr-query-mt-high-1, Consumer InMem Collection Size >>>>>>>> 0
Nov 28, 2024 9:33:00 PM com.itextos.beacon.smslog.ConsumerLog log
INFO:  : Topic Name Topic Name : 'dlr-query-dn-high-1, Consumer InMem Collection Size >>>>>>>> 0
Nov 28, 2024 9:33:00 PM com.itextos.beacon.smslog.ConsumerLog log
INFO:  isCompletelyStopped : true
Nov 28, 2024 9:33:00 PM com.itextos.beacon.smslog.ConsumerLog log
INFO:  isCompletelyStopped : true
Nov 28, 2024 9:33:00 PM com.itextos.beacon.smslog.ConsumerLog log
INFO:  isCompletelyStopped : true
Nov 28, 2024 9:33:00 PM com.itextos.beacon.smslog.ConsumerLog log
INFO:  isCompletelyStopped : true
Nov 30, 2024 6:56:35 AM com.itextos.beacon.smslog.ConsumerLog log
INFO:  : Topic Name Topic Name : 'aging-insert-high-1, Consumer InMem Collection Size >>>>>>>> 0
Nov 30, 2024 6:56:35 AM com.itextos.beacon.smslog.ConsumerLog log
INFO:  : Topic Name Topic Name : 'dlr-query-dn-high-1, Consumer InMem Collection Size >>>>>>>> 0
Nov 30, 2024 6:56:35 AM com.itextos.beacon.smslog.ConsumerLog log
INFO:  : Topic Name Topic Name : 'dlr-query-dn-high-1, Consumer InMem Collection Size >>>>>>>> 0
Nov 30, 2024 6:56:35 AM com.itextos.beacon.smslog.ConsumerLog log
INFO:  : Topic Name Topic Name : 'aging-insert-high-1, Consumer InMem Collection Size >>>>>>>> 0
Nov 30, 2024 6:56:35 AM com.itextos.beacon.smslog.ConsumerLog log
INFO:  : Topic Name Topic Name : 'update-aging-high-1, Consumer InMem Collection Size >>>>>>>> 0
Nov 30, 2024 6:56:35 AM com.itextos.beacon.smslog.ConsumerLog log
INFO:  : Topic Name Topic Name : 'update-aging-high-1, Consumer InMem Collection Size >>>>>>>> 0
Nov 30, 2024 6:56:35 AM com.itextos.beacon.smslog.ConsumerLog log
INFO:  : Topic Name Topic Name : 'dlr-query-mt-high-1, Consumer InMem Collection Size >>>>>>>> 0
Nov 30, 2024 6:56:35 AM com.itextos.beacon.smslog.ConsumerLog log
INFO:  : Topic Name Topic Name : 'dlr-query-mt-high-1, Consumer InMem Collection Size >>>>>>>> 0
Nov 30, 2024 7:14:35 AM com.itextos.beacon.smslog.ConsumerLog log
INFO:  : Topic Name Topic Name : 'update-aging-high-3, Consumer InMem Collection Size >>>>>>>> 0
Nov 30, 2024 7:14:35 AM com.itextos.beacon.smslog.ConsumerLog log
INFO:  : Topic Name Topic Name : 'update-aging-high-3, Consumer InMem Collection Size >>>>>>>> 0
Nov 30, 2024 7:14:35 AM com.itextos.beacon.smslog.ConsumerLog log
INFO:  : Topic Name Topic Name : 'dlr-query-dn-high-1, Consumer InMem Collection Size >>>>>>>> 0
Nov 30, 2024 7:14:35 AM com.itextos.beacon.smslog.ConsumerLog log
INFO:  : Topic Name Topic Name : 'dlr-query-dn-high-1, Consumer InMem Collection Size >>>>>>>> 0
Nov 30, 2024 7:14:35 AM com.itextos.beacon.smslog.ConsumerLog log
INFO:  : Topic Name Topic Name : 'dlr-query-mt-high-3, Consumer InMem Collection Size >>>>>>>> 0
Nov 30, 2024 7:14:35 AM com.itextos.beacon.smslog.ConsumerLog log
INFO:  : Topic Name Topic Name : 'dlr-query-mt-high-3, Consumer InMem Collection Size >>>>>>>> 0
Nov 30, 2024 7:14:35 AM com.itextos.beacon.smslog.ConsumerLog log
INFO:  : Topic Name Topic Name : 'update-aging-high-1, Consumer InMem Collection Size >>>>>>>> 0
Nov 30, 2024 7:14:35 AM com.itextos.beacon.smslog.ConsumerLog log
INFO:  : Topic Name Topic Name : 'update-aging-high-1, Consumer InMem Collection Size >>>>>>>> 0
Nov 30, 2024 7:14:36 AM com.itextos.beacon.smslog.ConsumerLog log
INFO:  : Topic Name Topic Name : 'dlr-query-dn-high-3, Consumer InMem Collection Size >>>>>>>> 0
Nov 30, 2024 7:14:36 AM com.itextos.beacon.smslog.ConsumerLog log
INFO:  : Topic Name Topic Name : 'dlr-query-dn-high-3, Consumer InMem Collection Size >>>>>>>> 0
Nov 30, 2024 7:14:36 AM com.itextos.beacon.smslog.ConsumerLog log
INFO:  : Topic Name Topic Name : 'update-aging-high-2, Consumer InMem Collection Size >>>>>>>> 0
Nov 30, 2024 7:14:36 AM com.itextos.beacon.smslog.ConsumerLog log
INFO:  : Topic Name Topic Name : 'update-aging-high-2, Consumer InMem Collection Size >>>>>>>> 0
Nov 30, 2024 7:14:37 AM com.itextos.beacon.smslog.ConsumerLog log
INFO:  : Topic Name Topic Name : 'aging-insert-high-2, Consumer InMem Collection Size >>>>>>>> 0
Nov 30, 2024 7:14:37 AM com.itextos.beacon.smslog.ConsumerLog log
INFO:  : Topic Name Topic Name : 'aging-insert-high-2, Consumer InMem Collection Size >>>>>>>> 0
Nov 30, 2024 7:14:37 AM com.itextos.beacon.smslog.ConsumerLog log
INFO:  : Topic Name Topic Name : 'dlr-query-dn-high-2, Consumer InMem Collection Size >>>>>>>> 0
Nov 30, 2024 7:14:37 AM com.itextos.beacon.smslog.ConsumerLog log
INFO:  : Topic Name Topic Name : 'dlr-query-dn-high-2, Consumer InMem Collection Size >>>>>>>> 0
Nov 30, 2024 7:14:37 AM com.itextos.beacon.smslog.ConsumerLog log
INFO:  : Topic Name Topic Name : 'aging-insert-high-3, Consumer InMem Collection Size >>>>>>>> 0
Nov 30, 2024 7:14:37 AM com.itextos.beacon.smslog.ConsumerLog log
INFO:  : Topic Name Topic Name : 'aging-insert-high-3, Consumer InMem Collection Size >>>>>>>> 0
Nov 30, 2024 7:14:37 AM com.itextos.beacon.smslog.ConsumerLog log
INFO:  : Topic Name Topic Name : 'aging-insert-high-1, Consumer InMem Collection Size >>>>>>>> 0
Nov 30, 2024 7:14:37 AM com.itextos.beacon.smslog.ConsumerLog log
INFO:  : Topic Name Topic Name : 'dlr-query-mt-high-2, Consumer InMem Collection Size >>>>>>>> 0
Nov 30, 2024 7:14:37 AM com.itextos.beacon.smslog.ConsumerLog log
INFO:  : Topic Name Topic Name : 'dlr-query-mt-high-2, Consumer InMem Collection Size >>>>>>>> 0
Nov 30, 2024 7:14:37 AM com.itextos.beacon.smslog.ConsumerLog log
INFO:  : Topic Name Topic Name : 'aging-insert-high-1, Consumer InMem Collection Size >>>>>>>> 0
Nov 30, 2024 7:14:38 AM com.itextos.beacon.smslog.ConsumerLog log
INFO:  : Topic Name Topic Name : 'dlr-query-mt-high-1, Consumer InMem Collection Size >>>>>>>> 0
Nov 30, 2024 7:14:38 AM com.itextos.beacon.smslog.ConsumerLog log
INFO:  : Topic Name Topic Name : 'dlr-query-mt-high-1, Consumer InMem Collection Size >>>>>>>> 0
Dec 03, 2024 8:08:16 PM com.itextos.beacon.smslog.ConsumerLog log
INFO:  : Topic Name Topic Name : 'update-aging-high-3, Consumer InMem Collection Size >>>>>>>> 0
Dec 03, 2024 8:08:16 PM com.itextos.beacon.smslog.ConsumerLog log
INFO:  : Topic Name Topic Name : 'update-aging-high-3, Consumer InMem Collection Size >>>>>>>> 0
Dec 03, 2024 8:08:16 PM com.itextos.beacon.smslog.ConsumerLog log
INFO:  : Topic Name Topic Name : 'aging-insert-high-1, Consumer InMem Collection Size >>>>>>>> 0
Dec 03, 2024 8:08:16 PM com.itextos.beacon.smslog.ConsumerLog log
INFO:  : Topic Name Topic Name : 'aging-insert-high-1, Consumer InMem Collection Size >>>>>>>> 0
Dec 03, 2024 8:08:16 PM com.itextos.beacon.smslog.ConsumerLog log
INFO:  : Topic Name Topic Name : 'update-aging-high-1, Consumer InMem Collection Size >>>>>>>> 0
Dec 03, 2024 8:08:16 PM com.itextos.beacon.smslog.ConsumerLog log
INFO:  : Topic Name Topic Name : 'update-aging-high-1, Consumer InMem Collection Size >>>>>>>> 0
Dec 03, 2024 8:08:16 PM com.itextos.beacon.smslog.ConsumerLog log
INFO:  : Topic Name Topic Name : 'dlr-query-mt-high-1, Consumer InMem Collection Size >>>>>>>> 0
Dec 03, 2024 8:08:16 PM com.itextos.beacon.smslog.ConsumerLog log
INFO:  : Topic Name Topic Name : 'dlr-query-mt-high-1, Consumer InMem Collection Size >>>>>>>> 0
Dec 03, 2024 8:08:17 PM com.itextos.beacon.smslog.ConsumerLog log
INFO:  : Topic Name Topic Name : 'aging-insert-high-2, Consumer InMem Collection Size >>>>>>>> 0
Dec 03, 2024 8:08:17 PM com.itextos.beacon.smslog.ConsumerLog log
INFO:  : Topic Name Topic Name : 'aging-insert-high-2, Consumer InMem Collection Size >>>>>>>> 0
Dec 03, 2024 8:08:17 PM com.itextos.beacon.smslog.ConsumerLog log
INFO:  : Topic Name Topic Name : 'update-aging-high-4, Consumer InMem Collection Size >>>>>>>> 0
Dec 03, 2024 8:08:17 PM com.itextos.beacon.smslog.ConsumerLog log
INFO:  : Topic Name Topic Name : 'update-aging-high-4, Consumer InMem Collection Size >>>>>>>> 0
Dec 03, 2024 8:08:17 PM com.itextos.beacon.smslog.ConsumerLog log
INFO:  : Topic Name Topic Name : 'aging-insert-high-4, Consumer InMem Collection Size >>>>>>>> 0
Dec 03, 2024 8:08:17 PM com.itextos.beacon.smslog.ConsumerLog log
INFO:  : Topic Name Topic Name : 'aging-insert-high-4, Consumer InMem Collection Size >>>>>>>> 0
Dec 03, 2024 8:08:17 PM com.itextos.beacon.smslog.ConsumerLog log
INFO:  : Topic Name Topic Name : 'aging-insert-high-5, Consumer InMem Collection Size >>>>>>>> 0
Dec 03, 2024 8:08:17 PM com.itextos.beacon.smslog.ConsumerLog log
INFO:  : Topic Name Topic Name : 'aging-insert-high-5, Consumer InMem Collection Size >>>>>>>> 0
Dec 03, 2024 8:08:17 PM com.itextos.beacon.smslog.ConsumerLog log
INFO:  : Topic Name Topic Name : 'dlr-query-mt-high-2, Consumer InMem Collection Size >>>>>>>> 0
Dec 03, 2024 8:08:17 PM com.itextos.beacon.smslog.ConsumerLog log
INFO:  : Topic Name Topic Name : 'dlr-query-mt-high-2, Consumer InMem Collection Size >>>>>>>> 0
Dec 03, 2024 8:08:17 PM com.itextos.beacon.smslog.ConsumerLog log
INFO:  : Topic Name Topic Name : 'dlr-query-dn-high-5, Consumer InMem Collection Size >>>>>>>> 0
Dec 03, 2024 8:08:17 PM com.itextos.beacon.smslog.ConsumerLog log
INFO:  : Topic Name Topic Name : 'dlr-query-dn-high-5, Consumer InMem Collection Size >>>>>>>> 0
Dec 03, 2024 8:08:17 PM com.itextos.beacon.smslog.ConsumerLog log
INFO:  : Topic Name Topic Name : 'dlr-query-dn-high-3, Consumer InMem Collection Size >>>>>>>> 0
Dec 03, 2024 8:08:17 PM com.itextos.beacon.smslog.ConsumerLog log
INFO:  : Topic Name Topic Name : 'dlr-query-dn-high-3, Consumer InMem Collection Size >>>>>>>> 0
Dec 03, 2024 8:08:18 PM com.itextos.beacon.smslog.ConsumerLog log
INFO:  : Topic Name Topic Name : 'dlr-query-dn-high-2, Consumer InMem Collection Size >>>>>>>> 0
Dec 03, 2024 8:08:18 PM com.itextos.beacon.smslog.ConsumerLog log
INFO:  : Topic Name Topic Name : 'dlr-query-dn-high-2, Consumer InMem Collection Size >>>>>>>> 0
Dec 03, 2024 8:08:18 PM com.itextos.beacon.smslog.ConsumerLog log
INFO:  : Topic Name Topic Name : 'dlr-query-dn-high-1, Consumer InMem Collection Size >>>>>>>> 0
Dec 03, 2024 8:08:18 PM com.itextos.beacon.smslog.ConsumerLog log
INFO:  : Topic Name Topic Name : 'dlr-query-dn-high-1, Consumer InMem Collection Size >>>>>>>> 0
Dec 03, 2024 8:08:18 PM com.itextos.beacon.smslog.ConsumerLog log
INFO:  : Topic Name Topic Name : 'dlr-query-mt-high-5, Consumer InMem Collection Size >>>>>>>> 0
Dec 03, 2024 8:08:18 PM com.itextos.beacon.smslog.ConsumerLog log
INFO:  : Topic Name Topic Name : 'dlr-query-mt-high-5, Consumer InMem Collection Size >>>>>>>> 0
Dec 03, 2024 8:08:18 PM com.itextos.beacon.smslog.ConsumerLog log
INFO:  : Topic Name Topic Name : 'aging-insert-high-3, Consumer InMem Collection Size >>>>>>>> 0
Dec 03, 2024 8:08:18 PM com.itextos.beacon.smslog.ConsumerLog log
INFO:  : Topic Name Topic Name : 'aging-insert-high-3, Consumer InMem Collection Size >>>>>>>> 0
Dec 03, 2024 8:08:18 PM com.itextos.beacon.smslog.ConsumerLog log
INFO:  : Topic Name Topic Name : 'update-aging-high-5, Consumer InMem Collection Size >>>>>>>> 0
Dec 03, 2024 8:08:18 PM com.itextos.beacon.smslog.ConsumerLog log
INFO:  : Topic Name Topic Name : 'update-aging-high-5, Consumer InMem Collection Size >>>>>>>> 0
Dec 03, 2024 8:08:18 PM com.itextos.beacon.smslog.ConsumerLog log
INFO:  : Topic Name Topic Name : 'update-aging-high-2, Consumer InMem Collection Size >>>>>>>> 0
Dec 03, 2024 8:08:18 PM com.itextos.beacon.smslog.ConsumerLog log
INFO:  : Topic Name Topic Name : 'update-aging-high-2, Consumer InMem Collection Size >>>>>>>> 0
Dec 03, 2024 8:08:18 PM com.itextos.beacon.smslog.ConsumerLog log
INFO:  : Topic Name Topic Name : 'dlr-query-mt-high-4, Consumer InMem Collection Size >>>>>>>> 0
Dec 03, 2024 8:08:18 PM com.itextos.beacon.smslog.ConsumerLog log
INFO:  : Topic Name Topic Name : 'dlr-query-mt-high-4, Consumer InMem Collection Size >>>>>>>> 0
Dec 03, 2024 8:08:18 PM com.itextos.beacon.smslog.ConsumerLog log
INFO:  : Topic Name Topic Name : 'dlr-query-mt-high-3, Consumer InMem Collection Size >>>>>>>> 0
Dec 03, 2024 8:08:18 PM com.itextos.beacon.smslog.ConsumerLog log
INFO:  : Topic Name Topic Name : 'dlr-query-mt-high-3, Consumer InMem Collection Size >>>>>>>> 0
Dec 03, 2024 8:08:18 PM com.itextos.beacon.smslog.ConsumerLog log
INFO:  : Topic Name Topic Name : 'dlr-query-dn-high-4, Consumer InMem Collection Size >>>>>>>> 0
Dec 03, 2024 8:08:18 PM com.itextos.beacon.smslog.ConsumerLog log
INFO:  : Topic Name Topic Name : 'dlr-query-dn-high-4, Consumer InMem Collection Size >>>>>>>> 0
