Dec 04, 2024 11:50:39 AM com.itextos.beacon.smslog.ConsumerTPLog log
INFO: aging-insert-high : Wed Dec 04 11:50:39 IST 2024
Dec 04, 2024 11:50:39 AM com.itextos.beacon.smslog.ConsumerTPLog log
INFO: dlr-query-dn-high : Wed Dec 04 11:50:39 IST 2024
Dec 04, 2024 11:50:39 AM com.itextos.beacon.smslog.ConsumerTPLog log
INFO: sleepForAWhile(1000); : mTopicName dlr-query-mt-high : Wed Dec 04 11:50:39 IST 2024
Dec 04, 2024 11:50:39 AM com.itextos.beacon.smslog.ConsumerTPLog log
INFO: dlr-query-mt-high : Wed Dec 04 11:50:39 IST 2024
Dec 04, 2024 11:50:39 AM com.itextos.beacon.smslog.ConsumerTPLog log
INFO: sleepForAWhile(1000); : mTopicName update-aging-high : Wed Dec 04 11:50:39 IST 2024
Dec 04, 2024 11:50:39 AM com.itextos.beacon.smslog.ConsumerTPLog log
INFO: update-aging-high : Wed Dec 04 11:50:39 IST 2024
Dec 04, 2024 11:50:40 AM com.itextos.beacon.smslog.ConsumerTPLog log
INFO: sleepForAWhile(1000); : mTopicName dlr-query-dn-high : Wed Dec 04 11:50:40 IST 2024
Dec 04, 2024 11:50:40 AM com.itextos.beacon.smslog.ConsumerTPLog log
INFO: dlr-query-dn-high : Wed Dec 04 11:50:40 IST 2024
Dec 04, 2024 11:50:40 AM com.itextos.beacon.smslog.ConsumerTPLog log
INFO: sleepForAWhile(1000); : mTopicName aging-insert-high : Wed Dec 04 11:50:40 IST 2024
Dec 04, 2024 11:50:40 AM com.itextos.beacon.smslog.ConsumerTPLog log
INFO: aging-insert-high : Wed Dec 04 11:50:40 IST 2024
Dec 04, 2024 11:50:40 AM com.itextos.beacon.smslog.ConsumerTPLog log
INFO: sleepForAWhile(1000); : mTopicName update-aging-high : Wed Dec 04 11:50:40 IST 2024
Dec 04, 2024 11:50:40 AM com.itextos.beacon.smslog.ConsumerTPLog log
INFO: update-aging-high : Wed Dec 04 11:50:40 IST 2024
Dec 04, 2024 11:50:40 AM com.itextos.beacon.smslog.ConsumerTPLog log
INFO: sleepForAWhile(1000); : mTopicName update-aging-high : Wed Dec 04 11:50:40 IST 2024
Dec 04, 2024 11:50:40 AM com.itextos.beacon.smslog.ConsumerTPLog log
INFO: update-aging-high : Wed Dec 04 11:50:40 IST 2024
Dec 04, 2024 11:50:40 AM com.itextos.beacon.smslog.ConsumerTPLog log
INFO: sleepForAWhile(1000); : mTopicName dlr-query-mt-high : Wed Dec 04 11:50:40 IST 2024
Dec 04, 2024 11:50:40 AM com.itextos.beacon.smslog.ConsumerTPLog log
INFO: dlr-query-mt-high : Wed Dec 04 11:50:40 IST 2024
Dec 04, 2024 11:50:40 AM com.itextos.beacon.smslog.ConsumerTPLog log
INFO: sleepForAWhile(1000); : mTopicName aging-insert-high : Wed Dec 04 11:50:40 IST 2024
Dec 04, 2024 11:50:40 AM com.itextos.beacon.smslog.ConsumerTPLog log
INFO: sleepForAWhile(1000); : mTopicName update-aging-high : Wed Dec 04 11:50:40 IST 2024
Dec 04, 2024 11:50:40 AM com.itextos.beacon.smslog.ConsumerTPLog log
INFO: aging-insert-high : Wed Dec 04 11:50:40 IST 2024
Dec 04, 2024 11:50:40 AM com.itextos.beacon.smslog.ConsumerTPLog log
INFO: update-aging-high : Wed Dec 04 11:50:40 IST 2024
Dec 04, 2024 11:50:40 AM com.itextos.beacon.smslog.ConsumerTPLog log
INFO: sleepForAWhile(1000); : mTopicName dlr-query-mt-high : Wed Dec 04 11:50:40 IST 2024
Dec 04, 2024 11:50:40 AM com.itextos.beacon.smslog.ConsumerTPLog log
INFO: dlr-query-mt-high : Wed Dec 04 11:50:40 IST 2024
Dec 04, 2024 11:50:40 AM com.itextos.beacon.smslog.ConsumerTPLog log
INFO: sleepForAWhile(1000); : mTopicName aging-insert-high : Wed Dec 04 11:50:40 IST 2024
Dec 04, 2024 11:50:40 AM com.itextos.beacon.smslog.ConsumerTPLog log
INFO: aging-insert-high : Wed Dec 04 11:50:40 IST 2024
Dec 04, 2024 11:50:40 AM com.itextos.beacon.smslog.ConsumerTPLog log
INFO: sleepForAWhile(1000); : mTopicName update-aging-high : Wed Dec 04 11:50:40 IST 2024
Dec 04, 2024 11:50:40 AM com.itextos.beacon.smslog.ConsumerTPLog log
INFO: update-aging-high : Wed Dec 04 11:50:40 IST 2024
Dec 04, 2024 11:50:40 AM com.itextos.beacon.smslog.ConsumerTPLog log
INFO: sleepForAWhile(1000); : mTopicName dlr-query-mt-high : Wed Dec 04 11:50:40 IST 2024
Dec 04, 2024 11:50:40 AM com.itextos.beacon.smslog.ConsumerTPLog log
INFO: dlr-query-mt-high : Wed Dec 04 11:50:40 IST 2024
Dec 04, 2024 11:50:40 AM com.itextos.beacon.smslog.ConsumerTPLog log
INFO: sleepForAWhile(1000); : mTopicName dlr-query-dn-high : Wed Dec 04 11:50:40 IST 2024
Dec 04, 2024 11:50:40 AM com.itextos.beacon.smslog.ConsumerTPLog log
INFO: dlr-query-dn-high : Wed Dec 04 11:50:40 IST 2024
Dec 04, 2024 11:50:40 AM com.itextos.beacon.smslog.ConsumerTPLog log
INFO: sleepForAWhile(1000); : mTopicName dlr-query-mt-high : Wed Dec 04 11:50:40 IST 2024
Dec 04, 2024 11:50:40 AM com.itextos.beacon.smslog.ConsumerTPLog log
INFO: sleepForAWhile(1000); : mTopicName aging-insert-high : Wed Dec 04 11:50:40 IST 2024
Dec 04, 2024 11:50:40 AM com.itextos.beacon.smslog.ConsumerTPLog log
INFO: dlr-query-mt-high : Wed Dec 04 11:50:40 IST 2024
Dec 04, 2024 11:50:40 AM com.itextos.beacon.smslog.ConsumerTPLog log
INFO: aging-insert-high : Wed Dec 04 11:50:40 IST 2024
Dec 04, 2024 11:50:40 AM com.itextos.beacon.smslog.ConsumerTPLog log
INFO: sleepForAWhile(1000); : mTopicName dlr-query-dn-high : Wed Dec 04 11:50:40 IST 2024
Dec 04, 2024 11:50:40 AM com.itextos.beacon.smslog.ConsumerTPLog log
INFO: dlr-query-dn-high : Wed Dec 04 11:50:40 IST 2024
