Nov 20, 2024 9:46:57 AM com.itextos.beacon.smslog.DebugLog log
INFO: module : subt2tb
Nov 20, 2024 9:46:57 AM com.itextos.beacon.smslog.DebugLog log
INFO: Invoking for Component 'T2DB_SUBMISSION' with Startup Arguments StartupRuntimeArguments [mPlatformCluster=[], mInterfaceGroup=[], mMessageType=null, mMessagePriority=[], mClientIds=[]]
Nov 20, 2024 9:49:15 AM com.itextos.beacon.smslog.DebugLog log
INFO: module : dnt2tb
Nov 20, 2024 9:49:15 AM com.itextos.beacon.smslog.DebugLog log
INFO: Invoking for Component 'T2DB_DELIVERIES' with Startup Arguments StartupRuntimeArguments [mPlatformCluster=[], mInterfaceGroup=[], mMessageType=null, mMessagePriority=[], mClientIds=[]]
Nov 20, 2024 10:00:52 AM com.itextos.beacon.smslog.DebugLog log
INFO: module : dnnopayloadt2tb
Nov 20, 2024 10:00:52 AM com.itextos.beacon.smslog.DebugLog log
INFO: Invoking for Component 'T2DB_NO_PAYLOAD_DN' with Startup Arguments StartupRuntimeArguments [mPlatformCluster=[], mInterfaceGroup=[], mMessageType=null, mMessagePriority=[], mClientIds=[]]
Nov 23, 2024 1:07:06 PM com.itextos.beacon.smslog.DebugLog log
INFO: module : dnnopayloadt2tb
Nov 23, 2024 1:07:06 PM com.itextos.beacon.smslog.DebugLog log
INFO: Invoking for Component 'T2DB_NO_PAYLOAD_DN' with Startup Arguments StartupRuntimeArguments [mPlatformCluster=[], mInterfaceGroup=[], mMessageType=null, mMessagePriority=[], mClientIds=[]]
Nov 28, 2024 9:30:35 PM com.itextos.beacon.smslog.DebugLog log
INFO: module : dnnopayloadt2tb
Nov 28, 2024 9:30:35 PM com.itextos.beacon.smslog.DebugLog log
INFO: Invoking for Component 'T2DB_NO_PAYLOAD_DN' with Startup Arguments StartupRuntimeArguments [mPlatformCluster=[], mInterfaceGroup=[], mMessageType=null, mMessagePriority=[], mClientIds=[]]
Nov 28, 2024 9:34:02 PM com.itextos.beacon.smslog.DebugLog log
INFO: module : dnnopayloadt2tb
Nov 28, 2024 9:34:03 PM com.itextos.beacon.smslog.DebugLog log
INFO: Invoking for Component 'T2DB_NO_PAYLOAD_DN' with Startup Arguments StartupRuntimeArguments [mPlatformCluster=[], mInterfaceGroup=[], mMessageType=null, mMessagePriority=[], mClientIds=[]]
Nov 30, 2024 7:14:08 AM com.itextos.beacon.smslog.DebugLog log
INFO: module : dnnopayloadt2tb
Nov 30, 2024 7:14:08 AM com.itextos.beacon.smslog.DebugLog log
INFO: Invoking for Component 'T2DB_NO_PAYLOAD_DN' with Startup Arguments StartupRuntimeArguments [mPlatformCluster=[], mInterfaceGroup=[], mMessageType=null, mMessagePriority=[], mClientIds=[]]
Nov 30, 2024 1:25:02 PM com.itextos.beacon.smslog.DebugLog log
INFO: module : dnnopayloadt2tb
Nov 30, 2024 1:25:02 PM com.itextos.beacon.smslog.DebugLog log
INFO: Invoking for Component 'T2DB_NO_PAYLOAD_DN' with Startup Arguments StartupRuntimeArguments [mPlatformCluster=[], mInterfaceGroup=[], mMessageType=null, mMessagePriority=[], mClientIds=[]]
