Nov 20, 2024 6:22:11 AM com.itextos.beacon.smslog.DebugLog log
INFO: module : ifp
Nov 20, 2024 6:22:11 AM com.itextos.beacon.smslog.DebugLog log
INFO: Starting the Fallback Poller application.
Nov 20, 2024 7:01:42 AM com.itextos.beacon.smslog.DebugLog log
INFO: module : dnfp
Nov 20, 2024 7:07:52 AM com.itextos.beacon.smslog.DebugLog log
INFO: module : dnfp
Nov 23, 2024 1:19:08 PM com.itextos.beacon.smslog.DebugLog log
INFO: module : dnfp
Nov 23, 2024 1:21:19 PM com.itextos.beacon.smslog.DebugLog log
INFO: module : dnfp
Nov 28, 2024 9:41:32 PM com.itextos.beacon.smslog.DebugLog log
INFO: module : dnfp
Nov 28, 2024 9:43:00 PM com.itextos.beacon.smslog.DebugLog log
INFO: module : dnfp
Nov 30, 2024 7:17:44 AM com.itextos.beacon.smslog.DebugLog log
INFO: module : dnfp
Nov 30, 2024 1:26:44 PM com.itextos.beacon.smslog.DebugLog log
INFO: module : dnfp
