Dec 01, 2024 6:54:19 PM com.itextos.beacon.smslog.KILog log
INFO: mKafkaProducerCollection : {}
Dec 01, 2024 6:54:20 PM com.itextos.beacon.smslog.KILog log
INFO: mKafkaProducerCollection : {t2db_deliveries~bulk={t2db-deliveries-low={1=Producer [mComponent=T2DB_DELIVERIES, mTopicName=t2db-deliveries-low, lastFlushed=1733059459184]}}}
Dec 01, 2024 6:54:21 PM com.itextos.beacon.smslog.KILog log
INFO: mKafkaProducerCollection : {t2db_deliveries~bulk={t2db-deliveries-low={1=Producer [mComponent=T2DB_DELIVERIES, mTopicName=t2db-deliveries-low, lastFlushed=1733059459184]}}}
Dec 01, 2024 6:54:22 PM com.itextos.beacon.smslog.KILog log
INFO: mKafkaProducerCollection : {t2db_deliveries~bulk={t2db-deliveries-low={1=Producer [mComponent=T2DB_DELIVERIES, mTopicName=t2db-deliveries-low, lastFlushed=1733059461739]}}}
Dec 01, 2024 6:54:23 PM com.itextos.beacon.smslog.KILog log
INFO: mKafkaProducerCollection : {t2db_deliveries~bulk={t2db-deliveries-low={1=Producer [mComponent=T2DB_DELIVERIES, mTopicName=t2db-deliveries-low, lastFlushed=1733059461739]}}}
Dec 01, 2024 6:54:24 PM com.itextos.beacon.smslog.KILog log
INFO: mKafkaProducerCollection : {t2db_deliveries~bulk={t2db-deliveries-low={1=Producer [mComponent=T2DB_DELIVERIES, mTopicName=t2db-deliveries-low, lastFlushed=1733059464240]}}}
Dec 01, 2024 6:54:25 PM com.itextos.beacon.smslog.KILog log
INFO: mKafkaProducerCollection : {t2db_deliveries~bulk={t2db-deliveries-low={1=Producer [mComponent=T2DB_DELIVERIES, mTopicName=t2db-deliveries-low, lastFlushed=1733059464240]}}}
Dec 01, 2024 6:54:26 PM com.itextos.beacon.smslog.KILog log
INFO: mKafkaProducerCollection : {t2db_deliveries~bulk={t2db-deliveries-low={1=Producer [mComponent=T2DB_DELIVERIES, mTopicName=t2db-deliveries-low, lastFlushed=1733059464240]}}}
Dec 01, 2024 6:54:27 PM com.itextos.beacon.smslog.KILog log
INFO: mKafkaProducerCollection : {t2db_deliveries~bulk={t2db-deliveries-low={1=Producer [mComponent=T2DB_DELIVERIES, mTopicName=t2db-deliveries-low, lastFlushed=1733059466741]}}}
Dec 01, 2024 6:54:28 PM com.itextos.beacon.smslog.KILog log
INFO: mKafkaProducerCollection : {t2db_deliveries~bulk={t2db-deliveries-low={1=Producer [mComponent=T2DB_DELIVERIES, mTopicName=t2db-deliveries-low, lastFlushed=1733059466741]}}}
Dec 01, 2024 6:54:29 PM com.itextos.beacon.smslog.KILog log
INFO: mKafkaProducerCollection : {t2db_deliveries~bulk={t2db-deliveries-low={1=Producer [mComponent=T2DB_DELIVERIES, mTopicName=t2db-deliveries-low, lastFlushed=1733059469242]}}}
Dec 01, 2024 6:56:24 PM com.itextos.beacon.smslog.KILog log
INFO: mKafkaProducerCollection : {t2db_deliveries~bulk={t2db-error-log-low={1=Producer [mComponent=T2DB_ERROR_LOG, mTopicName=t2db-error-log-low, lastFlushed=1733059584494]}, t2db-deliveries-low={1=Producer [mComponent=T2DB_DELIVERIES, mTopicName=t2db-deliveries-low, lastFlushed=1733059584322]}}}
Dec 01, 2024 6:56:25 PM com.itextos.beacon.smslog.KILog log
INFO: mKafkaProducerCollection : {t2db_deliveries~bulk={t2db-error-log-low={1=Producer [mComponent=T2DB_ERROR_LOG, mTopicName=t2db-error-log-low, lastFlushed=1733059584494]}, t2db-deliveries-low={1=Producer [mComponent=T2DB_DELIVERIES, mTopicName=t2db-deliveries-low, lastFlushed=1733059584322]}}}
Dec 01, 2024 6:56:26 PM com.itextos.beacon.smslog.KILog log
INFO: mKafkaProducerCollection : {t2db_deliveries~bulk={t2db-error-log-low={1=Producer [mComponent=T2DB_ERROR_LOG, mTopicName=t2db-error-log-low, lastFlushed=1733059584494]}, t2db-deliveries-low={1=Producer [mComponent=T2DB_DELIVERIES, mTopicName=t2db-deliveries-low, lastFlushed=1733059584322]}}}
Dec 01, 2024 6:56:27 PM com.itextos.beacon.smslog.KILog log
INFO: mKafkaProducerCollection : {t2db_deliveries~bulk={t2db-error-log-low={1=Producer [mComponent=T2DB_ERROR_LOG, mTopicName=t2db-error-log-low, lastFlushed=1733059586996]}, t2db-deliveries-low={1=Producer [mComponent=T2DB_DELIVERIES, mTopicName=t2db-deliveries-low, lastFlushed=1733059586823]}}}
Dec 01, 2024 6:56:28 PM com.itextos.beacon.smslog.KILog log
INFO: mKafkaProducerCollection : {t2db_deliveries~bulk={t2db-error-log-low={1=Producer [mComponent=T2DB_ERROR_LOG, mTopicName=t2db-error-log-low, lastFlushed=1733059586996]}, t2db-deliveries-low={1=Producer [mComponent=T2DB_DELIVERIES, mTopicName=t2db-deliveries-low, lastFlushed=1733059586823]}}}
Dec 01, 2024 6:56:29 PM com.itextos.beacon.smslog.KILog log
INFO: mKafkaProducerCollection : {t2db_deliveries~bulk={t2db-error-log-low={1=Producer [mComponent=T2DB_ERROR_LOG, mTopicName=t2db-error-log-low, lastFlushed=1733059589497]}, t2db-deliveries-low={1=Producer [mComponent=T2DB_DELIVERIES, mTopicName=t2db-deliveries-low, lastFlushed=1733059589324]}}}
Dec 01, 2024 6:56:30 PM com.itextos.beacon.smslog.KILog log
INFO: mKafkaProducerCollection : {t2db_deliveries~bulk={t2db-error-log-low={1=Producer [mComponent=T2DB_ERROR_LOG, mTopicName=t2db-error-log-low, lastFlushed=1733059589497]}, t2db-deliveries-low={1=Producer [mComponent=T2DB_DELIVERIES, mTopicName=t2db-deliveries-low, lastFlushed=1733059589324]}}}
Dec 01, 2024 6:56:31 PM com.itextos.beacon.smslog.KILog log
INFO: mKafkaProducerCollection : {t2db_deliveries~bulk={t2db-error-log-low={1=Producer [mComponent=T2DB_ERROR_LOG, mTopicName=t2db-error-log-low, lastFlushed=1733059589497]}, t2db-deliveries-low={1=Producer [mComponent=T2DB_DELIVERIES, mTopicName=t2db-deliveries-low, lastFlushed=1733059589324]}}}
Dec 01, 2024 6:56:32 PM com.itextos.beacon.smslog.KILog log
INFO: mKafkaProducerCollection : {t2db_deliveries~bulk={t2db-error-log-low={1=Producer [mComponent=T2DB_ERROR_LOG, mTopicName=t2db-error-log-low, lastFlushed=1733059591998]}, t2db-deliveries-low={1=Producer [mComponent=T2DB_DELIVERIES, mTopicName=t2db-deliveries-low, lastFlushed=1733059591824]}}}
Dec 01, 2024 6:56:33 PM com.itextos.beacon.smslog.KILog log
INFO: mKafkaProducerCollection : {t2db_deliveries~bulk={t2db-error-log-low={1=Producer [mComponent=T2DB_ERROR_LOG, mTopicName=t2db-error-log-low, lastFlushed=1733059591998]}, t2db-deliveries-low={1=Producer [mComponent=T2DB_DELIVERIES, mTopicName=t2db-deliveries-low, lastFlushed=1733059591824]}}}
Dec 01, 2024 6:56:34 PM com.itextos.beacon.smslog.KILog log
INFO: mKafkaProducerCollection : {t2db_deliveries~bulk={t2db-error-log-low={1=Producer [mComponent=T2DB_ERROR_LOG, mTopicName=t2db-error-log-low, lastFlushed=1733059594499]}, t2db-deliveries-low={1=Producer [mComponent=T2DB_DELIVERIES, mTopicName=t2db-deliveries-low, lastFlushed=1733059594325]}}}
Dec 02, 2024 6:49:54 PM com.itextos.beacon.smslog.KILog log
INFO: mKafkaProducerCollection : {t2db_deliveries~bulk={t2db-error-log-low={1=Producer [mComponent=T2DB_ERROR_LOG, mTopicName=t2db-error-log-low, lastFlushed=1733145594180]}, t2db-deliveries-low={1=Producer [mComponent=T2DB_DELIVERIES, mTopicName=t2db-deliveries-low, lastFlushed=1733145593455]}}}
Dec 02, 2024 6:49:55 PM com.itextos.beacon.smslog.KILog log
INFO: mKafkaProducerCollection : {t2db_deliveries~bulk={t2db-error-log-low={1=Producer [mComponent=T2DB_ERROR_LOG, mTopicName=t2db-error-log-low, lastFlushed=1733145594180]}, t2db-deliveries-low={1=Producer [mComponent=T2DB_DELIVERIES, mTopicName=t2db-deliveries-low, lastFlushed=1733145593455]}}, t2db_deliveries~trans={t2db-deliveries-low={1=Producer [mComponent=T2DB_DELIVERIES, mTopicName=t2db-deliveries-low, lastFlushed=1733145594708]}}}
Dec 02, 2024 6:49:56 PM com.itextos.beacon.smslog.KILog log
INFO: mKafkaProducerCollection : {t2db_deliveries~bulk={t2db-error-log-low={1=Producer [mComponent=T2DB_ERROR_LOG, mTopicName=t2db-error-log-low, lastFlushed=1733145596681]}, t2db-deliveries-low={1=Producer [mComponent=T2DB_DELIVERIES, mTopicName=t2db-deliveries-low, lastFlushed=1733145595956]}}, t2db_deliveries~trans={t2db-deliveries-low={1=Producer [mComponent=T2DB_DELIVERIES, mTopicName=t2db-deliveries-low, lastFlushed=1733145594708]}}}
Dec 02, 2024 6:49:57 PM com.itextos.beacon.smslog.KILog log
INFO: mKafkaProducerCollection : {t2db_deliveries~bulk={t2db-error-log-low={1=Producer [mComponent=T2DB_ERROR_LOG, mTopicName=t2db-error-log-low, lastFlushed=1733145596681]}, t2db-deliveries-low={1=Producer [mComponent=T2DB_DELIVERIES, mTopicName=t2db-deliveries-low, lastFlushed=1733145595956]}}, t2db_deliveries~trans={t2db-deliveries-low={1=Producer [mComponent=T2DB_DELIVERIES, mTopicName=t2db-deliveries-low, lastFlushed=1733145597222]}}}
Dec 02, 2024 6:49:58 PM com.itextos.beacon.smslog.KILog log
INFO: mKafkaProducerCollection : {t2db_deliveries~bulk={t2db-error-log-low={1=Producer [mComponent=T2DB_ERROR_LOG, mTopicName=t2db-error-log-low, lastFlushed=1733145596681]}, t2db-deliveries-low={1=Producer [mComponent=T2DB_DELIVERIES, mTopicName=t2db-deliveries-low, lastFlushed=1733145598457]}}, t2db_deliveries~trans={t2db-deliveries-low={1=Producer [mComponent=T2DB_DELIVERIES, mTopicName=t2db-deliveries-low, lastFlushed=1733145597222]}}}
Dec 02, 2024 6:49:59 PM com.itextos.beacon.smslog.KILog log
INFO: mKafkaProducerCollection : {t2db_deliveries~bulk={t2db-error-log-low={1=Producer [mComponent=T2DB_ERROR_LOG, mTopicName=t2db-error-log-low, lastFlushed=1733145599182]}, t2db-deliveries-low={1=Producer [mComponent=T2DB_DELIVERIES, mTopicName=t2db-deliveries-low, lastFlushed=1733145598457]}}, t2db_deliveries~trans={t2db-deliveries-low={1=Producer [mComponent=T2DB_DELIVERIES, mTopicName=t2db-deliveries-low, lastFlushed=1733145599723]}}}
Dec 02, 2024 6:50:00 PM com.itextos.beacon.smslog.KILog log
INFO: mKafkaProducerCollection : {t2db_deliveries~bulk={t2db-error-log-low={1=Producer [mComponent=T2DB_ERROR_LOG, mTopicName=t2db-error-log-low, lastFlushed=1733145599182]}, t2db-deliveries-low={1=Producer [mComponent=T2DB_DELIVERIES, mTopicName=t2db-deliveries-low, lastFlushed=1733145598457]}}, t2db_deliveries~trans={t2db-deliveries-low={1=Producer [mComponent=T2DB_DELIVERIES, mTopicName=t2db-deliveries-low, lastFlushed=1733145599723]}}}
Dec 02, 2024 6:50:01 PM com.itextos.beacon.smslog.KILog log
INFO: mKafkaProducerCollection : {t2db_deliveries~bulk={t2db-error-log-low={1=Producer [mComponent=T2DB_ERROR_LOG, mTopicName=t2db-error-log-low, lastFlushed=1733145601682]}, t2db-deliveries-low={1=Producer [mComponent=T2DB_DELIVERIES, mTopicName=t2db-deliveries-low, lastFlushed=1733145600957]}}, t2db_deliveries~trans={t2db-deliveries-low={1=Producer [mComponent=T2DB_DELIVERIES, mTopicName=t2db-deliveries-low, lastFlushed=1733145599723]}}}
Dec 02, 2024 6:50:02 PM com.itextos.beacon.smslog.KILog log
INFO: mKafkaProducerCollection : {t2db_deliveries~bulk={t2db-error-log-low={1=Producer [mComponent=T2DB_ERROR_LOG, mTopicName=t2db-error-log-low, lastFlushed=1733145601682]}, t2db-deliveries-low={1=Producer [mComponent=T2DB_DELIVERIES, mTopicName=t2db-deliveries-low, lastFlushed=1733145600957]}}, t2db_deliveries~trans={t2db-deliveries-low={1=Producer [mComponent=T2DB_DELIVERIES, mTopicName=t2db-deliveries-low, lastFlushed=1733145602224]}}}
Dec 02, 2024 6:50:03 PM com.itextos.beacon.smslog.KILog log
INFO: mKafkaProducerCollection : {t2db_deliveries~bulk={t2db-error-log-low={1=Producer [mComponent=T2DB_ERROR_LOG, mTopicName=t2db-error-log-low, lastFlushed=1733145601682]}, t2db-deliveries-low={1=Producer [mComponent=T2DB_DELIVERIES, mTopicName=t2db-deliveries-low, lastFlushed=1733145603458]}}, t2db_deliveries~trans={t2db-deliveries-low={1=Producer [mComponent=T2DB_DELIVERIES, mTopicName=t2db-deliveries-low, lastFlushed=1733145602224]}}}
Dec 02, 2024 6:50:04 PM com.itextos.beacon.smslog.KILog log
INFO: mKafkaProducerCollection : {t2db_deliveries~bulk={t2db-error-log-low={1=Producer [mComponent=T2DB_ERROR_LOG, mTopicName=t2db-error-log-low, lastFlushed=1733145604183]}, t2db-deliveries-low={1=Producer [mComponent=T2DB_DELIVERIES, mTopicName=t2db-deliveries-low, lastFlushed=1733145603458]}}, t2db_deliveries~trans={t2db-deliveries-low={1=Producer [mComponent=T2DB_DELIVERIES, mTopicName=t2db-deliveries-low, lastFlushed=1733145604725]}}}
