Nov 18, 2024 7:19:07 PM com.itextos.beacon.smslog.StartupFlowLog log
INFO: Invoking for Component 'RCH' with Startup Arguments StartupRuntimeArguments [mPlatformCluster=[], mInterfaceGroup=[], mMessageType=null, mMessagePriority=[], mClientIds=[]]
Nov 18, 2024 7:19:07 PM com.itextos.beacon.smslog.StartupFlowLog log
INFO: Processing for the cluster Type 'COMMON'
Nov 18, 2024 7:19:07 PM com.itextos.beacon.smslog.StartupFlowLog log
INFO: platformCluster : COMMON topicName : retry_carrier_handover-high
Nov 18, 2024 7:19:07 PM com.itextos.beacon.smslog.StartupFlowLog log
INFO: platformCluster :  common
Nov 18, 2024 7:19:07 PM com.itextos.beacon.smslog.StartupFlowLog log
INFO: key :  retry_carrier_handover~common~retry_carrier_handover-high
Nov 18, 2024 7:19:07 PM com.itextos.beacon.smslog.StartupFlowLog log
INFO: Creating Kafka Consumers for RCH-COMMON-retry_carrier_handover-high
Nov 18, 2024 7:19:08 PM com.itextos.beacon.smslog.StartupFlowLog log
INFO: Kafka Cluster Component map : KafkaClusterComponentMap [mComponent=RCH, mPlatformClusterType=COMMON, mKafkaProducerClusterName=trans-platform, mKafkaConsumerClusterName=trans-platform, mKafkaConsumerGroupName=group_retry_carrier_handover, mKafkaClientConsumerCount=1, mSleepTimeInMillis=100, mThreadsCount=1, mIntlThreadCount=1, mMaxProducersPerTopic=1]
Nov 18, 2024 7:19:08 PM com.itextos.beacon.smslog.StartupFlowLog log
INFO: Consumer Kafka Cluster name : 'trans-platform'
Nov 18, 2024 7:19:08 PM com.itextos.beacon.smslog.StartupFlowLog log
INFO: Kafka Cluster found : 'KafkaClusterInfo [mKafkaClusterName=trans-platform, mKafkaProducerProperties=/platform/properties/bulk/kafka-producer.properties, mKafkaConsumerProperties=/platform/properties/bulk/kafka-consumer.properties]'
Nov 18, 2024 7:19:08 PM com.itextos.beacon.smslog.StartupFlowLog log
INFO: Topic Name to use :'retry_carrier_handover-high'
Nov 18, 2024 7:19:08 PM com.itextos.beacon.smslog.StartupFlowLog log
INFO: Final Topic name to use : 'retry-carrier-handover-high'
Nov 18, 2024 7:19:08 PM com.itextos.beacon.smslog.StartupFlowLog log
INFO: Kafka Cluster Producer Properties found : '/kafka-producer.properties_do1'
Nov 18, 2024 7:19:08 PM com.itextos.beacon.smslog.StartupFlowLog log
INFO: Kafka Cluster Consumer Properties found : '/kafka-consumer.properties_do1'
Nov 18, 2024 7:19:08 PM com.itextos.beacon.smslog.StartupFlowLog log
INFO: createConsumerClients : main~retry_carrier_handover~consumer~1~null-172.21.0.2  topicName : retry-carrier-handover-high
Nov 18, 2024 7:19:08 PM com.itextos.beacon.smslog.StartupFlowLog log
INFO: clusterInMemCollection : {common={retry_carrier_handover-high=com.itextos.beacon.commonlib.kafkaservice.consumer.ConsumerInMemCollection@31fa1761}}
Nov 18, 2024 7:19:08 PM com.itextos.beacon.smslog.StartupFlowLog log
INFO: aTopicsToConsume : 'retry_carrier_handover-high
Nov 18, 2024 7:19:08 PM com.itextos.beacon.smslog.StartupFlowLog log
INFO: platformCluster : 'COMMON
Nov 18, 2024 7:19:08 PM com.itextos.beacon.smslog.StartupFlowLog log
INFO: Consumer to start for the Cluster Type Name : 'common' Cluster COMMON topics : common topicInMemCollection : {retry_carrier_handover-high=com.itextos.beacon.commonlib.kafkaservice.consumer.ConsumerInMemCollection@31fa1761}
Nov 18, 2024 7:19:08 PM com.itextos.beacon.smslog.StartupFlowLog log
INFO: createConsumerThreads : aClusterName : common aPlatformCluster :  COMMON aTopicName : retry_carrier_handover-high aClassName : com.itextos.beacon.platform.rch.processor.RetryProcessor
Nov 18, 2024 7:19:08 PM com.itextos.beacon.smslog.StartupFlowLog log
INFO: AbstractCommonComponentProcessor contsructer Entered
Nov 18, 2024 7:19:08 PM com.itextos.beacon.smslog.StartupFlowLog log
INFO: AbstractKafkaComponentProcessor contsructer Entered
Nov 18, 2024 7:19:08 PM com.itextos.beacon.smslog.StartupFlowLog log
INFO: Thread 'Thread~common~retry_carrier_handover~retry_carrier_handover-high~1'started for Component 'RCH' Cluster 'common' Actual Cluster 'COMMON' Topic name 'retry_carrier_handover-high' Thread index '1' with sleep time millis '100'
Nov 19, 2024 8:10:13 AM com.itextos.beacon.smslog.StartupFlowLog log
INFO: Invoking for Component 'RCH' with Startup Arguments StartupRuntimeArguments [mPlatformCluster=[], mInterfaceGroup=[], mMessageType=null, mMessagePriority=[], mClientIds=[]]
Nov 19, 2024 8:10:13 AM com.itextos.beacon.smslog.StartupFlowLog log
INFO: Processing for the cluster Type 'COMMON'
Nov 19, 2024 8:10:13 AM com.itextos.beacon.smslog.StartupFlowLog log
INFO: platformCluster : COMMON topicName : retry_carrier_handover-high
Nov 19, 2024 8:10:13 AM com.itextos.beacon.smslog.StartupFlowLog log
INFO: platformCluster :  common
Nov 19, 2024 8:10:13 AM com.itextos.beacon.smslog.StartupFlowLog log
INFO: key :  retry_carrier_handover~common~retry_carrier_handover-high
Nov 19, 2024 8:10:13 AM com.itextos.beacon.smslog.StartupFlowLog log
INFO: Creating Kafka Consumers for RCH-COMMON-retry_carrier_handover-high
Nov 19, 2024 8:10:14 AM com.itextos.beacon.smslog.StartupFlowLog log
INFO: Kafka Cluster Component map : KafkaClusterComponentMap [mComponent=RCH, mPlatformClusterType=COMMON, mKafkaProducerClusterName=trans-platform, mKafkaConsumerClusterName=trans-platform, mKafkaConsumerGroupName=group_retry_carrier_handover, mKafkaClientConsumerCount=1, mSleepTimeInMillis=100, mThreadsCount=1, mIntlThreadCount=1, mMaxProducersPerTopic=1]
Nov 19, 2024 8:10:14 AM com.itextos.beacon.smslog.StartupFlowLog log
INFO: Consumer Kafka Cluster name : 'trans-platform'
Nov 19, 2024 8:10:14 AM com.itextos.beacon.smslog.StartupFlowLog log
INFO: Kafka Cluster found : 'KafkaClusterInfo [mKafkaClusterName=trans-platform, mKafkaProducerProperties=/platform/properties/bulk/kafka-producer.properties, mKafkaConsumerProperties=/platform/properties/bulk/kafka-consumer.properties]'
Nov 19, 2024 8:10:14 AM com.itextos.beacon.smslog.StartupFlowLog log
INFO: Topic Name to use :'retry_carrier_handover-high'
Nov 19, 2024 8:10:14 AM com.itextos.beacon.smslog.StartupFlowLog log
INFO: Final Topic name to use : 'retry-carrier-handover-high'
Nov 19, 2024 8:10:14 AM com.itextos.beacon.smslog.StartupFlowLog log
INFO: Kafka Cluster Producer Properties found : '/kafka-producer.properties_do1'
Nov 19, 2024 8:10:14 AM com.itextos.beacon.smslog.StartupFlowLog log
INFO: Kafka Cluster Consumer Properties found : '/kafka-consumer.properties_do1'
Nov 19, 2024 8:10:14 AM com.itextos.beacon.smslog.StartupFlowLog log
INFO: createConsumerClients : main~retry_carrier_handover~consumer~1~null-172.21.0.2  topicName : retry-carrier-handover-high
Nov 19, 2024 8:10:14 AM com.itextos.beacon.smslog.StartupFlowLog log
INFO: clusterInMemCollection : {common={retry_carrier_handover-high=com.itextos.beacon.commonlib.kafkaservice.consumer.ConsumerInMemCollection@27462a88}}
Nov 19, 2024 8:10:14 AM com.itextos.beacon.smslog.StartupFlowLog log
INFO: aTopicsToConsume : 'retry_carrier_handover-high
Nov 19, 2024 8:10:14 AM com.itextos.beacon.smslog.StartupFlowLog log
INFO: platformCluster : 'COMMON
Nov 19, 2024 8:10:14 AM com.itextos.beacon.smslog.StartupFlowLog log
INFO: Consumer to start for the Cluster Type Name : 'common' Cluster COMMON topics : common topicInMemCollection : {retry_carrier_handover-high=com.itextos.beacon.commonlib.kafkaservice.consumer.ConsumerInMemCollection@27462a88}
Nov 19, 2024 8:10:14 AM com.itextos.beacon.smslog.StartupFlowLog log
INFO: createConsumerThreads : aClusterName : common aPlatformCluster :  COMMON aTopicName : retry_carrier_handover-high aClassName : com.itextos.beacon.platform.rch.processor.RetryProcessor
Nov 19, 2024 8:10:14 AM com.itextos.beacon.smslog.StartupFlowLog log
INFO: AbstractCommonComponentProcessor contsructer Entered
Nov 19, 2024 8:10:14 AM com.itextos.beacon.smslog.StartupFlowLog log
INFO: AbstractKafkaComponentProcessor contsructer Entered
Nov 19, 2024 8:10:14 AM com.itextos.beacon.smslog.StartupFlowLog log
INFO: Thread 'Thread~common~retry_carrier_handover~retry_carrier_handover-high~1'started for Component 'RCH' Cluster 'common' Actual Cluster 'COMMON' Topic name 'retry_carrier_handover-high' Thread index '1' with sleep time millis '100'
Nov 20, 2024 7:17:34 AM com.itextos.beacon.smslog.StartupFlowLog log
INFO: Invoking for Component 'RCH' with Startup Arguments StartupRuntimeArguments [mPlatformCluster=[], mInterfaceGroup=[], mMessageType=null, mMessagePriority=[], mClientIds=[]]
Nov 20, 2024 7:17:34 AM com.itextos.beacon.smslog.StartupFlowLog log
INFO: Processing for the cluster Type 'COMMON'
Nov 20, 2024 7:17:34 AM com.itextos.beacon.smslog.StartupFlowLog log
INFO: platformCluster : COMMON topicName : retry_carrier_handover-high
Nov 20, 2024 7:17:34 AM com.itextos.beacon.smslog.StartupFlowLog log
INFO: platformCluster :  common
Nov 20, 2024 7:17:34 AM com.itextos.beacon.smslog.StartupFlowLog log
INFO: key :  retry_carrier_handover~common~retry_carrier_handover-high
Nov 20, 2024 7:17:34 AM com.itextos.beacon.smslog.StartupFlowLog log
INFO: Creating Kafka Consumers for RCH-COMMON-retry_carrier_handover-high
Nov 20, 2024 7:17:35 AM com.itextos.beacon.smslog.StartupFlowLog log
INFO: Kafka Cluster Component map : KafkaClusterComponentMap [mComponent=RCH, mPlatformClusterType=COMMON, mKafkaProducerClusterName=trans-platform, mKafkaConsumerClusterName=trans-platform, mKafkaConsumerGroupName=group_retry_carrier_handover, mKafkaClientConsumerCount=1, mSleepTimeInMillis=100, mThreadsCount=1, mIntlThreadCount=1, mMaxProducersPerTopic=1]
Nov 20, 2024 7:17:35 AM com.itextos.beacon.smslog.StartupFlowLog log
INFO: Consumer Kafka Cluster name : 'trans-platform'
Nov 20, 2024 7:17:35 AM com.itextos.beacon.smslog.StartupFlowLog log
INFO: Kafka Cluster found : 'KafkaClusterInfo [mKafkaClusterName=trans-platform, mKafkaProducerProperties=/platform/properties/bulk/kafka-producer.properties, mKafkaConsumerProperties=/platform/properties/bulk/kafka-consumer.properties]'
Nov 20, 2024 7:17:35 AM com.itextos.beacon.smslog.StartupFlowLog log
INFO: Topic Name to use :'retry_carrier_handover-high'
Nov 20, 2024 7:17:35 AM com.itextos.beacon.smslog.StartupFlowLog log
INFO: Final Topic name to use : 'retry-carrier-handover-high'
Nov 20, 2024 7:17:35 AM com.itextos.beacon.smslog.StartupFlowLog log
INFO: Kafka Cluster Producer Properties found : '/kafka-producer.properties_do1'
Nov 20, 2024 7:17:35 AM com.itextos.beacon.smslog.StartupFlowLog log
INFO: Kafka Cluster Consumer Properties found : '/kafka-consumer.properties_do1'
Nov 20, 2024 7:17:35 AM com.itextos.beacon.smslog.StartupFlowLog log
INFO: createConsumerClients : main~retry_carrier_handover~consumer~1~null-172.21.0.2  topicName : retry-carrier-handover-high
Nov 20, 2024 7:17:35 AM com.itextos.beacon.smslog.StartupFlowLog log
INFO: clusterInMemCollection : {common={retry_carrier_handover-high=com.itextos.beacon.commonlib.kafkaservice.consumer.ConsumerInMemCollection@27462a88}}
Nov 20, 2024 7:17:35 AM com.itextos.beacon.smslog.StartupFlowLog log
INFO: aTopicsToConsume : 'retry_carrier_handover-high
Nov 20, 2024 7:17:35 AM com.itextos.beacon.smslog.StartupFlowLog log
INFO: platformCluster : 'COMMON
Nov 20, 2024 7:17:35 AM com.itextos.beacon.smslog.StartupFlowLog log
INFO: Consumer to start for the Cluster Type Name : 'common' Cluster COMMON topics : common topicInMemCollection : {retry_carrier_handover-high=com.itextos.beacon.commonlib.kafkaservice.consumer.ConsumerInMemCollection@27462a88}
Nov 20, 2024 7:17:35 AM com.itextos.beacon.smslog.StartupFlowLog log
INFO: createConsumerThreads : aClusterName : common aPlatformCluster :  COMMON aTopicName : retry_carrier_handover-high aClassName : com.itextos.beacon.platform.rch.processor.RetryProcessor
Nov 20, 2024 7:17:35 AM com.itextos.beacon.smslog.StartupFlowLog log
INFO: AbstractCommonComponentProcessor contsructer Entered
Nov 20, 2024 7:17:35 AM com.itextos.beacon.smslog.StartupFlowLog log
INFO: AbstractKafkaComponentProcessor contsructer Entered
Nov 20, 2024 7:17:35 AM com.itextos.beacon.smslog.StartupFlowLog log
INFO: Thread 'Thread~common~retry_carrier_handover~retry_carrier_handover-high~1'started for Component 'RCH' Cluster 'common' Actual Cluster 'COMMON' Topic name 'retry_carrier_handover-high' Thread index '1' with sleep time millis '100'
Nov 23, 2024 1:19:27 PM com.itextos.beacon.smslog.StartupFlowLog log
INFO: Invoking for Component 'RCH' with Startup Arguments StartupRuntimeArguments [mPlatformCluster=[], mInterfaceGroup=[], mMessageType=null, mMessagePriority=[], mClientIds=[]]
Nov 23, 2024 1:19:27 PM com.itextos.beacon.smslog.StartupFlowLog log
INFO: Processing for the cluster Type 'COMMON'
Nov 23, 2024 1:19:27 PM com.itextos.beacon.smslog.StartupFlowLog log
INFO: platformCluster : COMMON topicName : retry_carrier_handover-high
Nov 23, 2024 1:19:27 PM com.itextos.beacon.smslog.StartupFlowLog log
INFO: platformCluster :  common
Nov 23, 2024 1:19:27 PM com.itextos.beacon.smslog.StartupFlowLog log
INFO: key :  retry_carrier_handover~common~retry_carrier_handover-high
Nov 23, 2024 1:19:27 PM com.itextos.beacon.smslog.StartupFlowLog log
INFO: Creating Kafka Consumers for RCH-COMMON-retry_carrier_handover-high
Nov 23, 2024 1:19:28 PM com.itextos.beacon.smslog.StartupFlowLog log
INFO: Kafka Cluster Component map : KafkaClusterComponentMap [mComponent=RCH, mPlatformClusterType=COMMON, mKafkaProducerClusterName=trans-platform, mKafkaConsumerClusterName=trans-platform, mKafkaConsumerGroupName=group_retry_carrier_handover, mKafkaClientConsumerCount=1, mSleepTimeInMillis=100, mThreadsCount=1, mIntlThreadCount=1, mMaxProducersPerTopic=1]
Nov 23, 2024 1:19:28 PM com.itextos.beacon.smslog.StartupFlowLog log
INFO: Consumer Kafka Cluster name : 'trans-platform'
Nov 23, 2024 1:19:28 PM com.itextos.beacon.smslog.StartupFlowLog log
INFO: Kafka Cluster found : 'KafkaClusterInfo [mKafkaClusterName=trans-platform, mKafkaProducerProperties=/platform/properties/bulk/kafka-producer.properties, mKafkaConsumerProperties=/platform/properties/bulk/kafka-consumer.properties]'
Nov 23, 2024 1:19:28 PM com.itextos.beacon.smslog.StartupFlowLog log
INFO: Topic Name to use :'retry_carrier_handover-high'
Nov 23, 2024 1:19:28 PM com.itextos.beacon.smslog.StartupFlowLog log
INFO: Final Topic name to use : 'retry-carrier-handover-high'
Nov 23, 2024 1:19:28 PM com.itextos.beacon.smslog.StartupFlowLog log
INFO: Kafka Cluster Producer Properties found : '/kafka-producer.properties_do1'
Nov 23, 2024 1:19:28 PM com.itextos.beacon.smslog.StartupFlowLog log
INFO: Kafka Cluster Consumer Properties found : '/kafka-consumer.properties_do1'
Nov 23, 2024 1:19:28 PM com.itextos.beacon.smslog.StartupFlowLog log
INFO: createConsumerClients : main~retry_carrier_handover~consumer~1~null-172.21.0.2  topicName : retry-carrier-handover-high
Nov 23, 2024 1:19:28 PM com.itextos.beacon.smslog.StartupFlowLog log
INFO: clusterInMemCollection : {common={retry_carrier_handover-high=com.itextos.beacon.commonlib.kafkaservice.consumer.ConsumerInMemCollection@27462a88}}
Nov 23, 2024 1:19:28 PM com.itextos.beacon.smslog.StartupFlowLog log
INFO: aTopicsToConsume : 'retry_carrier_handover-high
Nov 23, 2024 1:19:28 PM com.itextos.beacon.smslog.StartupFlowLog log
INFO: platformCluster : 'COMMON
Nov 23, 2024 1:19:28 PM com.itextos.beacon.smslog.StartupFlowLog log
INFO: Consumer to start for the Cluster Type Name : 'common' Cluster COMMON topics : common topicInMemCollection : {retry_carrier_handover-high=com.itextos.beacon.commonlib.kafkaservice.consumer.ConsumerInMemCollection@27462a88}
Nov 23, 2024 1:19:28 PM com.itextos.beacon.smslog.StartupFlowLog log
INFO: createConsumerThreads : aClusterName : common aPlatformCluster :  COMMON aTopicName : retry_carrier_handover-high aClassName : com.itextos.beacon.platform.rch.processor.RetryProcessor
Nov 23, 2024 1:19:28 PM com.itextos.beacon.smslog.StartupFlowLog log
INFO: AbstractCommonComponentProcessor contsructer Entered
Nov 23, 2024 1:19:28 PM com.itextos.beacon.smslog.StartupFlowLog log
INFO: AbstractKafkaComponentProcessor contsructer Entered
Nov 23, 2024 1:19:28 PM com.itextos.beacon.smslog.StartupFlowLog log
INFO: Thread 'Thread~common~retry_carrier_handover~retry_carrier_handover-high~1'started for Component 'RCH' Cluster 'common' Actual Cluster 'COMMON' Topic name 'retry_carrier_handover-high' Thread index '1' with sleep time millis '100'
Nov 23, 2024 1:21:37 PM com.itextos.beacon.smslog.StartupFlowLog log
INFO: Invoking for Component 'RCH' with Startup Arguments StartupRuntimeArguments [mPlatformCluster=[], mInterfaceGroup=[], mMessageType=null, mMessagePriority=[], mClientIds=[]]
Nov 23, 2024 1:21:37 PM com.itextos.beacon.smslog.StartupFlowLog log
INFO: Processing for the cluster Type 'COMMON'
Nov 23, 2024 1:21:37 PM com.itextos.beacon.smslog.StartupFlowLog log
INFO: platformCluster : COMMON topicName : retry_carrier_handover-high
Nov 23, 2024 1:21:37 PM com.itextos.beacon.smslog.StartupFlowLog log
INFO: platformCluster :  common
Nov 23, 2024 1:21:37 PM com.itextos.beacon.smslog.StartupFlowLog log
INFO: key :  retry_carrier_handover~common~retry_carrier_handover-high
Nov 23, 2024 1:21:37 PM com.itextos.beacon.smslog.StartupFlowLog log
INFO: Creating Kafka Consumers for RCH-COMMON-retry_carrier_handover-high
Nov 23, 2024 1:21:38 PM com.itextos.beacon.smslog.StartupFlowLog log
INFO: Kafka Cluster Component map : KafkaClusterComponentMap [mComponent=RCH, mPlatformClusterType=COMMON, mKafkaProducerClusterName=trans-platform, mKafkaConsumerClusterName=trans-platform, mKafkaConsumerGroupName=group_retry_carrier_handover, mKafkaClientConsumerCount=1, mSleepTimeInMillis=100, mThreadsCount=1, mIntlThreadCount=1, mMaxProducersPerTopic=1]
Nov 23, 2024 1:21:38 PM com.itextos.beacon.smslog.StartupFlowLog log
INFO: Consumer Kafka Cluster name : 'trans-platform'
Nov 23, 2024 1:21:38 PM com.itextos.beacon.smslog.StartupFlowLog log
INFO: Kafka Cluster found : 'KafkaClusterInfo [mKafkaClusterName=trans-platform, mKafkaProducerProperties=/platform/properties/bulk/kafka-producer.properties, mKafkaConsumerProperties=/platform/properties/bulk/kafka-consumer.properties]'
Nov 23, 2024 1:21:38 PM com.itextos.beacon.smslog.StartupFlowLog log
INFO: Topic Name to use :'retry_carrier_handover-high'
Nov 23, 2024 1:21:38 PM com.itextos.beacon.smslog.StartupFlowLog log
INFO: Final Topic name to use : 'retry-carrier-handover-high'
Nov 23, 2024 1:21:38 PM com.itextos.beacon.smslog.StartupFlowLog log
INFO: Kafka Cluster Producer Properties found : '/kafka-producer.properties_do1'
Nov 23, 2024 1:21:38 PM com.itextos.beacon.smslog.StartupFlowLog log
INFO: Kafka Cluster Consumer Properties found : '/kafka-consumer.properties_do1'
Nov 23, 2024 1:21:38 PM com.itextos.beacon.smslog.StartupFlowLog log
INFO: createConsumerClients : main~retry_carrier_handover~consumer~1~null-172.21.0.2  topicName : retry-carrier-handover-high
Nov 23, 2024 1:21:38 PM com.itextos.beacon.smslog.StartupFlowLog log
INFO: clusterInMemCollection : {common={retry_carrier_handover-high=com.itextos.beacon.commonlib.kafkaservice.consumer.ConsumerInMemCollection@27462a88}}
Nov 23, 2024 1:21:38 PM com.itextos.beacon.smslog.StartupFlowLog log
INFO: aTopicsToConsume : 'retry_carrier_handover-high
Nov 23, 2024 1:21:38 PM com.itextos.beacon.smslog.StartupFlowLog log
INFO: platformCluster : 'COMMON
Nov 23, 2024 1:21:38 PM com.itextos.beacon.smslog.StartupFlowLog log
INFO: Consumer to start for the Cluster Type Name : 'common' Cluster COMMON topics : common topicInMemCollection : {retry_carrier_handover-high=com.itextos.beacon.commonlib.kafkaservice.consumer.ConsumerInMemCollection@27462a88}
Nov 23, 2024 1:21:38 PM com.itextos.beacon.smslog.StartupFlowLog log
INFO: createConsumerThreads : aClusterName : common aPlatformCluster :  COMMON aTopicName : retry_carrier_handover-high aClassName : com.itextos.beacon.platform.rch.processor.RetryProcessor
Nov 23, 2024 1:21:38 PM com.itextos.beacon.smslog.StartupFlowLog log
INFO: AbstractCommonComponentProcessor contsructer Entered
Nov 23, 2024 1:21:38 PM com.itextos.beacon.smslog.StartupFlowLog log
INFO: AbstractKafkaComponentProcessor contsructer Entered
Nov 23, 2024 1:21:38 PM com.itextos.beacon.smslog.StartupFlowLog log
INFO: Thread 'Thread~common~retry_carrier_handover~retry_carrier_handover-high~1'started for Component 'RCH' Cluster 'common' Actual Cluster 'COMMON' Topic name 'retry_carrier_handover-high' Thread index '1' with sleep time millis '100'
Nov 28, 2024 9:41:49 PM com.itextos.beacon.smslog.StartupFlowLog log
INFO: Invoking for Component 'RCH' with Startup Arguments StartupRuntimeArguments [mPlatformCluster=[], mInterfaceGroup=[], mMessageType=null, mMessagePriority=[], mClientIds=[]]
Nov 28, 2024 9:41:49 PM com.itextos.beacon.smslog.StartupFlowLog log
INFO: Processing for the cluster Type 'COMMON'
Nov 28, 2024 9:41:49 PM com.itextos.beacon.smslog.StartupFlowLog log
INFO: platformCluster : COMMON topicName : retry_carrier_handover-high
Nov 28, 2024 9:41:49 PM com.itextos.beacon.smslog.StartupFlowLog log
INFO: platformCluster :  common
Nov 28, 2024 9:41:49 PM com.itextos.beacon.smslog.StartupFlowLog log
INFO: key :  retry_carrier_handover~common~retry_carrier_handover-high
Nov 28, 2024 9:41:49 PM com.itextos.beacon.smslog.StartupFlowLog log
INFO: Creating Kafka Consumers for RCH-COMMON-retry_carrier_handover-high
Nov 28, 2024 9:41:50 PM com.itextos.beacon.smslog.StartupFlowLog log
INFO: Kafka Cluster Component map : KafkaClusterComponentMap [mComponent=RCH, mPlatformClusterType=COMMON, mKafkaProducerClusterName=trans-platform, mKafkaConsumerClusterName=trans-platform, mKafkaConsumerGroupName=group_retry_carrier_handover, mKafkaClientConsumerCount=3, mSleepTimeInMillis=100, mThreadsCount=1, mIntlThreadCount=1, mMaxProducersPerTopic=1]
Nov 28, 2024 9:41:50 PM com.itextos.beacon.smslog.StartupFlowLog log
INFO: Consumer Kafka Cluster name : 'trans-platform'
Nov 28, 2024 9:41:50 PM com.itextos.beacon.smslog.StartupFlowLog log
INFO: Kafka Cluster found : 'KafkaClusterInfo [mKafkaClusterName=trans-platform, mKafkaProducerProperties=/platform/properties/bulk/kafka-producer.properties, mKafkaConsumerProperties=/platform/properties/bulk/kafka-consumer.properties]'
Nov 28, 2024 9:41:50 PM com.itextos.beacon.smslog.StartupFlowLog log
INFO: Topic Name to use :'retry_carrier_handover-high'
Nov 28, 2024 9:41:50 PM com.itextos.beacon.smslog.StartupFlowLog log
INFO: Final Topic name to use : 'retry-carrier-handover-high'
Nov 28, 2024 9:41:50 PM com.itextos.beacon.smslog.StartupFlowLog log
INFO: Kafka Cluster Producer Properties found : '/kafka-producer.properties_do1'
Nov 28, 2024 9:41:50 PM com.itextos.beacon.smslog.StartupFlowLog log
INFO: Kafka Cluster Consumer Properties found : '/kafka-consumer.properties_do1'
Nov 28, 2024 9:41:51 PM com.itextos.beacon.smslog.StartupFlowLog log
INFO: createConsumerClients : main~retry_carrier_handover~consumer~1~null-172.21.0.2  topicName : retry-carrier-handover-high
Nov 28, 2024 9:41:51 PM com.itextos.beacon.smslog.StartupFlowLog log
INFO: createConsumerClients : main~retry_carrier_handover~consumer~2~null-172.21.0.2  topicName : retry-carrier-handover-high
Nov 28, 2024 9:41:51 PM com.itextos.beacon.smslog.StartupFlowLog log
INFO: createConsumerClients : main~retry_carrier_handover~consumer~3~null-172.21.0.2  topicName : retry-carrier-handover-high
Nov 28, 2024 9:41:51 PM com.itextos.beacon.smslog.StartupFlowLog log
INFO: clusterInMemCollection : {common={retry_carrier_handover-high=com.itextos.beacon.commonlib.kafkaservice.consumer.ConsumerInMemCollection@6221a451}}
Nov 28, 2024 9:41:51 PM com.itextos.beacon.smslog.StartupFlowLog log
INFO: aTopicsToConsume : 'retry_carrier_handover-high
Nov 28, 2024 9:41:51 PM com.itextos.beacon.smslog.StartupFlowLog log
INFO: platformCluster : 'COMMON
Nov 28, 2024 9:41:51 PM com.itextos.beacon.smslog.StartupFlowLog log
INFO: Consumer to start for the Cluster Type Name : 'common' Cluster COMMON topics : common topicInMemCollection : {retry_carrier_handover-high=com.itextos.beacon.commonlib.kafkaservice.consumer.ConsumerInMemCollection@6221a451}
Nov 28, 2024 9:41:51 PM com.itextos.beacon.smslog.StartupFlowLog log
INFO: createConsumerThreads : aClusterName : common aPlatformCluster :  COMMON aTopicName : retry_carrier_handover-high aClassName : com.itextos.beacon.platform.rch.processor.RetryProcessor
Nov 28, 2024 9:41:51 PM com.itextos.beacon.smslog.StartupFlowLog log
INFO: AbstractCommonComponentProcessor contsructer Entered
Nov 28, 2024 9:41:51 PM com.itextos.beacon.smslog.StartupFlowLog log
INFO: AbstractKafkaComponentProcessor contsructer Entered
Nov 28, 2024 9:41:51 PM com.itextos.beacon.smslog.StartupFlowLog log
INFO: Thread 'Thread~common~retry_carrier_handover~retry_carrier_handover-high~1'started for Component 'RCH' Cluster 'common' Actual Cluster 'COMMON' Topic name 'retry_carrier_handover-high' Thread index '1' with sleep time millis '100'
Nov 28, 2024 9:43:10 PM com.itextos.beacon.smslog.StartupFlowLog log
INFO: Invoking for Component 'RCH' with Startup Arguments StartupRuntimeArguments [mPlatformCluster=[], mInterfaceGroup=[], mMessageType=null, mMessagePriority=[], mClientIds=[]]
Nov 28, 2024 9:43:10 PM com.itextos.beacon.smslog.StartupFlowLog log
INFO: Processing for the cluster Type 'COMMON'
Nov 28, 2024 9:43:10 PM com.itextos.beacon.smslog.StartupFlowLog log
INFO: platformCluster : COMMON topicName : retry_carrier_handover-high
Nov 28, 2024 9:43:11 PM com.itextos.beacon.smslog.StartupFlowLog log
INFO: platformCluster :  common
Nov 28, 2024 9:43:11 PM com.itextos.beacon.smslog.StartupFlowLog log
INFO: key :  retry_carrier_handover~common~retry_carrier_handover-high
Nov 28, 2024 9:43:11 PM com.itextos.beacon.smslog.StartupFlowLog log
INFO: Creating Kafka Consumers for RCH-COMMON-retry_carrier_handover-high
Nov 28, 2024 9:43:12 PM com.itextos.beacon.smslog.StartupFlowLog log
INFO: Kafka Cluster Component map : KafkaClusterComponentMap [mComponent=RCH, mPlatformClusterType=COMMON, mKafkaProducerClusterName=trans-platform, mKafkaConsumerClusterName=trans-platform, mKafkaConsumerGroupName=group_retry_carrier_handover, mKafkaClientConsumerCount=3, mSleepTimeInMillis=100, mThreadsCount=1, mIntlThreadCount=1, mMaxProducersPerTopic=1]
Nov 28, 2024 9:43:12 PM com.itextos.beacon.smslog.StartupFlowLog log
INFO: Consumer Kafka Cluster name : 'trans-platform'
Nov 28, 2024 9:43:12 PM com.itextos.beacon.smslog.StartupFlowLog log
INFO: Kafka Cluster found : 'KafkaClusterInfo [mKafkaClusterName=trans-platform, mKafkaProducerProperties=/platform/properties/bulk/kafka-producer.properties, mKafkaConsumerProperties=/platform/properties/bulk/kafka-consumer.properties]'
Nov 28, 2024 9:43:12 PM com.itextos.beacon.smslog.StartupFlowLog log
INFO: Topic Name to use :'retry_carrier_handover-high'
Nov 28, 2024 9:43:12 PM com.itextos.beacon.smslog.StartupFlowLog log
INFO: Final Topic name to use : 'retry-carrier-handover-high'
Nov 28, 2024 9:43:12 PM com.itextos.beacon.smslog.StartupFlowLog log
INFO: Kafka Cluster Producer Properties found : '/kafka-producer.properties_do1'
Nov 28, 2024 9:43:12 PM com.itextos.beacon.smslog.StartupFlowLog log
INFO: Kafka Cluster Consumer Properties found : '/kafka-consumer.properties_do1'
Nov 28, 2024 9:43:13 PM com.itextos.beacon.smslog.StartupFlowLog log
INFO: createConsumerClients : main~retry_carrier_handover~consumer~1~null-172.21.0.5  topicName : retry-carrier-handover-high
Nov 28, 2024 9:43:13 PM com.itextos.beacon.smslog.StartupFlowLog log
INFO: createConsumerClients : main~retry_carrier_handover~consumer~2~null-172.21.0.5  topicName : retry-carrier-handover-high
Nov 28, 2024 9:43:13 PM com.itextos.beacon.smslog.StartupFlowLog log
INFO: createConsumerClients : main~retry_carrier_handover~consumer~3~null-172.21.0.5  topicName : retry-carrier-handover-high
Nov 28, 2024 9:43:13 PM com.itextos.beacon.smslog.StartupFlowLog log
INFO: clusterInMemCollection : {common={retry_carrier_handover-high=com.itextos.beacon.commonlib.kafkaservice.consumer.ConsumerInMemCollection@6221a451}}
Nov 28, 2024 9:43:13 PM com.itextos.beacon.smslog.StartupFlowLog log
INFO: aTopicsToConsume : 'retry_carrier_handover-high
Nov 28, 2024 9:43:13 PM com.itextos.beacon.smslog.StartupFlowLog log
INFO: platformCluster : 'COMMON
Nov 28, 2024 9:43:13 PM com.itextos.beacon.smslog.StartupFlowLog log
INFO: Consumer to start for the Cluster Type Name : 'common' Cluster COMMON topics : common topicInMemCollection : {retry_carrier_handover-high=com.itextos.beacon.commonlib.kafkaservice.consumer.ConsumerInMemCollection@6221a451}
Nov 28, 2024 9:43:13 PM com.itextos.beacon.smslog.StartupFlowLog log
INFO: createConsumerThreads : aClusterName : common aPlatformCluster :  COMMON aTopicName : retry_carrier_handover-high aClassName : com.itextos.beacon.platform.rch.processor.RetryProcessor
Nov 28, 2024 9:43:13 PM com.itextos.beacon.smslog.StartupFlowLog log
INFO: AbstractCommonComponentProcessor contsructer Entered
Nov 28, 2024 9:43:13 PM com.itextos.beacon.smslog.StartupFlowLog log
INFO: AbstractKafkaComponentProcessor contsructer Entered
Nov 28, 2024 9:43:13 PM com.itextos.beacon.smslog.StartupFlowLog log
INFO: Thread 'Thread~common~retry_carrier_handover~retry_carrier_handover-high~1'started for Component 'RCH' Cluster 'common' Actual Cluster 'COMMON' Topic name 'retry_carrier_handover-high' Thread index '1' with sleep time millis '100'
Nov 30, 2024 7:18:00 AM com.itextos.beacon.smslog.StartupFlowLog log
INFO: Invoking for Component 'RCH' with Startup Arguments StartupRuntimeArguments [mPlatformCluster=[], mInterfaceGroup=[], mMessageType=null, mMessagePriority=[], mClientIds=[]]
Nov 30, 2024 7:18:00 AM com.itextos.beacon.smslog.StartupFlowLog log
INFO: Processing for the cluster Type 'COMMON'
Nov 30, 2024 7:18:00 AM com.itextos.beacon.smslog.StartupFlowLog log
INFO: platformCluster : COMMON topicName : retry_carrier_handover-high
Nov 30, 2024 7:18:01 AM com.itextos.beacon.smslog.StartupFlowLog log
INFO: platformCluster :  common
Nov 30, 2024 7:18:01 AM com.itextos.beacon.smslog.StartupFlowLog log
INFO: key :  retry_carrier_handover~common~retry_carrier_handover-high
Nov 30, 2024 7:18:01 AM com.itextos.beacon.smslog.StartupFlowLog log
INFO: Creating Kafka Consumers for RCH-COMMON-retry_carrier_handover-high
Nov 30, 2024 7:18:02 AM com.itextos.beacon.smslog.StartupFlowLog log
INFO: Kafka Cluster Component map : KafkaClusterComponentMap [mComponent=RCH, mPlatformClusterType=COMMON, mKafkaProducerClusterName=trans-platform, mKafkaConsumerClusterName=trans-platform, mKafkaConsumerGroupName=group_retry_carrier_handover, mKafkaClientConsumerCount=5, mSleepTimeInMillis=100, mThreadsCount=1, mIntlThreadCount=1, mMaxProducersPerTopic=1]
Nov 30, 2024 7:18:02 AM com.itextos.beacon.smslog.StartupFlowLog log
INFO: Consumer Kafka Cluster name : 'trans-platform'
Nov 30, 2024 7:18:02 AM com.itextos.beacon.smslog.StartupFlowLog log
INFO: Kafka Cluster found : 'KafkaClusterInfo [mKafkaClusterName=trans-platform, mKafkaProducerProperties=/platform/properties/bulk/kafka-producer.properties, mKafkaConsumerProperties=/platform/properties/bulk/kafka-consumer.properties]'
Nov 30, 2024 7:18:02 AM com.itextos.beacon.smslog.StartupFlowLog log
INFO: Topic Name to use :'retry_carrier_handover-high'
Nov 30, 2024 7:18:02 AM com.itextos.beacon.smslog.StartupFlowLog log
INFO: Final Topic name to use : 'retry-carrier-handover-high'
Nov 30, 2024 7:18:02 AM com.itextos.beacon.smslog.StartupFlowLog log
INFO: Kafka Cluster Producer Properties found : '/kafka-producer.properties_do1'
Nov 30, 2024 7:18:02 AM com.itextos.beacon.smslog.StartupFlowLog log
INFO: Kafka Cluster Consumer Properties found : '/kafka-consumer.properties_do1'
Nov 30, 2024 7:18:02 AM com.itextos.beacon.smslog.StartupFlowLog log
INFO: createConsumerClients : main~retry_carrier_handover~consumer~1~null-172.21.0.5  topicName : retry-carrier-handover-high
Nov 30, 2024 7:18:02 AM com.itextos.beacon.smslog.StartupFlowLog log
INFO: createConsumerClients : main~retry_carrier_handover~consumer~2~null-172.21.0.5  topicName : retry-carrier-handover-high
Nov 30, 2024 7:18:02 AM com.itextos.beacon.smslog.StartupFlowLog log
INFO: createConsumerClients : main~retry_carrier_handover~consumer~3~null-172.21.0.5  topicName : retry-carrier-handover-high
Nov 30, 2024 7:18:02 AM com.itextos.beacon.smslog.StartupFlowLog log
INFO: createConsumerClients : main~retry_carrier_handover~consumer~4~null-172.21.0.5  topicName : retry-carrier-handover-high
Nov 30, 2024 7:18:02 AM com.itextos.beacon.smslog.StartupFlowLog log
INFO: createConsumerClients : main~retry_carrier_handover~consumer~5~null-172.21.0.5  topicName : retry-carrier-handover-high
Nov 30, 2024 7:18:02 AM com.itextos.beacon.smslog.StartupFlowLog log
INFO: clusterInMemCollection : {common={retry_carrier_handover-high=com.itextos.beacon.commonlib.kafkaservice.consumer.ConsumerInMemCollection@6e6f2380}}
Nov 30, 2024 7:18:02 AM com.itextos.beacon.smslog.StartupFlowLog log
INFO: aTopicsToConsume : 'retry_carrier_handover-high
Nov 30, 2024 7:18:02 AM com.itextos.beacon.smslog.StartupFlowLog log
INFO: platformCluster : 'COMMON
Nov 30, 2024 7:18:02 AM com.itextos.beacon.smslog.StartupFlowLog log
INFO: Consumer to start for the Cluster Type Name : 'common' Cluster COMMON topics : common topicInMemCollection : {retry_carrier_handover-high=com.itextos.beacon.commonlib.kafkaservice.consumer.ConsumerInMemCollection@6e6f2380}
Nov 30, 2024 7:18:02 AM com.itextos.beacon.smslog.StartupFlowLog log
INFO: createConsumerThreads : aClusterName : common aPlatformCluster :  COMMON aTopicName : retry_carrier_handover-high aClassName : com.itextos.beacon.platform.rch.processor.RetryProcessor
Nov 30, 2024 7:18:02 AM com.itextos.beacon.smslog.StartupFlowLog log
INFO: AbstractCommonComponentProcessor contsructer Entered
Nov 30, 2024 7:18:02 AM com.itextos.beacon.smslog.StartupFlowLog log
INFO: AbstractKafkaComponentProcessor contsructer Entered
Nov 30, 2024 7:18:02 AM com.itextos.beacon.smslog.StartupFlowLog log
INFO: Thread 'Thread~common~retry_carrier_handover~retry_carrier_handover-high~1'started for Component 'RCH' Cluster 'common' Actual Cluster 'COMMON' Topic name 'retry_carrier_handover-high' Thread index '1' with sleep time millis '100'
Nov 30, 2024 1:27:02 PM com.itextos.beacon.smslog.StartupFlowLog log
INFO: Invoking for Component 'RCH' with Startup Arguments StartupRuntimeArguments [mPlatformCluster=[], mInterfaceGroup=[], mMessageType=null, mMessagePriority=[], mClientIds=[]]
Nov 30, 2024 1:27:02 PM com.itextos.beacon.smslog.StartupFlowLog log
INFO: Processing for the cluster Type 'COMMON'
Nov 30, 2024 1:27:02 PM com.itextos.beacon.smslog.StartupFlowLog log
INFO: platformCluster : COMMON topicName : retry_carrier_handover-high
Nov 30, 2024 1:27:02 PM com.itextos.beacon.smslog.StartupFlowLog log
INFO: platformCluster :  common
Nov 30, 2024 1:27:02 PM com.itextos.beacon.smslog.StartupFlowLog log
INFO: key :  retry_carrier_handover~common~retry_carrier_handover-high
Nov 30, 2024 1:27:02 PM com.itextos.beacon.smslog.StartupFlowLog log
INFO: Creating Kafka Consumers for RCH-COMMON-retry_carrier_handover-high
Nov 30, 2024 1:27:03 PM com.itextos.beacon.smslog.StartupFlowLog log
INFO: Kafka Cluster Component map : KafkaClusterComponentMap [mComponent=RCH, mPlatformClusterType=COMMON, mKafkaProducerClusterName=trans-platform, mKafkaConsumerClusterName=trans-platform, mKafkaConsumerGroupName=group_retry_carrier_handover, mKafkaClientConsumerCount=5, mSleepTimeInMillis=100, mThreadsCount=1, mIntlThreadCount=1, mMaxProducersPerTopic=3]
Nov 30, 2024 1:27:03 PM com.itextos.beacon.smslog.StartupFlowLog log
INFO: Consumer Kafka Cluster name : 'trans-platform'
Nov 30, 2024 1:27:03 PM com.itextos.beacon.smslog.StartupFlowLog log
INFO: Kafka Cluster found : 'KafkaClusterInfo [mKafkaClusterName=trans-platform, mKafkaProducerProperties=/platform/properties/bulk/kafka-producer.properties, mKafkaConsumerProperties=/platform/properties/bulk/kafka-consumer.properties]'
Nov 30, 2024 1:27:03 PM com.itextos.beacon.smslog.StartupFlowLog log
INFO: Topic Name to use :'retry_carrier_handover-high'
Nov 30, 2024 1:27:03 PM com.itextos.beacon.smslog.StartupFlowLog log
INFO: Final Topic name to use : 'retry-carrier-handover-high'
Nov 30, 2024 1:27:03 PM com.itextos.beacon.smslog.StartupFlowLog log
INFO: Kafka Cluster Producer Properties found : '/kafka-producer.properties_do1'
Nov 30, 2024 1:27:03 PM com.itextos.beacon.smslog.StartupFlowLog log
INFO: Kafka Cluster Consumer Properties found : '/kafka-consumer.properties_do1'
Nov 30, 2024 1:27:04 PM com.itextos.beacon.smslog.StartupFlowLog log
INFO: createConsumerClients : main~retry_carrier_handover~consumer~1~null-172.21.0.5  topicName : retry-carrier-handover-high
Nov 30, 2024 1:27:04 PM com.itextos.beacon.smslog.StartupFlowLog log
INFO: createConsumerClients : main~retry_carrier_handover~consumer~2~null-172.21.0.5  topicName : retry-carrier-handover-high
Nov 30, 2024 1:27:04 PM com.itextos.beacon.smslog.StartupFlowLog log
INFO: createConsumerClients : main~retry_carrier_handover~consumer~3~null-172.21.0.5  topicName : retry-carrier-handover-high
Nov 30, 2024 1:27:04 PM com.itextos.beacon.smslog.StartupFlowLog log
INFO: createConsumerClients : main~retry_carrier_handover~consumer~4~null-172.21.0.5  topicName : retry-carrier-handover-high
Nov 30, 2024 1:27:04 PM com.itextos.beacon.smslog.StartupFlowLog log
INFO: createConsumerClients : main~retry_carrier_handover~consumer~5~null-172.21.0.5  topicName : retry-carrier-handover-high
Nov 30, 2024 1:27:04 PM com.itextos.beacon.smslog.StartupFlowLog log
INFO: clusterInMemCollection : {common={retry_carrier_handover-high=com.itextos.beacon.commonlib.kafkaservice.consumer.ConsumerInMemCollection@2e8c1c9b}}
Nov 30, 2024 1:27:04 PM com.itextos.beacon.smslog.StartupFlowLog log
INFO: aTopicsToConsume : 'retry_carrier_handover-high
Nov 30, 2024 1:27:04 PM com.itextos.beacon.smslog.StartupFlowLog log
INFO: platformCluster : 'COMMON
Nov 30, 2024 1:27:04 PM com.itextos.beacon.smslog.StartupFlowLog log
INFO: Consumer to start for the Cluster Type Name : 'common' Cluster COMMON topics : common topicInMemCollection : {retry_carrier_handover-high=com.itextos.beacon.commonlib.kafkaservice.consumer.ConsumerInMemCollection@2e8c1c9b}
Nov 30, 2024 1:27:04 PM com.itextos.beacon.smslog.StartupFlowLog log
INFO: createConsumerThreads : aClusterName : common aPlatformCluster :  COMMON aTopicName : retry_carrier_handover-high aClassName : com.itextos.beacon.platform.rch.processor.RetryProcessor
Nov 30, 2024 1:27:04 PM com.itextos.beacon.smslog.StartupFlowLog log
INFO: AbstractCommonComponentProcessor contsructer Entered
Nov 30, 2024 1:27:04 PM com.itextos.beacon.smslog.StartupFlowLog log
INFO: AbstractKafkaComponentProcessor contsructer Entered
Nov 30, 2024 1:27:04 PM com.itextos.beacon.smslog.StartupFlowLog log
INFO: Thread 'Thread~common~retry_carrier_handover~retry_carrier_handover-high~1'started for Component 'RCH' Cluster 'common' Actual Cluster 'COMMON' Topic name 'retry_carrier_handover-high' Thread index '1' with sleep time millis '100'
