Nov 20, 2024 6:24:52 AM com.itextos.beacon.smslog.DebugLog log
INFO: module : ksu
Nov 20, 2024 6:24:52 AM com.itextos.beacon.smslog.DebugLog log
INFO: Starting the application Kannel Status Updater
Nov 20, 2024 6:25:49 AM com.itextos.beacon.smslog.DebugLog log
INFO: module : ksu
Nov 20, 2024 6:25:49 AM com.itextos.beacon.smslog.DebugLog log
INFO: Starting the application Kannel Status Updater
Nov 20, 2024 6:38:08 AM com.itextos.beacon.smslog.DebugLog log
INFO: module : ksu
Nov 20, 2024 6:38:08 AM com.itextos.beacon.smslog.DebugLog log
INFO: Starting the application Kannel Status Updater
Nov 20, 2024 7:15:28 AM com.itextos.beacon.smslog.DebugLog log
INFO: module : smppconcatehandover
Nov 20, 2024 7:15:28 AM com.itextos.beacon.smslog.DebugLog log
INFO: Concate Handover Start
Nov 23, 2024 1:19:17 PM com.itextos.beacon.smslog.DebugLog log
INFO: module : smppconcatehandover
Nov 23, 2024 1:19:17 PM com.itextos.beacon.smslog.DebugLog log
INFO: Concate Handover Start
Nov 23, 2024 1:21:27 PM com.itextos.beacon.smslog.DebugLog log
INFO: module : smppconcatehandover
Nov 23, 2024 1:21:27 PM com.itextos.beacon.smslog.DebugLog log
INFO: Concate Handover Start
Nov 28, 2024 9:41:40 PM com.itextos.beacon.smslog.DebugLog log
INFO: module : smppconcatehandover
Nov 28, 2024 9:41:40 PM com.itextos.beacon.smslog.DebugLog log
INFO: Concate Handover Start
Nov 28, 2024 9:43:09 PM com.itextos.beacon.smslog.DebugLog log
INFO: module : smppconcatehandover
Nov 28, 2024 9:43:09 PM com.itextos.beacon.smslog.DebugLog log
INFO: Concate Handover Start
Nov 30, 2024 7:17:51 AM com.itextos.beacon.smslog.DebugLog log
INFO: module : smppconcatehandover
Nov 30, 2024 7:17:52 AM com.itextos.beacon.smslog.DebugLog log
INFO: Concate Handover Start
Nov 30, 2024 1:26:53 PM com.itextos.beacon.smslog.DebugLog log
INFO: module : smppconcatehandover
Nov 30, 2024 1:26:53 PM com.itextos.beacon.smslog.DebugLog log
INFO: Concate Handover Start
