Dec 04, 2024 11:52:09 AM com.itextos.beacon.smslog.ExecutorLog1 log
INFO: [GENERAL] [t_TimerThread-APPLICATION_CONFIG]: t_TimerThread-APPLICATION_CONFIG : goto sleep for the milli second  : 6000
Dec 04, 2024 11:52:15 AM com.itextos.beacon.smslog.ExecutorLog1 log
INFO: [GENERAL] [t_TimerThread-APPLICATION_CONFIG]: t_TimerThread-APPLICATION_CONFIG : Wed Dec 04 11:52:15 IST 2024
Dec 04, 2024 11:52:15 AM com.itextos.beacon.smslog.ExecutorLog1 log
INFO: [GENERAL] [t_TimerThread-APPLICATION_CONFIG]: t_TimerThread-APPLICATION_CONFIG : goto sleep for the milli second  : 6000
Dec 04, 2024 11:52:20 AM com.itextos.beacon.smslog.ExecutorLog1 log
INFO: [GENERAL] [t_FallbackTableReader]: t_FallbackTableReader : Wed Dec 04 11:52:20 IST 2024
Dec 04, 2024 11:52:20 AM com.itextos.beacon.smslog.ExecutorLog1 log
INFO: [GENERAL] [t_FallbackTableReader]: t_FallbackTableReader : goto sleep for the milli second  : 30000
Dec 04, 2024 11:52:21 AM com.itextos.beacon.smslog.ExecutorLog1 log
INFO: [GENERAL] [t_TimerThread-APPLICATION_CONFIG]: t_TimerThread-APPLICATION_CONFIG : Wed Dec 04 11:52:21 IST 2024
Dec 04, 2024 11:52:21 AM com.itextos.beacon.smslog.ExecutorLog1 log
INFO: [GENERAL] [t_TimerThread-APPLICATION_CONFIG]: t_TimerThread-APPLICATION_CONFIG : goto sleep for the milli second  : 6000
Dec 04, 2024 11:52:27 AM com.itextos.beacon.smslog.ExecutorLog1 log
INFO: [GENERAL] [t_TimerThread-APPLICATION_CONFIG]: t_TimerThread-APPLICATION_CONFIG : Wed Dec 04 11:52:27 IST 2024
Dec 04, 2024 11:52:27 AM com.itextos.beacon.smslog.ExecutorLog1 log
INFO: [GENERAL] [t_TimerThread-APPLICATION_CONFIG]: t_TimerThread-APPLICATION_CONFIG : goto sleep for the milli second  : 6000
Dec 04, 2024 11:52:33 AM com.itextos.beacon.smslog.ExecutorLog1 log
INFO: [GENERAL] [t_TimerThread-APPLICATION_CONFIG]: t_TimerThread-APPLICATION_CONFIG : Wed Dec 04 11:52:33 IST 2024
Dec 04, 2024 11:52:33 AM com.itextos.beacon.smslog.ExecutorLog1 log
INFO: [GENERAL] [t_TimerThread-APPLICATION_CONFIG]: t_TimerThread-APPLICATION_CONFIG : goto sleep for the milli second  : 6000
Dec 04, 2024 11:52:39 AM com.itextos.beacon.smslog.ExecutorLog1 log
INFO: [GENERAL] [t_TimerThread-APPLICATION_CONFIG]: t_TimerThread-APPLICATION_CONFIG : Wed Dec 04 11:52:39 IST 2024
Dec 04, 2024 11:52:39 AM com.itextos.beacon.smslog.ExecutorLog1 log
INFO: [GENERAL] [t_TimerThread-APPLICATION_CONFIG]: t_TimerThread-APPLICATION_CONFIG : goto sleep for the milli second  : 6000
Dec 04, 2024 11:52:45 AM com.itextos.beacon.smslog.ExecutorLog1 log
INFO: [GENERAL] [t_TimerThread-APPLICATION_CONFIG]: t_TimerThread-APPLICATION_CONFIG : Wed Dec 04 11:52:45 IST 2024
Dec 04, 2024 11:52:45 AM com.itextos.beacon.smslog.ExecutorLog1 log
INFO: [GENERAL] [t_TimerThread-APPLICATION_CONFIG]: t_TimerThread-APPLICATION_CONFIG : goto sleep for the milli second  : 6000
Dec 04, 2024 11:52:50 AM com.itextos.beacon.smslog.ExecutorLog1 log
INFO: [GENERAL] [t_FallbackTableReader]: t_FallbackTableReader : Wed Dec 04 11:52:50 IST 2024
Dec 04, 2024 11:52:50 AM com.itextos.beacon.smslog.ExecutorLog1 log
INFO: [GENERAL] [t_FallbackTableReader]: t_FallbackTableReader : goto sleep for the milli second  : 30000
Dec 04, 2024 11:52:51 AM com.itextos.beacon.smslog.ExecutorLog1 log
INFO: [GENERAL] [t_TimerThread-APPLICATION_CONFIG]: t_TimerThread-APPLICATION_CONFIG : Wed Dec 04 11:52:51 IST 2024
Dec 04, 2024 11:52:51 AM com.itextos.beacon.smslog.ExecutorLog1 log
INFO: [GENERAL] [t_TimerThread-APPLICATION_CONFIG]: t_TimerThread-APPLICATION_CONFIG : goto sleep for the milli second  : 6000
