Nov 20, 2024 10:04:20 AM com.itextos.beacon.smslog.ExecutorLog1 log
INFO: [GENERAL] [t_T2DbTableWrapper : t2db_deliveries]: t_T2DbTableWrapper : t2db_deliveries : Wed Nov 20 10:04:20 IST 2024
Nov 20, 2024 10:04:20 AM com.itextos.beacon.smslog.ExecutorLog1 log
INFO: [GENERAL] [t_T2DbTableWrapper : t2db_deliveries]: t_T2DbTableWrapper : t2db_deliveries : goto sleep for the milli second  : 1000
Nov 20, 2024 10:04:21 AM com.itextos.beacon.smslog.ExecutorLog1 log
INFO: [GENERAL] [t_PartitionInfoCollection]: t_PartitionInfoCollection : Wed Nov 20 10:04:21 IST 2024
Nov 20, 2024 10:04:21 AM com.itextos.beacon.smslog.ExecutorLog1 log
INFO: [GENERAL] [t_PartitionInfoCollection]: t_PartitionInfoCollection : goto sleep for the milli second  : 5000
Nov 20, 2024 10:04:21 AM com.itextos.beacon.smslog.ExecutorLog1 log
INFO: [GENERAL] [t_T2DbTableWrapper : t2db_deliveries]: t_T2DbTableWrapper : t2db_deliveries : Wed Nov 20 10:04:21 IST 2024
Nov 20, 2024 10:04:21 AM com.itextos.beacon.smslog.ExecutorLog1 log
INFO: [GENERAL] [t_T2DbTableWrapper : t2db_deliveries]: t_T2DbTableWrapper : t2db_deliveries : goto sleep for the milli second  : 1000
Nov 20, 2024 10:04:22 AM com.itextos.beacon.smslog.ExecutorLog1 log
INFO: [GENERAL] [t_T2DbTableWrapper : t2db_deliveries]: t_T2DbTableWrapper : t2db_deliveries : Wed Nov 20 10:04:22 IST 2024
Nov 20, 2024 10:04:22 AM com.itextos.beacon.smslog.ExecutorLog1 log
INFO: [GENERAL] [t_T2DbTableWrapper : t2db_deliveries]: t_T2DbTableWrapper : t2db_deliveries : goto sleep for the milli second  : 1000
Nov 20, 2024 10:04:23 AM com.itextos.beacon.smslog.ExecutorLog1 log
INFO: [GENERAL] [t_T2DbTableWrapper : t2db_deliveries]: t_T2DbTableWrapper : t2db_deliveries : Wed Nov 20 10:04:23 IST 2024
Nov 20, 2024 10:04:23 AM com.itextos.beacon.smslog.ExecutorLog1 log
INFO: [GENERAL] [t_T2DbTableWrapper : t2db_deliveries]: t_T2DbTableWrapper : t2db_deliveries : goto sleep for the milli second  : 1000
Nov 20, 2024 10:04:24 AM com.itextos.beacon.smslog.ExecutorLog1 log
INFO: [GENERAL] [t_T2DbTableWrapper : t2db_deliveries]: t_T2DbTableWrapper : t2db_deliveries : Wed Nov 20 10:04:24 IST 2024
Nov 20, 2024 10:04:24 AM com.itextos.beacon.smslog.ExecutorLog1 log
INFO: [GENERAL] [t_T2DbTableWrapper : t2db_deliveries]: t_T2DbTableWrapper : t2db_deliveries : goto sleep for the milli second  : 1000
Nov 20, 2024 10:04:24 AM com.itextos.beacon.smslog.ExecutorLog1 log
INFO: [GENERAL] [t_KafkaCustomPropertiesReload]: t_KafkaCustomPropertiesReload : Wed Nov 20 10:04:24 IST 2024
Nov 20, 2024 10:04:24 AM com.itextos.beacon.smslog.ExecutorLog1 log
INFO: [GENERAL] [t_KafkaCustomPropertiesReload]: t_KafkaCustomPropertiesReload : goto sleep for the milli second  : 30000
Nov 20, 2024 10:04:25 AM com.itextos.beacon.smslog.ExecutorLog1 log
INFO: [GENERAL] [t_TimerThread-TABLE_INSERTER_INFO]: t_TimerThread-TABLE_INSERTER_INFO : Wed Nov 20 10:04:25 IST 2024
Nov 20, 2024 10:04:25 AM com.itextos.beacon.smslog.ExecutorLog1 log
INFO: [GENERAL] [t_TimerThread-TABLE_INSERTER_INFO]: t_TimerThread-TABLE_INSERTER_INFO : goto sleep for the milli second  : 30000
Nov 20, 2024 10:04:25 AM com.itextos.beacon.smslog.ExecutorLog1 log
INFO: [GENERAL] [t_T2DbTableWrapper : t2db_deliveries]: t_T2DbTableWrapper : t2db_deliveries : Wed Nov 20 10:04:25 IST 2024
Nov 20, 2024 10:04:25 AM com.itextos.beacon.smslog.ExecutorLog1 log
INFO: [GENERAL] [t_T2DbTableWrapper : t2db_deliveries]: t_T2DbTableWrapper : t2db_deliveries : goto sleep for the milli second  : 1000
