Nov 20, 2024 9:46:57 AM com.itextos.beacon.smslog.DebugLog log
INFO: module : subt2tb
Nov 20, 2024 9:46:57 AM com.itextos.beacon.smslog.DebugLog log
INFO: Invoking for Component 'T2DB_SUBMISSION' with Startup Arguments StartupRuntimeArguments [mPlatformCluster=[], mInterfaceGroup=[], mMessageType=null, mMessagePriority=[], mClientIds=[]]
Nov 20, 2024 9:48:30 AM com.itextos.beacon.smslog.DebugLog log
INFO: module : subt2tb
Nov 20, 2024 9:48:30 AM com.itextos.beacon.smslog.DebugLog log
INFO: Invoking for Component 'T2DB_SUBMISSION' with Startup Arguments StartupRuntimeArguments [mPlatformCluster=[], mInterfaceGroup=[], mMessageType=null, mMessagePriority=[], mClientIds=[]]
Nov 20, 2024 9:49:52 AM com.itextos.beacon.smslog.DebugLog log
INFO: module : dnt2tb
Nov 20, 2024 9:49:52 AM com.itextos.beacon.smslog.DebugLog log
INFO: Invoking for Component 'T2DB_DELIVERIES' with Startup Arguments StartupRuntimeArguments [mPlatformCluster=[], mInterfaceGroup=[], mMessageType=null, mMessagePriority=[], mClientIds=[]]
Nov 20, 2024 10:06:33 AM com.itextos.beacon.smslog.DebugLog log
INFO: module : dnp
Nov 20, 2024 10:06:33 AM com.itextos.beacon.smslog.DebugLog log
INFO: Invoking for Component 'DNP' with Startup Arguments StartupRuntimeArguments [mPlatformCluster=[], mInterfaceGroup=[], mMessageType=null, mMessagePriority=[], mClientIds=[]]
Nov 20, 2024 10:06:36 AM com.itextos.beacon.smslog.DebugLog log
INFO: Invoking for Component 'ADNP' with Startup Arguments StartupRuntimeArguments [mPlatformCluster=[], mInterfaceGroup=[], mMessageType=null, mMessagePriority=[], mClientIds=[]]
Nov 20, 2024 10:06:36 AM com.itextos.beacon.smslog.DebugLog log
INFO: Invoking for Component 'SDNP' with Startup Arguments StartupRuntimeArguments [mPlatformCluster=[], mInterfaceGroup=[], mMessageType=null, mMessagePriority=[], mClientIds=[]]
Nov 23, 2024 1:06:49 PM com.itextos.beacon.smslog.DebugLog log
INFO: module : dnp
Nov 23, 2024 1:06:49 PM com.itextos.beacon.smslog.DebugLog log
INFO: Invoking for Component 'DNP' with Startup Arguments StartupRuntimeArguments [mPlatformCluster=[], mInterfaceGroup=[], mMessageType=null, mMessagePriority=[], mClientIds=[]]
Nov 23, 2024 1:06:53 PM com.itextos.beacon.smslog.DebugLog log
INFO: Invoking for Component 'ADNP' with Startup Arguments StartupRuntimeArguments [mPlatformCluster=[], mInterfaceGroup=[], mMessageType=null, mMessagePriority=[], mClientIds=[]]
Nov 23, 2024 1:06:53 PM com.itextos.beacon.smslog.DebugLog log
INFO: Invoking for Component 'SDNP' with Startup Arguments StartupRuntimeArguments [mPlatformCluster=[], mInterfaceGroup=[], mMessageType=null, mMessagePriority=[], mClientIds=[]]
Nov 28, 2024 9:30:14 PM com.itextos.beacon.smslog.DebugLog log
INFO: module : dnp
Nov 28, 2024 9:30:14 PM com.itextos.beacon.smslog.DebugLog log
INFO: Invoking for Component 'DNP' with Startup Arguments StartupRuntimeArguments [mPlatformCluster=[], mInterfaceGroup=[], mMessageType=null, mMessagePriority=[], mClientIds=[]]
Nov 28, 2024 9:30:18 PM com.itextos.beacon.smslog.DebugLog log
INFO: Invoking for Component 'ADNP' with Startup Arguments StartupRuntimeArguments [mPlatformCluster=[], mInterfaceGroup=[], mMessageType=null, mMessagePriority=[], mClientIds=[]]
Nov 28, 2024 9:30:19 PM com.itextos.beacon.smslog.DebugLog log
INFO: Invoking for Component 'SDNP' with Startup Arguments StartupRuntimeArguments [mPlatformCluster=[], mInterfaceGroup=[], mMessageType=null, mMessagePriority=[], mClientIds=[]]
Nov 28, 2024 9:33:49 PM com.itextos.beacon.smslog.DebugLog log
INFO: module : dnp
Nov 28, 2024 9:33:49 PM com.itextos.beacon.smslog.DebugLog log
INFO: Invoking for Component 'DNP' with Startup Arguments StartupRuntimeArguments [mPlatformCluster=[], mInterfaceGroup=[], mMessageType=null, mMessagePriority=[], mClientIds=[]]
Nov 28, 2024 9:33:59 PM com.itextos.beacon.smslog.DebugLog log
INFO: Invoking for Component 'ADNP' with Startup Arguments StartupRuntimeArguments [mPlatformCluster=[], mInterfaceGroup=[], mMessageType=null, mMessagePriority=[], mClientIds=[]]
Nov 28, 2024 9:34:00 PM com.itextos.beacon.smslog.DebugLog log
INFO: Invoking for Component 'SDNP' with Startup Arguments StartupRuntimeArguments [mPlatformCluster=[], mInterfaceGroup=[], mMessageType=null, mMessagePriority=[], mClientIds=[]]
Nov 30, 2024 7:13:52 AM com.itextos.beacon.smslog.DebugLog log
INFO: module : dnp
Nov 30, 2024 7:13:52 AM com.itextos.beacon.smslog.DebugLog log
INFO: Invoking for Component 'DNP' with Startup Arguments StartupRuntimeArguments [mPlatformCluster=[], mInterfaceGroup=[], mMessageType=null, mMessagePriority=[], mClientIds=[]]
Nov 30, 2024 7:13:56 AM com.itextos.beacon.smslog.DebugLog log
INFO: Invoking for Component 'ADNP' with Startup Arguments StartupRuntimeArguments [mPlatformCluster=[], mInterfaceGroup=[], mMessageType=null, mMessagePriority=[], mClientIds=[]]
Nov 30, 2024 7:13:56 AM com.itextos.beacon.smslog.DebugLog log
INFO: Invoking for Component 'SDNP' with Startup Arguments StartupRuntimeArguments [mPlatformCluster=[], mInterfaceGroup=[], mMessageType=null, mMessagePriority=[], mClientIds=[]]
Nov 30, 2024 1:24:44 PM com.itextos.beacon.smslog.DebugLog log
INFO: module : dnp
Nov 30, 2024 1:24:45 PM com.itextos.beacon.smslog.DebugLog log
INFO: Invoking for Component 'DNP' with Startup Arguments StartupRuntimeArguments [mPlatformCluster=[], mInterfaceGroup=[], mMessageType=null, mMessagePriority=[], mClientIds=[]]
Nov 30, 2024 1:24:48 PM com.itextos.beacon.smslog.DebugLog log
INFO: Invoking for Component 'ADNP' with Startup Arguments StartupRuntimeArguments [mPlatformCluster=[], mInterfaceGroup=[], mMessageType=null, mMessagePriority=[], mClientIds=[]]
Nov 30, 2024 1:24:49 PM com.itextos.beacon.smslog.DebugLog log
INFO: Invoking for Component 'SDNP' with Startup Arguments StartupRuntimeArguments [mPlatformCluster=[], mInterfaceGroup=[], mMessageType=null, mMessagePriority=[], mClientIds=[]]
