Nov 23, 2024 1:07:46 PM com.itextos.beacon.smslog.ConsumerLog log
INFO:  : Topic Name Topic Name : 't2db-client-handover-log-high-1, Consumer InMem Collection Size >>>>>>>> 0
Nov 23, 2024 1:07:46 PM com.itextos.beacon.smslog.ConsumerLog log
INFO:  : Topic Name Topic Name : 't2db-client-handover-log-high-1, Consumer InMem Collection Size >>>>>>>> 0
Nov 23, 2024 1:07:46 PM com.itextos.beacon.smslog.ConsumerLog log
INFO:  : Topic Name Topic Name : 't2db-client-handover-retry-data-high-1, Consumer InMem Collection Size >>>>>>>> 0
Nov 23, 2024 1:07:46 PM com.itextos.beacon.smslog.ConsumerLog log
INFO:  : Topic Name Topic Name : 't2db-client-handover-retry-data-high-1, Consumer InMem Collection Size >>>>>>>> 0
Nov 23, 2024 1:07:47 PM com.itextos.beacon.smslog.ConsumerLog log
INFO:  : Topic Name Topic Name : 't2db-client-handover-master-log-high-1, Consumer InMem Collection Size >>>>>>>> 0
Nov 23, 2024 1:07:47 PM com.itextos.beacon.smslog.ConsumerLog log
INFO:  : Topic Name Topic Name : 't2db-client-handover-master-log-high-1, Consumer InMem Collection Size >>>>>>>> 0
Nov 27, 2024 10:11:26 AM com.itextos.beacon.smslog.ConsumerLog log
INFO:  : Topic Name Topic Name : 't2db-client-handover-log-high-1, Consumer InMem Collection Size >>>>>>>> 0
Nov 27, 2024 10:11:26 AM com.itextos.beacon.smslog.ConsumerLog log
INFO:  : Topic Name Topic Name : 't2db-client-handover-log-high-1, Consumer InMem Collection Size >>>>>>>> 0
Nov 28, 2024 9:31:18 PM com.itextos.beacon.smslog.ConsumerLog log
INFO:  : Topic Name Topic Name : 't2db-client-handover-log-high-1, Consumer InMem Collection Size >>>>>>>> 0
Nov 28, 2024 9:31:18 PM com.itextos.beacon.smslog.ConsumerLog log
INFO:  : Topic Name Topic Name : 't2db-client-handover-log-high-1, Consumer InMem Collection Size >>>>>>>> 0
Nov 28, 2024 9:31:20 PM com.itextos.beacon.smslog.ConsumerLog log
INFO:  : Topic Name Topic Name : 't2db-client-handover-master-log-high-1, Consumer InMem Collection Size >>>>>>>> 0
Nov 28, 2024 9:31:20 PM com.itextos.beacon.smslog.ConsumerLog log
INFO:  : Topic Name Topic Name : 't2db-client-handover-master-log-high-1, Consumer InMem Collection Size >>>>>>>> 0
Nov 28, 2024 9:31:21 PM com.itextos.beacon.smslog.ConsumerLog log
INFO:  : Topic Name Topic Name : 't2db-client-handover-retry-data-high-1, Consumer InMem Collection Size >>>>>>>> 0
Nov 28, 2024 9:31:21 PM com.itextos.beacon.smslog.ConsumerLog log
INFO:  : Topic Name Topic Name : 't2db-client-handover-retry-data-high-1, Consumer InMem Collection Size >>>>>>>> 0
Nov 28, 2024 9:33:00 PM com.itextos.beacon.smslog.ConsumerLog log
INFO:  : Topic Name Topic Name : 't2db-client-handover-retry-data-high-2, Consumer InMem Collection Size >>>>>>>> 0
Nov 28, 2024 9:33:00 PM com.itextos.beacon.smslog.ConsumerLog log
INFO:  : Topic Name Topic Name : 't2db-client-handover-retry-data-high-1, Consumer InMem Collection Size >>>>>>>> 0
Nov 28, 2024 9:33:00 PM com.itextos.beacon.smslog.ConsumerLog log
INFO:  : Topic Name Topic Name : 't2db-client-handover-retry-data-high-3, Consumer InMem Collection Size >>>>>>>> 0
Nov 28, 2024 9:33:00 PM com.itextos.beacon.smslog.ConsumerLog log
INFO:  : Topic Name Topic Name : 't2db-client-handover-retry-data-high-2, Consumer InMem Collection Size >>>>>>>> 0
Nov 28, 2024 9:33:00 PM com.itextos.beacon.smslog.ConsumerLog log
INFO:  : Topic Name Topic Name : 't2db-client-handover-retry-data-high-3, Consumer InMem Collection Size >>>>>>>> 0
Nov 28, 2024 9:33:00 PM com.itextos.beacon.smslog.ConsumerLog log
INFO:  : Topic Name Topic Name : 't2db-client-handover-retry-data-high-3, Consumer InMem Collection Size >>>>>>>> 0
Nov 28, 2024 9:33:00 PM com.itextos.beacon.smslog.ConsumerLog log
INFO:  : Topic Name Topic Name : 't2db-client-handover-retry-data-high-2, Consumer InMem Collection Size >>>>>>>> 0
Nov 28, 2024 9:33:00 PM com.itextos.beacon.smslog.ConsumerLog log
INFO:  : Topic Name Topic Name : 't2db-client-handover-retry-data-high-3, Consumer InMem Collection Size >>>>>>>> 0
Nov 28, 2024 9:33:00 PM com.itextos.beacon.smslog.ConsumerLog log
INFO:  : Topic Name Topic Name : 't2db-client-handover-retry-data-high-3, Consumer InMem Collection Size >>>>>>>> 0
Nov 28, 2024 9:33:00 PM com.itextos.beacon.smslog.ConsumerLog log
INFO:  : Topic Name Topic Name : 't2db-client-handover-log-high-1, Consumer InMem Collection Size >>>>>>>> 0
Nov 28, 2024 9:33:00 PM com.itextos.beacon.smslog.ConsumerLog log
INFO:  : Topic Name Topic Name : 't2db-client-handover-retry-data-high-1, Consumer InMem Collection Size >>>>>>>> 0
Nov 28, 2024 9:33:00 PM com.itextos.beacon.smslog.ConsumerLog log
INFO:  : Topic Name Topic Name : 't2db-client-handover-retry-data-high-2, Consumer InMem Collection Size >>>>>>>> 0
Nov 28, 2024 9:33:00 PM com.itextos.beacon.smslog.ConsumerLog log
INFO:  : Topic Name Topic Name : 't2db-client-handover-retry-data-high-1, Consumer InMem Collection Size >>>>>>>> 0
Nov 28, 2024 9:33:00 PM com.itextos.beacon.smslog.ConsumerLog log
INFO:  : Topic Name Topic Name : 't2db-client-handover-retry-data-high-2, Consumer InMem Collection Size >>>>>>>> 0
Nov 28, 2024 9:33:00 PM com.itextos.beacon.smslog.ConsumerLog log
INFO:  : Topic Name Topic Name : 't2db-client-handover-log-high-1, Consumer InMem Collection Size >>>>>>>> 0
Nov 28, 2024 9:33:00 PM com.itextos.beacon.smslog.ConsumerLog log
INFO:  : Topic Name Topic Name : 't2db-client-handover-log-high-1, Consumer InMem Collection Size >>>>>>>> 0
Nov 28, 2024 9:33:00 PM com.itextos.beacon.smslog.ConsumerLog log
INFO:  : Topic Name Topic Name : 't2db-client-handover-log-high-3, Consumer InMem Collection Size >>>>>>>> 0
Nov 28, 2024 9:33:00 PM com.itextos.beacon.smslog.ConsumerLog log
INFO:  : Topic Name Topic Name : 't2db-client-handover-log-high-3, Consumer InMem Collection Size >>>>>>>> 0
Nov 28, 2024 9:33:00 PM com.itextos.beacon.smslog.ConsumerLog log
INFO:  : Topic Name Topic Name : 't2db-client-handover-log-high-3, Consumer InMem Collection Size >>>>>>>> 0
Nov 28, 2024 9:33:00 PM com.itextos.beacon.smslog.ConsumerLog log
INFO:  : Topic Name Topic Name : 't2db-client-handover-log-high-3, Consumer InMem Collection Size >>>>>>>> 0
Nov 28, 2024 9:33:00 PM com.itextos.beacon.smslog.ConsumerLog log
INFO:  : Topic Name Topic Name : 't2db-client-handover-log-high-3, Consumer InMem Collection Size >>>>>>>> 0
Nov 28, 2024 9:33:00 PM com.itextos.beacon.smslog.ConsumerLog log
INFO:  : Topic Name Topic Name : 't2db-client-handover-master-log-high-3, Consumer InMem Collection Size >>>>>>>> 0
Nov 28, 2024 9:33:00 PM com.itextos.beacon.smslog.ConsumerLog log
INFO:  : Topic Name Topic Name : 't2db-client-handover-master-log-high-3, Consumer InMem Collection Size >>>>>>>> 0
Nov 28, 2024 9:33:00 PM com.itextos.beacon.smslog.ConsumerLog log
INFO:  : Topic Name Topic Name : 't2db-client-handover-master-log-high-3, Consumer InMem Collection Size >>>>>>>> 0
Nov 28, 2024 9:33:00 PM com.itextos.beacon.smslog.ConsumerLog log
INFO:  : Topic Name Topic Name : 't2db-client-handover-log-high-1, Consumer InMem Collection Size >>>>>>>> 0
Nov 28, 2024 9:33:00 PM com.itextos.beacon.smslog.ConsumerLog log
INFO:  isCompletelyStopped : true
Nov 28, 2024 9:33:00 PM com.itextos.beacon.smslog.ConsumerLog log
INFO:  : Topic Name Topic Name : 't2db-client-handover-master-log-high-2, Consumer InMem Collection Size >>>>>>>> 0
Nov 28, 2024 9:33:00 PM com.itextos.beacon.smslog.ConsumerLog log
INFO:  : Topic Name Topic Name : 't2db-client-handover-log-high-1, Consumer InMem Collection Size >>>>>>>> 0
Nov 28, 2024 9:33:00 PM com.itextos.beacon.smslog.ConsumerLog log
INFO:  isCompletelyStopped : true
Nov 28, 2024 9:33:00 PM com.itextos.beacon.smslog.ConsumerLog log
INFO:  : Topic Name Topic Name : 't2db-client-handover-master-log-high-1, Consumer InMem Collection Size >>>>>>>> 0
Nov 28, 2024 9:33:00 PM com.itextos.beacon.smslog.ConsumerLog log
INFO:  : Topic Name Topic Name : 't2db-client-handover-log-high-2, Consumer InMem Collection Size >>>>>>>> 0
Nov 28, 2024 9:33:00 PM com.itextos.beacon.smslog.ConsumerLog log
INFO:  : Topic Name Topic Name : 't2db-client-handover-master-log-high-2, Consumer InMem Collection Size >>>>>>>> 0
Nov 28, 2024 9:33:00 PM com.itextos.beacon.smslog.ConsumerLog log
INFO:  : Topic Name Topic Name : 't2db-client-handover-master-log-high-2, Consumer InMem Collection Size >>>>>>>> 0
Nov 28, 2024 9:33:00 PM com.itextos.beacon.smslog.ConsumerLog log
INFO:  isCompletelyStopped : true
Nov 28, 2024 9:33:00 PM com.itextos.beacon.smslog.ConsumerLog log
INFO:  : Topic Name Topic Name : 't2db-client-handover-master-log-high-3, Consumer InMem Collection Size >>>>>>>> 0
Nov 28, 2024 9:33:00 PM com.itextos.beacon.smslog.ConsumerLog log
INFO:  : Topic Name Topic Name : 't2db-client-handover-log-high-2, Consumer InMem Collection Size >>>>>>>> 0
Nov 28, 2024 9:33:00 PM com.itextos.beacon.smslog.ConsumerLog log
INFO:  : Topic Name Topic Name : 't2db-client-handover-retry-data-high-1, Consumer InMem Collection Size >>>>>>>> 0
Nov 28, 2024 9:33:00 PM com.itextos.beacon.smslog.ConsumerLog log
INFO:  : Topic Name Topic Name : 't2db-client-handover-master-log-high-3, Consumer InMem Collection Size >>>>>>>> 0
Nov 28, 2024 9:33:00 PM com.itextos.beacon.smslog.ConsumerLog log
INFO:  : Topic Name Topic Name : 't2db-client-handover-log-high-2, Consumer InMem Collection Size >>>>>>>> 0
Nov 28, 2024 9:33:00 PM com.itextos.beacon.smslog.ConsumerLog log
INFO:  : Topic Name Topic Name : 't2db-client-handover-retry-data-high-1, Consumer InMem Collection Size >>>>>>>> 0
Nov 28, 2024 9:33:00 PM com.itextos.beacon.smslog.ConsumerLog log
INFO:  : Topic Name Topic Name : 't2db-client-handover-master-log-high-2, Consumer InMem Collection Size >>>>>>>> 0
Nov 28, 2024 9:33:00 PM com.itextos.beacon.smslog.ConsumerLog log
INFO:  : Topic Name Topic Name : 't2db-client-handover-master-log-high-2, Consumer InMem Collection Size >>>>>>>> 0
Nov 28, 2024 9:33:00 PM com.itextos.beacon.smslog.ConsumerLog log
INFO:  : Topic Name Topic Name : 't2db-client-handover-log-high-2, Consumer InMem Collection Size >>>>>>>> 0
Nov 28, 2024 9:33:00 PM com.itextos.beacon.smslog.ConsumerLog log
INFO:  : Topic Name Topic Name : 't2db-client-handover-log-high-2, Consumer InMem Collection Size >>>>>>>> 0
Nov 28, 2024 9:33:00 PM com.itextos.beacon.smslog.ConsumerLog log
INFO:  : Topic Name Topic Name : 't2db-client-handover-master-log-high-1, Consumer InMem Collection Size >>>>>>>> 0
Nov 28, 2024 9:33:00 PM com.itextos.beacon.smslog.ConsumerLog log
INFO:  : Topic Name Topic Name : 't2db-client-handover-master-log-high-1, Consumer InMem Collection Size >>>>>>>> 0
Nov 28, 2024 9:33:00 PM com.itextos.beacon.smslog.ConsumerLog log
INFO:  isCompletelyStopped : true
Nov 28, 2024 9:33:00 PM com.itextos.beacon.smslog.ConsumerLog log
INFO:  : Topic Name Topic Name : 't2db-client-handover-master-log-high-1, Consumer InMem Collection Size >>>>>>>> 0
Nov 28, 2024 9:33:00 PM com.itextos.beacon.smslog.ConsumerLog log
INFO:  : Topic Name Topic Name : 't2db-client-handover-master-log-high-1, Consumer InMem Collection Size >>>>>>>> 0
Nov 28, 2024 9:33:00 PM com.itextos.beacon.smslog.ConsumerLog log
INFO:  isCompletelyStopped : true
Nov 28, 2024 9:33:00 PM com.itextos.beacon.smslog.ConsumerLog log
INFO:  isCompletelyStopped : true
Nov 28, 2024 9:33:00 PM com.itextos.beacon.smslog.ConsumerLog log
INFO:  : Topic Name Topic Name : 't2db-client-handover-log-high-1, Consumer InMem Collection Size >>>>>>>> 0
Nov 28, 2024 9:33:00 PM com.itextos.beacon.smslog.ConsumerLog log
INFO:  : Topic Name Topic Name : 't2db-client-handover-log-high-1, Consumer InMem Collection Size >>>>>>>> 0
Nov 28, 2024 9:33:00 PM com.itextos.beacon.smslog.ConsumerLog log
INFO:  : Topic Name Topic Name : 't2db-client-handover-retry-data-high-1, Consumer InMem Collection Size >>>>>>>> 0
Nov 28, 2024 9:33:00 PM com.itextos.beacon.smslog.ConsumerLog log
INFO:  : Topic Name Topic Name : 't2db-client-handover-retry-data-high-1, Consumer InMem Collection Size >>>>>>>> 0
Nov 28, 2024 9:33:00 PM com.itextos.beacon.smslog.ConsumerLog log
INFO:  : Topic Name Topic Name : 't2db-client-handover-master-log-high-1, Consumer InMem Collection Size >>>>>>>> 0
Nov 28, 2024 9:33:00 PM com.itextos.beacon.smslog.ConsumerLog log
INFO:  : Topic Name Topic Name : 't2db-client-handover-master-log-high-1, Consumer InMem Collection Size >>>>>>>> 0
Nov 28, 2024 9:33:00 PM com.itextos.beacon.smslog.ConsumerLog log
INFO:  isCompletelyStopped : true
Nov 28, 2024 9:33:00 PM com.itextos.beacon.smslog.ConsumerLog log
INFO:  isCompletelyStopped : true
Nov 28, 2024 9:33:00 PM com.itextos.beacon.smslog.ConsumerLog log
INFO:  isCompletelyStopped : true
Nov 30, 2024 6:56:35 AM com.itextos.beacon.smslog.ConsumerLog log
INFO:  : Topic Name Topic Name : 't2db-client-handover-master-log-high-1, Consumer InMem Collection Size >>>>>>>> 0
Nov 30, 2024 6:56:35 AM com.itextos.beacon.smslog.ConsumerLog log
INFO:  : Topic Name Topic Name : 't2db-client-handover-master-log-high-1, Consumer InMem Collection Size >>>>>>>> 0
Nov 30, 2024 6:56:35 AM com.itextos.beacon.smslog.ConsumerLog log
INFO:  : Topic Name Topic Name : 't2db-client-handover-log-high-1, Consumer InMem Collection Size >>>>>>>> 0
Nov 30, 2024 6:56:35 AM com.itextos.beacon.smslog.ConsumerLog log
INFO:  : Topic Name Topic Name : 't2db-client-handover-log-high-1, Consumer InMem Collection Size >>>>>>>> 0
Nov 30, 2024 6:56:35 AM com.itextos.beacon.smslog.ConsumerLog log
INFO:  : Topic Name Topic Name : 't2db-client-handover-retry-data-high-1, Consumer InMem Collection Size >>>>>>>> 0
Nov 30, 2024 6:56:35 AM com.itextos.beacon.smslog.ConsumerLog log
INFO:  : Topic Name Topic Name : 't2db-client-handover-retry-data-high-1, Consumer InMem Collection Size >>>>>>>> 0
Nov 30, 2024 7:14:46 AM com.itextos.beacon.smslog.ConsumerLog log
INFO:  : Topic Name Topic Name : 't2db-client-handover-log-high-3, Consumer InMem Collection Size >>>>>>>> 0
Nov 30, 2024 7:14:46 AM com.itextos.beacon.smslog.ConsumerLog log
INFO:  : Topic Name Topic Name : 't2db-client-handover-log-high-3, Consumer InMem Collection Size >>>>>>>> 0
Nov 30, 2024 7:14:46 AM com.itextos.beacon.smslog.ConsumerLog log
INFO:  : Topic Name Topic Name : 't2db-client-handover-log-high-2, Consumer InMem Collection Size >>>>>>>> 0
Nov 30, 2024 7:14:46 AM com.itextos.beacon.smslog.ConsumerLog log
INFO:  : Topic Name Topic Name : 't2db-client-handover-log-high-2, Consumer InMem Collection Size >>>>>>>> 0
Nov 30, 2024 7:14:46 AM com.itextos.beacon.smslog.ConsumerLog log
INFO:  : Topic Name Topic Name : 't2db-client-handover-master-log-high-2, Consumer InMem Collection Size >>>>>>>> 0
Nov 30, 2024 7:14:46 AM com.itextos.beacon.smslog.ConsumerLog log
INFO:  : Topic Name Topic Name : 't2db-client-handover-master-log-high-2, Consumer InMem Collection Size >>>>>>>> 0
Nov 30, 2024 7:14:46 AM com.itextos.beacon.smslog.ConsumerLog log
INFO:  : Topic Name Topic Name : 't2db-client-handover-retry-data-high-1, Consumer InMem Collection Size >>>>>>>> 0
Nov 30, 2024 7:14:46 AM com.itextos.beacon.smslog.ConsumerLog log
INFO:  : Topic Name Topic Name : 't2db-client-handover-retry-data-high-1, Consumer InMem Collection Size >>>>>>>> 0
Nov 30, 2024 7:14:46 AM com.itextos.beacon.smslog.ConsumerLog log
INFO:  : Topic Name Topic Name : 't2db-client-handover-retry-data-high-3, Consumer InMem Collection Size >>>>>>>> 0
Nov 30, 2024 7:14:46 AM com.itextos.beacon.smslog.ConsumerLog log
INFO:  : Topic Name Topic Name : 't2db-client-handover-retry-data-high-3, Consumer InMem Collection Size >>>>>>>> 0
Nov 30, 2024 7:14:47 AM com.itextos.beacon.smslog.ConsumerLog log
INFO:  : Topic Name Topic Name : 't2db-client-handover-master-log-high-3, Consumer InMem Collection Size >>>>>>>> 0
Nov 30, 2024 7:14:47 AM com.itextos.beacon.smslog.ConsumerLog log
INFO:  : Topic Name Topic Name : 't2db-client-handover-master-log-high-3, Consumer InMem Collection Size >>>>>>>> 0
Nov 30, 2024 7:14:47 AM com.itextos.beacon.smslog.ConsumerLog log
INFO:  : Topic Name Topic Name : 't2db-client-handover-master-log-high-1, Consumer InMem Collection Size >>>>>>>> 0
Nov 30, 2024 7:14:47 AM com.itextos.beacon.smslog.ConsumerLog log
INFO:  : Topic Name Topic Name : 't2db-client-handover-master-log-high-1, Consumer InMem Collection Size >>>>>>>> 0
Nov 30, 2024 7:14:47 AM com.itextos.beacon.smslog.ConsumerLog log
INFO:  : Topic Name Topic Name : 't2db-client-handover-retry-data-high-2, Consumer InMem Collection Size >>>>>>>> 0
Nov 30, 2024 7:14:47 AM com.itextos.beacon.smslog.ConsumerLog log
INFO:  : Topic Name Topic Name : 't2db-client-handover-retry-data-high-2, Consumer InMem Collection Size >>>>>>>> 0
Nov 30, 2024 7:14:47 AM com.itextos.beacon.smslog.ConsumerLog log
INFO:  : Topic Name Topic Name : 't2db-client-handover-log-high-1, Consumer InMem Collection Size >>>>>>>> 0
Nov 30, 2024 7:14:47 AM com.itextos.beacon.smslog.ConsumerLog log
INFO:  : Topic Name Topic Name : 't2db-client-handover-log-high-1, Consumer InMem Collection Size >>>>>>>> 0
Nov 30, 2024 1:18:28 PM com.itextos.beacon.smslog.ConsumerLog log
INFO:  : Topic Name Topic Name : 't2db-client-handover-retry-data-high-1, Consumer InMem Collection Size >>>>>>>> 0
Nov 30, 2024 1:18:28 PM com.itextos.beacon.smslog.ConsumerLog log
INFO:  : Topic Name Topic Name : 't2db-client-handover-master-log-high-3, Consumer InMem Collection Size >>>>>>>> 0
Nov 30, 2024 1:18:28 PM com.itextos.beacon.smslog.ConsumerLog log
INFO:  : Topic Name Topic Name : 't2db-client-handover-master-log-high-5, Consumer InMem Collection Size >>>>>>>> 0
Nov 30, 2024 1:18:28 PM com.itextos.beacon.smslog.ConsumerLog log
INFO:  : Topic Name Topic Name : 't2db-client-handover-retry-data-high-2, Consumer InMem Collection Size >>>>>>>> 0
Nov 30, 2024 1:18:28 PM com.itextos.beacon.smslog.ConsumerLog log
INFO:  : Topic Name Topic Name : 't2db-client-handover-retry-data-high-5, Consumer InMem Collection Size >>>>>>>> 0
Nov 30, 2024 1:18:28 PM com.itextos.beacon.smslog.ConsumerLog log
INFO:  : Topic Name Topic Name : 't2db-client-handover-log-high-5, Consumer InMem Collection Size >>>>>>>> 0
Nov 30, 2024 1:18:28 PM com.itextos.beacon.smslog.ConsumerLog log
INFO:  : Topic Name Topic Name : 't2db-client-handover-retry-data-high-1, Consumer InMem Collection Size >>>>>>>> 0
Nov 30, 2024 1:18:28 PM com.itextos.beacon.smslog.ConsumerLog log
INFO:  : Topic Name Topic Name : 't2db-client-handover-master-log-high-3, Consumer InMem Collection Size >>>>>>>> 0
Nov 30, 2024 1:18:28 PM com.itextos.beacon.smslog.ConsumerLog log
INFO:  : Topic Name Topic Name : 't2db-client-handover-retry-data-high-2, Consumer InMem Collection Size >>>>>>>> 0
Nov 30, 2024 1:18:28 PM com.itextos.beacon.smslog.ConsumerLog log
INFO:  : Topic Name Topic Name : 't2db-client-handover-log-high-5, Consumer InMem Collection Size >>>>>>>> 0
Nov 30, 2024 1:18:28 PM com.itextos.beacon.smslog.ConsumerLog log
INFO:  : Topic Name Topic Name : 't2db-client-handover-master-log-high-5, Consumer InMem Collection Size >>>>>>>> 0
Nov 30, 2024 1:18:28 PM com.itextos.beacon.smslog.ConsumerLog log
INFO:  : Topic Name Topic Name : 't2db-client-handover-log-high-4, Consumer InMem Collection Size >>>>>>>> 0
Nov 30, 2024 1:18:28 PM com.itextos.beacon.smslog.ConsumerLog log
INFO:  : Topic Name Topic Name : 't2db-client-handover-log-high-4, Consumer InMem Collection Size >>>>>>>> 0
Nov 30, 2024 1:18:28 PM com.itextos.beacon.smslog.ConsumerLog log
INFO:  : Topic Name Topic Name : 't2db-client-handover-retry-data-high-5, Consumer InMem Collection Size >>>>>>>> 0
Nov 30, 2024 1:18:28 PM com.itextos.beacon.smslog.ConsumerLog log
INFO:  : Topic Name Topic Name : 't2db-client-handover-retry-data-high-4, Consumer InMem Collection Size >>>>>>>> 0
Nov 30, 2024 1:18:28 PM com.itextos.beacon.smslog.ConsumerLog log
INFO:  : Topic Name Topic Name : 't2db-client-handover-retry-data-high-4, Consumer InMem Collection Size >>>>>>>> 0
Nov 30, 2024 1:18:28 PM com.itextos.beacon.smslog.ConsumerLog log
INFO:  : Topic Name Topic Name : 't2db-client-handover-master-log-high-4, Consumer InMem Collection Size >>>>>>>> 0
Nov 30, 2024 1:18:28 PM com.itextos.beacon.smslog.ConsumerLog log
INFO:  : Topic Name Topic Name : 't2db-client-handover-master-log-high-4, Consumer InMem Collection Size >>>>>>>> 0
Nov 30, 2024 1:18:28 PM com.itextos.beacon.smslog.ConsumerLog log
INFO:  : Topic Name Topic Name : 't2db-client-handover-log-high-1, Consumer InMem Collection Size >>>>>>>> 0
Nov 30, 2024 1:18:28 PM com.itextos.beacon.smslog.ConsumerLog log
INFO:  : Topic Name Topic Name : 't2db-client-handover-log-high-1, Consumer InMem Collection Size >>>>>>>> 0
Nov 30, 2024 1:18:28 PM com.itextos.beacon.smslog.ConsumerLog log
INFO:  : Topic Name Topic Name : 't2db-client-handover-log-high-2, Consumer InMem Collection Size >>>>>>>> 0
Nov 30, 2024 1:18:28 PM com.itextos.beacon.smslog.ConsumerLog log
INFO:  : Topic Name Topic Name : 't2db-client-handover-log-high-2, Consumer InMem Collection Size >>>>>>>> 0
Nov 30, 2024 1:18:28 PM com.itextos.beacon.smslog.ConsumerLog log
INFO:  : Topic Name Topic Name : 't2db-client-handover-retry-data-high-3, Consumer InMem Collection Size >>>>>>>> 0
Nov 30, 2024 1:18:28 PM com.itextos.beacon.smslog.ConsumerLog log
INFO:  : Topic Name Topic Name : 't2db-client-handover-retry-data-high-3, Consumer InMem Collection Size >>>>>>>> 0
Nov 30, 2024 1:18:28 PM com.itextos.beacon.smslog.ConsumerLog log
INFO:  : Topic Name Topic Name : 't2db-client-handover-master-log-high-2, Consumer InMem Collection Size >>>>>>>> 0
Nov 30, 2024 1:18:28 PM com.itextos.beacon.smslog.ConsumerLog log
INFO:  : Topic Name Topic Name : 't2db-client-handover-master-log-high-1, Consumer InMem Collection Size >>>>>>>> 0
Nov 30, 2024 1:18:28 PM com.itextos.beacon.smslog.ConsumerLog log
INFO:  : Topic Name Topic Name : 't2db-client-handover-master-log-high-1, Consumer InMem Collection Size >>>>>>>> 0
Nov 30, 2024 1:18:28 PM com.itextos.beacon.smslog.ConsumerLog log
INFO:  : Topic Name Topic Name : 't2db-client-handover-master-log-high-2, Consumer InMem Collection Size >>>>>>>> 0
Nov 30, 2024 1:18:28 PM com.itextos.beacon.smslog.ConsumerLog log
INFO:  : Topic Name Topic Name : 't2db-client-handover-log-high-3, Consumer InMem Collection Size >>>>>>>> 0
Nov 30, 2024 1:18:28 PM com.itextos.beacon.smslog.ConsumerLog log
INFO:  : Topic Name Topic Name : 't2db-client-handover-log-high-3, Consumer InMem Collection Size >>>>>>>> 0
Nov 30, 2024 1:25:51 PM com.itextos.beacon.smslog.ConsumerLog log
INFO:  : Topic Name Topic Name : 't2db-client-handover-log-high-4, Consumer InMem Collection Size >>>>>>>> 0
Nov 30, 2024 1:25:51 PM com.itextos.beacon.smslog.ConsumerLog log
INFO:  : Topic Name Topic Name : 't2db-client-handover-log-high-4, Consumer InMem Collection Size >>>>>>>> 0
Nov 30, 2024 1:25:51 PM com.itextos.beacon.smslog.ConsumerLog log
INFO:  : Topic Name Topic Name : 't2db-client-handover-retry-data-high-2, Consumer InMem Collection Size >>>>>>>> 0
Nov 30, 2024 1:25:51 PM com.itextos.beacon.smslog.ConsumerLog log
INFO:  : Topic Name Topic Name : 't2db-client-handover-retry-data-high-2, Consumer InMem Collection Size >>>>>>>> 0
Nov 30, 2024 1:25:51 PM com.itextos.beacon.smslog.ConsumerLog log
INFO:  : Topic Name Topic Name : 't2db-client-handover-retry-data-high-4, Consumer InMem Collection Size >>>>>>>> 0
Nov 30, 2024 1:25:51 PM com.itextos.beacon.smslog.ConsumerLog log
INFO:  : Topic Name Topic Name : 't2db-client-handover-retry-data-high-4, Consumer InMem Collection Size >>>>>>>> 0
Nov 30, 2024 1:25:51 PM com.itextos.beacon.smslog.ConsumerLog log
INFO:  : Topic Name Topic Name : 't2db-client-handover-log-high-5, Consumer InMem Collection Size >>>>>>>> 0
Nov 30, 2024 1:25:51 PM com.itextos.beacon.smslog.ConsumerLog log
INFO:  : Topic Name Topic Name : 't2db-client-handover-master-log-high-5, Consumer InMem Collection Size >>>>>>>> 0
Nov 30, 2024 1:25:51 PM com.itextos.beacon.smslog.ConsumerLog log
INFO:  : Topic Name Topic Name : 't2db-client-handover-log-high-5, Consumer InMem Collection Size >>>>>>>> 0
Nov 30, 2024 1:25:51 PM com.itextos.beacon.smslog.ConsumerLog log
INFO:  : Topic Name Topic Name : 't2db-client-handover-master-log-high-5, Consumer InMem Collection Size >>>>>>>> 0
Nov 30, 2024 1:25:51 PM com.itextos.beacon.smslog.ConsumerLog log
INFO:  : Topic Name Topic Name : 't2db-client-handover-log-high-2, Consumer InMem Collection Size >>>>>>>> 0
Nov 30, 2024 1:25:51 PM com.itextos.beacon.smslog.ConsumerLog log
INFO:  : Topic Name Topic Name : 't2db-client-handover-log-high-2, Consumer InMem Collection Size >>>>>>>> 0
Nov 30, 2024 1:25:51 PM com.itextos.beacon.smslog.ConsumerLog log
INFO:  : Topic Name Topic Name : 't2db-client-handover-retry-data-high-1, Consumer InMem Collection Size >>>>>>>> 0
Nov 30, 2024 1:25:51 PM com.itextos.beacon.smslog.ConsumerLog log
INFO:  : Topic Name Topic Name : 't2db-client-handover-master-log-high-3, Consumer InMem Collection Size >>>>>>>> 0
Nov 30, 2024 1:25:51 PM com.itextos.beacon.smslog.ConsumerLog log
INFO:  : Topic Name Topic Name : 't2db-client-handover-master-log-high-3, Consumer InMem Collection Size >>>>>>>> 0
Nov 30, 2024 1:25:51 PM com.itextos.beacon.smslog.ConsumerLog log
INFO:  : Topic Name Topic Name : 't2db-client-handover-retry-data-high-1, Consumer InMem Collection Size >>>>>>>> 0
Nov 30, 2024 1:25:51 PM com.itextos.beacon.smslog.ConsumerLog log
INFO:  : Topic Name Topic Name : 't2db-client-handover-log-high-1, Consumer InMem Collection Size >>>>>>>> 0
Nov 30, 2024 1:25:51 PM com.itextos.beacon.smslog.ConsumerLog log
INFO:  : Topic Name Topic Name : 't2db-client-handover-log-high-1, Consumer InMem Collection Size >>>>>>>> 0
Nov 30, 2024 1:25:51 PM com.itextos.beacon.smslog.ConsumerLog log
INFO:  : Topic Name Topic Name : 't2db-client-handover-master-log-high-4, Consumer InMem Collection Size >>>>>>>> 0
Nov 30, 2024 1:25:51 PM com.itextos.beacon.smslog.ConsumerLog log
INFO:  : Topic Name Topic Name : 't2db-client-handover-master-log-high-4, Consumer InMem Collection Size >>>>>>>> 0
Nov 30, 2024 1:25:51 PM com.itextos.beacon.smslog.ConsumerLog log
INFO:  : Topic Name Topic Name : 't2db-client-handover-retry-data-high-5, Consumer InMem Collection Size >>>>>>>> 0
Nov 30, 2024 1:25:51 PM com.itextos.beacon.smslog.ConsumerLog log
INFO:  : Topic Name Topic Name : 't2db-client-handover-retry-data-high-5, Consumer InMem Collection Size >>>>>>>> 0
Nov 30, 2024 1:25:51 PM com.itextos.beacon.smslog.ConsumerLog log
INFO:  : Topic Name Topic Name : 't2db-client-handover-retry-data-high-3, Consumer InMem Collection Size >>>>>>>> 0
Nov 30, 2024 1:25:51 PM com.itextos.beacon.smslog.ConsumerLog log
INFO:  : Topic Name Topic Name : 't2db-client-handover-retry-data-high-3, Consumer InMem Collection Size >>>>>>>> 0
Nov 30, 2024 1:25:51 PM com.itextos.beacon.smslog.ConsumerLog log
INFO:  : Topic Name Topic Name : 't2db-client-handover-master-log-high-2, Consumer InMem Collection Size >>>>>>>> 0
Nov 30, 2024 1:25:51 PM com.itextos.beacon.smslog.ConsumerLog log
INFO:  : Topic Name Topic Name : 't2db-client-handover-master-log-high-2, Consumer InMem Collection Size >>>>>>>> 0
Nov 30, 2024 1:25:51 PM com.itextos.beacon.smslog.ConsumerLog log
INFO:  : Topic Name Topic Name : 't2db-client-handover-log-high-3, Consumer InMem Collection Size >>>>>>>> 0
Nov 30, 2024 1:25:51 PM com.itextos.beacon.smslog.ConsumerLog log
INFO:  : Topic Name Topic Name : 't2db-client-handover-log-high-3, Consumer InMem Collection Size >>>>>>>> 0
Nov 30, 2024 1:25:51 PM com.itextos.beacon.smslog.ConsumerLog log
INFO:  : Topic Name Topic Name : 't2db-client-handover-master-log-high-1, Consumer InMem Collection Size >>>>>>>> 0
Nov 30, 2024 1:25:51 PM com.itextos.beacon.smslog.ConsumerLog log
INFO:  : Topic Name Topic Name : 't2db-client-handover-master-log-high-1, Consumer InMem Collection Size >>>>>>>> 0
Dec 03, 2024 8:08:16 PM com.itextos.beacon.smslog.ConsumerLog log
INFO:  : Topic Name Topic Name : 't2db-client-handover-retry-data-high-5, Consumer InMem Collection Size >>>>>>>> 0
Dec 03, 2024 8:08:16 PM com.itextos.beacon.smslog.ConsumerLog log
INFO:  : Topic Name Topic Name : 't2db-client-handover-retry-data-high-5, Consumer InMem Collection Size >>>>>>>> 0
Dec 03, 2024 8:08:16 PM com.itextos.beacon.smslog.ConsumerLog log
INFO:  : Topic Name Topic Name : 't2db-client-handover-log-high-1, Consumer InMem Collection Size >>>>>>>> 0
Dec 03, 2024 8:08:16 PM com.itextos.beacon.smslog.ConsumerLog log
INFO:  : Topic Name Topic Name : 't2db-client-handover-log-high-1, Consumer InMem Collection Size >>>>>>>> 0
Dec 03, 2024 8:08:16 PM com.itextos.beacon.smslog.ConsumerLog log
INFO:  : Topic Name Topic Name : 't2db-client-handover-log-high-3, Consumer InMem Collection Size >>>>>>>> 0
Dec 03, 2024 8:08:16 PM com.itextos.beacon.smslog.ConsumerLog log
INFO:  : Topic Name Topic Name : 't2db-client-handover-log-high-3, Consumer InMem Collection Size >>>>>>>> 0
Dec 03, 2024 8:08:16 PM com.itextos.beacon.smslog.ConsumerLog log
INFO:  : Topic Name Topic Name : 't2db-client-handover-retry-data-high-1, Consumer InMem Collection Size >>>>>>>> 0
Dec 03, 2024 8:08:16 PM com.itextos.beacon.smslog.ConsumerLog log
INFO:  : Topic Name Topic Name : 't2db-client-handover-retry-data-high-1, Consumer InMem Collection Size >>>>>>>> 0
Dec 03, 2024 8:08:16 PM com.itextos.beacon.smslog.ConsumerLog log
INFO:  : Topic Name Topic Name : 't2db-client-handover-master-log-high-1, Consumer InMem Collection Size >>>>>>>> 0
Dec 03, 2024 8:08:16 PM com.itextos.beacon.smslog.ConsumerLog log
INFO:  : Topic Name Topic Name : 't2db-client-handover-master-log-high-1, Consumer InMem Collection Size >>>>>>>> 0
Dec 03, 2024 8:08:16 PM com.itextos.beacon.smslog.ConsumerLog log
INFO:  : Topic Name Topic Name : 't2db-client-handover-master-log-high-5, Consumer InMem Collection Size >>>>>>>> 0
Dec 03, 2024 8:08:16 PM com.itextos.beacon.smslog.ConsumerLog log
INFO:  : Topic Name Topic Name : 't2db-client-handover-master-log-high-5, Consumer InMem Collection Size >>>>>>>> 0
Dec 03, 2024 8:08:16 PM com.itextos.beacon.smslog.ConsumerLog log
INFO:  : Topic Name Topic Name : 't2db-client-handover-retry-data-high-3, Consumer InMem Collection Size >>>>>>>> 0
Dec 03, 2024 8:08:16 PM com.itextos.beacon.smslog.ConsumerLog log
INFO:  : Topic Name Topic Name : 't2db-client-handover-retry-data-high-3, Consumer InMem Collection Size >>>>>>>> 0
Dec 03, 2024 8:08:17 PM com.itextos.beacon.smslog.ConsumerLog log
INFO:  : Topic Name Topic Name : 't2db-client-handover-master-log-high-4, Consumer InMem Collection Size >>>>>>>> 0
Dec 03, 2024 8:08:17 PM com.itextos.beacon.smslog.ConsumerLog log
INFO:  : Topic Name Topic Name : 't2db-client-handover-master-log-high-4, Consumer InMem Collection Size >>>>>>>> 0
Dec 03, 2024 8:08:17 PM com.itextos.beacon.smslog.ConsumerLog log
INFO:  : Topic Name Topic Name : 't2db-client-handover-master-log-high-3, Consumer InMem Collection Size >>>>>>>> 0
Dec 03, 2024 8:08:17 PM com.itextos.beacon.smslog.ConsumerLog log
INFO:  : Topic Name Topic Name : 't2db-client-handover-master-log-high-3, Consumer InMem Collection Size >>>>>>>> 0
Dec 03, 2024 8:08:17 PM com.itextos.beacon.smslog.ConsumerLog log
INFO:  : Topic Name Topic Name : 't2db-client-handover-master-log-high-2, Consumer InMem Collection Size >>>>>>>> 0
Dec 03, 2024 8:08:17 PM com.itextos.beacon.smslog.ConsumerLog log
INFO:  : Topic Name Topic Name : 't2db-client-handover-master-log-high-2, Consumer InMem Collection Size >>>>>>>> 0
Dec 03, 2024 8:08:17 PM com.itextos.beacon.smslog.ConsumerLog log
INFO:  : Topic Name Topic Name : 't2db-client-handover-retry-data-high-2, Consumer InMem Collection Size >>>>>>>> 0
Dec 03, 2024 8:08:17 PM com.itextos.beacon.smslog.ConsumerLog log
INFO:  : Topic Name Topic Name : 't2db-client-handover-retry-data-high-2, Consumer InMem Collection Size >>>>>>>> 0
Dec 03, 2024 8:08:18 PM com.itextos.beacon.smslog.ConsumerLog log
INFO:  : Topic Name Topic Name : 't2db-client-handover-log-high-2, Consumer InMem Collection Size >>>>>>>> 0
Dec 03, 2024 8:08:18 PM com.itextos.beacon.smslog.ConsumerLog log
INFO:  : Topic Name Topic Name : 't2db-client-handover-log-high-2, Consumer InMem Collection Size >>>>>>>> 0
Dec 03, 2024 8:08:18 PM com.itextos.beacon.smslog.ConsumerLog log
INFO:  : Topic Name Topic Name : 't2db-client-handover-log-high-5, Consumer InMem Collection Size >>>>>>>> 0
Dec 03, 2024 8:08:18 PM com.itextos.beacon.smslog.ConsumerLog log
INFO:  : Topic Name Topic Name : 't2db-client-handover-log-high-5, Consumer InMem Collection Size >>>>>>>> 0
Dec 03, 2024 8:08:18 PM com.itextos.beacon.smslog.ConsumerLog log
INFO:  : Topic Name Topic Name : 't2db-client-handover-log-high-4, Consumer InMem Collection Size >>>>>>>> 0
Dec 03, 2024 8:08:18 PM com.itextos.beacon.smslog.ConsumerLog log
INFO:  : Topic Name Topic Name : 't2db-client-handover-log-high-4, Consumer InMem Collection Size >>>>>>>> 0
Dec 03, 2024 8:08:18 PM com.itextos.beacon.smslog.ConsumerLog log
INFO:  : Topic Name Topic Name : 't2db-client-handover-retry-data-high-4, Consumer InMem Collection Size >>>>>>>> 0
Dec 03, 2024 8:08:18 PM com.itextos.beacon.smslog.ConsumerLog log
INFO:  : Topic Name Topic Name : 't2db-client-handover-retry-data-high-4, Consumer InMem Collection Size >>>>>>>> 0
