Nov 20, 2024 6:48:01 AM com.itextos.beacon.smslog.DebugLog log
INFO: module : dcr
Nov 20, 2024 6:48:01 AM com.itextos.beacon.smslog.DebugLog log
INFO: Starting the DuplicateCheck Expiry Processor... 
Nov 20, 2024 6:48:02 AM com.itextos.beacon.smslog.DebugLog log
INFO: Total number of redis configured : 1
Nov 20, 2024 7:20:23 AM com.itextos.beacon.smslog.DebugLog log
INFO: module : dcr
Nov 20, 2024 7:20:23 AM com.itextos.beacon.smslog.DebugLog log
INFO: Starting the DuplicateCheck Expiry Processor... 
Nov 20, 2024 7:20:24 AM com.itextos.beacon.smslog.DebugLog log
INFO: Total number of redis configured : 1
Nov 23, 2024 1:19:02 PM com.itextos.beacon.smslog.DebugLog log
INFO: module : dcr
Nov 23, 2024 1:19:02 PM com.itextos.beacon.smslog.DebugLog log
INFO: Starting the DuplicateCheck Expiry Processor... 
Nov 23, 2024 1:19:04 PM com.itextos.beacon.smslog.DebugLog log
INFO: Total number of redis configured : 1
Nov 23, 2024 1:21:13 PM com.itextos.beacon.smslog.DebugLog log
INFO: module : dcr
Nov 23, 2024 1:21:13 PM com.itextos.beacon.smslog.DebugLog log
INFO: Starting the DuplicateCheck Expiry Processor... 
Nov 23, 2024 1:21:15 PM com.itextos.beacon.smslog.DebugLog log
INFO: Total number of redis configured : 1
Nov 28, 2024 9:41:26 PM com.itextos.beacon.smslog.DebugLog log
INFO: module : dcr
Nov 28, 2024 9:41:26 PM com.itextos.beacon.smslog.DebugLog log
INFO: Starting the DuplicateCheck Expiry Processor... 
Nov 28, 2024 9:41:27 PM com.itextos.beacon.smslog.DebugLog log
INFO: Total number of redis configured : 1
Nov 28, 2024 9:42:54 PM com.itextos.beacon.smslog.DebugLog log
INFO: module : dcr
Nov 28, 2024 9:42:54 PM com.itextos.beacon.smslog.DebugLog log
INFO: Starting the DuplicateCheck Expiry Processor... 
Nov 28, 2024 9:42:58 PM com.itextos.beacon.smslog.DebugLog log
INFO: Total number of redis configured : 1
Nov 30, 2024 7:17:39 AM com.itextos.beacon.smslog.DebugLog log
INFO: module : dcr
Nov 30, 2024 7:17:39 AM com.itextos.beacon.smslog.DebugLog log
INFO: Starting the DuplicateCheck Expiry Processor... 
Nov 30, 2024 7:17:40 AM com.itextos.beacon.smslog.DebugLog log
INFO: Total number of redis configured : 1
Nov 30, 2024 1:26:38 PM com.itextos.beacon.smslog.DebugLog log
INFO: module : dcr
Nov 30, 2024 1:26:38 PM com.itextos.beacon.smslog.DebugLog log
INFO: Starting the DuplicateCheck Expiry Processor... 
Nov 30, 2024 1:26:40 PM com.itextos.beacon.smslog.DebugLog log
INFO: Total number of redis configured : 1
