Dec 04, 2024 11:50:33 AM com.itextos.beacon.smslog.ExecutorLog1 log
INFO: [GENERAL] [t_T2DbTableWrapper : t2db_smpp_post_log]: t_T2DbTableWrapper : t2db_smpp_post_log : goto sleep for the milli second  : 1000
Dec 04, 2024 11:50:34 AM com.itextos.beacon.smslog.ExecutorLog1 log
INFO: [GENERAL] [t_T2DbTableWrapper : t2db_smpp_post_log]: t_T2DbTableWrapper : t2db_smpp_post_log : Wed Dec 04 11:50:34 IST 2024
Dec 04, 2024 11:50:34 AM com.itextos.beacon.smslog.ExecutorLog1 log
INFO: [GENERAL] [t_T2DbTableWrapper : t2db_smpp_post_log]: t_T2DbTableWrapper : t2db_smpp_post_log : goto sleep for the milli second  : 1000
Dec 04, 2024 11:50:34 AM com.itextos.beacon.smslog.ExecutorLog1 log
INFO: [GENERAL] [t_PartitionInfoCollection]: t_PartitionInfoCollection : Wed Dec 04 11:50:34 IST 2024
Dec 04, 2024 11:50:34 AM com.itextos.beacon.smslog.ExecutorLog1 log
INFO: [GENERAL] [t_PartitionInfoCollection]: t_PartitionInfoCollection : goto sleep for the milli second  : 5000
Dec 04, 2024 11:50:35 AM com.itextos.beacon.smslog.ExecutorLog1 log
INFO: [GENERAL] [t_T2DbTableWrapper : t2db_smpp_post_log]: t_T2DbTableWrapper : t2db_smpp_post_log : Wed Dec 04 11:50:35 IST 2024
Dec 04, 2024 11:50:35 AM com.itextos.beacon.smslog.ExecutorLog1 log
INFO: [GENERAL] [t_T2DbTableWrapper : t2db_smpp_post_log]: t_T2DbTableWrapper : t2db_smpp_post_log : goto sleep for the milli second  : 1000
Dec 04, 2024 11:50:36 AM com.itextos.beacon.smslog.ExecutorLog1 log
INFO: [GENERAL] [t_T2DbTableWrapper : t2db_smpp_post_log]: t_T2DbTableWrapper : t2db_smpp_post_log : Wed Dec 04 11:50:36 IST 2024
Dec 04, 2024 11:50:36 AM com.itextos.beacon.smslog.ExecutorLog1 log
INFO: [GENERAL] [t_T2DbTableWrapper : t2db_smpp_post_log]: t_T2DbTableWrapper : t2db_smpp_post_log : goto sleep for the milli second  : 1000
Dec 04, 2024 11:50:37 AM com.itextos.beacon.smslog.ExecutorLog1 log
INFO: [GENERAL] [t_T2DbTableWrapper : t2db_smpp_post_log]: t_T2DbTableWrapper : t2db_smpp_post_log : Wed Dec 04 11:50:37 IST 2024
Dec 04, 2024 11:50:37 AM com.itextos.beacon.smslog.ExecutorLog1 log
INFO: [GENERAL] [t_T2DbTableWrapper : t2db_smpp_post_log]: t_T2DbTableWrapper : t2db_smpp_post_log : goto sleep for the milli second  : 1000
Dec 04, 2024 11:50:38 AM com.itextos.beacon.smslog.ExecutorLog1 log
INFO: [GENERAL] [t_T2DbTableWrapper : t2db_smpp_post_log]: t_T2DbTableWrapper : t2db_smpp_post_log : Wed Dec 04 11:50:38 IST 2024
Dec 04, 2024 11:50:38 AM com.itextos.beacon.smslog.ExecutorLog1 log
INFO: [GENERAL] [t_T2DbTableWrapper : t2db_smpp_post_log]: t_T2DbTableWrapper : t2db_smpp_post_log : goto sleep for the milli second  : 1000
Dec 04, 2024 11:50:39 AM com.itextos.beacon.smslog.ExecutorLog1 log
INFO: [GENERAL] [t_T2DbTableWrapper : t2db_smpp_post_log]: t_T2DbTableWrapper : t2db_smpp_post_log : Wed Dec 04 11:50:39 IST 2024
Dec 04, 2024 11:50:39 AM com.itextos.beacon.smslog.ExecutorLog1 log
INFO: [GENERAL] [t_T2DbTableWrapper : t2db_smpp_post_log]: t_T2DbTableWrapper : t2db_smpp_post_log : goto sleep for the milli second  : 1000
Dec 04, 2024 11:50:39 AM com.itextos.beacon.smslog.ExecutorLog1 log
INFO: [GENERAL] [t_PartitionInfoCollection]: t_PartitionInfoCollection : Wed Dec 04 11:50:39 IST 2024
Dec 04, 2024 11:50:39 AM com.itextos.beacon.smslog.ExecutorLog1 log
INFO: [GENERAL] [t_PartitionInfoCollection]: t_PartitionInfoCollection : goto sleep for the milli second  : 5000
Dec 04, 2024 11:50:39 AM com.itextos.beacon.smslog.ExecutorLog1 log
INFO: [GENERAL] [t_KafkaCustomPropertiesReload]: t_KafkaCustomPropertiesReload : Wed Dec 04 11:50:39 IST 2024
Dec 04, 2024 11:50:39 AM com.itextos.beacon.smslog.ExecutorLog1 log
INFO: [GENERAL] [t_KafkaCustomPropertiesReload]: t_KafkaCustomPropertiesReload : goto sleep for the milli second  : 30000
