Dec 04, 2024 11:50:40 AM com.itextos.beacon.smslog.ConsumerTPLog log
INFO: dlr-query-mt-low : Wed Dec 04 11:50:40 IST 2024
Dec 04, 2024 11:50:40 AM com.itextos.beacon.smslog.ConsumerTPLog log
INFO: sleepForAWhile(1000); : mTopicName dlr-query-mt-low : Wed Dec 04 11:50:40 IST 2024
Dec 04, 2024 11:50:40 AM com.itextos.beacon.smslog.ConsumerTPLog log
INFO: dlr-query-mt-low : Wed Dec 04 11:50:40 IST 2024
Dec 04, 2024 11:50:40 AM com.itextos.beacon.smslog.ConsumerTPLog log
INFO: sleepForAWhile(1000); : mTopicName dlr-query-dn-low : Wed Dec 04 11:50:40 IST 2024
Dec 04, 2024 11:50:40 AM com.itextos.beacon.smslog.ConsumerTPLog log
INFO: dlr-query-dn-low : Wed Dec 04 11:50:40 IST 2024
Dec 04, 2024 11:50:40 AM com.itextos.beacon.smslog.ConsumerTPLog log
INFO: sleepForAWhile(1000); : mTopicName aging-insert-low : Wed Dec 04 11:50:40 IST 2024
Dec 04, 2024 11:50:40 AM com.itextos.beacon.smslog.ConsumerTPLog log
INFO: aging-insert-low : Wed Dec 04 11:50:40 IST 2024
Dec 04, 2024 11:50:40 AM com.itextos.beacon.smslog.ConsumerTPLog log
INFO: sleepForAWhile(1000); : mTopicName aging-insert-low : Wed Dec 04 11:50:40 IST 2024
Dec 04, 2024 11:50:40 AM com.itextos.beacon.smslog.ConsumerTPLog log
INFO: aging-insert-low : Wed Dec 04 11:50:40 IST 2024
Dec 04, 2024 11:50:40 AM com.itextos.beacon.smslog.ConsumerTPLog log
INFO: sleepForAWhile(1000); : mTopicName dlr-query-mt-low : Wed Dec 04 11:50:40 IST 2024
Dec 04, 2024 11:50:40 AM com.itextos.beacon.smslog.ConsumerTPLog log
INFO: dlr-query-mt-low : Wed Dec 04 11:50:40 IST 2024
Dec 04, 2024 11:50:40 AM com.itextos.beacon.smslog.ConsumerTPLog log
INFO: sleepForAWhile(1000); : mTopicName update-aging-low : Wed Dec 04 11:50:40 IST 2024
Dec 04, 2024 11:50:40 AM com.itextos.beacon.smslog.ConsumerTPLog log
INFO: update-aging-low : Wed Dec 04 11:50:40 IST 2024
Dec 04, 2024 11:50:40 AM com.itextos.beacon.smslog.ConsumerTPLog log
INFO: sleepForAWhile(1000); : mTopicName dlr-query-dn-low : Wed Dec 04 11:50:40 IST 2024
Dec 04, 2024 11:50:40 AM com.itextos.beacon.smslog.ConsumerTPLog log
INFO: dlr-query-dn-low : Wed Dec 04 11:50:40 IST 2024
