Nov 28, 2024 9:30:18 PM com.itextos.beacon.smslog.ExecutorLog1 log
INFO: [GENERAL] [t_T2DbTableWrapper : t2db_no_payload_dn]: t_T2DbTableWrapper : t2db_no_payload_dn : Thu Nov 28 21:30:18 IST 2024
Nov 28, 2024 9:30:18 PM com.itextos.beacon.smslog.ExecutorLog1 log
INFO: [GENERAL] [t_T2DbTableWrapper : t2db_no_payload_dn]: t_T2DbTableWrapper : t2db_no_payload_dn : goto sleep for the milli second  : 1000
Nov 28, 2024 9:30:19 PM com.itextos.beacon.smslog.ExecutorLog1 log
INFO: [GENERAL] [t_T2DbTableWrapper : t2db_no_payload_dn]: t_T2DbTableWrapper : t2db_no_payload_dn : Thu Nov 28 21:30:19 IST 2024
Nov 28, 2024 9:30:19 PM com.itextos.beacon.smslog.ExecutorLog1 log
INFO: [GENERAL] [t_T2DbTableWrapper : t2db_no_payload_dn]: t_T2DbTableWrapper : t2db_no_payload_dn : goto sleep for the milli second  : 1000
Nov 28, 2024 9:30:20 PM com.itextos.beacon.smslog.ExecutorLog1 log
INFO: [GENERAL] [t_T2DbTableWrapper : t2db_no_payload_dn]: t_T2DbTableWrapper : t2db_no_payload_dn : Thu Nov 28 21:30:20 IST 2024
Nov 28, 2024 9:30:20 PM com.itextos.beacon.smslog.ExecutorLog1 log
INFO: [GENERAL] [t_T2DbTableWrapper : t2db_no_payload_dn]: t_T2DbTableWrapper : t2db_no_payload_dn : goto sleep for the milli second  : 1000
Nov 28, 2024 9:30:21 PM com.itextos.beacon.smslog.ExecutorLog1 log
INFO: [GENERAL] [t_T2DbTableWrapper : t2db_no_payload_dn]: t_T2DbTableWrapper : t2db_no_payload_dn : Thu Nov 28 21:30:21 IST 2024
Nov 28, 2024 9:30:21 PM com.itextos.beacon.smslog.ExecutorLog1 log
INFO: [GENERAL] [t_T2DbTableWrapper : t2db_no_payload_dn]: t_T2DbTableWrapper : t2db_no_payload_dn : goto sleep for the milli second  : 1000
Nov 28, 2024 9:30:22 PM com.itextos.beacon.smslog.ExecutorLog1 log
INFO: [GENERAL] [t_PartitionInfoCollection]: t_PartitionInfoCollection : Thu Nov 28 21:30:22 IST 2024
Nov 28, 2024 9:30:22 PM com.itextos.beacon.smslog.ExecutorLog1 log
INFO: [GENERAL] [t_PartitionInfoCollection]: t_PartitionInfoCollection : goto sleep for the milli second  : 5000
Nov 28, 2024 9:30:22 PM com.itextos.beacon.smslog.ExecutorLog1 log
INFO: [GENERAL] [t_T2DbTableWrapper : t2db_no_payload_dn]: t_T2DbTableWrapper : t2db_no_payload_dn : Thu Nov 28 21:30:22 IST 2024
Nov 28, 2024 9:30:22 PM com.itextos.beacon.smslog.ExecutorLog1 log
INFO: [GENERAL] [t_T2DbTableWrapper : t2db_no_payload_dn]: t_T2DbTableWrapper : t2db_no_payload_dn : goto sleep for the milli second  : 1000
Nov 28, 2024 9:30:23 PM com.itextos.beacon.smslog.ExecutorLog1 log
INFO: [GENERAL] [t_T2DbTableWrapper : t2db_no_payload_dn]: t_T2DbTableWrapper : t2db_no_payload_dn : Thu Nov 28 21:30:23 IST 2024
Nov 28, 2024 9:30:23 PM com.itextos.beacon.smslog.ExecutorLog1 log
INFO: [GENERAL] [t_T2DbTableWrapper : t2db_no_payload_dn]: t_T2DbTableWrapper : t2db_no_payload_dn : goto sleep for the milli second  : 1000
Nov 28, 2024 9:30:24 PM com.itextos.beacon.smslog.ExecutorLog1 log
INFO: [GENERAL] [t_T2DbTableWrapper : t2db_no_payload_dn]: t_T2DbTableWrapper : t2db_no_payload_dn : Thu Nov 28 21:30:24 IST 2024
Nov 28, 2024 9:30:24 PM com.itextos.beacon.smslog.ExecutorLog1 log
INFO: [GENERAL] [t_T2DbTableWrapper : t2db_no_payload_dn]: t_T2DbTableWrapper : t2db_no_payload_dn : goto sleep for the milli second  : 1000
Nov 28, 2024 9:30:25 PM com.itextos.beacon.smslog.ExecutorLog1 log
INFO: [GENERAL] [t_T2DbTableWrapper : t2db_no_payload_dn]: t_T2DbTableWrapper : t2db_no_payload_dn : Thu Nov 28 21:30:25 IST 2024
Nov 28, 2024 9:30:25 PM com.itextos.beacon.smslog.ExecutorLog1 log
INFO: [GENERAL] [t_T2DbTableWrapper : t2db_no_payload_dn]: t_T2DbTableWrapper : t2db_no_payload_dn : goto sleep for the milli second  : 1000
