Dec 01, 2024 6:54:19 PM com.itextos.beacon.smslog.ProducerTopicLog log
INFO: getTopicNameBasedOnPriorityForProducer : passedClusterKeyName : bulk used for search : passedClusterKeyName : bulk
Dec 01, 2024 6:54:19 PM com.itextos.beacon.smslog.ProducerTopicLog log
INFO: getTopicNameBasedOnPriorityForProducer : passedMessageType : 1 aPassedMsgType : TRANSACTIONAL
Dec 01, 2024 6:54:19 PM com.itextos.beacon.smslog.ProducerTopicLog log
INFO: getTopicNameBasedOnPriorityForProducer : passedMessagePriority : 5 aPassedMsgPriority : PRIORITY_5
Dec 01, 2024 6:54:19 PM com.itextos.beacon.smslog.ProducerTopicLog log
INFO: getTopicNameBasedOnPriorityForProducer : passedIntfGroupName : api aPassedIntfGroup : API
Dec 01, 2024 6:54:19 PM com.itextos.beacon.smslog.ProducerTopicLog log
INFO:  mKafkaPriorityTopics : {otp={DEFAULT={DEFAULT={0=high, 1=high, 2=low, 3=low, 4=low, 5=low}}}, bulk={DEFAULT={DEFAULT={0=high, 1=high, 2=low, 3=low, 4=low, 5=low}}}, intl={DEFAULT={DEFAULT={0=high, 1=high, 2=low, 3=low, 4=low, 5=low}}}, DEFAULT={DEFAULT={DEFAULT={0=high, 1=high, 2=low, 3=low, 4=low, 5=low}}}, trans={DEFAULT={DEFAULT={0=high, 1=high, 2=low, 3=low, 4=low, 5=low}}}}
Dec 01, 2024 6:54:19 PM com.itextos.beacon.smslog.ProducerTopicLog log
INFO: getProducerBasedOnPriority :  topicName : t2db-deliveries-low aProducerKafkaRequest.isIntlFlag() : false aProducerKafkaRequest.getNextComponent()  :  T2DB_DELIVERIES aProducerKafkaRequest.getPlatformCluster() : BULK aProducerKafkaRequest.getMessagePriority() :  PRIORITY_5
Dec 01, 2024 6:54:20 PM com.itextos.beacon.smslog.ProducerTopicLog log
INFO: getTopicNameBasedOnPriorityForProducer : passedClusterKeyName : bulk used for search : passedClusterKeyName : bulk
Dec 01, 2024 6:54:20 PM com.itextos.beacon.smslog.ProducerTopicLog log
INFO: getTopicNameBasedOnPriorityForProducer : passedMessageType : 1 aPassedMsgType : TRANSACTIONAL
Dec 01, 2024 6:54:20 PM com.itextos.beacon.smslog.ProducerTopicLog log
INFO: getTopicNameBasedOnPriorityForProducer : passedMessagePriority : 5 aPassedMsgPriority : PRIORITY_5
Dec 01, 2024 6:54:20 PM com.itextos.beacon.smslog.ProducerTopicLog log
INFO: getTopicNameBasedOnPriorityForProducer : passedIntfGroupName : api aPassedIntfGroup : API
Dec 01, 2024 6:54:20 PM com.itextos.beacon.smslog.ProducerTopicLog log
INFO:  mKafkaPriorityTopics : {otp={DEFAULT={DEFAULT={0=high, 1=high, 2=low, 3=low, 4=low, 5=low}}}, bulk={DEFAULT={DEFAULT={0=high, 1=high, 2=low, 3=low, 4=low, 5=low}}}, intl={DEFAULT={DEFAULT={0=high, 1=high, 2=low, 3=low, 4=low, 5=low}}}, DEFAULT={DEFAULT={DEFAULT={0=high, 1=high, 2=low, 3=low, 4=low, 5=low}}}, trans={DEFAULT={DEFAULT={0=high, 1=high, 2=low, 3=low, 4=low, 5=low}}}}
Dec 01, 2024 6:54:20 PM com.itextos.beacon.smslog.ProducerTopicLog log
INFO: getProducerBasedOnPriority :  topicName : t2db-deliveries-low aProducerKafkaRequest.isIntlFlag() : false aProducerKafkaRequest.getNextComponent()  :  T2DB_DELIVERIES aProducerKafkaRequest.getPlatformCluster() : BULK aProducerKafkaRequest.getMessagePriority() :  PRIORITY_5
Dec 01, 2024 6:54:21 PM com.itextos.beacon.smslog.ProducerTopicLog log
INFO: getTopicNameBasedOnPriorityForProducer : passedClusterKeyName : bulk used for search : passedClusterKeyName : bulk
Dec 01, 2024 6:54:21 PM com.itextos.beacon.smslog.ProducerTopicLog log
INFO: getTopicNameBasedOnPriorityForProducer : passedMessageType : 1 aPassedMsgType : TRANSACTIONAL
Dec 01, 2024 6:54:21 PM com.itextos.beacon.smslog.ProducerTopicLog log
INFO: getTopicNameBasedOnPriorityForProducer : passedMessagePriority : 5 aPassedMsgPriority : PRIORITY_5
Dec 01, 2024 6:54:21 PM com.itextos.beacon.smslog.ProducerTopicLog log
INFO: getTopicNameBasedOnPriorityForProducer : passedIntfGroupName : api aPassedIntfGroup : API
Dec 01, 2024 6:54:21 PM com.itextos.beacon.smslog.ProducerTopicLog log
INFO:  mKafkaPriorityTopics : {otp={DEFAULT={DEFAULT={0=high, 1=high, 2=low, 3=low, 4=low, 5=low}}}, bulk={DEFAULT={DEFAULT={0=high, 1=high, 2=low, 3=low, 4=low, 5=low}}}, intl={DEFAULT={DEFAULT={0=high, 1=high, 2=low, 3=low, 4=low, 5=low}}}, DEFAULT={DEFAULT={DEFAULT={0=high, 1=high, 2=low, 3=low, 4=low, 5=low}}}, trans={DEFAULT={DEFAULT={0=high, 1=high, 2=low, 3=low, 4=low, 5=low}}}}
Dec 01, 2024 6:54:21 PM com.itextos.beacon.smslog.ProducerTopicLog log
INFO: getProducerBasedOnPriority :  topicName : t2db-deliveries-low aProducerKafkaRequest.isIntlFlag() : false aProducerKafkaRequest.getNextComponent()  :  T2DB_DELIVERIES aProducerKafkaRequest.getPlatformCluster() : BULK aProducerKafkaRequest.getMessagePriority() :  PRIORITY_5
Dec 01, 2024 6:54:22 PM com.itextos.beacon.smslog.ProducerTopicLog log
INFO: getTopicNameBasedOnPriorityForProducer : passedClusterKeyName : bulk used for search : passedClusterKeyName : bulk
Dec 01, 2024 6:54:22 PM com.itextos.beacon.smslog.ProducerTopicLog log
INFO: getTopicNameBasedOnPriorityForProducer : passedMessageType : 1 aPassedMsgType : TRANSACTIONAL
Dec 01, 2024 6:54:22 PM com.itextos.beacon.smslog.ProducerTopicLog log
INFO: getTopicNameBasedOnPriorityForProducer : passedMessagePriority : 5 aPassedMsgPriority : PRIORITY_5
Dec 01, 2024 6:54:22 PM com.itextos.beacon.smslog.ProducerTopicLog log
INFO: getTopicNameBasedOnPriorityForProducer : passedIntfGroupName : api aPassedIntfGroup : API
Dec 01, 2024 6:54:22 PM com.itextos.beacon.smslog.ProducerTopicLog log
INFO:  mKafkaPriorityTopics : {otp={DEFAULT={DEFAULT={0=high, 1=high, 2=low, 3=low, 4=low, 5=low}}}, bulk={DEFAULT={DEFAULT={0=high, 1=high, 2=low, 3=low, 4=low, 5=low}}}, intl={DEFAULT={DEFAULT={0=high, 1=high, 2=low, 3=low, 4=low, 5=low}}}, DEFAULT={DEFAULT={DEFAULT={0=high, 1=high, 2=low, 3=low, 4=low, 5=low}}}, trans={DEFAULT={DEFAULT={0=high, 1=high, 2=low, 3=low, 4=low, 5=low}}}}
Dec 01, 2024 6:54:22 PM com.itextos.beacon.smslog.ProducerTopicLog log
INFO: getProducerBasedOnPriority :  topicName : t2db-deliveries-low aProducerKafkaRequest.isIntlFlag() : false aProducerKafkaRequest.getNextComponent()  :  T2DB_DELIVERIES aProducerKafkaRequest.getPlatformCluster() : BULK aProducerKafkaRequest.getMessagePriority() :  PRIORITY_5
Dec 01, 2024 6:54:23 PM com.itextos.beacon.smslog.ProducerTopicLog log
INFO: getTopicNameBasedOnPriorityForProducer : passedClusterKeyName : bulk used for search : passedClusterKeyName : bulk
Dec 01, 2024 6:54:23 PM com.itextos.beacon.smslog.ProducerTopicLog log
INFO: getTopicNameBasedOnPriorityForProducer : passedMessageType : 1 aPassedMsgType : TRANSACTIONAL
Dec 01, 2024 6:54:23 PM com.itextos.beacon.smslog.ProducerTopicLog log
INFO: getTopicNameBasedOnPriorityForProducer : passedMessagePriority : 5 aPassedMsgPriority : PRIORITY_5
Dec 01, 2024 6:54:23 PM com.itextos.beacon.smslog.ProducerTopicLog log
INFO: getTopicNameBasedOnPriorityForProducer : passedIntfGroupName : api aPassedIntfGroup : API
Dec 01, 2024 6:54:23 PM com.itextos.beacon.smslog.ProducerTopicLog log
INFO:  mKafkaPriorityTopics : {otp={DEFAULT={DEFAULT={0=high, 1=high, 2=low, 3=low, 4=low, 5=low}}}, bulk={DEFAULT={DEFAULT={0=high, 1=high, 2=low, 3=low, 4=low, 5=low}}}, intl={DEFAULT={DEFAULT={0=high, 1=high, 2=low, 3=low, 4=low, 5=low}}}, DEFAULT={DEFAULT={DEFAULT={0=high, 1=high, 2=low, 3=low, 4=low, 5=low}}}, trans={DEFAULT={DEFAULT={0=high, 1=high, 2=low, 3=low, 4=low, 5=low}}}}
Dec 01, 2024 6:54:23 PM com.itextos.beacon.smslog.ProducerTopicLog log
INFO: getProducerBasedOnPriority :  topicName : t2db-deliveries-low aProducerKafkaRequest.isIntlFlag() : false aProducerKafkaRequest.getNextComponent()  :  T2DB_DELIVERIES aProducerKafkaRequest.getPlatformCluster() : BULK aProducerKafkaRequest.getMessagePriority() :  PRIORITY_5
Dec 01, 2024 6:54:24 PM com.itextos.beacon.smslog.ProducerTopicLog log
INFO: getTopicNameBasedOnPriorityForProducer : passedClusterKeyName : bulk used for search : passedClusterKeyName : bulk
Dec 01, 2024 6:54:24 PM com.itextos.beacon.smslog.ProducerTopicLog log
INFO: getTopicNameBasedOnPriorityForProducer : passedMessageType : 1 aPassedMsgType : TRANSACTIONAL
Dec 01, 2024 6:54:24 PM com.itextos.beacon.smslog.ProducerTopicLog log
INFO: getTopicNameBasedOnPriorityForProducer : passedMessagePriority : 5 aPassedMsgPriority : PRIORITY_5
Dec 01, 2024 6:54:24 PM com.itextos.beacon.smslog.ProducerTopicLog log
INFO: getTopicNameBasedOnPriorityForProducer : passedIntfGroupName : api aPassedIntfGroup : API
Dec 01, 2024 6:54:24 PM com.itextos.beacon.smslog.ProducerTopicLog log
INFO:  mKafkaPriorityTopics : {otp={DEFAULT={DEFAULT={0=high, 1=high, 2=low, 3=low, 4=low, 5=low}}}, bulk={DEFAULT={DEFAULT={0=high, 1=high, 2=low, 3=low, 4=low, 5=low}}}, intl={DEFAULT={DEFAULT={0=high, 1=high, 2=low, 3=low, 4=low, 5=low}}}, DEFAULT={DEFAULT={DEFAULT={0=high, 1=high, 2=low, 3=low, 4=low, 5=low}}}, trans={DEFAULT={DEFAULT={0=high, 1=high, 2=low, 3=low, 4=low, 5=low}}}}
Dec 01, 2024 6:54:24 PM com.itextos.beacon.smslog.ProducerTopicLog log
INFO: getProducerBasedOnPriority :  topicName : t2db-deliveries-low aProducerKafkaRequest.isIntlFlag() : false aProducerKafkaRequest.getNextComponent()  :  T2DB_DELIVERIES aProducerKafkaRequest.getPlatformCluster() : BULK aProducerKafkaRequest.getMessagePriority() :  PRIORITY_5
Dec 01, 2024 6:54:25 PM com.itextos.beacon.smslog.ProducerTopicLog log
INFO: getTopicNameBasedOnPriorityForProducer : passedClusterKeyName : bulk used for search : passedClusterKeyName : bulk
Dec 01, 2024 6:54:25 PM com.itextos.beacon.smslog.ProducerTopicLog log
INFO: getTopicNameBasedOnPriorityForProducer : passedMessageType : 1 aPassedMsgType : TRANSACTIONAL
Dec 01, 2024 6:54:25 PM com.itextos.beacon.smslog.ProducerTopicLog log
INFO: getTopicNameBasedOnPriorityForProducer : passedMessagePriority : 5 aPassedMsgPriority : PRIORITY_5
Dec 01, 2024 6:54:25 PM com.itextos.beacon.smslog.ProducerTopicLog log
INFO: getTopicNameBasedOnPriorityForProducer : passedIntfGroupName : api aPassedIntfGroup : API
Dec 01, 2024 6:54:25 PM com.itextos.beacon.smslog.ProducerTopicLog log
INFO:  mKafkaPriorityTopics : {otp={DEFAULT={DEFAULT={0=high, 1=high, 2=low, 3=low, 4=low, 5=low}}}, bulk={DEFAULT={DEFAULT={0=high, 1=high, 2=low, 3=low, 4=low, 5=low}}}, intl={DEFAULT={DEFAULT={0=high, 1=high, 2=low, 3=low, 4=low, 5=low}}}, DEFAULT={DEFAULT={DEFAULT={0=high, 1=high, 2=low, 3=low, 4=low, 5=low}}}, trans={DEFAULT={DEFAULT={0=high, 1=high, 2=low, 3=low, 4=low, 5=low}}}}
Dec 01, 2024 6:54:25 PM com.itextos.beacon.smslog.ProducerTopicLog log
INFO: getProducerBasedOnPriority :  topicName : t2db-deliveries-low aProducerKafkaRequest.isIntlFlag() : false aProducerKafkaRequest.getNextComponent()  :  T2DB_DELIVERIES aProducerKafkaRequest.getPlatformCluster() : BULK aProducerKafkaRequest.getMessagePriority() :  PRIORITY_5
Dec 01, 2024 6:54:26 PM com.itextos.beacon.smslog.ProducerTopicLog log
INFO: getTopicNameBasedOnPriorityForProducer : passedClusterKeyName : bulk used for search : passedClusterKeyName : bulk
Dec 01, 2024 6:54:26 PM com.itextos.beacon.smslog.ProducerTopicLog log
INFO: getTopicNameBasedOnPriorityForProducer : passedMessageType : 1 aPassedMsgType : TRANSACTIONAL
Dec 01, 2024 6:54:26 PM com.itextos.beacon.smslog.ProducerTopicLog log
INFO: getTopicNameBasedOnPriorityForProducer : passedMessagePriority : 5 aPassedMsgPriority : PRIORITY_5
Dec 01, 2024 6:54:26 PM com.itextos.beacon.smslog.ProducerTopicLog log
INFO: getTopicNameBasedOnPriorityForProducer : passedIntfGroupName : api aPassedIntfGroup : API
Dec 01, 2024 6:54:26 PM com.itextos.beacon.smslog.ProducerTopicLog log
INFO:  mKafkaPriorityTopics : {otp={DEFAULT={DEFAULT={0=high, 1=high, 2=low, 3=low, 4=low, 5=low}}}, bulk={DEFAULT={DEFAULT={0=high, 1=high, 2=low, 3=low, 4=low, 5=low}}}, intl={DEFAULT={DEFAULT={0=high, 1=high, 2=low, 3=low, 4=low, 5=low}}}, DEFAULT={DEFAULT={DEFAULT={0=high, 1=high, 2=low, 3=low, 4=low, 5=low}}}, trans={DEFAULT={DEFAULT={0=high, 1=high, 2=low, 3=low, 4=low, 5=low}}}}
Dec 01, 2024 6:54:26 PM com.itextos.beacon.smslog.ProducerTopicLog log
INFO: getProducerBasedOnPriority :  topicName : t2db-deliveries-low aProducerKafkaRequest.isIntlFlag() : false aProducerKafkaRequest.getNextComponent()  :  T2DB_DELIVERIES aProducerKafkaRequest.getPlatformCluster() : BULK aProducerKafkaRequest.getMessagePriority() :  PRIORITY_5
Dec 01, 2024 6:54:27 PM com.itextos.beacon.smslog.ProducerTopicLog log
INFO: getTopicNameBasedOnPriorityForProducer : passedClusterKeyName : bulk used for search : passedClusterKeyName : bulk
Dec 01, 2024 6:54:27 PM com.itextos.beacon.smslog.ProducerTopicLog log
INFO: getTopicNameBasedOnPriorityForProducer : passedMessageType : 1 aPassedMsgType : TRANSACTIONAL
Dec 01, 2024 6:54:27 PM com.itextos.beacon.smslog.ProducerTopicLog log
INFO: getTopicNameBasedOnPriorityForProducer : passedMessagePriority : 5 aPassedMsgPriority : PRIORITY_5
Dec 01, 2024 6:54:27 PM com.itextos.beacon.smslog.ProducerTopicLog log
INFO: getTopicNameBasedOnPriorityForProducer : passedIntfGroupName : api aPassedIntfGroup : API
Dec 01, 2024 6:54:27 PM com.itextos.beacon.smslog.ProducerTopicLog log
INFO:  mKafkaPriorityTopics : {otp={DEFAULT={DEFAULT={0=high, 1=high, 2=low, 3=low, 4=low, 5=low}}}, bulk={DEFAULT={DEFAULT={0=high, 1=high, 2=low, 3=low, 4=low, 5=low}}}, intl={DEFAULT={DEFAULT={0=high, 1=high, 2=low, 3=low, 4=low, 5=low}}}, DEFAULT={DEFAULT={DEFAULT={0=high, 1=high, 2=low, 3=low, 4=low, 5=low}}}, trans={DEFAULT={DEFAULT={0=high, 1=high, 2=low, 3=low, 4=low, 5=low}}}}
Dec 01, 2024 6:54:27 PM com.itextos.beacon.smslog.ProducerTopicLog log
INFO: getProducerBasedOnPriority :  topicName : t2db-deliveries-low aProducerKafkaRequest.isIntlFlag() : false aProducerKafkaRequest.getNextComponent()  :  T2DB_DELIVERIES aProducerKafkaRequest.getPlatformCluster() : BULK aProducerKafkaRequest.getMessagePriority() :  PRIORITY_5
Dec 01, 2024 6:54:28 PM com.itextos.beacon.smslog.ProducerTopicLog log
INFO: getTopicNameBasedOnPriorityForProducer : passedClusterKeyName : bulk used for search : passedClusterKeyName : bulk
Dec 01, 2024 6:54:28 PM com.itextos.beacon.smslog.ProducerTopicLog log
INFO: getTopicNameBasedOnPriorityForProducer : passedMessageType : 1 aPassedMsgType : TRANSACTIONAL
Dec 01, 2024 6:54:28 PM com.itextos.beacon.smslog.ProducerTopicLog log
INFO: getTopicNameBasedOnPriorityForProducer : passedMessagePriority : 5 aPassedMsgPriority : PRIORITY_5
Dec 01, 2024 6:54:28 PM com.itextos.beacon.smslog.ProducerTopicLog log
INFO: getTopicNameBasedOnPriorityForProducer : passedIntfGroupName : api aPassedIntfGroup : API
Dec 01, 2024 6:54:28 PM com.itextos.beacon.smslog.ProducerTopicLog log
INFO:  mKafkaPriorityTopics : {otp={DEFAULT={DEFAULT={0=high, 1=high, 2=low, 3=low, 4=low, 5=low}}}, bulk={DEFAULT={DEFAULT={0=high, 1=high, 2=low, 3=low, 4=low, 5=low}}}, intl={DEFAULT={DEFAULT={0=high, 1=high, 2=low, 3=low, 4=low, 5=low}}}, DEFAULT={DEFAULT={DEFAULT={0=high, 1=high, 2=low, 3=low, 4=low, 5=low}}}, trans={DEFAULT={DEFAULT={0=high, 1=high, 2=low, 3=low, 4=low, 5=low}}}}
Dec 01, 2024 6:54:28 PM com.itextos.beacon.smslog.ProducerTopicLog log
INFO: getProducerBasedOnPriority :  topicName : t2db-deliveries-low aProducerKafkaRequest.isIntlFlag() : false aProducerKafkaRequest.getNextComponent()  :  T2DB_DELIVERIES aProducerKafkaRequest.getPlatformCluster() : BULK aProducerKafkaRequest.getMessagePriority() :  PRIORITY_5
Dec 01, 2024 6:54:29 PM com.itextos.beacon.smslog.ProducerTopicLog log
INFO: getTopicNameBasedOnPriorityForProducer : passedClusterKeyName : bulk used for search : passedClusterKeyName : bulk
Dec 01, 2024 6:54:29 PM com.itextos.beacon.smslog.ProducerTopicLog log
INFO: getTopicNameBasedOnPriorityForProducer : passedMessageType : 1 aPassedMsgType : TRANSACTIONAL
Dec 01, 2024 6:54:29 PM com.itextos.beacon.smslog.ProducerTopicLog log
INFO: getTopicNameBasedOnPriorityForProducer : passedMessagePriority : 5 aPassedMsgPriority : PRIORITY_5
Dec 01, 2024 6:54:29 PM com.itextos.beacon.smslog.ProducerTopicLog log
INFO: getTopicNameBasedOnPriorityForProducer : passedIntfGroupName : api aPassedIntfGroup : API
Dec 01, 2024 6:54:29 PM com.itextos.beacon.smslog.ProducerTopicLog log
INFO:  mKafkaPriorityTopics : {otp={DEFAULT={DEFAULT={0=high, 1=high, 2=low, 3=low, 4=low, 5=low}}}, bulk={DEFAULT={DEFAULT={0=high, 1=high, 2=low, 3=low, 4=low, 5=low}}}, intl={DEFAULT={DEFAULT={0=high, 1=high, 2=low, 3=low, 4=low, 5=low}}}, DEFAULT={DEFAULT={DEFAULT={0=high, 1=high, 2=low, 3=low, 4=low, 5=low}}}, trans={DEFAULT={DEFAULT={0=high, 1=high, 2=low, 3=low, 4=low, 5=low}}}}
Dec 01, 2024 6:54:29 PM com.itextos.beacon.smslog.ProducerTopicLog log
INFO: getProducerBasedOnPriority :  topicName : t2db-error-log-low aProducerKafkaRequest.isIntlFlag() : false aProducerKafkaRequest.getNextComponent()  :  T2DB_ERROR_LOG aProducerKafkaRequest.getPlatformCluster() : BULK aProducerKafkaRequest.getMessagePriority() :  PRIORITY_5
Dec 01, 2024 6:56:24 PM com.itextos.beacon.smslog.ProducerTopicLog log
INFO: getTopicNameBasedOnPriorityForProducer : passedClusterKeyName : bulk used for search : passedClusterKeyName : bulk
Dec 01, 2024 6:56:24 PM com.itextos.beacon.smslog.ProducerTopicLog log
INFO: getTopicNameBasedOnPriorityForProducer : passedMessageType : 1 aPassedMsgType : TRANSACTIONAL
Dec 01, 2024 6:56:24 PM com.itextos.beacon.smslog.ProducerTopicLog log
INFO: getTopicNameBasedOnPriorityForProducer : passedMessagePriority : 5 aPassedMsgPriority : PRIORITY_5
Dec 01, 2024 6:56:24 PM com.itextos.beacon.smslog.ProducerTopicLog log
INFO: getTopicNameBasedOnPriorityForProducer : passedIntfGroupName : api aPassedIntfGroup : API
Dec 01, 2024 6:56:24 PM com.itextos.beacon.smslog.ProducerTopicLog log
INFO:  mKafkaPriorityTopics : {otp={DEFAULT={DEFAULT={0=high, 1=high, 2=low, 3=low, 4=low, 5=low}}}, bulk={DEFAULT={DEFAULT={0=high, 1=high, 2=low, 3=low, 4=low, 5=low}}}, intl={DEFAULT={DEFAULT={0=high, 1=high, 2=low, 3=low, 4=low, 5=low}}}, DEFAULT={DEFAULT={DEFAULT={0=high, 1=high, 2=low, 3=low, 4=low, 5=low}}}, trans={DEFAULT={DEFAULT={0=high, 1=high, 2=low, 3=low, 4=low, 5=low}}}}
Dec 01, 2024 6:56:24 PM com.itextos.beacon.smslog.ProducerTopicLog log
INFO: getProducerBasedOnPriority :  topicName : t2db-deliveries-low aProducerKafkaRequest.isIntlFlag() : false aProducerKafkaRequest.getNextComponent()  :  T2DB_DELIVERIES aProducerKafkaRequest.getPlatformCluster() : BULK aProducerKafkaRequest.getMessagePriority() :  PRIORITY_5
Dec 01, 2024 6:56:25 PM com.itextos.beacon.smslog.ProducerTopicLog log
INFO: getTopicNameBasedOnPriorityForProducer : passedClusterKeyName : bulk used for search : passedClusterKeyName : bulk
Dec 01, 2024 6:56:25 PM com.itextos.beacon.smslog.ProducerTopicLog log
INFO: getTopicNameBasedOnPriorityForProducer : passedMessageType : 1 aPassedMsgType : TRANSACTIONAL
Dec 01, 2024 6:56:25 PM com.itextos.beacon.smslog.ProducerTopicLog log
INFO: getTopicNameBasedOnPriorityForProducer : passedMessagePriority : 5 aPassedMsgPriority : PRIORITY_5
Dec 01, 2024 6:56:25 PM com.itextos.beacon.smslog.ProducerTopicLog log
INFO: getTopicNameBasedOnPriorityForProducer : passedIntfGroupName : api aPassedIntfGroup : API
Dec 01, 2024 6:56:25 PM com.itextos.beacon.smslog.ProducerTopicLog log
INFO:  mKafkaPriorityTopics : {otp={DEFAULT={DEFAULT={0=high, 1=high, 2=low, 3=low, 4=low, 5=low}}}, bulk={DEFAULT={DEFAULT={0=high, 1=high, 2=low, 3=low, 4=low, 5=low}}}, intl={DEFAULT={DEFAULT={0=high, 1=high, 2=low, 3=low, 4=low, 5=low}}}, DEFAULT={DEFAULT={DEFAULT={0=high, 1=high, 2=low, 3=low, 4=low, 5=low}}}, trans={DEFAULT={DEFAULT={0=high, 1=high, 2=low, 3=low, 4=low, 5=low}}}}
Dec 01, 2024 6:56:25 PM com.itextos.beacon.smslog.ProducerTopicLog log
INFO: getProducerBasedOnPriority :  topicName : t2db-deliveries-low aProducerKafkaRequest.isIntlFlag() : false aProducerKafkaRequest.getNextComponent()  :  T2DB_DELIVERIES aProducerKafkaRequest.getPlatformCluster() : BULK aProducerKafkaRequest.getMessagePriority() :  PRIORITY_5
Dec 01, 2024 6:56:26 PM com.itextos.beacon.smslog.ProducerTopicLog log
INFO: getTopicNameBasedOnPriorityForProducer : passedClusterKeyName : bulk used for search : passedClusterKeyName : bulk
Dec 01, 2024 6:56:26 PM com.itextos.beacon.smslog.ProducerTopicLog log
INFO: getTopicNameBasedOnPriorityForProducer : passedMessageType : 1 aPassedMsgType : TRANSACTIONAL
Dec 01, 2024 6:56:26 PM com.itextos.beacon.smslog.ProducerTopicLog log
INFO: getTopicNameBasedOnPriorityForProducer : passedMessagePriority : 5 aPassedMsgPriority : PRIORITY_5
Dec 01, 2024 6:56:26 PM com.itextos.beacon.smslog.ProducerTopicLog log
INFO: getTopicNameBasedOnPriorityForProducer : passedIntfGroupName : api aPassedIntfGroup : API
Dec 01, 2024 6:56:26 PM com.itextos.beacon.smslog.ProducerTopicLog log
INFO:  mKafkaPriorityTopics : {otp={DEFAULT={DEFAULT={0=high, 1=high, 2=low, 3=low, 4=low, 5=low}}}, bulk={DEFAULT={DEFAULT={0=high, 1=high, 2=low, 3=low, 4=low, 5=low}}}, intl={DEFAULT={DEFAULT={0=high, 1=high, 2=low, 3=low, 4=low, 5=low}}}, DEFAULT={DEFAULT={DEFAULT={0=high, 1=high, 2=low, 3=low, 4=low, 5=low}}}, trans={DEFAULT={DEFAULT={0=high, 1=high, 2=low, 3=low, 4=low, 5=low}}}}
Dec 01, 2024 6:56:26 PM com.itextos.beacon.smslog.ProducerTopicLog log
INFO: getProducerBasedOnPriority :  topicName : t2db-deliveries-low aProducerKafkaRequest.isIntlFlag() : false aProducerKafkaRequest.getNextComponent()  :  T2DB_DELIVERIES aProducerKafkaRequest.getPlatformCluster() : BULK aProducerKafkaRequest.getMessagePriority() :  PRIORITY_5
Dec 01, 2024 6:56:27 PM com.itextos.beacon.smslog.ProducerTopicLog log
INFO: getTopicNameBasedOnPriorityForProducer : passedClusterKeyName : bulk used for search : passedClusterKeyName : bulk
Dec 01, 2024 6:56:27 PM com.itextos.beacon.smslog.ProducerTopicLog log
INFO: getTopicNameBasedOnPriorityForProducer : passedMessageType : 1 aPassedMsgType : TRANSACTIONAL
Dec 01, 2024 6:56:27 PM com.itextos.beacon.smslog.ProducerTopicLog log
INFO: getTopicNameBasedOnPriorityForProducer : passedMessagePriority : 5 aPassedMsgPriority : PRIORITY_5
Dec 01, 2024 6:56:27 PM com.itextos.beacon.smslog.ProducerTopicLog log
INFO: getTopicNameBasedOnPriorityForProducer : passedIntfGroupName : api aPassedIntfGroup : API
Dec 01, 2024 6:56:27 PM com.itextos.beacon.smslog.ProducerTopicLog log
INFO:  mKafkaPriorityTopics : {otp={DEFAULT={DEFAULT={0=high, 1=high, 2=low, 3=low, 4=low, 5=low}}}, bulk={DEFAULT={DEFAULT={0=high, 1=high, 2=low, 3=low, 4=low, 5=low}}}, intl={DEFAULT={DEFAULT={0=high, 1=high, 2=low, 3=low, 4=low, 5=low}}}, DEFAULT={DEFAULT={DEFAULT={0=high, 1=high, 2=low, 3=low, 4=low, 5=low}}}, trans={DEFAULT={DEFAULT={0=high, 1=high, 2=low, 3=low, 4=low, 5=low}}}}
Dec 01, 2024 6:56:27 PM com.itextos.beacon.smslog.ProducerTopicLog log
INFO: getProducerBasedOnPriority :  topicName : t2db-deliveries-low aProducerKafkaRequest.isIntlFlag() : false aProducerKafkaRequest.getNextComponent()  :  T2DB_DELIVERIES aProducerKafkaRequest.getPlatformCluster() : BULK aProducerKafkaRequest.getMessagePriority() :  PRIORITY_5
Dec 01, 2024 6:56:28 PM com.itextos.beacon.smslog.ProducerTopicLog log
INFO: getTopicNameBasedOnPriorityForProducer : passedClusterKeyName : bulk used for search : passedClusterKeyName : bulk
Dec 01, 2024 6:56:28 PM com.itextos.beacon.smslog.ProducerTopicLog log
INFO: getTopicNameBasedOnPriorityForProducer : passedMessageType : 1 aPassedMsgType : TRANSACTIONAL
Dec 01, 2024 6:56:28 PM com.itextos.beacon.smslog.ProducerTopicLog log
INFO: getTopicNameBasedOnPriorityForProducer : passedMessagePriority : 5 aPassedMsgPriority : PRIORITY_5
Dec 01, 2024 6:56:28 PM com.itextos.beacon.smslog.ProducerTopicLog log
INFO: getTopicNameBasedOnPriorityForProducer : passedIntfGroupName : api aPassedIntfGroup : API
Dec 01, 2024 6:56:28 PM com.itextos.beacon.smslog.ProducerTopicLog log
INFO:  mKafkaPriorityTopics : {otp={DEFAULT={DEFAULT={0=high, 1=high, 2=low, 3=low, 4=low, 5=low}}}, bulk={DEFAULT={DEFAULT={0=high, 1=high, 2=low, 3=low, 4=low, 5=low}}}, intl={DEFAULT={DEFAULT={0=high, 1=high, 2=low, 3=low, 4=low, 5=low}}}, DEFAULT={DEFAULT={DEFAULT={0=high, 1=high, 2=low, 3=low, 4=low, 5=low}}}, trans={DEFAULT={DEFAULT={0=high, 1=high, 2=low, 3=low, 4=low, 5=low}}}}
Dec 01, 2024 6:56:28 PM com.itextos.beacon.smslog.ProducerTopicLog log
INFO: getProducerBasedOnPriority :  topicName : t2db-deliveries-low aProducerKafkaRequest.isIntlFlag() : false aProducerKafkaRequest.getNextComponent()  :  T2DB_DELIVERIES aProducerKafkaRequest.getPlatformCluster() : BULK aProducerKafkaRequest.getMessagePriority() :  PRIORITY_5
Dec 01, 2024 6:56:29 PM com.itextos.beacon.smslog.ProducerTopicLog log
INFO: getTopicNameBasedOnPriorityForProducer : passedClusterKeyName : bulk used for search : passedClusterKeyName : bulk
Dec 01, 2024 6:56:29 PM com.itextos.beacon.smslog.ProducerTopicLog log
INFO: getTopicNameBasedOnPriorityForProducer : passedMessageType : 1 aPassedMsgType : TRANSACTIONAL
Dec 01, 2024 6:56:29 PM com.itextos.beacon.smslog.ProducerTopicLog log
INFO: getTopicNameBasedOnPriorityForProducer : passedMessagePriority : 5 aPassedMsgPriority : PRIORITY_5
Dec 01, 2024 6:56:29 PM com.itextos.beacon.smslog.ProducerTopicLog log
INFO: getTopicNameBasedOnPriorityForProducer : passedIntfGroupName : api aPassedIntfGroup : API
Dec 01, 2024 6:56:29 PM com.itextos.beacon.smslog.ProducerTopicLog log
INFO:  mKafkaPriorityTopics : {otp={DEFAULT={DEFAULT={0=high, 1=high, 2=low, 3=low, 4=low, 5=low}}}, bulk={DEFAULT={DEFAULT={0=high, 1=high, 2=low, 3=low, 4=low, 5=low}}}, intl={DEFAULT={DEFAULT={0=high, 1=high, 2=low, 3=low, 4=low, 5=low}}}, DEFAULT={DEFAULT={DEFAULT={0=high, 1=high, 2=low, 3=low, 4=low, 5=low}}}, trans={DEFAULT={DEFAULT={0=high, 1=high, 2=low, 3=low, 4=low, 5=low}}}}
Dec 01, 2024 6:56:29 PM com.itextos.beacon.smslog.ProducerTopicLog log
INFO: getProducerBasedOnPriority :  topicName : t2db-deliveries-low aProducerKafkaRequest.isIntlFlag() : false aProducerKafkaRequest.getNextComponent()  :  T2DB_DELIVERIES aProducerKafkaRequest.getPlatformCluster() : BULK aProducerKafkaRequest.getMessagePriority() :  PRIORITY_5
Dec 01, 2024 6:56:30 PM com.itextos.beacon.smslog.ProducerTopicLog log
INFO: getTopicNameBasedOnPriorityForProducer : passedClusterKeyName : bulk used for search : passedClusterKeyName : bulk
Dec 01, 2024 6:56:30 PM com.itextos.beacon.smslog.ProducerTopicLog log
INFO: getTopicNameBasedOnPriorityForProducer : passedMessageType : 1 aPassedMsgType : TRANSACTIONAL
Dec 01, 2024 6:56:30 PM com.itextos.beacon.smslog.ProducerTopicLog log
INFO: getTopicNameBasedOnPriorityForProducer : passedMessagePriority : 5 aPassedMsgPriority : PRIORITY_5
Dec 01, 2024 6:56:30 PM com.itextos.beacon.smslog.ProducerTopicLog log
INFO: getTopicNameBasedOnPriorityForProducer : passedIntfGroupName : api aPassedIntfGroup : API
Dec 01, 2024 6:56:30 PM com.itextos.beacon.smslog.ProducerTopicLog log
INFO:  mKafkaPriorityTopics : {otp={DEFAULT={DEFAULT={0=high, 1=high, 2=low, 3=low, 4=low, 5=low}}}, bulk={DEFAULT={DEFAULT={0=high, 1=high, 2=low, 3=low, 4=low, 5=low}}}, intl={DEFAULT={DEFAULT={0=high, 1=high, 2=low, 3=low, 4=low, 5=low}}}, DEFAULT={DEFAULT={DEFAULT={0=high, 1=high, 2=low, 3=low, 4=low, 5=low}}}, trans={DEFAULT={DEFAULT={0=high, 1=high, 2=low, 3=low, 4=low, 5=low}}}}
Dec 01, 2024 6:56:30 PM com.itextos.beacon.smslog.ProducerTopicLog log
INFO: getProducerBasedOnPriority :  topicName : t2db-deliveries-low aProducerKafkaRequest.isIntlFlag() : false aProducerKafkaRequest.getNextComponent()  :  T2DB_DELIVERIES aProducerKafkaRequest.getPlatformCluster() : BULK aProducerKafkaRequest.getMessagePriority() :  PRIORITY_5
Dec 01, 2024 6:56:31 PM com.itextos.beacon.smslog.ProducerTopicLog log
INFO: getTopicNameBasedOnPriorityForProducer : passedClusterKeyName : bulk used for search : passedClusterKeyName : bulk
Dec 01, 2024 6:56:31 PM com.itextos.beacon.smslog.ProducerTopicLog log
INFO: getTopicNameBasedOnPriorityForProducer : passedMessageType : 1 aPassedMsgType : TRANSACTIONAL
Dec 01, 2024 6:56:31 PM com.itextos.beacon.smslog.ProducerTopicLog log
INFO: getTopicNameBasedOnPriorityForProducer : passedMessagePriority : 5 aPassedMsgPriority : PRIORITY_5
Dec 01, 2024 6:56:31 PM com.itextos.beacon.smslog.ProducerTopicLog log
INFO: getTopicNameBasedOnPriorityForProducer : passedIntfGroupName : api aPassedIntfGroup : API
Dec 01, 2024 6:56:31 PM com.itextos.beacon.smslog.ProducerTopicLog log
INFO:  mKafkaPriorityTopics : {otp={DEFAULT={DEFAULT={0=high, 1=high, 2=low, 3=low, 4=low, 5=low}}}, bulk={DEFAULT={DEFAULT={0=high, 1=high, 2=low, 3=low, 4=low, 5=low}}}, intl={DEFAULT={DEFAULT={0=high, 1=high, 2=low, 3=low, 4=low, 5=low}}}, DEFAULT={DEFAULT={DEFAULT={0=high, 1=high, 2=low, 3=low, 4=low, 5=low}}}, trans={DEFAULT={DEFAULT={0=high, 1=high, 2=low, 3=low, 4=low, 5=low}}}}
Dec 01, 2024 6:56:31 PM com.itextos.beacon.smslog.ProducerTopicLog log
INFO: getProducerBasedOnPriority :  topicName : t2db-deliveries-low aProducerKafkaRequest.isIntlFlag() : false aProducerKafkaRequest.getNextComponent()  :  T2DB_DELIVERIES aProducerKafkaRequest.getPlatformCluster() : BULK aProducerKafkaRequest.getMessagePriority() :  PRIORITY_5
Dec 01, 2024 6:56:32 PM com.itextos.beacon.smslog.ProducerTopicLog log
INFO: getTopicNameBasedOnPriorityForProducer : passedClusterKeyName : bulk used for search : passedClusterKeyName : bulk
Dec 01, 2024 6:56:32 PM com.itextos.beacon.smslog.ProducerTopicLog log
INFO: getTopicNameBasedOnPriorityForProducer : passedMessageType : 1 aPassedMsgType : TRANSACTIONAL
Dec 01, 2024 6:56:32 PM com.itextos.beacon.smslog.ProducerTopicLog log
INFO: getTopicNameBasedOnPriorityForProducer : passedMessagePriority : 5 aPassedMsgPriority : PRIORITY_5
Dec 01, 2024 6:56:32 PM com.itextos.beacon.smslog.ProducerTopicLog log
INFO: getTopicNameBasedOnPriorityForProducer : passedIntfGroupName : api aPassedIntfGroup : API
Dec 01, 2024 6:56:32 PM com.itextos.beacon.smslog.ProducerTopicLog log
INFO:  mKafkaPriorityTopics : {otp={DEFAULT={DEFAULT={0=high, 1=high, 2=low, 3=low, 4=low, 5=low}}}, bulk={DEFAULT={DEFAULT={0=high, 1=high, 2=low, 3=low, 4=low, 5=low}}}, intl={DEFAULT={DEFAULT={0=high, 1=high, 2=low, 3=low, 4=low, 5=low}}}, DEFAULT={DEFAULT={DEFAULT={0=high, 1=high, 2=low, 3=low, 4=low, 5=low}}}, trans={DEFAULT={DEFAULT={0=high, 1=high, 2=low, 3=low, 4=low, 5=low}}}}
Dec 01, 2024 6:56:32 PM com.itextos.beacon.smslog.ProducerTopicLog log
INFO: getProducerBasedOnPriority :  topicName : t2db-deliveries-low aProducerKafkaRequest.isIntlFlag() : false aProducerKafkaRequest.getNextComponent()  :  T2DB_DELIVERIES aProducerKafkaRequest.getPlatformCluster() : BULK aProducerKafkaRequest.getMessagePriority() :  PRIORITY_5
Dec 01, 2024 6:56:33 PM com.itextos.beacon.smslog.ProducerTopicLog log
INFO: getTopicNameBasedOnPriorityForProducer : passedClusterKeyName : bulk used for search : passedClusterKeyName : bulk
Dec 01, 2024 6:56:33 PM com.itextos.beacon.smslog.ProducerTopicLog log
INFO: getTopicNameBasedOnPriorityForProducer : passedMessageType : 1 aPassedMsgType : TRANSACTIONAL
Dec 01, 2024 6:56:33 PM com.itextos.beacon.smslog.ProducerTopicLog log
INFO: getTopicNameBasedOnPriorityForProducer : passedMessagePriority : 5 aPassedMsgPriority : PRIORITY_5
Dec 01, 2024 6:56:33 PM com.itextos.beacon.smslog.ProducerTopicLog log
INFO: getTopicNameBasedOnPriorityForProducer : passedIntfGroupName : api aPassedIntfGroup : API
Dec 01, 2024 6:56:33 PM com.itextos.beacon.smslog.ProducerTopicLog log
INFO:  mKafkaPriorityTopics : {otp={DEFAULT={DEFAULT={0=high, 1=high, 2=low, 3=low, 4=low, 5=low}}}, bulk={DEFAULT={DEFAULT={0=high, 1=high, 2=low, 3=low, 4=low, 5=low}}}, intl={DEFAULT={DEFAULT={0=high, 1=high, 2=low, 3=low, 4=low, 5=low}}}, DEFAULT={DEFAULT={DEFAULT={0=high, 1=high, 2=low, 3=low, 4=low, 5=low}}}, trans={DEFAULT={DEFAULT={0=high, 1=high, 2=low, 3=low, 4=low, 5=low}}}}
Dec 01, 2024 6:56:33 PM com.itextos.beacon.smslog.ProducerTopicLog log
INFO: getProducerBasedOnPriority :  topicName : t2db-deliveries-low aProducerKafkaRequest.isIntlFlag() : false aProducerKafkaRequest.getNextComponent()  :  T2DB_DELIVERIES aProducerKafkaRequest.getPlatformCluster() : BULK aProducerKafkaRequest.getMessagePriority() :  PRIORITY_5
Dec 01, 2024 6:56:34 PM com.itextos.beacon.smslog.ProducerTopicLog log
INFO: getTopicNameBasedOnPriorityForProducer : passedClusterKeyName : bulk used for search : passedClusterKeyName : bulk
Dec 01, 2024 6:56:34 PM com.itextos.beacon.smslog.ProducerTopicLog log
INFO: getTopicNameBasedOnPriorityForProducer : passedMessageType : 1 aPassedMsgType : TRANSACTIONAL
Dec 01, 2024 6:56:34 PM com.itextos.beacon.smslog.ProducerTopicLog log
INFO: getTopicNameBasedOnPriorityForProducer : passedMessagePriority : 5 aPassedMsgPriority : PRIORITY_5
Dec 01, 2024 6:56:34 PM com.itextos.beacon.smslog.ProducerTopicLog log
INFO: getTopicNameBasedOnPriorityForProducer : passedIntfGroupName : api aPassedIntfGroup : API
Dec 01, 2024 6:56:34 PM com.itextos.beacon.smslog.ProducerTopicLog log
INFO:  mKafkaPriorityTopics : {otp={DEFAULT={DEFAULT={0=high, 1=high, 2=low, 3=low, 4=low, 5=low}}}, bulk={DEFAULT={DEFAULT={0=high, 1=high, 2=low, 3=low, 4=low, 5=low}}}, intl={DEFAULT={DEFAULT={0=high, 1=high, 2=low, 3=low, 4=low, 5=low}}}, DEFAULT={DEFAULT={DEFAULT={0=high, 1=high, 2=low, 3=low, 4=low, 5=low}}}, trans={DEFAULT={DEFAULT={0=high, 1=high, 2=low, 3=low, 4=low, 5=low}}}}
Dec 01, 2024 6:56:34 PM com.itextos.beacon.smslog.ProducerTopicLog log
INFO: getProducerBasedOnPriority :  topicName : t2db-error-log-low aProducerKafkaRequest.isIntlFlag() : false aProducerKafkaRequest.getNextComponent()  :  T2DB_ERROR_LOG aProducerKafkaRequest.getPlatformCluster() : BULK aProducerKafkaRequest.getMessagePriority() :  PRIORITY_5
Dec 02, 2024 6:49:54 PM com.itextos.beacon.smslog.ProducerTopicLog log
INFO: getTopicNameBasedOnPriorityForProducer : passedClusterKeyName : trans used for search : passedClusterKeyName : trans
Dec 02, 2024 6:49:54 PM com.itextos.beacon.smslog.ProducerTopicLog log
INFO: getTopicNameBasedOnPriorityForProducer : passedMessageType : 1 aPassedMsgType : TRANSACTIONAL
Dec 02, 2024 6:49:54 PM com.itextos.beacon.smslog.ProducerTopicLog log
INFO: getTopicNameBasedOnPriorityForProducer : passedMessagePriority : 5 aPassedMsgPriority : PRIORITY_5
Dec 02, 2024 6:49:54 PM com.itextos.beacon.smslog.ProducerTopicLog log
INFO: getTopicNameBasedOnPriorityForProducer : passedIntfGroupName : api aPassedIntfGroup : API
Dec 02, 2024 6:49:54 PM com.itextos.beacon.smslog.ProducerTopicLog log
INFO:  mKafkaPriorityTopics : {otp={DEFAULT={DEFAULT={0=high, 1=high, 2=low, 3=low, 4=low, 5=low}}}, bulk={DEFAULT={DEFAULT={0=high, 1=high, 2=low, 3=low, 4=low, 5=low}}}, intl={DEFAULT={DEFAULT={0=high, 1=high, 2=low, 3=low, 4=low, 5=low}}}, DEFAULT={DEFAULT={DEFAULT={0=high, 1=high, 2=low, 3=low, 4=low, 5=low}}}, trans={DEFAULT={DEFAULT={0=high, 1=high, 2=low, 3=low, 4=low, 5=low}}}}
Dec 02, 2024 6:49:54 PM com.itextos.beacon.smslog.ProducerTopicLog log
INFO: getProducerBasedOnPriority :  topicName : t2db-deliveries-low aProducerKafkaRequest.isIntlFlag() : false aProducerKafkaRequest.getNextComponent()  :  T2DB_DELIVERIES aProducerKafkaRequest.getPlatformCluster() : TRANSACTION aProducerKafkaRequest.getMessagePriority() :  PRIORITY_5
Dec 02, 2024 6:49:55 PM com.itextos.beacon.smslog.ProducerTopicLog log
INFO: getTopicNameBasedOnPriorityForProducer : passedClusterKeyName : trans used for search : passedClusterKeyName : trans
Dec 02, 2024 6:49:55 PM com.itextos.beacon.smslog.ProducerTopicLog log
INFO: getTopicNameBasedOnPriorityForProducer : passedMessageType : 1 aPassedMsgType : TRANSACTIONAL
Dec 02, 2024 6:49:55 PM com.itextos.beacon.smslog.ProducerTopicLog log
INFO: getTopicNameBasedOnPriorityForProducer : passedMessagePriority : 5 aPassedMsgPriority : PRIORITY_5
Dec 02, 2024 6:49:55 PM com.itextos.beacon.smslog.ProducerTopicLog log
INFO: getTopicNameBasedOnPriorityForProducer : passedIntfGroupName : api aPassedIntfGroup : API
Dec 02, 2024 6:49:55 PM com.itextos.beacon.smslog.ProducerTopicLog log
INFO:  mKafkaPriorityTopics : {otp={DEFAULT={DEFAULT={0=high, 1=high, 2=low, 3=low, 4=low, 5=low}}}, bulk={DEFAULT={DEFAULT={0=high, 1=high, 2=low, 3=low, 4=low, 5=low}}}, intl={DEFAULT={DEFAULT={0=high, 1=high, 2=low, 3=low, 4=low, 5=low}}}, DEFAULT={DEFAULT={DEFAULT={0=high, 1=high, 2=low, 3=low, 4=low, 5=low}}}, trans={DEFAULT={DEFAULT={0=high, 1=high, 2=low, 3=low, 4=low, 5=low}}}}
Dec 02, 2024 6:49:55 PM com.itextos.beacon.smslog.ProducerTopicLog log
INFO: getProducerBasedOnPriority :  topicName : t2db-deliveries-low aProducerKafkaRequest.isIntlFlag() : false aProducerKafkaRequest.getNextComponent()  :  T2DB_DELIVERIES aProducerKafkaRequest.getPlatformCluster() : TRANSACTION aProducerKafkaRequest.getMessagePriority() :  PRIORITY_5
Dec 02, 2024 6:49:56 PM com.itextos.beacon.smslog.ProducerTopicLog log
INFO: getTopicNameBasedOnPriorityForProducer : passedClusterKeyName : trans used for search : passedClusterKeyName : trans
Dec 02, 2024 6:49:56 PM com.itextos.beacon.smslog.ProducerTopicLog log
INFO: getTopicNameBasedOnPriorityForProducer : passedMessageType : 1 aPassedMsgType : TRANSACTIONAL
Dec 02, 2024 6:49:56 PM com.itextos.beacon.smslog.ProducerTopicLog log
INFO: getTopicNameBasedOnPriorityForProducer : passedMessagePriority : 5 aPassedMsgPriority : PRIORITY_5
Dec 02, 2024 6:49:56 PM com.itextos.beacon.smslog.ProducerTopicLog log
INFO: getTopicNameBasedOnPriorityForProducer : passedIntfGroupName : api aPassedIntfGroup : API
Dec 02, 2024 6:49:56 PM com.itextos.beacon.smslog.ProducerTopicLog log
INFO:  mKafkaPriorityTopics : {otp={DEFAULT={DEFAULT={0=high, 1=high, 2=low, 3=low, 4=low, 5=low}}}, bulk={DEFAULT={DEFAULT={0=high, 1=high, 2=low, 3=low, 4=low, 5=low}}}, intl={DEFAULT={DEFAULT={0=high, 1=high, 2=low, 3=low, 4=low, 5=low}}}, DEFAULT={DEFAULT={DEFAULT={0=high, 1=high, 2=low, 3=low, 4=low, 5=low}}}, trans={DEFAULT={DEFAULT={0=high, 1=high, 2=low, 3=low, 4=low, 5=low}}}}
Dec 02, 2024 6:49:56 PM com.itextos.beacon.smslog.ProducerTopicLog log
INFO: getProducerBasedOnPriority :  topicName : t2db-deliveries-low aProducerKafkaRequest.isIntlFlag() : false aProducerKafkaRequest.getNextComponent()  :  T2DB_DELIVERIES aProducerKafkaRequest.getPlatformCluster() : TRANSACTION aProducerKafkaRequest.getMessagePriority() :  PRIORITY_5
Dec 02, 2024 6:49:57 PM com.itextos.beacon.smslog.ProducerTopicLog log
INFO: getTopicNameBasedOnPriorityForProducer : passedClusterKeyName : trans used for search : passedClusterKeyName : trans
Dec 02, 2024 6:49:57 PM com.itextos.beacon.smslog.ProducerTopicLog log
INFO: getTopicNameBasedOnPriorityForProducer : passedMessageType : 1 aPassedMsgType : TRANSACTIONAL
Dec 02, 2024 6:49:57 PM com.itextos.beacon.smslog.ProducerTopicLog log
INFO: getTopicNameBasedOnPriorityForProducer : passedMessagePriority : 5 aPassedMsgPriority : PRIORITY_5
Dec 02, 2024 6:49:57 PM com.itextos.beacon.smslog.ProducerTopicLog log
INFO: getTopicNameBasedOnPriorityForProducer : passedIntfGroupName : api aPassedIntfGroup : API
Dec 02, 2024 6:49:57 PM com.itextos.beacon.smslog.ProducerTopicLog log
INFO:  mKafkaPriorityTopics : {otp={DEFAULT={DEFAULT={0=high, 1=high, 2=low, 3=low, 4=low, 5=low}}}, bulk={DEFAULT={DEFAULT={0=high, 1=high, 2=low, 3=low, 4=low, 5=low}}}, intl={DEFAULT={DEFAULT={0=high, 1=high, 2=low, 3=low, 4=low, 5=low}}}, DEFAULT={DEFAULT={DEFAULT={0=high, 1=high, 2=low, 3=low, 4=low, 5=low}}}, trans={DEFAULT={DEFAULT={0=high, 1=high, 2=low, 3=low, 4=low, 5=low}}}}
Dec 02, 2024 6:49:57 PM com.itextos.beacon.smslog.ProducerTopicLog log
INFO: getProducerBasedOnPriority :  topicName : t2db-deliveries-low aProducerKafkaRequest.isIntlFlag() : false aProducerKafkaRequest.getNextComponent()  :  T2DB_DELIVERIES aProducerKafkaRequest.getPlatformCluster() : TRANSACTION aProducerKafkaRequest.getMessagePriority() :  PRIORITY_5
Dec 02, 2024 6:49:58 PM com.itextos.beacon.smslog.ProducerTopicLog log
INFO: getTopicNameBasedOnPriorityForProducer : passedClusterKeyName : trans used for search : passedClusterKeyName : trans
Dec 02, 2024 6:49:58 PM com.itextos.beacon.smslog.ProducerTopicLog log
INFO: getTopicNameBasedOnPriorityForProducer : passedMessageType : 1 aPassedMsgType : TRANSACTIONAL
Dec 02, 2024 6:49:58 PM com.itextos.beacon.smslog.ProducerTopicLog log
INFO: getTopicNameBasedOnPriorityForProducer : passedMessagePriority : 5 aPassedMsgPriority : PRIORITY_5
Dec 02, 2024 6:49:58 PM com.itextos.beacon.smslog.ProducerTopicLog log
INFO: getTopicNameBasedOnPriorityForProducer : passedIntfGroupName : api aPassedIntfGroup : API
Dec 02, 2024 6:49:58 PM com.itextos.beacon.smslog.ProducerTopicLog log
INFO:  mKafkaPriorityTopics : {otp={DEFAULT={DEFAULT={0=high, 1=high, 2=low, 3=low, 4=low, 5=low}}}, bulk={DEFAULT={DEFAULT={0=high, 1=high, 2=low, 3=low, 4=low, 5=low}}}, intl={DEFAULT={DEFAULT={0=high, 1=high, 2=low, 3=low, 4=low, 5=low}}}, DEFAULT={DEFAULT={DEFAULT={0=high, 1=high, 2=low, 3=low, 4=low, 5=low}}}, trans={DEFAULT={DEFAULT={0=high, 1=high, 2=low, 3=low, 4=low, 5=low}}}}
Dec 02, 2024 6:49:58 PM com.itextos.beacon.smslog.ProducerTopicLog log
INFO: getProducerBasedOnPriority :  topicName : t2db-deliveries-low aProducerKafkaRequest.isIntlFlag() : false aProducerKafkaRequest.getNextComponent()  :  T2DB_DELIVERIES aProducerKafkaRequest.getPlatformCluster() : TRANSACTION aProducerKafkaRequest.getMessagePriority() :  PRIORITY_5
Dec 02, 2024 6:49:59 PM com.itextos.beacon.smslog.ProducerTopicLog log
INFO: getTopicNameBasedOnPriorityForProducer : passedClusterKeyName : trans used for search : passedClusterKeyName : trans
Dec 02, 2024 6:49:59 PM com.itextos.beacon.smslog.ProducerTopicLog log
INFO: getTopicNameBasedOnPriorityForProducer : passedMessageType : 1 aPassedMsgType : TRANSACTIONAL
Dec 02, 2024 6:49:59 PM com.itextos.beacon.smslog.ProducerTopicLog log
INFO: getTopicNameBasedOnPriorityForProducer : passedMessagePriority : 5 aPassedMsgPriority : PRIORITY_5
Dec 02, 2024 6:49:59 PM com.itextos.beacon.smslog.ProducerTopicLog log
INFO: getTopicNameBasedOnPriorityForProducer : passedIntfGroupName : api aPassedIntfGroup : API
Dec 02, 2024 6:49:59 PM com.itextos.beacon.smslog.ProducerTopicLog log
INFO:  mKafkaPriorityTopics : {otp={DEFAULT={DEFAULT={0=high, 1=high, 2=low, 3=low, 4=low, 5=low}}}, bulk={DEFAULT={DEFAULT={0=high, 1=high, 2=low, 3=low, 4=low, 5=low}}}, intl={DEFAULT={DEFAULT={0=high, 1=high, 2=low, 3=low, 4=low, 5=low}}}, DEFAULT={DEFAULT={DEFAULT={0=high, 1=high, 2=low, 3=low, 4=low, 5=low}}}, trans={DEFAULT={DEFAULT={0=high, 1=high, 2=low, 3=low, 4=low, 5=low}}}}
Dec 02, 2024 6:49:59 PM com.itextos.beacon.smslog.ProducerTopicLog log
INFO: getProducerBasedOnPriority :  topicName : t2db-deliveries-low aProducerKafkaRequest.isIntlFlag() : false aProducerKafkaRequest.getNextComponent()  :  T2DB_DELIVERIES aProducerKafkaRequest.getPlatformCluster() : TRANSACTION aProducerKafkaRequest.getMessagePriority() :  PRIORITY_5
Dec 02, 2024 6:50:00 PM com.itextos.beacon.smslog.ProducerTopicLog log
INFO: getTopicNameBasedOnPriorityForProducer : passedClusterKeyName : trans used for search : passedClusterKeyName : trans
Dec 02, 2024 6:50:00 PM com.itextos.beacon.smslog.ProducerTopicLog log
INFO: getTopicNameBasedOnPriorityForProducer : passedMessageType : 1 aPassedMsgType : TRANSACTIONAL
Dec 02, 2024 6:50:00 PM com.itextos.beacon.smslog.ProducerTopicLog log
INFO: getTopicNameBasedOnPriorityForProducer : passedMessagePriority : 5 aPassedMsgPriority : PRIORITY_5
Dec 02, 2024 6:50:00 PM com.itextos.beacon.smslog.ProducerTopicLog log
INFO: getTopicNameBasedOnPriorityForProducer : passedIntfGroupName : api aPassedIntfGroup : API
Dec 02, 2024 6:50:00 PM com.itextos.beacon.smslog.ProducerTopicLog log
INFO:  mKafkaPriorityTopics : {otp={DEFAULT={DEFAULT={0=high, 1=high, 2=low, 3=low, 4=low, 5=low}}}, bulk={DEFAULT={DEFAULT={0=high, 1=high, 2=low, 3=low, 4=low, 5=low}}}, intl={DEFAULT={DEFAULT={0=high, 1=high, 2=low, 3=low, 4=low, 5=low}}}, DEFAULT={DEFAULT={DEFAULT={0=high, 1=high, 2=low, 3=low, 4=low, 5=low}}}, trans={DEFAULT={DEFAULT={0=high, 1=high, 2=low, 3=low, 4=low, 5=low}}}}
Dec 02, 2024 6:50:00 PM com.itextos.beacon.smslog.ProducerTopicLog log
INFO: getProducerBasedOnPriority :  topicName : t2db-deliveries-low aProducerKafkaRequest.isIntlFlag() : false aProducerKafkaRequest.getNextComponent()  :  T2DB_DELIVERIES aProducerKafkaRequest.getPlatformCluster() : TRANSACTION aProducerKafkaRequest.getMessagePriority() :  PRIORITY_5
Dec 02, 2024 6:50:01 PM com.itextos.beacon.smslog.ProducerTopicLog log
INFO: getTopicNameBasedOnPriorityForProducer : passedClusterKeyName : trans used for search : passedClusterKeyName : trans
Dec 02, 2024 6:50:01 PM com.itextos.beacon.smslog.ProducerTopicLog log
INFO: getTopicNameBasedOnPriorityForProducer : passedMessageType : 1 aPassedMsgType : TRANSACTIONAL
Dec 02, 2024 6:50:01 PM com.itextos.beacon.smslog.ProducerTopicLog log
INFO: getTopicNameBasedOnPriorityForProducer : passedMessagePriority : 5 aPassedMsgPriority : PRIORITY_5
Dec 02, 2024 6:50:01 PM com.itextos.beacon.smslog.ProducerTopicLog log
INFO: getTopicNameBasedOnPriorityForProducer : passedIntfGroupName : api aPassedIntfGroup : API
Dec 02, 2024 6:50:01 PM com.itextos.beacon.smslog.ProducerTopicLog log
INFO:  mKafkaPriorityTopics : {otp={DEFAULT={DEFAULT={0=high, 1=high, 2=low, 3=low, 4=low, 5=low}}}, bulk={DEFAULT={DEFAULT={0=high, 1=high, 2=low, 3=low, 4=low, 5=low}}}, intl={DEFAULT={DEFAULT={0=high, 1=high, 2=low, 3=low, 4=low, 5=low}}}, DEFAULT={DEFAULT={DEFAULT={0=high, 1=high, 2=low, 3=low, 4=low, 5=low}}}, trans={DEFAULT={DEFAULT={0=high, 1=high, 2=low, 3=low, 4=low, 5=low}}}}
Dec 02, 2024 6:50:01 PM com.itextos.beacon.smslog.ProducerTopicLog log
INFO: getProducerBasedOnPriority :  topicName : t2db-deliveries-low aProducerKafkaRequest.isIntlFlag() : false aProducerKafkaRequest.getNextComponent()  :  T2DB_DELIVERIES aProducerKafkaRequest.getPlatformCluster() : TRANSACTION aProducerKafkaRequest.getMessagePriority() :  PRIORITY_5
Dec 02, 2024 6:50:02 PM com.itextos.beacon.smslog.ProducerTopicLog log
INFO: getTopicNameBasedOnPriorityForProducer : passedClusterKeyName : trans used for search : passedClusterKeyName : trans
Dec 02, 2024 6:50:02 PM com.itextos.beacon.smslog.ProducerTopicLog log
INFO: getTopicNameBasedOnPriorityForProducer : passedMessageType : 1 aPassedMsgType : TRANSACTIONAL
Dec 02, 2024 6:50:02 PM com.itextos.beacon.smslog.ProducerTopicLog log
INFO: getTopicNameBasedOnPriorityForProducer : passedMessagePriority : 5 aPassedMsgPriority : PRIORITY_5
Dec 02, 2024 6:50:02 PM com.itextos.beacon.smslog.ProducerTopicLog log
INFO: getTopicNameBasedOnPriorityForProducer : passedIntfGroupName : api aPassedIntfGroup : API
Dec 02, 2024 6:50:02 PM com.itextos.beacon.smslog.ProducerTopicLog log
INFO:  mKafkaPriorityTopics : {otp={DEFAULT={DEFAULT={0=high, 1=high, 2=low, 3=low, 4=low, 5=low}}}, bulk={DEFAULT={DEFAULT={0=high, 1=high, 2=low, 3=low, 4=low, 5=low}}}, intl={DEFAULT={DEFAULT={0=high, 1=high, 2=low, 3=low, 4=low, 5=low}}}, DEFAULT={DEFAULT={DEFAULT={0=high, 1=high, 2=low, 3=low, 4=low, 5=low}}}, trans={DEFAULT={DEFAULT={0=high, 1=high, 2=low, 3=low, 4=low, 5=low}}}}
Dec 02, 2024 6:50:02 PM com.itextos.beacon.smslog.ProducerTopicLog log
INFO: getProducerBasedOnPriority :  topicName : t2db-deliveries-low aProducerKafkaRequest.isIntlFlag() : false aProducerKafkaRequest.getNextComponent()  :  T2DB_DELIVERIES aProducerKafkaRequest.getPlatformCluster() : TRANSACTION aProducerKafkaRequest.getMessagePriority() :  PRIORITY_5
Dec 02, 2024 6:50:03 PM com.itextos.beacon.smslog.ProducerTopicLog log
INFO: getTopicNameBasedOnPriorityForProducer : passedClusterKeyName : trans used for search : passedClusterKeyName : trans
Dec 02, 2024 6:50:03 PM com.itextos.beacon.smslog.ProducerTopicLog log
INFO: getTopicNameBasedOnPriorityForProducer : passedMessageType : 1 aPassedMsgType : TRANSACTIONAL
Dec 02, 2024 6:50:03 PM com.itextos.beacon.smslog.ProducerTopicLog log
INFO: getTopicNameBasedOnPriorityForProducer : passedMessagePriority : 5 aPassedMsgPriority : PRIORITY_5
Dec 02, 2024 6:50:03 PM com.itextos.beacon.smslog.ProducerTopicLog log
INFO: getTopicNameBasedOnPriorityForProducer : passedIntfGroupName : api aPassedIntfGroup : API
Dec 02, 2024 6:50:03 PM com.itextos.beacon.smslog.ProducerTopicLog log
INFO:  mKafkaPriorityTopics : {otp={DEFAULT={DEFAULT={0=high, 1=high, 2=low, 3=low, 4=low, 5=low}}}, bulk={DEFAULT={DEFAULT={0=high, 1=high, 2=low, 3=low, 4=low, 5=low}}}, intl={DEFAULT={DEFAULT={0=high, 1=high, 2=low, 3=low, 4=low, 5=low}}}, DEFAULT={DEFAULT={DEFAULT={0=high, 1=high, 2=low, 3=low, 4=low, 5=low}}}, trans={DEFAULT={DEFAULT={0=high, 1=high, 2=low, 3=low, 4=low, 5=low}}}}
Dec 02, 2024 6:50:03 PM com.itextos.beacon.smslog.ProducerTopicLog log
INFO: getProducerBasedOnPriority :  topicName : t2db-deliveries-low aProducerKafkaRequest.isIntlFlag() : false aProducerKafkaRequest.getNextComponent()  :  T2DB_DELIVERIES aProducerKafkaRequest.getPlatformCluster() : TRANSACTION aProducerKafkaRequest.getMessagePriority() :  PRIORITY_5
Dec 02, 2024 6:50:04 PM com.itextos.beacon.smslog.ProducerTopicLog log
INFO: getTopicNameBasedOnPriorityForProducer : passedClusterKeyName : trans used for search : passedClusterKeyName : trans
Dec 02, 2024 6:50:04 PM com.itextos.beacon.smslog.ProducerTopicLog log
INFO: getTopicNameBasedOnPriorityForProducer : passedMessageType : 1 aPassedMsgType : TRANSACTIONAL
Dec 02, 2024 6:50:04 PM com.itextos.beacon.smslog.ProducerTopicLog log
INFO: getTopicNameBasedOnPriorityForProducer : passedMessagePriority : 5 aPassedMsgPriority : PRIORITY_5
Dec 02, 2024 6:50:04 PM com.itextos.beacon.smslog.ProducerTopicLog log
INFO: getTopicNameBasedOnPriorityForProducer : passedIntfGroupName : api aPassedIntfGroup : API
Dec 02, 2024 6:50:04 PM com.itextos.beacon.smslog.ProducerTopicLog log
INFO:  mKafkaPriorityTopics : {otp={DEFAULT={DEFAULT={0=high, 1=high, 2=low, 3=low, 4=low, 5=low}}}, bulk={DEFAULT={DEFAULT={0=high, 1=high, 2=low, 3=low, 4=low, 5=low}}}, intl={DEFAULT={DEFAULT={0=high, 1=high, 2=low, 3=low, 4=low, 5=low}}}, DEFAULT={DEFAULT={DEFAULT={0=high, 1=high, 2=low, 3=low, 4=low, 5=low}}}, trans={DEFAULT={DEFAULT={0=high, 1=high, 2=low, 3=low, 4=low, 5=low}}}}
Dec 02, 2024 6:50:04 PM com.itextos.beacon.smslog.ProducerTopicLog log
INFO: getProducerBasedOnPriority :  topicName : t2db-error-log-low aProducerKafkaRequest.isIntlFlag() : false aProducerKafkaRequest.getNextComponent()  :  T2DB_ERROR_LOG aProducerKafkaRequest.getPlatformCluster() : TRANSACTION aProducerKafkaRequest.getMessagePriority() :  PRIORITY_5
