Nov 20, 2024 10:02:02 AM com.itextos.beacon.smslog.ExecutorLog1 log
INFO: [GENERAL] [t_T2DbTableWrapper : t2db_deliveries]: t_T2DbTableWrapper : t2db_deliveries : Wed Nov 20 10:02:02 IST 2024
Nov 20, 2024 10:02:02 AM com.itextos.beacon.smslog.ExecutorLog1 log
INFO: [GENERAL] [t_T2DbTableWrapper : t2db_deliveries]: t_T2DbTableWrapper : t2db_deliveries : goto sleep for the milli second  : 1000
Nov 20, 2024 10:02:03 AM com.itextos.beacon.smslog.ExecutorLog1 log
INFO: [GENERAL] [t_T2DbTableWrapper : t2db_deliveries]: t_T2DbTableWrapper : t2db_deliveries : Wed Nov 20 10:02:03 IST 2024
Nov 20, 2024 10:02:03 AM com.itextos.beacon.smslog.ExecutorLog1 log
INFO: [GENERAL] [t_T2DbTableWrapper : t2db_deliveries]: t_T2DbTableWrapper : t2db_deliveries : goto sleep for the milli second  : 1000
Nov 20, 2024 10:02:04 AM com.itextos.beacon.smslog.ExecutorLog1 log
INFO: [GENERAL] [t_PartitionInfoCollection]: t_PartitionInfoCollection : Wed Nov 20 10:02:04 IST 2024
Nov 20, 2024 10:02:04 AM com.itextos.beacon.smslog.ExecutorLog1 log
INFO: [GENERAL] [t_PartitionInfoCollection]: t_PartitionInfoCollection : goto sleep for the milli second  : 5000
Nov 20, 2024 10:02:04 AM com.itextos.beacon.smslog.ExecutorLog1 log
INFO: [GENERAL] [t_T2DbTableWrapper : t2db_deliveries]: t_T2DbTableWrapper : t2db_deliveries : Wed Nov 20 10:02:04 IST 2024
Nov 20, 2024 10:02:04 AM com.itextos.beacon.smslog.ExecutorLog1 log
INFO: [GENERAL] [t_T2DbTableWrapper : t2db_deliveries]: t_T2DbTableWrapper : t2db_deliveries : goto sleep for the milli second  : 1000
Nov 20, 2024 10:02:05 AM com.itextos.beacon.smslog.ExecutorLog1 log
INFO: [GENERAL] [t_T2DbTableWrapper : t2db_deliveries]: t_T2DbTableWrapper : t2db_deliveries : Wed Nov 20 10:02:05 IST 2024
Nov 20, 2024 10:02:05 AM com.itextos.beacon.smslog.ExecutorLog1 log
INFO: [GENERAL] [t_T2DbTableWrapper : t2db_deliveries]: t_T2DbTableWrapper : t2db_deliveries : goto sleep for the milli second  : 1000
Nov 20, 2024 10:02:06 AM com.itextos.beacon.smslog.ExecutorLog1 log
INFO: [GENERAL] [t_T2DbTableWrapper : t2db_deliveries]: t_T2DbTableWrapper : t2db_deliveries : Wed Nov 20 10:02:06 IST 2024
Nov 20, 2024 10:02:06 AM com.itextos.beacon.smslog.ExecutorLog1 log
INFO: [GENERAL] [t_T2DbTableWrapper : t2db_deliveries]: t_T2DbTableWrapper : t2db_deliveries : goto sleep for the milli second  : 1000
Nov 20, 2024 10:02:07 AM com.itextos.beacon.smslog.ExecutorLog1 log
INFO: [GENERAL] [t_T2DbTableWrapper : t2db_deliveries]: t_T2DbTableWrapper : t2db_deliveries : Wed Nov 20 10:02:07 IST 2024
Nov 20, 2024 10:02:07 AM com.itextos.beacon.smslog.ExecutorLog1 log
INFO: [GENERAL] [t_T2DbTableWrapper : t2db_deliveries]: t_T2DbTableWrapper : t2db_deliveries : goto sleep for the milli second  : 1000
Nov 20, 2024 10:02:08 AM com.itextos.beacon.smslog.ExecutorLog1 log
INFO: [GENERAL] [t_TimerThread-APPLICATION_CONFIG]: t_TimerThread-APPLICATION_CONFIG : Wed Nov 20 10:02:08 IST 2024
Nov 20, 2024 10:02:08 AM com.itextos.beacon.smslog.ExecutorLog1 log
INFO: [GENERAL] [t_TimerThread-APPLICATION_CONFIG]: t_TimerThread-APPLICATION_CONFIG : goto sleep for the milli second  : 6000
Nov 20, 2024 10:02:08 AM com.itextos.beacon.smslog.ExecutorLog1 log
INFO: [GENERAL] [t_T2DbTableWrapper : t2db_deliveries]: t_T2DbTableWrapper : t2db_deliveries : Wed Nov 20 10:02:08 IST 2024
Nov 20, 2024 10:02:08 AM com.itextos.beacon.smslog.ExecutorLog1 log
INFO: [GENERAL] [t_T2DbTableWrapper : t2db_deliveries]: t_T2DbTableWrapper : t2db_deliveries : goto sleep for the milli second  : 1000
Nov 20, 2024 10:02:09 AM com.itextos.beacon.smslog.ExecutorLog1 log
INFO: [GENERAL] [t_PartitionInfoCollection]: t_PartitionInfoCollection : Wed Nov 20 10:02:09 IST 2024
Nov 20, 2024 10:02:09 AM com.itextos.beacon.smslog.ExecutorLog1 log
INFO: [GENERAL] [t_PartitionInfoCollection]: t_PartitionInfoCollection : goto sleep for the milli second  : 5000
Nov 20, 2024 10:02:09 AM com.itextos.beacon.smslog.ExecutorLog1 log
INFO: [GENERAL] [t_T2DbTableWrapper : t2db_deliveries]: t_T2DbTableWrapper : t2db_deliveries : Wed Nov 20 10:02:09 IST 2024
Nov 20, 2024 10:02:09 AM com.itextos.beacon.smslog.ExecutorLog1 log
INFO: [GENERAL] [t_T2DbTableWrapper : t2db_deliveries]: t_T2DbTableWrapper : t2db_deliveries : goto sleep for the milli second  : 1000
Nov 20, 2024 10:02:10 AM com.itextos.beacon.smslog.ExecutorLog1 log
INFO: [GENERAL] [t_T2DbTableWrapper : t2db_deliveries]: t_T2DbTableWrapper : t2db_deliveries : Wed Nov 20 10:02:10 IST 2024
Nov 20, 2024 10:02:10 AM com.itextos.beacon.smslog.ExecutorLog1 log
INFO: [GENERAL] [t_T2DbTableWrapper : t2db_deliveries]: t_T2DbTableWrapper : t2db_deliveries : goto sleep for the milli second  : 1000
