Nov 20, 2024 9:48:36 AM com.itextos.beacon.smslog.ExecutorLog1 log
INFO: [GENERAL] [t_T2DbTableWrapper : t2db_submission]: t_T2DbTableWrapper : t2db_submission : Wed Nov 20 09:48:36 IST 2024
Nov 20, 2024 9:48:36 AM com.itextos.beacon.smslog.ExecutorLog1 log
INFO: [GENERAL] [t_T2DbTableWrapper : t2db_submission]: t_T2DbTableWrapper : t2db_submission : goto sleep for the milli second  : 1000
Nov 20, 2024 9:48:37 AM com.itextos.beacon.smslog.ExecutorLog1 log
INFO: [GENERAL] [t_T2DbTableWrapper : t2db_submission]: t_T2DbTableWrapper : t2db_submission : Wed Nov 20 09:48:37 IST 2024
Nov 20, 2024 9:48:37 AM com.itextos.beacon.smslog.ExecutorLog1 log
INFO: [GENERAL] [t_T2DbTableWrapper : t2db_submission]: t_T2DbTableWrapper : t2db_submission : goto sleep for the milli second  : 1000
Nov 20, 2024 9:48:38 AM com.itextos.beacon.smslog.ExecutorLog1 log
INFO: [GENERAL] [t_T2DbTableWrapper : t2db_submission]: t_T2DbTableWrapper : t2db_submission : Wed Nov 20 09:48:38 IST 2024
Nov 20, 2024 9:48:38 AM com.itextos.beacon.smslog.ExecutorLog1 log
INFO: [GENERAL] [t_T2DbTableWrapper : t2db_submission]: t_T2DbTableWrapper : t2db_submission : goto sleep for the milli second  : 1000
Nov 20, 2024 9:48:39 AM com.itextos.beacon.smslog.ExecutorLog1 log
INFO: [GENERAL] [t_T2DbTableWrapper : t2db_submission]: t_T2DbTableWrapper : t2db_submission : Wed Nov 20 09:48:39 IST 2024
Nov 20, 2024 9:48:39 AM com.itextos.beacon.smslog.ExecutorLog1 log
INFO: [GENERAL] [t_T2DbTableWrapper : t2db_submission]: t_T2DbTableWrapper : t2db_submission : goto sleep for the milli second  : 1000
Nov 20, 2024 9:48:40 AM com.itextos.beacon.smslog.ExecutorLog1 log
INFO: [GENERAL] [t_T2DbTableWrapper : t2db_submission]: t_T2DbTableWrapper : t2db_submission : Wed Nov 20 09:48:40 IST 2024
Nov 20, 2024 9:48:40 AM com.itextos.beacon.smslog.ExecutorLog1 log
INFO: [GENERAL] [t_T2DbTableWrapper : t2db_submission]: t_T2DbTableWrapper : t2db_submission : goto sleep for the milli second  : 1000
Nov 20, 2024 9:48:40 AM com.itextos.beacon.smslog.ExecutorLog1 log
INFO: [GENERAL] [t_PartitionInfoCollection]: t_PartitionInfoCollection : Wed Nov 20 09:48:40 IST 2024
Nov 20, 2024 9:48:40 AM com.itextos.beacon.smslog.ExecutorLog1 log
INFO: [GENERAL] [t_PartitionInfoCollection]: t_PartitionInfoCollection : goto sleep for the milli second  : 5000
Nov 20, 2024 9:48:41 AM com.itextos.beacon.smslog.ExecutorLog1 log
INFO: [GENERAL] [t_T2DbTableWrapper : t2db_submission]: t_T2DbTableWrapper : t2db_submission : Wed Nov 20 09:48:41 IST 2024
Nov 20, 2024 9:48:41 AM com.itextos.beacon.smslog.ExecutorLog1 log
INFO: [GENERAL] [t_T2DbTableWrapper : t2db_submission]: t_T2DbTableWrapper : t2db_submission : goto sleep for the milli second  : 1000
Nov 20, 2024 9:48:42 AM com.itextos.beacon.smslog.ExecutorLog1 log
INFO: [GENERAL] [t_T2DbTableWrapper : t2db_submission]: t_T2DbTableWrapper : t2db_submission : Wed Nov 20 09:48:42 IST 2024
Nov 20, 2024 9:48:42 AM com.itextos.beacon.smslog.ExecutorLog1 log
INFO: [GENERAL] [t_T2DbTableWrapper : t2db_submission]: t_T2DbTableWrapper : t2db_submission : goto sleep for the milli second  : 1000
Nov 20, 2024 9:48:43 AM com.itextos.beacon.smslog.ExecutorLog1 log
INFO: [GENERAL] [t_T2DbTableWrapper : t2db_submission]: t_T2DbTableWrapper : t2db_submission : Wed Nov 20 09:48:43 IST 2024
Nov 20, 2024 9:48:43 AM com.itextos.beacon.smslog.ExecutorLog1 log
INFO: [GENERAL] [t_T2DbTableWrapper : t2db_submission]: t_T2DbTableWrapper : t2db_submission : goto sleep for the milli second  : 1000
