Dec 04, 2024 11:50:36 AM com.itextos.beacon.smslog.ExecutorLog1 log
INFO: [GENERAL] [t_T2DbTableWrapper : t2db_client_handover_retry_data]: t_T2DbTableWrapper : t2db_client_handover_retry_data : Wed Dec 04 11:50:36 IST 2024
Dec 04, 2024 11:50:36 AM com.itextos.beacon.smslog.ExecutorLog1 log
INFO: [GENERAL] [t_T2DbTableWrapper : t2db_client_handover_retry_data]: t_T2DbTableWrapper : t2db_client_handover_retry_data : goto sleep for the milli second  : 1000
Dec 04, 2024 11:50:37 AM com.itextos.beacon.smslog.ExecutorLog1 log
INFO: [GENERAL] [t_T2DbTableWrapper : t2db_client_handover_log]: t_T2DbTableWrapper : t2db_client_handover_log : Wed Dec 04 11:50:37 IST 2024
Dec 04, 2024 11:50:37 AM com.itextos.beacon.smslog.ExecutorLog1 log
INFO: [GENERAL] [t_T2DbTableWrapper : t2db_client_handover_log]: t_T2DbTableWrapper : t2db_client_handover_log : goto sleep for the milli second  : 1000
Dec 04, 2024 11:50:37 AM com.itextos.beacon.smslog.ExecutorLog1 log
INFO: [GENERAL] [t_T2DbTableWrapper : t2db_client_handover_master_log]: t_T2DbTableWrapper : t2db_client_handover_master_log : Wed Dec 04 11:50:37 IST 2024
Dec 04, 2024 11:50:37 AM com.itextos.beacon.smslog.ExecutorLog1 log
INFO: [GENERAL] [t_T2DbTableWrapper : t2db_client_handover_master_log]: t_T2DbTableWrapper : t2db_client_handover_master_log : goto sleep for the milli second  : 1000
Dec 04, 2024 11:50:37 AM com.itextos.beacon.smslog.ExecutorLog1 log
INFO: [GENERAL] [t_T2DbTableWrapper : t2db_client_handover_retry_data]: t_T2DbTableWrapper : t2db_client_handover_retry_data : Wed Dec 04 11:50:37 IST 2024
Dec 04, 2024 11:50:37 AM com.itextos.beacon.smslog.ExecutorLog1 log
INFO: [GENERAL] [t_T2DbTableWrapper : t2db_client_handover_retry_data]: t_T2DbTableWrapper : t2db_client_handover_retry_data : goto sleep for the milli second  : 1000
Dec 04, 2024 11:50:38 AM com.itextos.beacon.smslog.ExecutorLog1 log
INFO: [GENERAL] [t_T2DbTableWrapper : t2db_client_handover_log]: t_T2DbTableWrapper : t2db_client_handover_log : Wed Dec 04 11:50:38 IST 2024
Dec 04, 2024 11:50:38 AM com.itextos.beacon.smslog.ExecutorLog1 log
INFO: [GENERAL] [t_T2DbTableWrapper : t2db_client_handover_log]: t_T2DbTableWrapper : t2db_client_handover_log : goto sleep for the milli second  : 1000
Dec 04, 2024 11:50:38 AM com.itextos.beacon.smslog.ExecutorLog1 log
INFO: [GENERAL] [t_T2DbTableWrapper : t2db_client_handover_master_log]: t_T2DbTableWrapper : t2db_client_handover_master_log : Wed Dec 04 11:50:38 IST 2024
Dec 04, 2024 11:50:38 AM com.itextos.beacon.smslog.ExecutorLog1 log
INFO: [GENERAL] [t_T2DbTableWrapper : t2db_client_handover_retry_data]: t_T2DbTableWrapper : t2db_client_handover_retry_data : Wed Dec 04 11:50:38 IST 2024
Dec 04, 2024 11:50:38 AM com.itextos.beacon.smslog.ExecutorLog1 log
INFO: [GENERAL] [t_T2DbTableWrapper : t2db_client_handover_master_log]: t_T2DbTableWrapper : t2db_client_handover_master_log : goto sleep for the milli second  : 1000
Dec 04, 2024 11:50:38 AM com.itextos.beacon.smslog.ExecutorLog1 log
INFO: [GENERAL] [t_T2DbTableWrapper : t2db_client_handover_retry_data]: t_T2DbTableWrapper : t2db_client_handover_retry_data : goto sleep for the milli second  : 1000
Dec 04, 2024 11:50:39 AM com.itextos.beacon.smslog.ExecutorLog1 log
INFO: [GENERAL] [t_T2DbTableWrapper : t2db_client_handover_log]: t_T2DbTableWrapper : t2db_client_handover_log : Wed Dec 04 11:50:39 IST 2024
Dec 04, 2024 11:50:39 AM com.itextos.beacon.smslog.ExecutorLog1 log
INFO: [GENERAL] [t_T2DbTableWrapper : t2db_client_handover_log]: t_T2DbTableWrapper : t2db_client_handover_log : goto sleep for the milli second  : 1000
