Nov 18, 2024 7:17:29 PM com.itextos.beacon.smslog.StartupFlowLog log
INFO: Invoking for Component 'RCH' with Startup Arguments StartupRuntimeArguments [mPlatformCluster=[], mInterfaceGroup=[], mMessageType=null, mMessagePriority=[], mClientIds=[]]
Nov 18, 2024 7:17:29 PM com.itextos.beacon.smslog.StartupFlowLog log
INFO: Processing for the cluster Type 'COMMON'
Nov 18, 2024 7:17:29 PM com.itextos.beacon.smslog.StartupFlowLog log
INFO: platformCluster : COMMON topicName : retry_carrier_handover-low
Nov 18, 2024 7:17:29 PM com.itextos.beacon.smslog.StartupFlowLog log
INFO: platformCluster :  common
Nov 18, 2024 7:17:29 PM com.itextos.beacon.smslog.StartupFlowLog log
INFO: key :  retry_carrier_handover~common~retry_carrier_handover-low
Nov 18, 2024 7:17:29 PM com.itextos.beacon.smslog.StartupFlowLog log
INFO: Creating Kafka Consumers for RCH-COMMON-retry_carrier_handover-low
Nov 18, 2024 7:17:30 PM com.itextos.beacon.smslog.StartupFlowLog log
INFO: Kafka Cluster Component map : KafkaClusterComponentMap [mComponent=RCH, mPlatformClusterType=COMMON, mKafkaProducerClusterName=trans-platform, mKafkaConsumerClusterName=trans-platform, mKafkaConsumerGroupName=group_retry_carrier_handover, mKafkaClientConsumerCount=1, mSleepTimeInMillis=100, mThreadsCount=1, mIntlThreadCount=1, mMaxProducersPerTopic=1]
Nov 18, 2024 7:17:30 PM com.itextos.beacon.smslog.StartupFlowLog log
INFO: Consumer Kafka Cluster name : 'trans-platform'
Nov 18, 2024 7:17:30 PM com.itextos.beacon.smslog.StartupFlowLog log
INFO: Kafka Cluster found : 'KafkaClusterInfo [mKafkaClusterName=trans-platform, mKafkaProducerProperties=/platform/properties/bulk/kafka-producer.properties, mKafkaConsumerProperties=/platform/properties/bulk/kafka-consumer.properties]'
Nov 18, 2024 7:17:30 PM com.itextos.beacon.smslog.StartupFlowLog log
INFO: Topic Name to use :'retry_carrier_handover-low'
Nov 18, 2024 7:17:30 PM com.itextos.beacon.smslog.StartupFlowLog log
INFO: Final Topic name to use : 'retry-carrier-handover-low'
Nov 18, 2024 7:17:30 PM com.itextos.beacon.smslog.StartupFlowLog log
INFO: Kafka Cluster Producer Properties found : '/kafka-producer.properties_do1'
Nov 18, 2024 7:17:30 PM com.itextos.beacon.smslog.StartupFlowLog log
INFO: Kafka Cluster Consumer Properties found : '/kafka-consumer.properties_do1'
Nov 18, 2024 7:17:30 PM com.itextos.beacon.smslog.StartupFlowLog log
INFO: createConsumerClients : main~retry_carrier_handover~consumer~1~null-172.18.0.2  topicName : retry-carrier-handover-low
Nov 18, 2024 7:17:30 PM com.itextos.beacon.smslog.StartupFlowLog log
INFO: clusterInMemCollection : {common={retry_carrier_handover-low=com.itextos.beacon.commonlib.kafkaservice.consumer.ConsumerInMemCollection@31fa1761}}
Nov 18, 2024 7:17:30 PM com.itextos.beacon.smslog.StartupFlowLog log
INFO: aTopicsToConsume : 'retry_carrier_handover-low
Nov 18, 2024 7:17:30 PM com.itextos.beacon.smslog.StartupFlowLog log
INFO: platformCluster : 'COMMON
Nov 18, 2024 7:17:30 PM com.itextos.beacon.smslog.StartupFlowLog log
INFO: Consumer to start for the Cluster Type Name : 'common' Cluster COMMON topics : common topicInMemCollection : {retry_carrier_handover-low=com.itextos.beacon.commonlib.kafkaservice.consumer.ConsumerInMemCollection@31fa1761}
Nov 18, 2024 7:17:30 PM com.itextos.beacon.smslog.StartupFlowLog log
INFO: createConsumerThreads : aClusterName : common aPlatformCluster :  COMMON aTopicName : retry_carrier_handover-low aClassName : com.itextos.beacon.platform.rch.processor.RetryProcessor
Nov 18, 2024 7:17:30 PM com.itextos.beacon.smslog.StartupFlowLog log
INFO: AbstractCommonComponentProcessor contsructer Entered
Nov 18, 2024 7:17:30 PM com.itextos.beacon.smslog.StartupFlowLog log
INFO: AbstractKafkaComponentProcessor contsructer Entered
Nov 18, 2024 7:17:30 PM com.itextos.beacon.smslog.StartupFlowLog log
INFO: Thread 'Thread~common~retry_carrier_handover~retry_carrier_handover-low~1'started for Component 'RCH' Cluster 'common' Actual Cluster 'COMMON' Topic name 'retry_carrier_handover-low' Thread index '1' with sleep time millis '100'
Nov 18, 2024 7:18:20 PM com.itextos.beacon.smslog.StartupFlowLog log
INFO: Invoking for Component 'RCH' with Startup Arguments StartupRuntimeArguments [mPlatformCluster=[], mInterfaceGroup=[], mMessageType=null, mMessagePriority=[], mClientIds=[]]
Nov 18, 2024 7:18:20 PM com.itextos.beacon.smslog.StartupFlowLog log
INFO: Processing for the cluster Type 'COMMON'
Nov 18, 2024 7:18:20 PM com.itextos.beacon.smslog.StartupFlowLog log
INFO: platformCluster : COMMON topicName : retry_carrier_handover-low
Nov 18, 2024 7:18:20 PM com.itextos.beacon.smslog.StartupFlowLog log
INFO: platformCluster :  common
Nov 18, 2024 7:18:20 PM com.itextos.beacon.smslog.StartupFlowLog log
INFO: key :  retry_carrier_handover~common~retry_carrier_handover-low
Nov 18, 2024 7:18:20 PM com.itextos.beacon.smslog.StartupFlowLog log
INFO: Creating Kafka Consumers for RCH-COMMON-retry_carrier_handover-low
Nov 18, 2024 7:18:21 PM com.itextos.beacon.smslog.StartupFlowLog log
INFO: Kafka Cluster Component map : KafkaClusterComponentMap [mComponent=RCH, mPlatformClusterType=COMMON, mKafkaProducerClusterName=trans-platform, mKafkaConsumerClusterName=trans-platform, mKafkaConsumerGroupName=group_retry_carrier_handover, mKafkaClientConsumerCount=1, mSleepTimeInMillis=100, mThreadsCount=1, mIntlThreadCount=1, mMaxProducersPerTopic=1]
Nov 18, 2024 7:18:21 PM com.itextos.beacon.smslog.StartupFlowLog log
INFO: Consumer Kafka Cluster name : 'trans-platform'
Nov 18, 2024 7:18:21 PM com.itextos.beacon.smslog.StartupFlowLog log
INFO: Kafka Cluster found : 'KafkaClusterInfo [mKafkaClusterName=trans-platform, mKafkaProducerProperties=/platform/properties/bulk/kafka-producer.properties, mKafkaConsumerProperties=/platform/properties/bulk/kafka-consumer.properties]'
Nov 18, 2024 7:18:21 PM com.itextos.beacon.smslog.StartupFlowLog log
INFO: Topic Name to use :'retry_carrier_handover-low'
Nov 18, 2024 7:18:21 PM com.itextos.beacon.smslog.StartupFlowLog log
INFO: Final Topic name to use : 'retry-carrier-handover-low'
Nov 18, 2024 7:18:21 PM com.itextos.beacon.smslog.StartupFlowLog log
INFO: Kafka Cluster Producer Properties found : '/kafka-producer.properties_do1'
Nov 18, 2024 7:18:21 PM com.itextos.beacon.smslog.StartupFlowLog log
INFO: Kafka Cluster Consumer Properties found : '/kafka-consumer.properties_do1'
Nov 18, 2024 7:18:21 PM com.itextos.beacon.smslog.StartupFlowLog log
INFO: createConsumerClients : main~retry_carrier_handover~consumer~1~null-172.18.0.2  topicName : retry-carrier-handover-low
Nov 18, 2024 7:18:21 PM com.itextos.beacon.smslog.StartupFlowLog log
INFO: clusterInMemCollection : {common={retry_carrier_handover-low=com.itextos.beacon.commonlib.kafkaservice.consumer.ConsumerInMemCollection@31fa1761}}
Nov 18, 2024 7:18:21 PM com.itextos.beacon.smslog.StartupFlowLog log
INFO: aTopicsToConsume : 'retry_carrier_handover-low
Nov 18, 2024 7:18:21 PM com.itextos.beacon.smslog.StartupFlowLog log
INFO: platformCluster : 'COMMON
Nov 18, 2024 7:18:21 PM com.itextos.beacon.smslog.StartupFlowLog log
INFO: Consumer to start for the Cluster Type Name : 'common' Cluster COMMON topics : common topicInMemCollection : {retry_carrier_handover-low=com.itextos.beacon.commonlib.kafkaservice.consumer.ConsumerInMemCollection@31fa1761}
Nov 18, 2024 7:18:21 PM com.itextos.beacon.smslog.StartupFlowLog log
INFO: createConsumerThreads : aClusterName : common aPlatformCluster :  COMMON aTopicName : retry_carrier_handover-low aClassName : com.itextos.beacon.platform.rch.processor.RetryProcessor
Nov 18, 2024 7:18:21 PM com.itextos.beacon.smslog.StartupFlowLog log
INFO: AbstractCommonComponentProcessor contsructer Entered
Nov 18, 2024 7:18:21 PM com.itextos.beacon.smslog.StartupFlowLog log
INFO: AbstractKafkaComponentProcessor contsructer Entered
Nov 18, 2024 7:18:21 PM com.itextos.beacon.smslog.StartupFlowLog log
INFO: Thread 'Thread~common~retry_carrier_handover~retry_carrier_handover-low~1'started for Component 'RCH' Cluster 'common' Actual Cluster 'COMMON' Topic name 'retry_carrier_handover-low' Thread index '1' with sleep time millis '100'
Nov 18, 2024 7:23:22 PM com.itextos.beacon.smslog.StartupFlowLog log
INFO: Invoking for Component 'RCH' with Startup Arguments StartupRuntimeArguments [mPlatformCluster=[], mInterfaceGroup=[], mMessageType=null, mMessagePriority=[], mClientIds=[]]
Nov 18, 2024 7:23:22 PM com.itextos.beacon.smslog.StartupFlowLog log
INFO: Processing for the cluster Type 'COMMON'
Nov 18, 2024 7:23:22 PM com.itextos.beacon.smslog.StartupFlowLog log
INFO: platformCluster : COMMON topicName : retry_carrier_handover-low
Nov 18, 2024 7:23:22 PM com.itextos.beacon.smslog.StartupFlowLog log
INFO: platformCluster :  common
Nov 18, 2024 7:23:22 PM com.itextos.beacon.smslog.StartupFlowLog log
INFO: key :  retry_carrier_handover~common~retry_carrier_handover-low
Nov 18, 2024 7:23:22 PM com.itextos.beacon.smslog.StartupFlowLog log
INFO: Creating Kafka Consumers for RCH-COMMON-retry_carrier_handover-low
Nov 18, 2024 7:23:23 PM com.itextos.beacon.smslog.StartupFlowLog log
INFO: Kafka Cluster Component map : KafkaClusterComponentMap [mComponent=RCH, mPlatformClusterType=COMMON, mKafkaProducerClusterName=trans-platform, mKafkaConsumerClusterName=trans-platform, mKafkaConsumerGroupName=group_retry_carrier_handover, mKafkaClientConsumerCount=1, mSleepTimeInMillis=100, mThreadsCount=1, mIntlThreadCount=1, mMaxProducersPerTopic=1]
Nov 18, 2024 7:23:23 PM com.itextos.beacon.smslog.StartupFlowLog log
INFO: Consumer Kafka Cluster name : 'trans-platform'
Nov 18, 2024 7:23:23 PM com.itextos.beacon.smslog.StartupFlowLog log
INFO: Kafka Cluster found : 'KafkaClusterInfo [mKafkaClusterName=trans-platform, mKafkaProducerProperties=/platform/properties/bulk/kafka-producer.properties, mKafkaConsumerProperties=/platform/properties/bulk/kafka-consumer.properties]'
Nov 18, 2024 7:23:23 PM com.itextos.beacon.smslog.StartupFlowLog log
INFO: Topic Name to use :'retry_carrier_handover-low'
Nov 18, 2024 7:23:23 PM com.itextos.beacon.smslog.StartupFlowLog log
INFO: Final Topic name to use : 'retry-carrier-handover-low'
Nov 18, 2024 7:23:23 PM com.itextos.beacon.smslog.StartupFlowLog log
INFO: Kafka Cluster Producer Properties found : '/kafka-producer.properties_do1'
Nov 18, 2024 7:23:23 PM com.itextos.beacon.smslog.StartupFlowLog log
INFO: Kafka Cluster Consumer Properties found : '/kafka-consumer.properties_do1'
Nov 18, 2024 7:23:23 PM com.itextos.beacon.smslog.StartupFlowLog log
INFO: createConsumerClients : main~retry_carrier_handover~consumer~1~null-172.18.0.3  topicName : retry-carrier-handover-low
Nov 18, 2024 7:23:23 PM com.itextos.beacon.smslog.StartupFlowLog log
INFO: clusterInMemCollection : {common={retry_carrier_handover-low=com.itextos.beacon.commonlib.kafkaservice.consumer.ConsumerInMemCollection@31fa1761}}
Nov 18, 2024 7:23:23 PM com.itextos.beacon.smslog.StartupFlowLog log
INFO: aTopicsToConsume : 'retry_carrier_handover-low
Nov 18, 2024 7:23:23 PM com.itextos.beacon.smslog.StartupFlowLog log
INFO: platformCluster : 'COMMON
Nov 18, 2024 7:23:23 PM com.itextos.beacon.smslog.StartupFlowLog log
INFO: Consumer to start for the Cluster Type Name : 'common' Cluster COMMON topics : common topicInMemCollection : {retry_carrier_handover-low=com.itextos.beacon.commonlib.kafkaservice.consumer.ConsumerInMemCollection@31fa1761}
Nov 18, 2024 7:23:23 PM com.itextos.beacon.smslog.StartupFlowLog log
INFO: createConsumerThreads : aClusterName : common aPlatformCluster :  COMMON aTopicName : retry_carrier_handover-low aClassName : com.itextos.beacon.platform.rch.processor.RetryProcessor
Nov 18, 2024 7:23:23 PM com.itextos.beacon.smslog.StartupFlowLog log
INFO: AbstractCommonComponentProcessor contsructer Entered
Nov 18, 2024 7:23:23 PM com.itextos.beacon.smslog.StartupFlowLog log
INFO: AbstractKafkaComponentProcessor contsructer Entered
Nov 18, 2024 7:23:23 PM com.itextos.beacon.smslog.StartupFlowLog log
INFO: Thread 'Thread~common~retry_carrier_handover~retry_carrier_handover-low~1'started for Component 'RCH' Cluster 'common' Actual Cluster 'COMMON' Topic name 'retry_carrier_handover-low' Thread index '1' with sleep time millis '100'
Nov 19, 2024 8:10:00 AM com.itextos.beacon.smslog.StartupFlowLog log
INFO: Invoking for Component 'RCH' with Startup Arguments StartupRuntimeArguments [mPlatformCluster=[], mInterfaceGroup=[], mMessageType=null, mMessagePriority=[], mClientIds=[]]
Nov 19, 2024 8:10:00 AM com.itextos.beacon.smslog.StartupFlowLog log
INFO: Processing for the cluster Type 'COMMON'
Nov 19, 2024 8:10:00 AM com.itextos.beacon.smslog.StartupFlowLog log
INFO: platformCluster : COMMON topicName : retry_carrier_handover-low
Nov 19, 2024 8:10:00 AM com.itextos.beacon.smslog.StartupFlowLog log
INFO: platformCluster :  common
Nov 19, 2024 8:10:00 AM com.itextos.beacon.smslog.StartupFlowLog log
INFO: key :  retry_carrier_handover~common~retry_carrier_handover-low
Nov 19, 2024 8:10:00 AM com.itextos.beacon.smslog.StartupFlowLog log
INFO: Creating Kafka Consumers for RCH-COMMON-retry_carrier_handover-low
Nov 19, 2024 8:10:01 AM com.itextos.beacon.smslog.StartupFlowLog log
INFO: Kafka Cluster Component map : KafkaClusterComponentMap [mComponent=RCH, mPlatformClusterType=COMMON, mKafkaProducerClusterName=trans-platform, mKafkaConsumerClusterName=trans-platform, mKafkaConsumerGroupName=group_retry_carrier_handover, mKafkaClientConsumerCount=1, mSleepTimeInMillis=100, mThreadsCount=1, mIntlThreadCount=1, mMaxProducersPerTopic=1]
Nov 19, 2024 8:10:01 AM com.itextos.beacon.smslog.StartupFlowLog log
INFO: Consumer Kafka Cluster name : 'trans-platform'
Nov 19, 2024 8:10:01 AM com.itextos.beacon.smslog.StartupFlowLog log
INFO: Kafka Cluster found : 'KafkaClusterInfo [mKafkaClusterName=trans-platform, mKafkaProducerProperties=/platform/properties/bulk/kafka-producer.properties, mKafkaConsumerProperties=/platform/properties/bulk/kafka-consumer.properties]'
Nov 19, 2024 8:10:01 AM com.itextos.beacon.smslog.StartupFlowLog log
INFO: Topic Name to use :'retry_carrier_handover-low'
Nov 19, 2024 8:10:01 AM com.itextos.beacon.smslog.StartupFlowLog log
INFO: Final Topic name to use : 'retry-carrier-handover-low'
Nov 19, 2024 8:10:01 AM com.itextos.beacon.smslog.StartupFlowLog log
INFO: Kafka Cluster Producer Properties found : '/kafka-producer.properties_do1'
Nov 19, 2024 8:10:01 AM com.itextos.beacon.smslog.StartupFlowLog log
INFO: Kafka Cluster Consumer Properties found : '/kafka-consumer.properties_do1'
Nov 19, 2024 8:10:01 AM com.itextos.beacon.smslog.StartupFlowLog log
INFO: createConsumerClients : main~retry_carrier_handover~consumer~1~null-172.18.0.3  topicName : retry-carrier-handover-low
Nov 19, 2024 8:10:01 AM com.itextos.beacon.smslog.StartupFlowLog log
INFO: clusterInMemCollection : {common={retry_carrier_handover-low=com.itextos.beacon.commonlib.kafkaservice.consumer.ConsumerInMemCollection@27462a88}}
Nov 19, 2024 8:10:01 AM com.itextos.beacon.smslog.StartupFlowLog log
INFO: aTopicsToConsume : 'retry_carrier_handover-low
Nov 19, 2024 8:10:01 AM com.itextos.beacon.smslog.StartupFlowLog log
INFO: platformCluster : 'COMMON
Nov 19, 2024 8:10:01 AM com.itextos.beacon.smslog.StartupFlowLog log
INFO: Consumer to start for the Cluster Type Name : 'common' Cluster COMMON topics : common topicInMemCollection : {retry_carrier_handover-low=com.itextos.beacon.commonlib.kafkaservice.consumer.ConsumerInMemCollection@27462a88}
Nov 19, 2024 8:10:01 AM com.itextos.beacon.smslog.StartupFlowLog log
INFO: createConsumerThreads : aClusterName : common aPlatformCluster :  COMMON aTopicName : retry_carrier_handover-low aClassName : com.itextos.beacon.platform.rch.processor.RetryProcessor
Nov 19, 2024 8:10:01 AM com.itextos.beacon.smslog.StartupFlowLog log
INFO: AbstractCommonComponentProcessor contsructer Entered
Nov 19, 2024 8:10:01 AM com.itextos.beacon.smslog.StartupFlowLog log
INFO: AbstractKafkaComponentProcessor contsructer Entered
Nov 19, 2024 8:10:01 AM com.itextos.beacon.smslog.StartupFlowLog log
INFO: Thread 'Thread~common~retry_carrier_handover~retry_carrier_handover-low~1'started for Component 'RCH' Cluster 'common' Actual Cluster 'COMMON' Topic name 'retry_carrier_handover-low' Thread index '1' with sleep time millis '100'
Nov 20, 2024 7:17:18 AM com.itextos.beacon.smslog.StartupFlowLog log
INFO: Invoking for Component 'RCH' with Startup Arguments StartupRuntimeArguments [mPlatformCluster=[], mInterfaceGroup=[], mMessageType=null, mMessagePriority=[], mClientIds=[]]
Nov 20, 2024 7:17:18 AM com.itextos.beacon.smslog.StartupFlowLog log
INFO: Processing for the cluster Type 'COMMON'
Nov 20, 2024 7:17:18 AM com.itextos.beacon.smslog.StartupFlowLog log
INFO: platformCluster : COMMON topicName : retry_carrier_handover-low
Nov 20, 2024 7:17:18 AM com.itextos.beacon.smslog.StartupFlowLog log
INFO: platformCluster :  common
Nov 20, 2024 7:17:18 AM com.itextos.beacon.smslog.StartupFlowLog log
INFO: key :  retry_carrier_handover~common~retry_carrier_handover-low
Nov 20, 2024 7:17:18 AM com.itextos.beacon.smslog.StartupFlowLog log
INFO: Creating Kafka Consumers for RCH-COMMON-retry_carrier_handover-low
Nov 20, 2024 7:17:19 AM com.itextos.beacon.smslog.StartupFlowLog log
INFO: Kafka Cluster Component map : KafkaClusterComponentMap [mComponent=RCH, mPlatformClusterType=COMMON, mKafkaProducerClusterName=trans-platform, mKafkaConsumerClusterName=trans-platform, mKafkaConsumerGroupName=group_retry_carrier_handover, mKafkaClientConsumerCount=1, mSleepTimeInMillis=100, mThreadsCount=1, mIntlThreadCount=1, mMaxProducersPerTopic=1]
Nov 20, 2024 7:17:19 AM com.itextos.beacon.smslog.StartupFlowLog log
INFO: Consumer Kafka Cluster name : 'trans-platform'
Nov 20, 2024 7:17:19 AM com.itextos.beacon.smslog.StartupFlowLog log
INFO: Kafka Cluster found : 'KafkaClusterInfo [mKafkaClusterName=trans-platform, mKafkaProducerProperties=/platform/properties/bulk/kafka-producer.properties, mKafkaConsumerProperties=/platform/properties/bulk/kafka-consumer.properties]'
Nov 20, 2024 7:17:19 AM com.itextos.beacon.smslog.StartupFlowLog log
INFO: Topic Name to use :'retry_carrier_handover-low'
Nov 20, 2024 7:17:19 AM com.itextos.beacon.smslog.StartupFlowLog log
INFO: Final Topic name to use : 'retry-carrier-handover-low'
Nov 20, 2024 7:17:19 AM com.itextos.beacon.smslog.StartupFlowLog log
INFO: Kafka Cluster Producer Properties found : '/kafka-producer.properties_do1'
Nov 20, 2024 7:17:19 AM com.itextos.beacon.smslog.StartupFlowLog log
INFO: Kafka Cluster Consumer Properties found : '/kafka-consumer.properties_do1'
Nov 20, 2024 7:17:19 AM com.itextos.beacon.smslog.StartupFlowLog log
INFO: createConsumerClients : main~retry_carrier_handover~consumer~1~null-172.18.0.3  topicName : retry-carrier-handover-low
Nov 20, 2024 7:17:19 AM com.itextos.beacon.smslog.StartupFlowLog log
INFO: clusterInMemCollection : {common={retry_carrier_handover-low=com.itextos.beacon.commonlib.kafkaservice.consumer.ConsumerInMemCollection@27462a88}}
Nov 20, 2024 7:17:19 AM com.itextos.beacon.smslog.StartupFlowLog log
INFO: aTopicsToConsume : 'retry_carrier_handover-low
Nov 20, 2024 7:17:19 AM com.itextos.beacon.smslog.StartupFlowLog log
INFO: platformCluster : 'COMMON
Nov 20, 2024 7:17:19 AM com.itextos.beacon.smslog.StartupFlowLog log
INFO: Consumer to start for the Cluster Type Name : 'common' Cluster COMMON topics : common topicInMemCollection : {retry_carrier_handover-low=com.itextos.beacon.commonlib.kafkaservice.consumer.ConsumerInMemCollection@27462a88}
Nov 20, 2024 7:17:19 AM com.itextos.beacon.smslog.StartupFlowLog log
INFO: createConsumerThreads : aClusterName : common aPlatformCluster :  COMMON aTopicName : retry_carrier_handover-low aClassName : com.itextos.beacon.platform.rch.processor.RetryProcessor
Nov 20, 2024 7:17:19 AM com.itextos.beacon.smslog.StartupFlowLog log
INFO: AbstractCommonComponentProcessor contsructer Entered
Nov 20, 2024 7:17:19 AM com.itextos.beacon.smslog.StartupFlowLog log
INFO: AbstractKafkaComponentProcessor contsructer Entered
Nov 20, 2024 7:17:19 AM com.itextos.beacon.smslog.StartupFlowLog log
INFO: Thread 'Thread~common~retry_carrier_handover~retry_carrier_handover-low~1'started for Component 'RCH' Cluster 'common' Actual Cluster 'COMMON' Topic name 'retry_carrier_handover-low' Thread index '1' with sleep time millis '100'
Nov 23, 2024 1:19:22 PM com.itextos.beacon.smslog.StartupFlowLog log
INFO: Invoking for Component 'RCH' with Startup Arguments StartupRuntimeArguments [mPlatformCluster=[], mInterfaceGroup=[], mMessageType=null, mMessagePriority=[], mClientIds=[]]
Nov 23, 2024 1:19:22 PM com.itextos.beacon.smslog.StartupFlowLog log
INFO: Processing for the cluster Type 'COMMON'
Nov 23, 2024 1:19:22 PM com.itextos.beacon.smslog.StartupFlowLog log
INFO: platformCluster : COMMON topicName : retry_carrier_handover-low
Nov 23, 2024 1:19:22 PM com.itextos.beacon.smslog.StartupFlowLog log
INFO: platformCluster :  common
Nov 23, 2024 1:19:22 PM com.itextos.beacon.smslog.StartupFlowLog log
INFO: key :  retry_carrier_handover~common~retry_carrier_handover-low
Nov 23, 2024 1:19:22 PM com.itextos.beacon.smslog.StartupFlowLog log
INFO: Creating Kafka Consumers for RCH-COMMON-retry_carrier_handover-low
Nov 23, 2024 1:19:23 PM com.itextos.beacon.smslog.StartupFlowLog log
INFO: Kafka Cluster Component map : KafkaClusterComponentMap [mComponent=RCH, mPlatformClusterType=COMMON, mKafkaProducerClusterName=trans-platform, mKafkaConsumerClusterName=trans-platform, mKafkaConsumerGroupName=group_retry_carrier_handover, mKafkaClientConsumerCount=1, mSleepTimeInMillis=100, mThreadsCount=1, mIntlThreadCount=1, mMaxProducersPerTopic=1]
Nov 23, 2024 1:19:23 PM com.itextos.beacon.smslog.StartupFlowLog log
INFO: Consumer Kafka Cluster name : 'trans-platform'
Nov 23, 2024 1:19:23 PM com.itextos.beacon.smslog.StartupFlowLog log
INFO: Kafka Cluster found : 'KafkaClusterInfo [mKafkaClusterName=trans-platform, mKafkaProducerProperties=/platform/properties/bulk/kafka-producer.properties, mKafkaConsumerProperties=/platform/properties/bulk/kafka-consumer.properties]'
Nov 23, 2024 1:19:23 PM com.itextos.beacon.smslog.StartupFlowLog log
INFO: Topic Name to use :'retry_carrier_handover-low'
Nov 23, 2024 1:19:23 PM com.itextos.beacon.smslog.StartupFlowLog log
INFO: Final Topic name to use : 'retry-carrier-handover-low'
Nov 23, 2024 1:19:23 PM com.itextos.beacon.smslog.StartupFlowLog log
INFO: Kafka Cluster Producer Properties found : '/kafka-producer.properties_do1'
Nov 23, 2024 1:19:23 PM com.itextos.beacon.smslog.StartupFlowLog log
INFO: Kafka Cluster Consumer Properties found : '/kafka-consumer.properties_do1'
Nov 23, 2024 1:19:23 PM com.itextos.beacon.smslog.StartupFlowLog log
INFO: createConsumerClients : main~retry_carrier_handover~consumer~1~null-172.18.0.3  topicName : retry-carrier-handover-low
Nov 23, 2024 1:19:23 PM com.itextos.beacon.smslog.StartupFlowLog log
INFO: clusterInMemCollection : {common={retry_carrier_handover-low=com.itextos.beacon.commonlib.kafkaservice.consumer.ConsumerInMemCollection@27462a88}}
Nov 23, 2024 1:19:23 PM com.itextos.beacon.smslog.StartupFlowLog log
INFO: aTopicsToConsume : 'retry_carrier_handover-low
Nov 23, 2024 1:19:23 PM com.itextos.beacon.smslog.StartupFlowLog log
INFO: platformCluster : 'COMMON
Nov 23, 2024 1:19:23 PM com.itextos.beacon.smslog.StartupFlowLog log
INFO: Consumer to start for the Cluster Type Name : 'common' Cluster COMMON topics : common topicInMemCollection : {retry_carrier_handover-low=com.itextos.beacon.commonlib.kafkaservice.consumer.ConsumerInMemCollection@27462a88}
Nov 23, 2024 1:19:23 PM com.itextos.beacon.smslog.StartupFlowLog log
INFO: createConsumerThreads : aClusterName : common aPlatformCluster :  COMMON aTopicName : retry_carrier_handover-low aClassName : com.itextos.beacon.platform.rch.processor.RetryProcessor
Nov 23, 2024 1:19:23 PM com.itextos.beacon.smslog.StartupFlowLog log
INFO: AbstractCommonComponentProcessor contsructer Entered
Nov 23, 2024 1:19:23 PM com.itextos.beacon.smslog.StartupFlowLog log
INFO: AbstractKafkaComponentProcessor contsructer Entered
Nov 23, 2024 1:19:23 PM com.itextos.beacon.smslog.StartupFlowLog log
INFO: Thread 'Thread~common~retry_carrier_handover~retry_carrier_handover-low~1'started for Component 'RCH' Cluster 'common' Actual Cluster 'COMMON' Topic name 'retry_carrier_handover-low' Thread index '1' with sleep time millis '100'
Nov 23, 2024 1:21:32 PM com.itextos.beacon.smslog.StartupFlowLog log
INFO: Invoking for Component 'RCH' with Startup Arguments StartupRuntimeArguments [mPlatformCluster=[], mInterfaceGroup=[], mMessageType=null, mMessagePriority=[], mClientIds=[]]
Nov 23, 2024 1:21:32 PM com.itextos.beacon.smslog.StartupFlowLog log
INFO: Processing for the cluster Type 'COMMON'
Nov 23, 2024 1:21:32 PM com.itextos.beacon.smslog.StartupFlowLog log
INFO: platformCluster : COMMON topicName : retry_carrier_handover-low
Nov 23, 2024 1:21:32 PM com.itextos.beacon.smslog.StartupFlowLog log
INFO: platformCluster :  common
Nov 23, 2024 1:21:32 PM com.itextos.beacon.smslog.StartupFlowLog log
INFO: key :  retry_carrier_handover~common~retry_carrier_handover-low
Nov 23, 2024 1:21:32 PM com.itextos.beacon.smslog.StartupFlowLog log
INFO: Creating Kafka Consumers for RCH-COMMON-retry_carrier_handover-low
Nov 23, 2024 1:21:33 PM com.itextos.beacon.smslog.StartupFlowLog log
INFO: Kafka Cluster Component map : KafkaClusterComponentMap [mComponent=RCH, mPlatformClusterType=COMMON, mKafkaProducerClusterName=trans-platform, mKafkaConsumerClusterName=trans-platform, mKafkaConsumerGroupName=group_retry_carrier_handover, mKafkaClientConsumerCount=1, mSleepTimeInMillis=100, mThreadsCount=1, mIntlThreadCount=1, mMaxProducersPerTopic=1]
Nov 23, 2024 1:21:33 PM com.itextos.beacon.smslog.StartupFlowLog log
INFO: Consumer Kafka Cluster name : 'trans-platform'
Nov 23, 2024 1:21:33 PM com.itextos.beacon.smslog.StartupFlowLog log
INFO: Kafka Cluster found : 'KafkaClusterInfo [mKafkaClusterName=trans-platform, mKafkaProducerProperties=/platform/properties/bulk/kafka-producer.properties, mKafkaConsumerProperties=/platform/properties/bulk/kafka-consumer.properties]'
Nov 23, 2024 1:21:33 PM com.itextos.beacon.smslog.StartupFlowLog log
INFO: Topic Name to use :'retry_carrier_handover-low'
Nov 23, 2024 1:21:33 PM com.itextos.beacon.smslog.StartupFlowLog log
INFO: Final Topic name to use : 'retry-carrier-handover-low'
Nov 23, 2024 1:21:33 PM com.itextos.beacon.smslog.StartupFlowLog log
INFO: Kafka Cluster Producer Properties found : '/kafka-producer.properties_do1'
Nov 23, 2024 1:21:33 PM com.itextos.beacon.smslog.StartupFlowLog log
INFO: Kafka Cluster Consumer Properties found : '/kafka-consumer.properties_do1'
Nov 23, 2024 1:21:34 PM com.itextos.beacon.smslog.StartupFlowLog log
INFO: createConsumerClients : main~retry_carrier_handover~consumer~1~null-172.18.0.3  topicName : retry-carrier-handover-low
Nov 23, 2024 1:21:34 PM com.itextos.beacon.smslog.StartupFlowLog log
INFO: clusterInMemCollection : {common={retry_carrier_handover-low=com.itextos.beacon.commonlib.kafkaservice.consumer.ConsumerInMemCollection@659499f1}}
Nov 23, 2024 1:21:34 PM com.itextos.beacon.smslog.StartupFlowLog log
INFO: aTopicsToConsume : 'retry_carrier_handover-low
Nov 23, 2024 1:21:34 PM com.itextos.beacon.smslog.StartupFlowLog log
INFO: platformCluster : 'COMMON
Nov 23, 2024 1:21:34 PM com.itextos.beacon.smslog.StartupFlowLog log
INFO: Consumer to start for the Cluster Type Name : 'common' Cluster COMMON topics : common topicInMemCollection : {retry_carrier_handover-low=com.itextos.beacon.commonlib.kafkaservice.consumer.ConsumerInMemCollection@659499f1}
Nov 23, 2024 1:21:34 PM com.itextos.beacon.smslog.StartupFlowLog log
INFO: createConsumerThreads : aClusterName : common aPlatformCluster :  COMMON aTopicName : retry_carrier_handover-low aClassName : com.itextos.beacon.platform.rch.processor.RetryProcessor
Nov 23, 2024 1:21:34 PM com.itextos.beacon.smslog.StartupFlowLog log
INFO: AbstractCommonComponentProcessor contsructer Entered
Nov 23, 2024 1:21:34 PM com.itextos.beacon.smslog.StartupFlowLog log
INFO: AbstractKafkaComponentProcessor contsructer Entered
Nov 23, 2024 1:21:34 PM com.itextos.beacon.smslog.StartupFlowLog log
INFO: Thread 'Thread~common~retry_carrier_handover~retry_carrier_handover-low~1'started for Component 'RCH' Cluster 'common' Actual Cluster 'COMMON' Topic name 'retry_carrier_handover-low' Thread index '1' with sleep time millis '100'
Nov 28, 2024 9:41:45 PM com.itextos.beacon.smslog.StartupFlowLog log
INFO: Invoking for Component 'RCH' with Startup Arguments StartupRuntimeArguments [mPlatformCluster=[], mInterfaceGroup=[], mMessageType=null, mMessagePriority=[], mClientIds=[]]
Nov 28, 2024 9:41:45 PM com.itextos.beacon.smslog.StartupFlowLog log
INFO: Processing for the cluster Type 'COMMON'
Nov 28, 2024 9:41:45 PM com.itextos.beacon.smslog.StartupFlowLog log
INFO: platformCluster : COMMON topicName : retry_carrier_handover-low
Nov 28, 2024 9:41:45 PM com.itextos.beacon.smslog.StartupFlowLog log
INFO: platformCluster :  common
Nov 28, 2024 9:41:45 PM com.itextos.beacon.smslog.StartupFlowLog log
INFO: key :  retry_carrier_handover~common~retry_carrier_handover-low
Nov 28, 2024 9:41:45 PM com.itextos.beacon.smslog.StartupFlowLog log
INFO: Creating Kafka Consumers for RCH-COMMON-retry_carrier_handover-low
Nov 28, 2024 9:41:46 PM com.itextos.beacon.smslog.StartupFlowLog log
INFO: Kafka Cluster Component map : KafkaClusterComponentMap [mComponent=RCH, mPlatformClusterType=COMMON, mKafkaProducerClusterName=trans-platform, mKafkaConsumerClusterName=trans-platform, mKafkaConsumerGroupName=group_retry_carrier_handover, mKafkaClientConsumerCount=3, mSleepTimeInMillis=100, mThreadsCount=1, mIntlThreadCount=1, mMaxProducersPerTopic=1]
Nov 28, 2024 9:41:46 PM com.itextos.beacon.smslog.StartupFlowLog log
INFO: Consumer Kafka Cluster name : 'trans-platform'
Nov 28, 2024 9:41:46 PM com.itextos.beacon.smslog.StartupFlowLog log
INFO: Kafka Cluster found : 'KafkaClusterInfo [mKafkaClusterName=trans-platform, mKafkaProducerProperties=/platform/properties/bulk/kafka-producer.properties, mKafkaConsumerProperties=/platform/properties/bulk/kafka-consumer.properties]'
Nov 28, 2024 9:41:46 PM com.itextos.beacon.smslog.StartupFlowLog log
INFO: Topic Name to use :'retry_carrier_handover-low'
Nov 28, 2024 9:41:46 PM com.itextos.beacon.smslog.StartupFlowLog log
INFO: Final Topic name to use : 'retry-carrier-handover-low'
Nov 28, 2024 9:41:46 PM com.itextos.beacon.smslog.StartupFlowLog log
INFO: Kafka Cluster Producer Properties found : '/kafka-producer.properties_do1'
Nov 28, 2024 9:41:46 PM com.itextos.beacon.smslog.StartupFlowLog log
INFO: Kafka Cluster Consumer Properties found : '/kafka-consumer.properties_do1'
Nov 28, 2024 9:41:46 PM com.itextos.beacon.smslog.StartupFlowLog log
INFO: createConsumerClients : main~retry_carrier_handover~consumer~1~null-172.18.0.3  topicName : retry-carrier-handover-low
Nov 28, 2024 9:41:46 PM com.itextos.beacon.smslog.StartupFlowLog log
INFO: createConsumerClients : main~retry_carrier_handover~consumer~2~null-172.18.0.3  topicName : retry-carrier-handover-low
Nov 28, 2024 9:41:46 PM com.itextos.beacon.smslog.StartupFlowLog log
INFO: createConsumerClients : main~retry_carrier_handover~consumer~3~null-172.18.0.3  topicName : retry-carrier-handover-low
Nov 28, 2024 9:41:46 PM com.itextos.beacon.smslog.StartupFlowLog log
INFO: clusterInMemCollection : {common={retry_carrier_handover-low=com.itextos.beacon.commonlib.kafkaservice.consumer.ConsumerInMemCollection@6221a451}}
Nov 28, 2024 9:41:46 PM com.itextos.beacon.smslog.StartupFlowLog log
INFO: aTopicsToConsume : 'retry_carrier_handover-low
Nov 28, 2024 9:41:46 PM com.itextos.beacon.smslog.StartupFlowLog log
INFO: platformCluster : 'COMMON
Nov 28, 2024 9:41:46 PM com.itextos.beacon.smslog.StartupFlowLog log
INFO: Consumer to start for the Cluster Type Name : 'common' Cluster COMMON topics : common topicInMemCollection : {retry_carrier_handover-low=com.itextos.beacon.commonlib.kafkaservice.consumer.ConsumerInMemCollection@6221a451}
Nov 28, 2024 9:41:46 PM com.itextos.beacon.smslog.StartupFlowLog log
INFO: createConsumerThreads : aClusterName : common aPlatformCluster :  COMMON aTopicName : retry_carrier_handover-low aClassName : com.itextos.beacon.platform.rch.processor.RetryProcessor
Nov 28, 2024 9:41:46 PM com.itextos.beacon.smslog.StartupFlowLog log
INFO: AbstractCommonComponentProcessor contsructer Entered
Nov 28, 2024 9:41:46 PM com.itextos.beacon.smslog.StartupFlowLog log
INFO: AbstractKafkaComponentProcessor contsructer Entered
Nov 28, 2024 9:41:46 PM com.itextos.beacon.smslog.StartupFlowLog log
INFO: Thread 'Thread~common~retry_carrier_handover~retry_carrier_handover-low~1'started for Component 'RCH' Cluster 'common' Actual Cluster 'COMMON' Topic name 'retry_carrier_handover-low' Thread index '1' with sleep time millis '100'
Nov 28, 2024 9:43:10 PM com.itextos.beacon.smslog.StartupFlowLog log
INFO: Invoking for Component 'RCH' with Startup Arguments StartupRuntimeArguments [mPlatformCluster=[], mInterfaceGroup=[], mMessageType=null, mMessagePriority=[], mClientIds=[]]
Nov 28, 2024 9:43:10 PM com.itextos.beacon.smslog.StartupFlowLog log
INFO: Processing for the cluster Type 'COMMON'
Nov 28, 2024 9:43:10 PM com.itextos.beacon.smslog.StartupFlowLog log
INFO: platformCluster : COMMON topicName : retry_carrier_handover-low
Nov 28, 2024 9:43:10 PM com.itextos.beacon.smslog.StartupFlowLog log
INFO: platformCluster :  common
Nov 28, 2024 9:43:10 PM com.itextos.beacon.smslog.StartupFlowLog log
INFO: key :  retry_carrier_handover~common~retry_carrier_handover-low
Nov 28, 2024 9:43:10 PM com.itextos.beacon.smslog.StartupFlowLog log
INFO: Creating Kafka Consumers for RCH-COMMON-retry_carrier_handover-low
Nov 28, 2024 9:43:11 PM com.itextos.beacon.smslog.StartupFlowLog log
INFO: Kafka Cluster Component map : KafkaClusterComponentMap [mComponent=RCH, mPlatformClusterType=COMMON, mKafkaProducerClusterName=trans-platform, mKafkaConsumerClusterName=trans-platform, mKafkaConsumerGroupName=group_retry_carrier_handover, mKafkaClientConsumerCount=3, mSleepTimeInMillis=100, mThreadsCount=1, mIntlThreadCount=1, mMaxProducersPerTopic=1]
Nov 28, 2024 9:43:11 PM com.itextos.beacon.smslog.StartupFlowLog log
INFO: Consumer Kafka Cluster name : 'trans-platform'
Nov 28, 2024 9:43:11 PM com.itextos.beacon.smslog.StartupFlowLog log
INFO: Kafka Cluster found : 'KafkaClusterInfo [mKafkaClusterName=trans-platform, mKafkaProducerProperties=/platform/properties/bulk/kafka-producer.properties, mKafkaConsumerProperties=/platform/properties/bulk/kafka-consumer.properties]'
Nov 28, 2024 9:43:11 PM com.itextos.beacon.smslog.StartupFlowLog log
INFO: Topic Name to use :'retry_carrier_handover-low'
Nov 28, 2024 9:43:11 PM com.itextos.beacon.smslog.StartupFlowLog log
INFO: Final Topic name to use : 'retry-carrier-handover-low'
Nov 28, 2024 9:43:11 PM com.itextos.beacon.smslog.StartupFlowLog log
INFO: Kafka Cluster Producer Properties found : '/kafka-producer.properties_do1'
Nov 28, 2024 9:43:11 PM com.itextos.beacon.smslog.StartupFlowLog log
INFO: Kafka Cluster Consumer Properties found : '/kafka-consumer.properties_do1'
Nov 28, 2024 9:43:12 PM com.itextos.beacon.smslog.StartupFlowLog log
INFO: createConsumerClients : main~retry_carrier_handover~consumer~1~null-172.18.0.5  topicName : retry-carrier-handover-low
Nov 28, 2024 9:43:12 PM com.itextos.beacon.smslog.StartupFlowLog log
INFO: createConsumerClients : main~retry_carrier_handover~consumer~2~null-172.18.0.5  topicName : retry-carrier-handover-low
Nov 28, 2024 9:43:12 PM com.itextos.beacon.smslog.StartupFlowLog log
INFO: createConsumerClients : main~retry_carrier_handover~consumer~3~null-172.18.0.5  topicName : retry-carrier-handover-low
Nov 28, 2024 9:43:12 PM com.itextos.beacon.smslog.StartupFlowLog log
INFO: clusterInMemCollection : {common={retry_carrier_handover-low=com.itextos.beacon.commonlib.kafkaservice.consumer.ConsumerInMemCollection@6221a451}}
Nov 28, 2024 9:43:12 PM com.itextos.beacon.smslog.StartupFlowLog log
INFO: aTopicsToConsume : 'retry_carrier_handover-low
Nov 28, 2024 9:43:12 PM com.itextos.beacon.smslog.StartupFlowLog log
INFO: platformCluster : 'COMMON
Nov 28, 2024 9:43:12 PM com.itextos.beacon.smslog.StartupFlowLog log
INFO: Consumer to start for the Cluster Type Name : 'common' Cluster COMMON topics : common topicInMemCollection : {retry_carrier_handover-low=com.itextos.beacon.commonlib.kafkaservice.consumer.ConsumerInMemCollection@6221a451}
Nov 28, 2024 9:43:12 PM com.itextos.beacon.smslog.StartupFlowLog log
INFO: createConsumerThreads : aClusterName : common aPlatformCluster :  COMMON aTopicName : retry_carrier_handover-low aClassName : com.itextos.beacon.platform.rch.processor.RetryProcessor
Nov 28, 2024 9:43:12 PM com.itextos.beacon.smslog.StartupFlowLog log
INFO: AbstractCommonComponentProcessor contsructer Entered
Nov 28, 2024 9:43:12 PM com.itextos.beacon.smslog.StartupFlowLog log
INFO: AbstractKafkaComponentProcessor contsructer Entered
Nov 28, 2024 9:43:12 PM com.itextos.beacon.smslog.StartupFlowLog log
INFO: Thread 'Thread~common~retry_carrier_handover~retry_carrier_handover-low~1'started for Component 'RCH' Cluster 'common' Actual Cluster 'COMMON' Topic name 'retry_carrier_handover-low' Thread index '1' with sleep time millis '100'
Nov 30, 2024 7:17:56 AM com.itextos.beacon.smslog.StartupFlowLog log
INFO: Invoking for Component 'RCH' with Startup Arguments StartupRuntimeArguments [mPlatformCluster=[], mInterfaceGroup=[], mMessageType=null, mMessagePriority=[], mClientIds=[]]
Nov 30, 2024 7:17:56 AM com.itextos.beacon.smslog.StartupFlowLog log
INFO: Processing for the cluster Type 'COMMON'
Nov 30, 2024 7:17:56 AM com.itextos.beacon.smslog.StartupFlowLog log
INFO: platformCluster : COMMON topicName : retry_carrier_handover-low
Nov 30, 2024 7:17:56 AM com.itextos.beacon.smslog.StartupFlowLog log
INFO: platformCluster :  common
Nov 30, 2024 7:17:56 AM com.itextos.beacon.smslog.StartupFlowLog log
INFO: key :  retry_carrier_handover~common~retry_carrier_handover-low
Nov 30, 2024 7:17:56 AM com.itextos.beacon.smslog.StartupFlowLog log
INFO: Creating Kafka Consumers for RCH-COMMON-retry_carrier_handover-low
Nov 30, 2024 7:17:57 AM com.itextos.beacon.smslog.StartupFlowLog log
INFO: Kafka Cluster Component map : KafkaClusterComponentMap [mComponent=RCH, mPlatformClusterType=COMMON, mKafkaProducerClusterName=trans-platform, mKafkaConsumerClusterName=trans-platform, mKafkaConsumerGroupName=group_retry_carrier_handover, mKafkaClientConsumerCount=5, mSleepTimeInMillis=100, mThreadsCount=1, mIntlThreadCount=1, mMaxProducersPerTopic=1]
Nov 30, 2024 7:17:57 AM com.itextos.beacon.smslog.StartupFlowLog log
INFO: Consumer Kafka Cluster name : 'trans-platform'
Nov 30, 2024 7:17:57 AM com.itextos.beacon.smslog.StartupFlowLog log
INFO: Kafka Cluster found : 'KafkaClusterInfo [mKafkaClusterName=trans-platform, mKafkaProducerProperties=/platform/properties/bulk/kafka-producer.properties, mKafkaConsumerProperties=/platform/properties/bulk/kafka-consumer.properties]'
Nov 30, 2024 7:17:57 AM com.itextos.beacon.smslog.StartupFlowLog log
INFO: Topic Name to use :'retry_carrier_handover-low'
Nov 30, 2024 7:17:57 AM com.itextos.beacon.smslog.StartupFlowLog log
INFO: Final Topic name to use : 'retry-carrier-handover-low'
Nov 30, 2024 7:17:57 AM com.itextos.beacon.smslog.StartupFlowLog log
INFO: Kafka Cluster Producer Properties found : '/kafka-producer.properties_do1'
Nov 30, 2024 7:17:57 AM com.itextos.beacon.smslog.StartupFlowLog log
INFO: Kafka Cluster Consumer Properties found : '/kafka-consumer.properties_do1'
Nov 30, 2024 7:17:57 AM com.itextos.beacon.smslog.StartupFlowLog log
INFO: createConsumerClients : main~retry_carrier_handover~consumer~1~null-172.18.0.5  topicName : retry-carrier-handover-low
Nov 30, 2024 7:17:57 AM com.itextos.beacon.smslog.StartupFlowLog log
INFO: createConsumerClients : main~retry_carrier_handover~consumer~2~null-172.18.0.5  topicName : retry-carrier-handover-low
Nov 30, 2024 7:17:57 AM com.itextos.beacon.smslog.StartupFlowLog log
INFO: createConsumerClients : main~retry_carrier_handover~consumer~3~null-172.18.0.5  topicName : retry-carrier-handover-low
Nov 30, 2024 7:17:57 AM com.itextos.beacon.smslog.StartupFlowLog log
INFO: createConsumerClients : main~retry_carrier_handover~consumer~4~null-172.18.0.5  topicName : retry-carrier-handover-low
Nov 30, 2024 7:17:57 AM com.itextos.beacon.smslog.StartupFlowLog log
INFO: createConsumerClients : main~retry_carrier_handover~consumer~5~null-172.18.0.5  topicName : retry-carrier-handover-low
Nov 30, 2024 7:17:57 AM com.itextos.beacon.smslog.StartupFlowLog log
INFO: clusterInMemCollection : {common={retry_carrier_handover-low=com.itextos.beacon.commonlib.kafkaservice.consumer.ConsumerInMemCollection@6e6f2380}}
Nov 30, 2024 7:17:57 AM com.itextos.beacon.smslog.StartupFlowLog log
INFO: aTopicsToConsume : 'retry_carrier_handover-low
Nov 30, 2024 7:17:57 AM com.itextos.beacon.smslog.StartupFlowLog log
INFO: platformCluster : 'COMMON
Nov 30, 2024 7:17:57 AM com.itextos.beacon.smslog.StartupFlowLog log
INFO: Consumer to start for the Cluster Type Name : 'common' Cluster COMMON topics : common topicInMemCollection : {retry_carrier_handover-low=com.itextos.beacon.commonlib.kafkaservice.consumer.ConsumerInMemCollection@6e6f2380}
Nov 30, 2024 7:17:57 AM com.itextos.beacon.smslog.StartupFlowLog log
INFO: createConsumerThreads : aClusterName : common aPlatformCluster :  COMMON aTopicName : retry_carrier_handover-low aClassName : com.itextos.beacon.platform.rch.processor.RetryProcessor
Nov 30, 2024 7:17:57 AM com.itextos.beacon.smslog.StartupFlowLog log
INFO: AbstractCommonComponentProcessor contsructer Entered
Nov 30, 2024 7:17:57 AM com.itextos.beacon.smslog.StartupFlowLog log
INFO: AbstractKafkaComponentProcessor contsructer Entered
Nov 30, 2024 7:17:57 AM com.itextos.beacon.smslog.StartupFlowLog log
INFO: Thread 'Thread~common~retry_carrier_handover~retry_carrier_handover-low~1'started for Component 'RCH' Cluster 'common' Actual Cluster 'COMMON' Topic name 'retry_carrier_handover-low' Thread index '1' with sleep time millis '100'
Nov 30, 2024 1:26:57 PM com.itextos.beacon.smslog.StartupFlowLog log
INFO: Invoking for Component 'RCH' with Startup Arguments StartupRuntimeArguments [mPlatformCluster=[], mInterfaceGroup=[], mMessageType=null, mMessagePriority=[], mClientIds=[]]
Nov 30, 2024 1:26:57 PM com.itextos.beacon.smslog.StartupFlowLog log
INFO: Processing for the cluster Type 'COMMON'
Nov 30, 2024 1:26:57 PM com.itextos.beacon.smslog.StartupFlowLog log
INFO: platformCluster : COMMON topicName : retry_carrier_handover-low
Nov 30, 2024 1:26:57 PM com.itextos.beacon.smslog.StartupFlowLog log
INFO: platformCluster :  common
Nov 30, 2024 1:26:57 PM com.itextos.beacon.smslog.StartupFlowLog log
INFO: key :  retry_carrier_handover~common~retry_carrier_handover-low
Nov 30, 2024 1:26:57 PM com.itextos.beacon.smslog.StartupFlowLog log
INFO: Creating Kafka Consumers for RCH-COMMON-retry_carrier_handover-low
Nov 30, 2024 1:26:58 PM com.itextos.beacon.smslog.StartupFlowLog log
INFO: Kafka Cluster Component map : KafkaClusterComponentMap [mComponent=RCH, mPlatformClusterType=COMMON, mKafkaProducerClusterName=trans-platform, mKafkaConsumerClusterName=trans-platform, mKafkaConsumerGroupName=group_retry_carrier_handover, mKafkaClientConsumerCount=5, mSleepTimeInMillis=100, mThreadsCount=1, mIntlThreadCount=1, mMaxProducersPerTopic=3]
Nov 30, 2024 1:26:58 PM com.itextos.beacon.smslog.StartupFlowLog log
INFO: Consumer Kafka Cluster name : 'trans-platform'
Nov 30, 2024 1:26:58 PM com.itextos.beacon.smslog.StartupFlowLog log
INFO: Kafka Cluster found : 'KafkaClusterInfo [mKafkaClusterName=trans-platform, mKafkaProducerProperties=/platform/properties/bulk/kafka-producer.properties, mKafkaConsumerProperties=/platform/properties/bulk/kafka-consumer.properties]'
Nov 30, 2024 1:26:58 PM com.itextos.beacon.smslog.StartupFlowLog log
INFO: Topic Name to use :'retry_carrier_handover-low'
Nov 30, 2024 1:26:58 PM com.itextos.beacon.smslog.StartupFlowLog log
INFO: Final Topic name to use : 'retry-carrier-handover-low'
Nov 30, 2024 1:26:58 PM com.itextos.beacon.smslog.StartupFlowLog log
INFO: Kafka Cluster Producer Properties found : '/kafka-producer.properties_do1'
Nov 30, 2024 1:26:58 PM com.itextos.beacon.smslog.StartupFlowLog log
INFO: Kafka Cluster Consumer Properties found : '/kafka-consumer.properties_do1'
Nov 30, 2024 1:26:58 PM com.itextos.beacon.smslog.StartupFlowLog log
INFO: createConsumerClients : main~retry_carrier_handover~consumer~1~null-172.18.0.5  topicName : retry-carrier-handover-low
Nov 30, 2024 1:26:59 PM com.itextos.beacon.smslog.StartupFlowLog log
INFO: createConsumerClients : main~retry_carrier_handover~consumer~2~null-172.18.0.5  topicName : retry-carrier-handover-low
Nov 30, 2024 1:26:59 PM com.itextos.beacon.smslog.StartupFlowLog log
INFO: createConsumerClients : main~retry_carrier_handover~consumer~3~null-172.18.0.5  topicName : retry-carrier-handover-low
Nov 30, 2024 1:26:59 PM com.itextos.beacon.smslog.StartupFlowLog log
INFO: createConsumerClients : main~retry_carrier_handover~consumer~4~null-172.18.0.5  topicName : retry-carrier-handover-low
Nov 30, 2024 1:26:59 PM com.itextos.beacon.smslog.StartupFlowLog log
INFO: createConsumerClients : main~retry_carrier_handover~consumer~5~null-172.18.0.5  topicName : retry-carrier-handover-low
Nov 30, 2024 1:26:59 PM com.itextos.beacon.smslog.StartupFlowLog log
INFO: clusterInMemCollection : {common={retry_carrier_handover-low=com.itextos.beacon.commonlib.kafkaservice.consumer.ConsumerInMemCollection@53fe15ff}}
Nov 30, 2024 1:26:59 PM com.itextos.beacon.smslog.StartupFlowLog log
INFO: aTopicsToConsume : 'retry_carrier_handover-low
Nov 30, 2024 1:26:59 PM com.itextos.beacon.smslog.StartupFlowLog log
INFO: platformCluster : 'COMMON
Nov 30, 2024 1:26:59 PM com.itextos.beacon.smslog.StartupFlowLog log
INFO: Consumer to start for the Cluster Type Name : 'common' Cluster COMMON topics : common topicInMemCollection : {retry_carrier_handover-low=com.itextos.beacon.commonlib.kafkaservice.consumer.ConsumerInMemCollection@53fe15ff}
Nov 30, 2024 1:26:59 PM com.itextos.beacon.smslog.StartupFlowLog log
INFO: createConsumerThreads : aClusterName : common aPlatformCluster :  COMMON aTopicName : retry_carrier_handover-low aClassName : com.itextos.beacon.platform.rch.processor.RetryProcessor
Nov 30, 2024 1:26:59 PM com.itextos.beacon.smslog.StartupFlowLog log
INFO: AbstractCommonComponentProcessor contsructer Entered
Nov 30, 2024 1:26:59 PM com.itextos.beacon.smslog.StartupFlowLog log
INFO: AbstractKafkaComponentProcessor contsructer Entered
Nov 30, 2024 1:26:59 PM com.itextos.beacon.smslog.StartupFlowLog log
INFO: Thread 'Thread~common~retry_carrier_handover~retry_carrier_handover-low~1'started for Component 'RCH' Cluster 'common' Actual Cluster 'COMMON' Topic name 'retry_carrier_handover-low' Thread index '1' with sleep time millis '100'
