Jan 11, 2025 1:25:03 PM com.itextos.beacon.commonlib.commondbpool.log.DataSourceLog log
INFO: ConnectionPoolFactory Adding configuration for JndiInfo [id=0, description=System DB]
Jan 11, 2025 1:25:03 PM com.itextos.beacon.commonlib.commondbpool.log.DataSourceLog log
INFO: Creating connection pool : connection ID : 'JndiInfo [id=0, description=System DB]'
Jan 11, 2025 1:25:03 PM com.itextos.beacon.commonlib.commondbpool.log.DataSourceLog log
INFO:  Created dataSourceConfig  : {maxWaitMillis=-1, minIdle=2, initialSize=1, maxWait=-1, url=jdbc:mysql://10.139.244.160:30001/, numTestsPerEvictionRun=1, password=Sy5Cf8@123, maxIdle=2, minEvictableIdleTimeMillis=290000, timeBetweenEvictionRunsMillis=1000, maxTotal=3, driverClassName=org.mariadb.jdbc.Driver, username=cfguser, maxActive=3}
Jan 11, 2025 1:25:03 PM com.itextos.beacon.commonlib.commondbpool.log.DataSourceLog log
INFO:  isDataSourceCreated : true
Jan 11, 2025 1:25:03 PM com.itextos.beacon.commonlib.commondbpool.log.DataSourceLog log
INFO: ConnectionPoolFactory Adding configuration for JndiInfo [id=11, description=topic2table]
Jan 11, 2025 1:25:03 PM com.itextos.beacon.commonlib.commondbpool.log.DataSourceLog log
INFO:  Select from sysconfig.jndi_info  jndi info : JndiInfo [id=11, description=topic2table]
Jan 11, 2025 1:25:03 PM com.itextos.beacon.commonlib.commondbpool.log.DataSourceLog log
INFO: ConnectionPoolFactory Adding configuration for JndiInfo [id=10, description=r3c]
Jan 11, 2025 1:25:03 PM com.itextos.beacon.commonlib.commondbpool.log.DataSourceLog log
INFO:  Select from sysconfig.jndi_info  jndi info : JndiInfo [id=10, description=r3c]
Jan 11, 2025 1:25:03 PM com.itextos.beacon.commonlib.commondbpool.log.DataSourceLog log
INFO: ConnectionPoolFactory Adding configuration for JndiInfo [id=12, description=r3c_pb]
Jan 11, 2025 1:25:03 PM com.itextos.beacon.commonlib.commondbpool.log.DataSourceLog log
INFO:  Select from sysconfig.jndi_info  jndi info : JndiInfo [id=12, description=r3c_pb]
Jan 11, 2025 1:25:03 PM com.itextos.beacon.commonlib.commondbpool.log.DataSourceLog log
INFO: ConnectionPoolFactory Adding configuration for JndiInfo [id=5, description=payload]
Jan 11, 2025 1:25:03 PM com.itextos.beacon.commonlib.commondbpool.log.DataSourceLog log
INFO:  Select from sysconfig.jndi_info  jndi info : JndiInfo [id=5, description=payload]
Jan 11, 2025 1:25:03 PM com.itextos.beacon.commonlib.commondbpool.log.DataSourceLog log
INFO: ConnectionPoolFactory Adding configuration for JndiInfo [id=7, description=messaging]
Jan 11, 2025 1:25:03 PM com.itextos.beacon.commonlib.commondbpool.log.DataSourceLog log
INFO:  Select from sysconfig.jndi_info  jndi info : JndiInfo [id=7, description=messaging]
Jan 11, 2025 1:25:03 PM com.itextos.beacon.commonlib.commondbpool.log.DataSourceLog log
INFO: ConnectionPoolFactory Adding configuration for JndiInfo [id=8, description=logging]
Jan 11, 2025 1:25:03 PM com.itextos.beacon.commonlib.commondbpool.log.DataSourceLog log
INFO:  Select from sysconfig.jndi_info  jndi info : JndiInfo [id=8, description=logging]
Jan 11, 2025 1:25:03 PM com.itextos.beacon.commonlib.commondbpool.log.DataSourceLog log
INFO: ConnectionPoolFactory Adding configuration for JndiInfo [id=3, description=listing]
Jan 11, 2025 1:25:03 PM com.itextos.beacon.commonlib.commondbpool.log.DataSourceLog log
INFO:  Select from sysconfig.jndi_info  jndi info : JndiInfo [id=3, description=listing]
Jan 11, 2025 1:25:03 PM com.itextos.beacon.commonlib.commondbpool.log.DataSourceLog log
INFO: ConnectionPoolFactory Adding configuration for JndiInfo [id=9, description=httpclienthandover]
Jan 11, 2025 1:25:03 PM com.itextos.beacon.commonlib.commondbpool.log.DataSourceLog log
INFO:  Select from sysconfig.jndi_info  jndi info : JndiInfo [id=9, description=httpclienthandover]
Jan 11, 2025 1:25:03 PM com.itextos.beacon.commonlib.commondbpool.log.DataSourceLog log
INFO: ConnectionPoolFactory Adding configuration for JndiInfo [id=1, description=configuration]
Jan 11, 2025 1:25:03 PM com.itextos.beacon.commonlib.commondbpool.log.DataSourceLog log
INFO:  Select from sysconfig.jndi_info  jndi info : JndiInfo [id=1, description=configuration]
Jan 11, 2025 1:25:03 PM com.itextos.beacon.commonlib.commondbpool.log.DataSourceLog log
INFO: ConnectionPoolFactory Adding configuration for JndiInfo [id=4, description=carrier_handover]
Jan 11, 2025 1:25:03 PM com.itextos.beacon.commonlib.commondbpool.log.DataSourceLog log
INFO:  Select from sysconfig.jndi_info  jndi info : JndiInfo [id=4, description=carrier_handover]
Jan 11, 2025 1:25:03 PM com.itextos.beacon.commonlib.commondbpool.log.DataSourceLog log
INFO: ConnectionPoolFactory Adding configuration for JndiInfo [id=6, description=billing]
Jan 11, 2025 1:25:03 PM com.itextos.beacon.commonlib.commondbpool.log.DataSourceLog log
INFO:  Select from sysconfig.jndi_info  jndi info : JndiInfo [id=6, description=billing]
Jan 11, 2025 1:25:03 PM com.itextos.beacon.commonlib.commondbpool.log.DataSourceLog log
INFO: ConnectionPoolFactory Adding configuration for JndiInfo [id=2, description=accounts]
Jan 11, 2025 1:25:03 PM com.itextos.beacon.commonlib.commondbpool.log.DataSourceLog log
INFO:  Select from sysconfig.jndi_info  jndi info : JndiInfo [id=2, description=accounts]
Jan 11, 2025 1:25:03 PM com.itextos.beacon.commonlib.commondbpool.log.DataSourceLog log
INFO: ConnectionPoolFactory Adding configuration for JndiInfo [id=13, description=cm]
Jan 11, 2025 1:25:03 PM com.itextos.beacon.commonlib.commondbpool.log.DataSourceLog log
INFO:  Select from sysconfig.jndi_info  jndi info : JndiInfo [id=13, description=cm]
Jan 11, 2025 1:25:04 PM com.itextos.beacon.commonlib.commondbpool.log.DataSourceLog log
INFO: ConnectionPoolFactory Adding configuration for JndiInfo [id=14, description=billingbkup]
Jan 11, 2025 1:25:04 PM com.itextos.beacon.commonlib.commondbpool.log.DataSourceLog log
INFO:  Select from sysconfig.jndi_info  jndi info : JndiInfo [id=14, description=billingbkup]
Jan 11, 2025 1:25:04 PM com.itextos.beacon.commonlib.commondbpool.log.DataSourceLog log
INFO: ConnectionPoolFactory Adding configuration for JndiInfo [id=57, description=pg_billing]
Jan 11, 2025 1:25:04 PM com.itextos.beacon.commonlib.commondbpool.log.DataSourceLog log
INFO:  Select from sysconfig.jndi_info  jndi info : JndiInfo [id=57, description=pg_billing]
Jan 11, 2025 1:25:04 PM com.itextos.beacon.commonlib.commondbpool.log.DataSourceLog log
INFO: Creating connection pool : connection ID : 'JndiInfo [id=13, description=cm]'
Jan 11, 2025 1:25:04 PM com.itextos.beacon.commonlib.commondbpool.log.DataSourceLog log
INFO:  Created dataSourceConfig  : {maxWaitMillis=-1, minIdle=2, initialSize=1, maxWait=-1, url=jdbc:mariadb://10.139.244.160:30001/cm, numTestsPerEvictionRun=3, password=Sy5Cf8@123, maxIdle=3, minEvictableIdleTimeMillis=1800000, timeBetweenEvictionRunsMillis=-1, maxTotal=3, driverClassName=org.mariadb.jdbc.Driver, username=cfguser, maxActive=3}
Jan 11, 2025 1:25:04 PM com.itextos.beacon.commonlib.commondbpool.log.DataSourceLog log
INFO:  isDataSourceCreated : true
Jan 11, 2025 1:25:08 PM com.itextos.beacon.commonlib.commondbpool.log.DataSourceLog log
INFO: Creating connection pool : connection ID : 'JndiInfo [id=1, description=configuration]'
Jan 11, 2025 1:25:08 PM com.itextos.beacon.commonlib.commondbpool.log.DataSourceLog log
INFO:  Created dataSourceConfig  : {maxWaitMillis=-1, minIdle=2, initialSize=1, maxWait=-1, url=jdbc:mariadb://10.139.244.160:30001/configuration, numTestsPerEvictionRun=3, password=Sy5Cf8@123, maxIdle=3, minEvictableIdleTimeMillis=1800000, timeBetweenEvictionRunsMillis=-1, maxTotal=3, driverClassName=org.mariadb.jdbc.Driver, username=cfguser, maxActive=3}
Jan 11, 2025 1:25:08 PM com.itextos.beacon.commonlib.commondbpool.log.DataSourceLog log
INFO:  isDataSourceCreated : true
Jan 12, 2025 6:56:47 AM com.itextos.beacon.commonlib.commondbpool.log.DataSourceLog log
INFO: Creating connection pool : connection ID : 'JndiInfo [id=2, description=accounts]'
Jan 12, 2025 6:56:47 AM com.itextos.beacon.commonlib.commondbpool.log.DataSourceLog log
INFO: Creating connection pool : connection ID : 'JndiInfo [id=2, description=accounts]'
Jan 12, 2025 6:56:47 AM com.itextos.beacon.commonlib.commondbpool.log.DataSourceLog log
INFO:  Created dataSourceConfig  : {maxWaitMillis=-1, minIdle=2, initialSize=1, maxWait=-1, url=jdbc:mariadb://10.139.244.160:30001/accounts, numTestsPerEvictionRun=3, password=Sy5Cf8@123, maxIdle=3, minEvictableIdleTimeMillis=1800000, timeBetweenEvictionRunsMillis=-1, maxTotal=3, driverClassName=org.mariadb.jdbc.Driver, username=cfguser, maxActive=3}
Jan 12, 2025 6:56:47 AM com.itextos.beacon.commonlib.commondbpool.log.DataSourceLog log
INFO:  isDataSourceCreated : true
Jan 12, 2025 6:56:47 AM com.itextos.beacon.commonlib.commondbpool.log.DataSourceLog log
INFO:  Created dataSourceConfig  : {maxWaitMillis=-1, minIdle=2, initialSize=1, maxWait=-1, url=jdbc:mariadb://10.139.244.160:30001/accounts, numTestsPerEvictionRun=3, password=Sy5Cf8@123, maxIdle=3, minEvictableIdleTimeMillis=1800000, timeBetweenEvictionRunsMillis=-1, maxTotal=3, driverClassName=org.mariadb.jdbc.Driver, username=cfguser, maxActive=3}
Jan 12, 2025 6:56:47 AM com.itextos.beacon.commonlib.commondbpool.log.DataSourceLog log
INFO:  isDataSourceCreated : true
Jan 14, 2025 5:58:50 PM com.itextos.beacon.commonlib.commondbpool.log.DataSourceLog log
INFO: ConnectionPoolFactory Adding configuration for JndiInfo [id=0, description=System DB]
Jan 14, 2025 5:58:50 PM com.itextos.beacon.commonlib.commondbpool.log.DataSourceLog log
INFO: Creating connection pool : connection ID : 'JndiInfo [id=0, description=System DB]'
Jan 14, 2025 5:58:50 PM com.itextos.beacon.commonlib.commondbpool.log.DataSourceLog log
INFO:  Created dataSourceConfig  : {maxWaitMillis=-1, minIdle=2, initialSize=1, maxWait=-1, url=jdbc:mysql://10.139.244.160:30001/, numTestsPerEvictionRun=1, password=Sy5Cf8@123, maxIdle=2, minEvictableIdleTimeMillis=290000, timeBetweenEvictionRunsMillis=1000, maxTotal=3, driverClassName=org.mariadb.jdbc.Driver, username=cfguser, maxActive=3}
Jan 14, 2025 5:58:50 PM com.itextos.beacon.commonlib.commondbpool.log.DataSourceLog log
INFO:  isDataSourceCreated : true
Jan 14, 2025 5:58:50 PM com.itextos.beacon.commonlib.commondbpool.log.DataSourceLog log
INFO: ConnectionPoolFactory Adding configuration for JndiInfo [id=11, description=topic2table]
Jan 14, 2025 5:58:50 PM com.itextos.beacon.commonlib.commondbpool.log.DataSourceLog log
INFO:  Select from sysconfig.jndi_info  jndi info : JndiInfo [id=11, description=topic2table]
Jan 14, 2025 5:58:50 PM com.itextos.beacon.commonlib.commondbpool.log.DataSourceLog log
INFO: ConnectionPoolFactory Adding configuration for JndiInfo [id=10, description=r3c]
Jan 14, 2025 5:58:50 PM com.itextos.beacon.commonlib.commondbpool.log.DataSourceLog log
INFO:  Select from sysconfig.jndi_info  jndi info : JndiInfo [id=10, description=r3c]
Jan 14, 2025 5:58:50 PM com.itextos.beacon.commonlib.commondbpool.log.DataSourceLog log
INFO: ConnectionPoolFactory Adding configuration for JndiInfo [id=12, description=r3c_pb]
Jan 14, 2025 5:58:50 PM com.itextos.beacon.commonlib.commondbpool.log.DataSourceLog log
INFO:  Select from sysconfig.jndi_info  jndi info : JndiInfo [id=12, description=r3c_pb]
Jan 14, 2025 5:58:50 PM com.itextos.beacon.commonlib.commondbpool.log.DataSourceLog log
INFO: ConnectionPoolFactory Adding configuration for JndiInfo [id=5, description=payload]
Jan 14, 2025 5:58:50 PM com.itextos.beacon.commonlib.commondbpool.log.DataSourceLog log
INFO:  Select from sysconfig.jndi_info  jndi info : JndiInfo [id=5, description=payload]
Jan 14, 2025 5:58:50 PM com.itextos.beacon.commonlib.commondbpool.log.DataSourceLog log
INFO: ConnectionPoolFactory Adding configuration for JndiInfo [id=7, description=messaging]
Jan 14, 2025 5:58:50 PM com.itextos.beacon.commonlib.commondbpool.log.DataSourceLog log
INFO:  Select from sysconfig.jndi_info  jndi info : JndiInfo [id=7, description=messaging]
Jan 14, 2025 5:58:50 PM com.itextos.beacon.commonlib.commondbpool.log.DataSourceLog log
INFO: ConnectionPoolFactory Adding configuration for JndiInfo [id=8, description=logging]
Jan 14, 2025 5:58:50 PM com.itextos.beacon.commonlib.commondbpool.log.DataSourceLog log
INFO:  Select from sysconfig.jndi_info  jndi info : JndiInfo [id=8, description=logging]
Jan 14, 2025 5:58:51 PM com.itextos.beacon.commonlib.commondbpool.log.DataSourceLog log
INFO: ConnectionPoolFactory Adding configuration for JndiInfo [id=3, description=listing]
Jan 14, 2025 5:58:51 PM com.itextos.beacon.commonlib.commondbpool.log.DataSourceLog log
INFO:  Select from sysconfig.jndi_info  jndi info : JndiInfo [id=3, description=listing]
Jan 14, 2025 5:58:51 PM com.itextos.beacon.commonlib.commondbpool.log.DataSourceLog log
INFO: ConnectionPoolFactory Adding configuration for JndiInfo [id=9, description=httpclienthandover]
Jan 14, 2025 5:58:51 PM com.itextos.beacon.commonlib.commondbpool.log.DataSourceLog log
INFO:  Select from sysconfig.jndi_info  jndi info : JndiInfo [id=9, description=httpclienthandover]
Jan 14, 2025 5:58:51 PM com.itextos.beacon.commonlib.commondbpool.log.DataSourceLog log
INFO: ConnectionPoolFactory Adding configuration for JndiInfo [id=1, description=configuration]
Jan 14, 2025 5:58:51 PM com.itextos.beacon.commonlib.commondbpool.log.DataSourceLog log
INFO:  Select from sysconfig.jndi_info  jndi info : JndiInfo [id=1, description=configuration]
Jan 14, 2025 5:58:51 PM com.itextos.beacon.commonlib.commondbpool.log.DataSourceLog log
INFO: ConnectionPoolFactory Adding configuration for JndiInfo [id=4, description=carrier_handover]
Jan 14, 2025 5:58:51 PM com.itextos.beacon.commonlib.commondbpool.log.DataSourceLog log
INFO:  Select from sysconfig.jndi_info  jndi info : JndiInfo [id=4, description=carrier_handover]
Jan 14, 2025 5:58:51 PM com.itextos.beacon.commonlib.commondbpool.log.DataSourceLog log
INFO: ConnectionPoolFactory Adding configuration for JndiInfo [id=6, description=billing]
Jan 14, 2025 5:58:51 PM com.itextos.beacon.commonlib.commondbpool.log.DataSourceLog log
INFO:  Select from sysconfig.jndi_info  jndi info : JndiInfo [id=6, description=billing]
Jan 14, 2025 5:58:51 PM com.itextos.beacon.commonlib.commondbpool.log.DataSourceLog log
INFO: ConnectionPoolFactory Adding configuration for JndiInfo [id=2, description=accounts]
Jan 14, 2025 5:58:51 PM com.itextos.beacon.commonlib.commondbpool.log.DataSourceLog log
INFO:  Select from sysconfig.jndi_info  jndi info : JndiInfo [id=2, description=accounts]
Jan 14, 2025 5:58:51 PM com.itextos.beacon.commonlib.commondbpool.log.DataSourceLog log
INFO: ConnectionPoolFactory Adding configuration for JndiInfo [id=13, description=cm]
Jan 14, 2025 5:58:51 PM com.itextos.beacon.commonlib.commondbpool.log.DataSourceLog log
INFO:  Select from sysconfig.jndi_info  jndi info : JndiInfo [id=13, description=cm]
Jan 14, 2025 5:58:51 PM com.itextos.beacon.commonlib.commondbpool.log.DataSourceLog log
INFO: ConnectionPoolFactory Adding configuration for JndiInfo [id=14, description=billingbkup]
Jan 14, 2025 5:58:51 PM com.itextos.beacon.commonlib.commondbpool.log.DataSourceLog log
INFO:  Select from sysconfig.jndi_info  jndi info : JndiInfo [id=14, description=billingbkup]
Jan 14, 2025 5:58:51 PM com.itextos.beacon.commonlib.commondbpool.log.DataSourceLog log
INFO: ConnectionPoolFactory Adding configuration for JndiInfo [id=57, description=pg_billing]
Jan 14, 2025 5:58:51 PM com.itextos.beacon.commonlib.commondbpool.log.DataSourceLog log
INFO:  Select from sysconfig.jndi_info  jndi info : JndiInfo [id=57, description=pg_billing]
Jan 14, 2025 5:58:51 PM com.itextos.beacon.commonlib.commondbpool.log.DataSourceLog log
INFO: Creating connection pool : connection ID : 'JndiInfo [id=13, description=cm]'
Jan 14, 2025 5:58:51 PM com.itextos.beacon.commonlib.commondbpool.log.DataSourceLog log
INFO:  Created dataSourceConfig  : {maxWaitMillis=-1, minIdle=2, initialSize=1, maxWait=-1, url=jdbc:mariadb://10.139.244.160:30001/cm, numTestsPerEvictionRun=3, password=Sy5Cf8@123, maxIdle=3, minEvictableIdleTimeMillis=1800000, timeBetweenEvictionRunsMillis=-1, maxTotal=3, driverClassName=org.mariadb.jdbc.Driver, username=cfguser, maxActive=3}
Jan 14, 2025 5:58:51 PM com.itextos.beacon.commonlib.commondbpool.log.DataSourceLog log
INFO:  isDataSourceCreated : true
Jan 14, 2025 5:58:55 PM com.itextos.beacon.commonlib.commondbpool.log.DataSourceLog log
INFO: Creating connection pool : connection ID : 'JndiInfo [id=1, description=configuration]'
Jan 14, 2025 5:58:55 PM com.itextos.beacon.commonlib.commondbpool.log.DataSourceLog log
INFO:  Created dataSourceConfig  : {maxWaitMillis=-1, minIdle=2, initialSize=1, maxWait=-1, url=jdbc:mariadb://10.139.244.160:30001/configuration, numTestsPerEvictionRun=3, password=Sy5Cf8@123, maxIdle=3, minEvictableIdleTimeMillis=1800000, timeBetweenEvictionRunsMillis=-1, maxTotal=3, driverClassName=org.mariadb.jdbc.Driver, username=cfguser, maxActive=3}
Jan 14, 2025 5:58:55 PM com.itextos.beacon.commonlib.commondbpool.log.DataSourceLog log
INFO:  isDataSourceCreated : true
Jan 14, 2025 6:00:44 PM com.itextos.beacon.commonlib.commondbpool.log.DataSourceLog log
INFO: Creating connection pool : connection ID : 'JndiInfo [id=2, description=accounts]'
Jan 14, 2025 6:00:44 PM com.itextos.beacon.commonlib.commondbpool.log.DataSourceLog log
INFO: Creating connection pool : connection ID : 'JndiInfo [id=2, description=accounts]'
Jan 14, 2025 6:00:44 PM com.itextos.beacon.commonlib.commondbpool.log.DataSourceLog log
INFO:  Created dataSourceConfig  : {maxWaitMillis=-1, minIdle=2, initialSize=1, maxWait=-1, url=jdbc:mariadb://10.139.244.160:30001/accounts, numTestsPerEvictionRun=3, password=Sy5Cf8@123, maxIdle=3, minEvictableIdleTimeMillis=1800000, timeBetweenEvictionRunsMillis=-1, maxTotal=3, driverClassName=org.mariadb.jdbc.Driver, username=cfguser, maxActive=3}
Jan 14, 2025 6:00:44 PM com.itextos.beacon.commonlib.commondbpool.log.DataSourceLog log
INFO:  Created dataSourceConfig  : {maxWaitMillis=-1, minIdle=2, initialSize=1, maxWait=-1, url=jdbc:mariadb://10.139.244.160:30001/accounts, numTestsPerEvictionRun=3, password=Sy5Cf8@123, maxIdle=3, minEvictableIdleTimeMillis=1800000, timeBetweenEvictionRunsMillis=-1, maxTotal=3, driverClassName=org.mariadb.jdbc.Driver, username=cfguser, maxActive=3}
Jan 14, 2025 6:00:44 PM com.itextos.beacon.commonlib.commondbpool.log.DataSourceLog log
INFO:  isDataSourceCreated : true
Jan 14, 2025 6:00:44 PM com.itextos.beacon.commonlib.commondbpool.log.DataSourceLog log
INFO:  isDataSourceCreated : true
Jan 14, 2025 7:19:08 PM com.itextos.beacon.commonlib.commondbpool.log.DataSourceLog log
INFO: ConnectionPoolFactory Adding configuration for JndiInfo [id=0, description=System DB]
Jan 14, 2025 7:19:08 PM com.itextos.beacon.commonlib.commondbpool.log.DataSourceLog log
INFO: Creating connection pool : connection ID : 'JndiInfo [id=0, description=System DB]'
Jan 14, 2025 7:19:08 PM com.itextos.beacon.commonlib.commondbpool.log.DataSourceLog log
INFO:  Created dataSourceConfig  : {maxWaitMillis=-1, minIdle=2, initialSize=1, maxWait=-1, url=jdbc:mysql://10.139.244.160:30001/, numTestsPerEvictionRun=1, password=Sy5Cf8@123, maxIdle=2, minEvictableIdleTimeMillis=290000, timeBetweenEvictionRunsMillis=1000, maxTotal=3, driverClassName=org.mariadb.jdbc.Driver, username=cfguser, maxActive=3}
Jan 14, 2025 7:19:08 PM com.itextos.beacon.commonlib.commondbpool.log.DataSourceLog log
INFO:  isDataSourceCreated : true
Jan 14, 2025 7:19:09 PM com.itextos.beacon.commonlib.commondbpool.log.DataSourceLog log
INFO: ConnectionPoolFactory Adding configuration for JndiInfo [id=11, description=topic2table]
Jan 14, 2025 7:19:09 PM com.itextos.beacon.commonlib.commondbpool.log.DataSourceLog log
INFO:  Select from sysconfig.jndi_info  jndi info : JndiInfo [id=11, description=topic2table]
Jan 14, 2025 7:19:09 PM com.itextos.beacon.commonlib.commondbpool.log.DataSourceLog log
INFO: ConnectionPoolFactory Adding configuration for JndiInfo [id=10, description=r3c]
Jan 14, 2025 7:19:09 PM com.itextos.beacon.commonlib.commondbpool.log.DataSourceLog log
INFO:  Select from sysconfig.jndi_info  jndi info : JndiInfo [id=10, description=r3c]
Jan 14, 2025 7:19:09 PM com.itextos.beacon.commonlib.commondbpool.log.DataSourceLog log
INFO: ConnectionPoolFactory Adding configuration for JndiInfo [id=12, description=r3c_pb]
Jan 14, 2025 7:19:09 PM com.itextos.beacon.commonlib.commondbpool.log.DataSourceLog log
INFO:  Select from sysconfig.jndi_info  jndi info : JndiInfo [id=12, description=r3c_pb]
Jan 14, 2025 7:19:09 PM com.itextos.beacon.commonlib.commondbpool.log.DataSourceLog log
INFO: ConnectionPoolFactory Adding configuration for JndiInfo [id=5, description=payload]
Jan 14, 2025 7:19:09 PM com.itextos.beacon.commonlib.commondbpool.log.DataSourceLog log
INFO:  Select from sysconfig.jndi_info  jndi info : JndiInfo [id=5, description=payload]
Jan 14, 2025 7:19:09 PM com.itextos.beacon.commonlib.commondbpool.log.DataSourceLog log
INFO: ConnectionPoolFactory Adding configuration for JndiInfo [id=7, description=messaging]
Jan 14, 2025 7:19:09 PM com.itextos.beacon.commonlib.commondbpool.log.DataSourceLog log
INFO:  Select from sysconfig.jndi_info  jndi info : JndiInfo [id=7, description=messaging]
Jan 14, 2025 7:19:09 PM com.itextos.beacon.commonlib.commondbpool.log.DataSourceLog log
INFO: ConnectionPoolFactory Adding configuration for JndiInfo [id=8, description=logging]
Jan 14, 2025 7:19:09 PM com.itextos.beacon.commonlib.commondbpool.log.DataSourceLog log
INFO:  Select from sysconfig.jndi_info  jndi info : JndiInfo [id=8, description=logging]
Jan 14, 2025 7:19:09 PM com.itextos.beacon.commonlib.commondbpool.log.DataSourceLog log
INFO: ConnectionPoolFactory Adding configuration for JndiInfo [id=3, description=listing]
Jan 14, 2025 7:19:09 PM com.itextos.beacon.commonlib.commondbpool.log.DataSourceLog log
INFO:  Select from sysconfig.jndi_info  jndi info : JndiInfo [id=3, description=listing]
Jan 14, 2025 7:19:09 PM com.itextos.beacon.commonlib.commondbpool.log.DataSourceLog log
INFO: ConnectionPoolFactory Adding configuration for JndiInfo [id=9, description=httpclienthandover]
Jan 14, 2025 7:19:09 PM com.itextos.beacon.commonlib.commondbpool.log.DataSourceLog log
INFO:  Select from sysconfig.jndi_info  jndi info : JndiInfo [id=9, description=httpclienthandover]
Jan 14, 2025 7:19:09 PM com.itextos.beacon.commonlib.commondbpool.log.DataSourceLog log
INFO: ConnectionPoolFactory Adding configuration for JndiInfo [id=1, description=configuration]
Jan 14, 2025 7:19:09 PM com.itextos.beacon.commonlib.commondbpool.log.DataSourceLog log
INFO:  Select from sysconfig.jndi_info  jndi info : JndiInfo [id=1, description=configuration]
Jan 14, 2025 7:19:09 PM com.itextos.beacon.commonlib.commondbpool.log.DataSourceLog log
INFO: ConnectionPoolFactory Adding configuration for JndiInfo [id=4, description=carrier_handover]
Jan 14, 2025 7:19:09 PM com.itextos.beacon.commonlib.commondbpool.log.DataSourceLog log
INFO:  Select from sysconfig.jndi_info  jndi info : JndiInfo [id=4, description=carrier_handover]
Jan 14, 2025 7:19:10 PM com.itextos.beacon.commonlib.commondbpool.log.DataSourceLog log
INFO: ConnectionPoolFactory Adding configuration for JndiInfo [id=6, description=billing]
Jan 14, 2025 7:19:10 PM com.itextos.beacon.commonlib.commondbpool.log.DataSourceLog log
INFO:  Select from sysconfig.jndi_info  jndi info : JndiInfo [id=6, description=billing]
Jan 14, 2025 7:19:10 PM com.itextos.beacon.commonlib.commondbpool.log.DataSourceLog log
INFO: ConnectionPoolFactory Adding configuration for JndiInfo [id=2, description=accounts]
Jan 14, 2025 7:19:10 PM com.itextos.beacon.commonlib.commondbpool.log.DataSourceLog log
INFO:  Select from sysconfig.jndi_info  jndi info : JndiInfo [id=2, description=accounts]
Jan 14, 2025 7:19:10 PM com.itextos.beacon.commonlib.commondbpool.log.DataSourceLog log
INFO: ConnectionPoolFactory Adding configuration for JndiInfo [id=13, description=cm]
Jan 14, 2025 7:19:10 PM com.itextos.beacon.commonlib.commondbpool.log.DataSourceLog log
INFO:  Select from sysconfig.jndi_info  jndi info : JndiInfo [id=13, description=cm]
Jan 14, 2025 7:19:10 PM com.itextos.beacon.commonlib.commondbpool.log.DataSourceLog log
INFO: ConnectionPoolFactory Adding configuration for JndiInfo [id=14, description=billingbkup]
Jan 14, 2025 7:19:10 PM com.itextos.beacon.commonlib.commondbpool.log.DataSourceLog log
INFO:  Select from sysconfig.jndi_info  jndi info : JndiInfo [id=14, description=billingbkup]
Jan 14, 2025 7:19:10 PM com.itextos.beacon.commonlib.commondbpool.log.DataSourceLog log
INFO: ConnectionPoolFactory Adding configuration for JndiInfo [id=57, description=pg_billing]
Jan 14, 2025 7:19:10 PM com.itextos.beacon.commonlib.commondbpool.log.DataSourceLog log
INFO:  Select from sysconfig.jndi_info  jndi info : JndiInfo [id=57, description=pg_billing]
Jan 14, 2025 7:19:10 PM com.itextos.beacon.commonlib.commondbpool.log.DataSourceLog log
INFO: Creating connection pool : connection ID : 'JndiInfo [id=13, description=cm]'
Jan 14, 2025 7:19:10 PM com.itextos.beacon.commonlib.commondbpool.log.DataSourceLog log
INFO:  Created dataSourceConfig  : {maxWaitMillis=-1, minIdle=2, initialSize=1, maxWait=-1, url=jdbc:mariadb://10.139.244.160:30001/cm, numTestsPerEvictionRun=3, password=Sy5Cf8@123, maxIdle=3, minEvictableIdleTimeMillis=1800000, timeBetweenEvictionRunsMillis=-1, maxTotal=3, driverClassName=org.mariadb.jdbc.Driver, username=cfguser, maxActive=3}
Jan 14, 2025 7:19:10 PM com.itextos.beacon.commonlib.commondbpool.log.DataSourceLog log
INFO:  isDataSourceCreated : true
Jan 14, 2025 7:19:14 PM com.itextos.beacon.commonlib.commondbpool.log.DataSourceLog log
INFO: Creating connection pool : connection ID : 'JndiInfo [id=1, description=configuration]'
Jan 14, 2025 7:19:14 PM com.itextos.beacon.commonlib.commondbpool.log.DataSourceLog log
INFO:  Created dataSourceConfig  : {maxWaitMillis=-1, minIdle=2, initialSize=1, maxWait=-1, url=jdbc:mariadb://10.139.244.160:30001/configuration, numTestsPerEvictionRun=3, password=Sy5Cf8@123, maxIdle=3, minEvictableIdleTimeMillis=1800000, timeBetweenEvictionRunsMillis=-1, maxTotal=3, driverClassName=org.mariadb.jdbc.Driver, username=cfguser, maxActive=3}
Jan 14, 2025 7:19:14 PM com.itextos.beacon.commonlib.commondbpool.log.DataSourceLog log
INFO:  isDataSourceCreated : true
Jan 14, 2025 7:20:39 PM com.itextos.beacon.commonlib.commondbpool.log.DataSourceLog log
INFO: Creating connection pool : connection ID : 'JndiInfo [id=2, description=accounts]'
Jan 14, 2025 7:20:39 PM com.itextos.beacon.commonlib.commondbpool.log.DataSourceLog log
INFO: Creating connection pool : connection ID : 'JndiInfo [id=2, description=accounts]'
Jan 14, 2025 7:20:39 PM com.itextos.beacon.commonlib.commondbpool.log.DataSourceLog log
INFO:  Created dataSourceConfig  : {maxWaitMillis=-1, minIdle=2, initialSize=1, maxWait=-1, url=jdbc:mariadb://10.139.244.160:30001/accounts, numTestsPerEvictionRun=3, password=Sy5Cf8@123, maxIdle=3, minEvictableIdleTimeMillis=1800000, timeBetweenEvictionRunsMillis=-1, maxTotal=3, driverClassName=org.mariadb.jdbc.Driver, username=cfguser, maxActive=3}
Jan 14, 2025 7:20:39 PM com.itextos.beacon.commonlib.commondbpool.log.DataSourceLog log
INFO:  isDataSourceCreated : true
Jan 14, 2025 7:20:39 PM com.itextos.beacon.commonlib.commondbpool.log.DataSourceLog log
INFO:  Created dataSourceConfig  : {maxWaitMillis=-1, minIdle=2, initialSize=1, maxWait=-1, url=jdbc:mariadb://10.139.244.160:30001/accounts, numTestsPerEvictionRun=3, password=Sy5Cf8@123, maxIdle=3, minEvictableIdleTimeMillis=1800000, timeBetweenEvictionRunsMillis=-1, maxTotal=3, driverClassName=org.mariadb.jdbc.Driver, username=cfguser, maxActive=3}
Jan 14, 2025 7:20:39 PM com.itextos.beacon.commonlib.commondbpool.log.DataSourceLog log
INFO:  isDataSourceCreated : true
