Dec 04, 2024 11:52:35 AM com.itextos.beacon.smslog.ExecutorLog1 log
INFO: [GENERAL] [t_DlrFallbackTableReader-BULK]: t_DlrFallbackTableReader-BULK : Wed Dec 04 11:52:35 IST 2024
Dec 04, 2024 11:52:35 AM com.itextos.beacon.smslog.ExecutorLog1 log
INFO: [GENERAL] [t_DlrFallbackTableReader-TRANSACTION]: t_DlrFallbackTableReader-TRANSACTION : Wed Dec 04 11:52:35 IST 2024
Dec 04, 2024 11:52:35 AM com.itextos.beacon.smslog.ExecutorLog1 log
INFO: [GENERAL] [t_DlrFallbackTableReader-BULK]: t_DlrFallbackTableReader-BULK : goto sleep for the milli second  : 30000
Dec 04, 2024 11:52:35 AM com.itextos.beacon.smslog.ExecutorLog1 log
INFO: [GENERAL] [t_DlrFallbackTableReader-TRANSACTION]: t_DlrFallbackTableReader-TRANSACTION : goto sleep for the milli second  : 30000
Dec 04, 2024 11:52:35 AM com.itextos.beacon.smslog.ExecutorLog1 log
INFO: [GENERAL] [t_DlrFallbackTableReader-INTL]: t_DlrFallbackTableReader-INTL : Wed Dec 04 11:52:35 IST 2024
Dec 04, 2024 11:52:35 AM com.itextos.beacon.smslog.ExecutorLog1 log
INFO: [GENERAL] [t_DlrFallbackTableReader-INTL]: t_DlrFallbackTableReader-INTL : goto sleep for the milli second  : 30000
Dec 04, 2024 11:52:38 AM com.itextos.beacon.smslog.ExecutorLog1 log
INFO: [GENERAL] [t_TimerThread-APPLICATION_CONFIG]: t_TimerThread-APPLICATION_CONFIG : Wed Dec 04 11:52:38 IST 2024
Dec 04, 2024 11:52:38 AM com.itextos.beacon.smslog.ExecutorLog1 log
INFO: [GENERAL] [t_TimerThread-APPLICATION_CONFIG]: t_TimerThread-APPLICATION_CONFIG : goto sleep for the milli second  : 6000
Dec 04, 2024 11:52:44 AM com.itextos.beacon.smslog.ExecutorLog1 log
INFO: [GENERAL] [t_TimerThread-APPLICATION_CONFIG]: t_TimerThread-APPLICATION_CONFIG : Wed Dec 04 11:52:44 IST 2024
Dec 04, 2024 11:52:44 AM com.itextos.beacon.smslog.ExecutorLog1 log
INFO: [GENERAL] [t_TimerThread-APPLICATION_CONFIG]: t_TimerThread-APPLICATION_CONFIG : goto sleep for the milli second  : 6000
Dec 04, 2024 11:52:50 AM com.itextos.beacon.smslog.ExecutorLog1 log
INFO: [GENERAL] [t_TimerThread-APPLICATION_CONFIG]: t_TimerThread-APPLICATION_CONFIG : Wed Dec 04 11:52:50 IST 2024
Dec 04, 2024 11:52:50 AM com.itextos.beacon.smslog.ExecutorLog1 log
INFO: [GENERAL] [t_TimerThread-APPLICATION_CONFIG]: t_TimerThread-APPLICATION_CONFIG : goto sleep for the milli second  : 6000
