Nov 18, 2024 7:17:55 PM com.itextos.beacon.smslog.ConsumerLog log
INFO:  : Topic Name Topic Name : 'retry-carrier-handover-low-1, Consumer InMem Collection Size >>>>>>>> 0
Nov 18, 2024 7:17:55 PM com.itextos.beacon.smslog.ConsumerLog log
INFO:  : Topic Name Topic Name : 'retry-carrier-handover-low-1, Consumer InMem Collection Size >>>>>>>> 0
Nov 18, 2024 7:17:55 PM com.itextos.beacon.smslog.ConsumerLog log
INFO:  : Topic Name Topic Name : 'retry-carrier-handover-low-1, Consumer InMem Collection Size >>>>>>>> 0
Nov 18, 2024 7:17:55 PM com.itextos.beacon.smslog.ConsumerLog log
INFO:  : Topic Name Topic Name : 'retry-carrier-handover-low-1, Consumer InMem Collection Size >>>>>>>> 0
Nov 18, 2024 7:17:55 PM com.itextos.beacon.smslog.ConsumerLog log
INFO:  : Topic Name Topic Name : 'retry-carrier-handover-low-1, Consumer InMem Collection Size >>>>>>>> 0
Nov 18, 2024 7:17:55 PM com.itextos.beacon.smslog.ConsumerLog log
INFO:  : Topic Name Topic Name : 'retry-carrier-handover-low-1, Consumer InMem Collection Size >>>>>>>> 0
Nov 18, 2024 7:17:55 PM com.itextos.beacon.smslog.ConsumerLog log
INFO:  : Topic Name Topic Name : 'retry-carrier-handover-low-1, Consumer InMem Collection Size >>>>>>>> 0
Nov 18, 2024 7:17:55 PM com.itextos.beacon.smslog.ConsumerLog log
INFO:  isCompletelyStopped : true
Nov 18, 2024 7:19:13 PM com.itextos.beacon.smslog.ConsumerLog log
INFO:  : Topic Name Topic Name : 'retry-carrier-handover-low-1, Consumer InMem Collection Size >>>>>>>> 0
Nov 18, 2024 7:19:13 PM com.itextos.beacon.smslog.ConsumerLog log
INFO:  : Topic Name Topic Name : 'retry-carrier-handover-low-1, Consumer InMem Collection Size >>>>>>>> 0
Nov 19, 2024 8:09:52 AM com.itextos.beacon.smslog.ConsumerLog log
INFO:  : Topic Name Topic Name : 'retry-carrier-handover-low-1, Consumer InMem Collection Size >>>>>>>> 0
Nov 19, 2024 8:09:52 AM com.itextos.beacon.smslog.ConsumerLog log
INFO:  : Topic Name Topic Name : 'retry-carrier-handover-low-1, Consumer InMem Collection Size >>>>>>>> 0
Nov 19, 2024 8:09:52 AM com.itextos.beacon.smslog.ConsumerLog log
INFO:  : Topic Name Topic Name : 'retry-carrier-handover-low-1, Consumer InMem Collection Size >>>>>>>> 0
Nov 19, 2024 8:09:52 AM com.itextos.beacon.smslog.ConsumerLog log
INFO:  : Topic Name Topic Name : 'retry-carrier-handover-low-1, Consumer InMem Collection Size >>>>>>>> 0
Nov 19, 2024 8:09:52 AM com.itextos.beacon.smslog.ConsumerLog log
INFO:  : Topic Name Topic Name : 'retry-carrier-handover-low-1, Consumer InMem Collection Size >>>>>>>> 0
Nov 19, 2024 8:09:52 AM com.itextos.beacon.smslog.ConsumerLog log
INFO:  : Topic Name Topic Name : 'retry-carrier-handover-low-1, Consumer InMem Collection Size >>>>>>>> 0
Nov 19, 2024 8:09:52 AM com.itextos.beacon.smslog.ConsumerLog log
INFO:  : Topic Name Topic Name : 'retry-carrier-handover-low-1, Consumer InMem Collection Size >>>>>>>> 0
Nov 19, 2024 8:09:52 AM com.itextos.beacon.smslog.ConsumerLog log
INFO:  isCompletelyStopped : true
Nov 19, 2024 8:10:18 AM com.itextos.beacon.smslog.ConsumerLog log
INFO:  : Topic Name Topic Name : 'retry-carrier-handover-low-1, Consumer InMem Collection Size >>>>>>>> 0
Nov 19, 2024 8:10:18 AM com.itextos.beacon.smslog.ConsumerLog log
INFO:  : Topic Name Topic Name : 'retry-carrier-handover-low-1, Consumer InMem Collection Size >>>>>>>> 0
Nov 20, 2024 7:17:29 AM com.itextos.beacon.smslog.ConsumerLog log
INFO:  : Topic Name Topic Name : 'retry-carrier-handover-low-1, Consumer InMem Collection Size >>>>>>>> 0
Nov 20, 2024 7:17:29 AM com.itextos.beacon.smslog.ConsumerLog log
INFO:  : Topic Name Topic Name : 'retry-carrier-handover-low-1, Consumer InMem Collection Size >>>>>>>> 0
Nov 20, 2024 7:17:38 AM com.itextos.beacon.smslog.ConsumerLog log
INFO:  : Topic Name Topic Name : 'retry-carrier-handover-low-1, Consumer InMem Collection Size >>>>>>>> 0
Nov 20, 2024 7:17:38 AM com.itextos.beacon.smslog.ConsumerLog log
INFO:  : Topic Name Topic Name : 'retry-carrier-handover-low-1, Consumer InMem Collection Size >>>>>>>> 0
Nov 23, 2024 1:19:33 PM com.itextos.beacon.smslog.ConsumerLog log
INFO:  : Topic Name Topic Name : 'retry-carrier-handover-low-1, Consumer InMem Collection Size >>>>>>>> 0
Nov 23, 2024 1:19:33 PM com.itextos.beacon.smslog.ConsumerLog log
INFO:  : Topic Name Topic Name : 'retry-carrier-handover-low-1, Consumer InMem Collection Size >>>>>>>> 0
Nov 23, 2024 1:21:43 PM com.itextos.beacon.smslog.ConsumerLog log
INFO:  : Topic Name Topic Name : 'retry-carrier-handover-low-1, Consumer InMem Collection Size >>>>>>>> 0
Nov 23, 2024 1:21:43 PM com.itextos.beacon.smslog.ConsumerLog log
INFO:  : Topic Name Topic Name : 'retry-carrier-handover-low-1, Consumer InMem Collection Size >>>>>>>> 0
Nov 23, 2024 1:40:01 PM com.itextos.beacon.smslog.ConsumerLog log
INFO:  : Topic Name : 'retry-carrier-handover-low-1 Time taken 69 records 1
Nov 23, 2024 1:43:00 PM com.itextos.beacon.smslog.ConsumerLog log
INFO:  : Topic Name : 'retry-carrier-handover-low-1 Time taken 6 records 1
Nov 23, 2024 1:45:00 PM com.itextos.beacon.smslog.ConsumerLog log
INFO:  : Topic Name : 'retry-carrier-handover-low-1 Time taken 5 records 1
Nov 23, 2024 1:48:01 PM com.itextos.beacon.smslog.ConsumerLog log
INFO:  : Topic Name : 'retry-carrier-handover-low-1 Time taken 2 records 1
Nov 28, 2024 9:41:55 PM com.itextos.beacon.smslog.ConsumerLog log
INFO:  : Topic Name Topic Name : 'retry-carrier-handover-low-1, Consumer InMem Collection Size >>>>>>>> 0
Nov 28, 2024 9:41:55 PM com.itextos.beacon.smslog.ConsumerLog log
INFO:  : Topic Name Topic Name : 'retry-carrier-handover-low-2, Consumer InMem Collection Size >>>>>>>> 0
Nov 28, 2024 9:41:55 PM com.itextos.beacon.smslog.ConsumerLog log
INFO:  : Topic Name Topic Name : 'retry-carrier-handover-low-1, Consumer InMem Collection Size >>>>>>>> 0
Nov 28, 2024 9:41:55 PM com.itextos.beacon.smslog.ConsumerLog log
INFO:  : Topic Name Topic Name : 'retry-carrier-handover-low-2, Consumer InMem Collection Size >>>>>>>> 0
Nov 28, 2024 9:41:55 PM com.itextos.beacon.smslog.ConsumerLog log
INFO:  : Topic Name Topic Name : 'retry-carrier-handover-low-3, Consumer InMem Collection Size >>>>>>>> 0
Nov 28, 2024 9:41:55 PM com.itextos.beacon.smslog.ConsumerLog log
INFO:  : Topic Name Topic Name : 'retry-carrier-handover-low-3, Consumer InMem Collection Size >>>>>>>> 0
Nov 30, 2024 6:56:11 AM com.itextos.beacon.smslog.ConsumerLog log
INFO:  : Topic Name Topic Name : 'retry-carrier-handover-low-1, Consumer InMem Collection Size >>>>>>>> 0
Nov 30, 2024 6:56:11 AM com.itextos.beacon.smslog.ConsumerLog log
INFO:  : Topic Name Topic Name : 'retry-carrier-handover-low-1, Consumer InMem Collection Size >>>>>>>> 0
Nov 30, 2024 6:56:18 AM com.itextos.beacon.smslog.ConsumerLog log
INFO:  : Topic Name Topic Name : 'retry-carrier-handover-low-3, Consumer InMem Collection Size >>>>>>>> 0
Nov 30, 2024 6:56:18 AM com.itextos.beacon.smslog.ConsumerLog log
INFO:  : Topic Name Topic Name : 'retry-carrier-handover-low-3, Consumer InMem Collection Size >>>>>>>> 0
Nov 30, 2024 7:18:05 AM com.itextos.beacon.smslog.ConsumerLog log
INFO:  : Topic Name Topic Name : 'retry-carrier-handover-low-1, Consumer InMem Collection Size >>>>>>>> 0
Nov 30, 2024 7:18:05 AM com.itextos.beacon.smslog.ConsumerLog log
INFO:  : Topic Name Topic Name : 'retry-carrier-handover-low-4, Consumer InMem Collection Size >>>>>>>> 0
Nov 30, 2024 7:18:05 AM com.itextos.beacon.smslog.ConsumerLog log
INFO:  : Topic Name Topic Name : 'retry-carrier-handover-low-2, Consumer InMem Collection Size >>>>>>>> 0
Nov 30, 2024 7:18:05 AM com.itextos.beacon.smslog.ConsumerLog log
INFO:  : Topic Name Topic Name : 'retry-carrier-handover-low-2, Consumer InMem Collection Size >>>>>>>> 0
Nov 30, 2024 7:18:05 AM com.itextos.beacon.smslog.ConsumerLog log
INFO:  : Topic Name Topic Name : 'retry-carrier-handover-low-3, Consumer InMem Collection Size >>>>>>>> 0
Nov 30, 2024 7:18:05 AM com.itextos.beacon.smslog.ConsumerLog log
INFO:  : Topic Name Topic Name : 'retry-carrier-handover-low-1, Consumer InMem Collection Size >>>>>>>> 0
Nov 30, 2024 7:18:05 AM com.itextos.beacon.smslog.ConsumerLog log
INFO:  : Topic Name Topic Name : 'retry-carrier-handover-low-4, Consumer InMem Collection Size >>>>>>>> 0
Nov 30, 2024 7:18:05 AM com.itextos.beacon.smslog.ConsumerLog log
INFO:  : Topic Name Topic Name : 'retry-carrier-handover-low-3, Consumer InMem Collection Size >>>>>>>> 0
Nov 30, 2024 7:18:05 AM com.itextos.beacon.smslog.ConsumerLog log
INFO:  : Topic Name Topic Name : 'retry-carrier-handover-low-5, Consumer InMem Collection Size >>>>>>>> 0
Nov 30, 2024 7:18:05 AM com.itextos.beacon.smslog.ConsumerLog log
INFO:  : Topic Name Topic Name : 'retry-carrier-handover-low-5, Consumer InMem Collection Size >>>>>>>> 0
Nov 30, 2024 1:18:03 PM com.itextos.beacon.smslog.ConsumerLog log
INFO:  : Topic Name Topic Name : 'retry-carrier-handover-low-2, Consumer InMem Collection Size >>>>>>>> 0
Nov 30, 2024 1:18:03 PM com.itextos.beacon.smslog.ConsumerLog log
INFO:  : Topic Name Topic Name : 'retry-carrier-handover-low-3, Consumer InMem Collection Size >>>>>>>> 0
Nov 30, 2024 1:18:03 PM com.itextos.beacon.smslog.ConsumerLog log
INFO:  : Topic Name Topic Name : 'retry-carrier-handover-low-2, Consumer InMem Collection Size >>>>>>>> 0
Nov 30, 2024 1:18:03 PM com.itextos.beacon.smslog.ConsumerLog log
INFO:  : Topic Name Topic Name : 'retry-carrier-handover-low-3, Consumer InMem Collection Size >>>>>>>> 0
Nov 30, 2024 1:18:03 PM com.itextos.beacon.smslog.ConsumerLog log
INFO:  : Topic Name Topic Name : 'retry-carrier-handover-low-4, Consumer InMem Collection Size >>>>>>>> 0
Nov 30, 2024 1:18:03 PM com.itextos.beacon.smslog.ConsumerLog log
INFO:  : Topic Name Topic Name : 'retry-carrier-handover-low-4, Consumer InMem Collection Size >>>>>>>> 0
Nov 30, 2024 1:18:04 PM com.itextos.beacon.smslog.ConsumerLog log
INFO:  : Topic Name Topic Name : 'retry-carrier-handover-low-1, Consumer InMem Collection Size >>>>>>>> 0
Nov 30, 2024 1:18:04 PM com.itextos.beacon.smslog.ConsumerLog log
INFO:  : Topic Name Topic Name : 'retry-carrier-handover-low-1, Consumer InMem Collection Size >>>>>>>> 0
Nov 30, 2024 1:18:04 PM com.itextos.beacon.smslog.ConsumerLog log
INFO:  : Topic Name Topic Name : 'retry-carrier-handover-low-5, Consumer InMem Collection Size >>>>>>>> 0
Nov 30, 2024 1:18:04 PM com.itextos.beacon.smslog.ConsumerLog log
INFO:  : Topic Name Topic Name : 'retry-carrier-handover-low-5, Consumer InMem Collection Size >>>>>>>> 0
Nov 30, 2024 1:18:10 PM com.itextos.beacon.smslog.ConsumerLog log
INFO:  : Topic Name Topic Name : 'retry-carrier-handover-low-4, Consumer InMem Collection Size >>>>>>>> 0
Nov 30, 2024 1:18:10 PM com.itextos.beacon.smslog.ConsumerLog log
INFO:  : Topic Name Topic Name : 'retry-carrier-handover-low-4, Consumer InMem Collection Size >>>>>>>> 0
Nov 30, 2024 1:27:07 PM com.itextos.beacon.smslog.ConsumerLog log
INFO:  : Topic Name Topic Name : 'retry-carrier-handover-low-1, Consumer InMem Collection Size >>>>>>>> 0
Nov 30, 2024 1:27:07 PM com.itextos.beacon.smslog.ConsumerLog log
INFO:  : Topic Name Topic Name : 'retry-carrier-handover-low-1, Consumer InMem Collection Size >>>>>>>> 0
Nov 30, 2024 1:27:07 PM com.itextos.beacon.smslog.ConsumerLog log
INFO:  : Topic Name Topic Name : 'retry-carrier-handover-low-3, Consumer InMem Collection Size >>>>>>>> 0
Nov 30, 2024 1:27:07 PM com.itextos.beacon.smslog.ConsumerLog log
INFO:  : Topic Name Topic Name : 'retry-carrier-handover-low-3, Consumer InMem Collection Size >>>>>>>> 0
Nov 30, 2024 1:27:07 PM com.itextos.beacon.smslog.ConsumerLog log
INFO:  : Topic Name Topic Name : 'retry-carrier-handover-low-4, Consumer InMem Collection Size >>>>>>>> 0
Nov 30, 2024 1:27:07 PM com.itextos.beacon.smslog.ConsumerLog log
INFO:  : Topic Name Topic Name : 'retry-carrier-handover-low-4, Consumer InMem Collection Size >>>>>>>> 0
Nov 30, 2024 1:27:07 PM com.itextos.beacon.smslog.ConsumerLog log
INFO:  : Topic Name Topic Name : 'retry-carrier-handover-low-2, Consumer InMem Collection Size >>>>>>>> 0
Nov 30, 2024 1:27:07 PM com.itextos.beacon.smslog.ConsumerLog log
INFO:  : Topic Name Topic Name : 'retry-carrier-handover-low-2, Consumer InMem Collection Size >>>>>>>> 0
Nov 30, 2024 1:27:07 PM com.itextos.beacon.smslog.ConsumerLog log
INFO:  : Topic Name Topic Name : 'retry-carrier-handover-low-5, Consumer InMem Collection Size >>>>>>>> 0
Nov 30, 2024 1:27:07 PM com.itextos.beacon.smslog.ConsumerLog log
INFO:  : Topic Name Topic Name : 'retry-carrier-handover-low-5, Consumer InMem Collection Size >>>>>>>> 0
