Nov 19, 2024 7:46:54 AM com.itextos.beacon.smslog.StartupFlowLog log
INFO: Invoking for Component 'SMPP_DLR' with Startup Arguments StartupRuntimeArguments [mPlatformCluster=[], mInterfaceGroup=[], mMessageType=null, mMessagePriority=[], mClientIds=[]]
Nov 19, 2024 7:46:54 AM com.itextos.beacon.smslog.StartupFlowLog log
INFO: Processing for the cluster Type 'COMMON'
Nov 19, 2024 7:46:54 AM com.itextos.beacon.smslog.StartupFlowLog log
INFO: platformCluster : COMMON topicName : smpp_dlr_handover-low
Nov 19, 2024 7:46:54 AM com.itextos.beacon.smslog.StartupFlowLog log
INFO: platformCluster :  common
Nov 19, 2024 7:46:54 AM com.itextos.beacon.smslog.StartupFlowLog log
INFO: key :  smpp_dlr_handover~common~smpp_dlr_handover-low
Nov 19, 2024 7:46:54 AM com.itextos.beacon.smslog.StartupFlowLog log
INFO: Creating Kafka Consumers for SMPP_DLR-COMMON-smpp_dlr_handover-low
Nov 19, 2024 7:46:55 AM com.itextos.beacon.smslog.StartupFlowLog log
INFO: Kafka Cluster Component map : KafkaClusterComponentMap [mComponent=SMPP_DLR, mPlatformClusterType=COMMON, mKafkaProducerClusterName=trans-platform, mKafkaConsumerClusterName=trans-platform, mKafkaConsumerGroupName=group_smpp_dlr_handover, mKafkaClientConsumerCount=1, mSleepTimeInMillis=100, mThreadsCount=1, mIntlThreadCount=1, mMaxProducersPerTopic=1]
Nov 19, 2024 7:46:55 AM com.itextos.beacon.smslog.StartupFlowLog log
INFO: Consumer Kafka Cluster name : 'trans-platform'
Nov 19, 2024 7:46:55 AM com.itextos.beacon.smslog.StartupFlowLog log
INFO: Kafka Cluster found : 'KafkaClusterInfo [mKafkaClusterName=trans-platform, mKafkaProducerProperties=/platform/properties/bulk/kafka-producer.properties, mKafkaConsumerProperties=/platform/properties/bulk/kafka-consumer.properties]'
Nov 19, 2024 7:46:55 AM com.itextos.beacon.smslog.StartupFlowLog log
INFO: Topic Name to use :'smpp_dlr_handover-low'
Nov 19, 2024 7:46:55 AM com.itextos.beacon.smslog.StartupFlowLog log
INFO: Final Topic name to use : 'smpp-dlr-handover-low'
Nov 19, 2024 7:46:55 AM com.itextos.beacon.smslog.StartupFlowLog log
INFO: Kafka Cluster Producer Properties found : '/kafka-producer.properties_do1'
Nov 19, 2024 7:46:55 AM com.itextos.beacon.smslog.StartupFlowLog log
INFO: Kafka Cluster Consumer Properties found : '/kafka-consumer.properties_do1'
Nov 19, 2024 7:46:55 AM com.itextos.beacon.smslog.StartupFlowLog log
INFO: createConsumerClients : main~smpp_dlr_handover~consumer~1~null-172.18.0.5  topicName : smpp-dlr-handover-low
Nov 19, 2024 7:46:55 AM com.itextos.beacon.smslog.StartupFlowLog log
INFO: clusterInMemCollection : {common={smpp_dlr_handover-low=com.itextos.beacon.commonlib.kafkaservice.consumer.ConsumerInMemCollection@27462a88}}
Nov 19, 2024 7:46:55 AM com.itextos.beacon.smslog.StartupFlowLog log
INFO: aTopicsToConsume : 'smpp_dlr_handover-low
Nov 19, 2024 7:46:55 AM com.itextos.beacon.smslog.StartupFlowLog log
INFO: platformCluster : 'COMMON
Nov 19, 2024 7:46:55 AM com.itextos.beacon.smslog.StartupFlowLog log
INFO: Consumer to start for the Cluster Type Name : 'common' Cluster COMMON topics : common topicInMemCollection : {smpp_dlr_handover-low=com.itextos.beacon.commonlib.kafkaservice.consumer.ConsumerInMemCollection@27462a88}
Nov 19, 2024 7:46:55 AM com.itextos.beacon.smslog.StartupFlowLog log
INFO: createConsumerThreads : aClusterName : common aPlatformCluster :  COMMON aTopicName : smpp_dlr_handover-low aClassName : com.itextos.beacon.platform.smppdlr.process.SMPPDlrProcessor
Nov 19, 2024 7:46:55 AM com.itextos.beacon.smslog.StartupFlowLog log
INFO: AbstractCommonComponentProcessor contsructer Entered
Nov 19, 2024 7:46:55 AM com.itextos.beacon.smslog.StartupFlowLog log
INFO: AbstractKafkaComponentProcessor contsructer Entered
Nov 19, 2024 7:46:55 AM com.itextos.beacon.smslog.StartupFlowLog log
INFO: Thread 'Thread~common~smpp_dlr_handover~smpp_dlr_handover-low~1'started for Component 'SMPP_DLR' Cluster 'common' Actual Cluster 'COMMON' Topic name 'smpp_dlr_handover-low' Thread index '1' with sleep time millis '100'
Nov 19, 2024 7:46:55 AM com.itextos.beacon.smslog.StartupFlowLog log
INFO:  SmppDlrFallbackPollerHolder.getInstance() finished
Nov 19, 2024 7:47:52 AM com.itextos.beacon.smslog.StartupFlowLog log
INFO: Invoking for Component 'SMPP_DLR' with Startup Arguments StartupRuntimeArguments [mPlatformCluster=[], mInterfaceGroup=[], mMessageType=null, mMessagePriority=[], mClientIds=[]]
Nov 19, 2024 7:47:52 AM com.itextos.beacon.smslog.StartupFlowLog log
INFO: Processing for the cluster Type 'COMMON'
Nov 19, 2024 7:47:52 AM com.itextos.beacon.smslog.StartupFlowLog log
INFO: platformCluster : COMMON topicName : smpp_dlr_handover-high
Nov 19, 2024 7:47:52 AM com.itextos.beacon.smslog.StartupFlowLog log
INFO: platformCluster :  common
Nov 19, 2024 7:47:52 AM com.itextos.beacon.smslog.StartupFlowLog log
INFO: key :  smpp_dlr_handover~common~smpp_dlr_handover-high
Nov 19, 2024 7:47:52 AM com.itextos.beacon.smslog.StartupFlowLog log
INFO: Creating Kafka Consumers for SMPP_DLR-COMMON-smpp_dlr_handover-high
Nov 19, 2024 7:47:53 AM com.itextos.beacon.smslog.StartupFlowLog log
INFO: Kafka Cluster Component map : KafkaClusterComponentMap [mComponent=SMPP_DLR, mPlatformClusterType=COMMON, mKafkaProducerClusterName=trans-platform, mKafkaConsumerClusterName=trans-platform, mKafkaConsumerGroupName=group_smpp_dlr_handover, mKafkaClientConsumerCount=1, mSleepTimeInMillis=100, mThreadsCount=1, mIntlThreadCount=1, mMaxProducersPerTopic=1]
Nov 19, 2024 7:47:53 AM com.itextos.beacon.smslog.StartupFlowLog log
INFO: Consumer Kafka Cluster name : 'trans-platform'
Nov 19, 2024 7:47:53 AM com.itextos.beacon.smslog.StartupFlowLog log
INFO: Kafka Cluster found : 'KafkaClusterInfo [mKafkaClusterName=trans-platform, mKafkaProducerProperties=/platform/properties/bulk/kafka-producer.properties, mKafkaConsumerProperties=/platform/properties/bulk/kafka-consumer.properties]'
Nov 19, 2024 7:47:53 AM com.itextos.beacon.smslog.StartupFlowLog log
INFO: Topic Name to use :'smpp_dlr_handover-high'
Nov 19, 2024 7:47:53 AM com.itextos.beacon.smslog.StartupFlowLog log
INFO: Final Topic name to use : 'smpp-dlr-handover-high'
Nov 19, 2024 7:47:53 AM com.itextos.beacon.smslog.StartupFlowLog log
INFO: Kafka Cluster Producer Properties found : '/kafka-producer.properties_do1'
Nov 19, 2024 7:47:53 AM com.itextos.beacon.smslog.StartupFlowLog log
INFO: Kafka Cluster Consumer Properties found : '/kafka-consumer.properties_do1'
Nov 19, 2024 7:47:53 AM com.itextos.beacon.smslog.StartupFlowLog log
INFO: createConsumerClients : main~smpp_dlr_handover~consumer~1~null-172.21.0.5  topicName : smpp-dlr-handover-high
Nov 19, 2024 7:47:53 AM com.itextos.beacon.smslog.StartupFlowLog log
INFO: clusterInMemCollection : {common={smpp_dlr_handover-high=com.itextos.beacon.commonlib.kafkaservice.consumer.ConsumerInMemCollection@82de64a}}
Nov 19, 2024 7:47:53 AM com.itextos.beacon.smslog.StartupFlowLog log
INFO: aTopicsToConsume : 'smpp_dlr_handover-high
Nov 19, 2024 7:47:53 AM com.itextos.beacon.smslog.StartupFlowLog log
INFO: platformCluster : 'COMMON
Nov 19, 2024 7:47:53 AM com.itextos.beacon.smslog.StartupFlowLog log
INFO: Consumer to start for the Cluster Type Name : 'common' Cluster COMMON topics : common topicInMemCollection : {smpp_dlr_handover-high=com.itextos.beacon.commonlib.kafkaservice.consumer.ConsumerInMemCollection@82de64a}
Nov 19, 2024 7:47:53 AM com.itextos.beacon.smslog.StartupFlowLog log
INFO: createConsumerThreads : aClusterName : common aPlatformCluster :  COMMON aTopicName : smpp_dlr_handover-high aClassName : com.itextos.beacon.platform.smppdlr.process.SMPPDlrProcessor
Nov 19, 2024 7:47:53 AM com.itextos.beacon.smslog.StartupFlowLog log
INFO: AbstractCommonComponentProcessor contsructer Entered
Nov 19, 2024 7:47:53 AM com.itextos.beacon.smslog.StartupFlowLog log
INFO: AbstractKafkaComponentProcessor contsructer Entered
Nov 19, 2024 7:47:53 AM com.itextos.beacon.smslog.StartupFlowLog log
INFO: Thread 'Thread~common~smpp_dlr_handover~smpp_dlr_handover-high~1'started for Component 'SMPP_DLR' Cluster 'common' Actual Cluster 'COMMON' Topic name 'smpp_dlr_handover-high' Thread index '1' with sleep time millis '100'
Nov 19, 2024 7:47:53 AM com.itextos.beacon.smslog.StartupFlowLog log
INFO:  SmppDlrFallbackPollerHolder.getInstance() finished
Nov 19, 2024 8:07:19 AM com.itextos.beacon.smslog.StartupFlowLog log
INFO: Invoking for Component 'SMPP_DLR' with Startup Arguments StartupRuntimeArguments [mPlatformCluster=[], mInterfaceGroup=[], mMessageType=null, mMessagePriority=[], mClientIds=[]]
Nov 19, 2024 8:07:19 AM com.itextos.beacon.smslog.StartupFlowLog log
INFO: Processing for the cluster Type 'COMMON'
Nov 19, 2024 8:07:19 AM com.itextos.beacon.smslog.StartupFlowLog log
INFO: platformCluster : COMMON topicName : smpp_dlr_handover-high
Nov 19, 2024 8:07:19 AM com.itextos.beacon.smslog.StartupFlowLog log
INFO: platformCluster :  common
Nov 19, 2024 8:07:19 AM com.itextos.beacon.smslog.StartupFlowLog log
INFO: key :  smpp_dlr_handover~common~smpp_dlr_handover-high
Nov 19, 2024 8:07:19 AM com.itextos.beacon.smslog.StartupFlowLog log
INFO: Creating Kafka Consumers for SMPP_DLR-COMMON-smpp_dlr_handover-high
Nov 19, 2024 8:07:20 AM com.itextos.beacon.smslog.StartupFlowLog log
INFO: Kafka Cluster Component map : KafkaClusterComponentMap [mComponent=SMPP_DLR, mPlatformClusterType=COMMON, mKafkaProducerClusterName=trans-platform, mKafkaConsumerClusterName=trans-platform, mKafkaConsumerGroupName=group_smpp_dlr_handover, mKafkaClientConsumerCount=1, mSleepTimeInMillis=100, mThreadsCount=1, mIntlThreadCount=1, mMaxProducersPerTopic=1]
Nov 19, 2024 8:07:20 AM com.itextos.beacon.smslog.StartupFlowLog log
INFO: Consumer Kafka Cluster name : 'trans-platform'
Nov 19, 2024 8:07:20 AM com.itextos.beacon.smslog.StartupFlowLog log
INFO: Kafka Cluster found : 'KafkaClusterInfo [mKafkaClusterName=trans-platform, mKafkaProducerProperties=/platform/properties/bulk/kafka-producer.properties, mKafkaConsumerProperties=/platform/properties/bulk/kafka-consumer.properties]'
Nov 19, 2024 8:07:20 AM com.itextos.beacon.smslog.StartupFlowLog log
INFO: Topic Name to use :'smpp_dlr_handover-high'
Nov 19, 2024 8:07:20 AM com.itextos.beacon.smslog.StartupFlowLog log
INFO: Final Topic name to use : 'smpp-dlr-handover-high'
Nov 19, 2024 8:07:20 AM com.itextos.beacon.smslog.StartupFlowLog log
INFO: Kafka Cluster Producer Properties found : '/kafka-producer.properties_do1'
Nov 19, 2024 8:07:20 AM com.itextos.beacon.smslog.StartupFlowLog log
INFO: Kafka Cluster Consumer Properties found : '/kafka-consumer.properties_do1'
Nov 19, 2024 8:07:20 AM com.itextos.beacon.smslog.StartupFlowLog log
INFO: createConsumerClients : main~smpp_dlr_handover~consumer~1~null-172.21.0.5  topicName : smpp-dlr-handover-high
Nov 19, 2024 8:07:20 AM com.itextos.beacon.smslog.StartupFlowLog log
INFO: clusterInMemCollection : {common={smpp_dlr_handover-high=com.itextos.beacon.commonlib.kafkaservice.consumer.ConsumerInMemCollection@27462a88}}
Nov 19, 2024 8:07:20 AM com.itextos.beacon.smslog.StartupFlowLog log
INFO: aTopicsToConsume : 'smpp_dlr_handover-high
Nov 19, 2024 8:07:20 AM com.itextos.beacon.smslog.StartupFlowLog log
INFO: platformCluster : 'COMMON
Nov 19, 2024 8:07:20 AM com.itextos.beacon.smslog.StartupFlowLog log
INFO: Consumer to start for the Cluster Type Name : 'common' Cluster COMMON topics : common topicInMemCollection : {smpp_dlr_handover-high=com.itextos.beacon.commonlib.kafkaservice.consumer.ConsumerInMemCollection@27462a88}
Nov 19, 2024 8:07:20 AM com.itextos.beacon.smslog.StartupFlowLog log
INFO: createConsumerThreads : aClusterName : common aPlatformCluster :  COMMON aTopicName : smpp_dlr_handover-high aClassName : com.itextos.beacon.platform.smppdlr.process.SMPPDlrProcessor
Nov 19, 2024 8:07:20 AM com.itextos.beacon.smslog.StartupFlowLog log
INFO: AbstractCommonComponentProcessor contsructer Entered
Nov 19, 2024 8:07:20 AM com.itextos.beacon.smslog.StartupFlowLog log
INFO: AbstractKafkaComponentProcessor contsructer Entered
Nov 19, 2024 8:07:20 AM com.itextos.beacon.smslog.StartupFlowLog log
INFO: Thread 'Thread~common~smpp_dlr_handover~smpp_dlr_handover-high~1'started for Component 'SMPP_DLR' Cluster 'common' Actual Cluster 'COMMON' Topic name 'smpp_dlr_handover-high' Thread index '1' with sleep time millis '100'
Nov 19, 2024 8:07:20 AM com.itextos.beacon.smslog.StartupFlowLog log
INFO:  SmppDlrFallbackPollerHolder.getInstance() finished
Nov 20, 2024 7:19:41 AM com.itextos.beacon.smslog.StartupFlowLog log
INFO: Invoking for Component 'SMPP_DLR' with Startup Arguments StartupRuntimeArguments [mPlatformCluster=[], mInterfaceGroup=[], mMessageType=null, mMessagePriority=[], mClientIds=[]]
Nov 20, 2024 7:19:41 AM com.itextos.beacon.smslog.StartupFlowLog log
INFO: Processing for the cluster Type 'COMMON'
Nov 20, 2024 7:19:41 AM com.itextos.beacon.smslog.StartupFlowLog log
INFO: platformCluster : COMMON topicName : smpp_dlr_handover-high
Nov 20, 2024 7:19:41 AM com.itextos.beacon.smslog.StartupFlowLog log
INFO: platformCluster :  common
Nov 20, 2024 7:19:41 AM com.itextos.beacon.smslog.StartupFlowLog log
INFO: key :  smpp_dlr_handover~common~smpp_dlr_handover-high
Nov 20, 2024 7:19:41 AM com.itextos.beacon.smslog.StartupFlowLog log
INFO: Creating Kafka Consumers for SMPP_DLR-COMMON-smpp_dlr_handover-high
Nov 20, 2024 7:19:42 AM com.itextos.beacon.smslog.StartupFlowLog log
INFO: Kafka Cluster Component map : KafkaClusterComponentMap [mComponent=SMPP_DLR, mPlatformClusterType=COMMON, mKafkaProducerClusterName=trans-platform, mKafkaConsumerClusterName=trans-platform, mKafkaConsumerGroupName=group_smpp_dlr_handover, mKafkaClientConsumerCount=1, mSleepTimeInMillis=100, mThreadsCount=1, mIntlThreadCount=1, mMaxProducersPerTopic=1]
Nov 20, 2024 7:19:42 AM com.itextos.beacon.smslog.StartupFlowLog log
INFO: Consumer Kafka Cluster name : 'trans-platform'
Nov 20, 2024 7:19:42 AM com.itextos.beacon.smslog.StartupFlowLog log
INFO: Kafka Cluster found : 'KafkaClusterInfo [mKafkaClusterName=trans-platform, mKafkaProducerProperties=/platform/properties/bulk/kafka-producer.properties, mKafkaConsumerProperties=/platform/properties/bulk/kafka-consumer.properties]'
Nov 20, 2024 7:19:42 AM com.itextos.beacon.smslog.StartupFlowLog log
INFO: Topic Name to use :'smpp_dlr_handover-high'
Nov 20, 2024 7:19:42 AM com.itextos.beacon.smslog.StartupFlowLog log
INFO: Final Topic name to use : 'smpp-dlr-handover-high'
Nov 20, 2024 7:19:42 AM com.itextos.beacon.smslog.StartupFlowLog log
INFO: Kafka Cluster Producer Properties found : '/kafka-producer.properties_do1'
Nov 20, 2024 7:19:42 AM com.itextos.beacon.smslog.StartupFlowLog log
INFO: Kafka Cluster Consumer Properties found : '/kafka-consumer.properties_do1'
Nov 20, 2024 7:19:42 AM com.itextos.beacon.smslog.StartupFlowLog log
INFO: createConsumerClients : main~smpp_dlr_handover~consumer~1~null-172.21.0.4  topicName : smpp-dlr-handover-high
Nov 20, 2024 7:19:42 AM com.itextos.beacon.smslog.StartupFlowLog log
INFO: clusterInMemCollection : {common={smpp_dlr_handover-high=com.itextos.beacon.commonlib.kafkaservice.consumer.ConsumerInMemCollection@27462a88}}
Nov 20, 2024 7:19:42 AM com.itextos.beacon.smslog.StartupFlowLog log
INFO: aTopicsToConsume : 'smpp_dlr_handover-high
Nov 20, 2024 7:19:42 AM com.itextos.beacon.smslog.StartupFlowLog log
INFO: platformCluster : 'COMMON
Nov 20, 2024 7:19:42 AM com.itextos.beacon.smslog.StartupFlowLog log
INFO: Consumer to start for the Cluster Type Name : 'common' Cluster COMMON topics : common topicInMemCollection : {smpp_dlr_handover-high=com.itextos.beacon.commonlib.kafkaservice.consumer.ConsumerInMemCollection@27462a88}
Nov 20, 2024 7:19:42 AM com.itextos.beacon.smslog.StartupFlowLog log
INFO: createConsumerThreads : aClusterName : common aPlatformCluster :  COMMON aTopicName : smpp_dlr_handover-high aClassName : com.itextos.beacon.platform.smppdlr.process.SMPPDlrProcessor
Nov 20, 2024 7:19:42 AM com.itextos.beacon.smslog.StartupFlowLog log
INFO: AbstractCommonComponentProcessor contsructer Entered
Nov 20, 2024 7:19:42 AM com.itextos.beacon.smslog.StartupFlowLog log
INFO: AbstractKafkaComponentProcessor contsructer Entered
Nov 20, 2024 7:19:42 AM com.itextos.beacon.smslog.StartupFlowLog log
INFO: Thread 'Thread~common~smpp_dlr_handover~smpp_dlr_handover-high~1'started for Component 'SMPP_DLR' Cluster 'common' Actual Cluster 'COMMON' Topic name 'smpp_dlr_handover-high' Thread index '1' with sleep time millis '100'
Nov 20, 2024 7:19:42 AM com.itextos.beacon.smslog.StartupFlowLog log
INFO:  SmppDlrFallbackPollerHolder.getInstance() finished
Nov 23, 2024 1:18:53 PM com.itextos.beacon.smslog.StartupFlowLog log
INFO: Invoking for Component 'SMPP_DLR' with Startup Arguments StartupRuntimeArguments [mPlatformCluster=[], mInterfaceGroup=[], mMessageType=null, mMessagePriority=[], mClientIds=[]]
Nov 23, 2024 1:18:53 PM com.itextos.beacon.smslog.StartupFlowLog log
INFO: Processing for the cluster Type 'COMMON'
Nov 23, 2024 1:18:53 PM com.itextos.beacon.smslog.StartupFlowLog log
INFO: platformCluster : COMMON topicName : smpp_dlr_handover-high
Nov 23, 2024 1:18:53 PM com.itextos.beacon.smslog.StartupFlowLog log
INFO: platformCluster :  common
Nov 23, 2024 1:18:53 PM com.itextos.beacon.smslog.StartupFlowLog log
INFO: key :  smpp_dlr_handover~common~smpp_dlr_handover-high
Nov 23, 2024 1:18:53 PM com.itextos.beacon.smslog.StartupFlowLog log
INFO: Creating Kafka Consumers for SMPP_DLR-COMMON-smpp_dlr_handover-high
Nov 23, 2024 1:18:54 PM com.itextos.beacon.smslog.StartupFlowLog log
INFO: Kafka Cluster Component map : KafkaClusterComponentMap [mComponent=SMPP_DLR, mPlatformClusterType=COMMON, mKafkaProducerClusterName=trans-platform, mKafkaConsumerClusterName=trans-platform, mKafkaConsumerGroupName=group_smpp_dlr_handover, mKafkaClientConsumerCount=1, mSleepTimeInMillis=100, mThreadsCount=1, mIntlThreadCount=1, mMaxProducersPerTopic=1]
Nov 23, 2024 1:18:54 PM com.itextos.beacon.smslog.StartupFlowLog log
INFO: Consumer Kafka Cluster name : 'trans-platform'
Nov 23, 2024 1:18:54 PM com.itextos.beacon.smslog.StartupFlowLog log
INFO: Kafka Cluster found : 'KafkaClusterInfo [mKafkaClusterName=trans-platform, mKafkaProducerProperties=/platform/properties/bulk/kafka-producer.properties, mKafkaConsumerProperties=/platform/properties/bulk/kafka-consumer.properties]'
Nov 23, 2024 1:18:54 PM com.itextos.beacon.smslog.StartupFlowLog log
INFO: Topic Name to use :'smpp_dlr_handover-high'
Nov 23, 2024 1:18:54 PM com.itextos.beacon.smslog.StartupFlowLog log
INFO: Final Topic name to use : 'smpp-dlr-handover-high'
Nov 23, 2024 1:18:54 PM com.itextos.beacon.smslog.StartupFlowLog log
INFO: Kafka Cluster Producer Properties found : '/kafka-producer.properties_do1'
Nov 23, 2024 1:18:54 PM com.itextos.beacon.smslog.StartupFlowLog log
INFO: Kafka Cluster Consumer Properties found : '/kafka-consumer.properties_do1'
Nov 23, 2024 1:18:55 PM com.itextos.beacon.smslog.StartupFlowLog log
INFO: createConsumerClients : main~smpp_dlr_handover~consumer~1~null-172.21.0.4  topicName : smpp-dlr-handover-high
Nov 23, 2024 1:18:55 PM com.itextos.beacon.smslog.StartupFlowLog log
INFO: clusterInMemCollection : {common={smpp_dlr_handover-high=com.itextos.beacon.commonlib.kafkaservice.consumer.ConsumerInMemCollection@71a8adcf}}
Nov 23, 2024 1:18:55 PM com.itextos.beacon.smslog.StartupFlowLog log
INFO: aTopicsToConsume : 'smpp_dlr_handover-high
Nov 23, 2024 1:18:55 PM com.itextos.beacon.smslog.StartupFlowLog log
INFO: platformCluster : 'COMMON
Nov 23, 2024 1:18:55 PM com.itextos.beacon.smslog.StartupFlowLog log
INFO: Consumer to start for the Cluster Type Name : 'common' Cluster COMMON topics : common topicInMemCollection : {smpp_dlr_handover-high=com.itextos.beacon.commonlib.kafkaservice.consumer.ConsumerInMemCollection@71a8adcf}
Nov 23, 2024 1:18:55 PM com.itextos.beacon.smslog.StartupFlowLog log
INFO: createConsumerThreads : aClusterName : common aPlatformCluster :  COMMON aTopicName : smpp_dlr_handover-high aClassName : com.itextos.beacon.platform.smppdlr.process.SMPPDlrProcessor
Nov 23, 2024 1:18:55 PM com.itextos.beacon.smslog.StartupFlowLog log
INFO: AbstractCommonComponentProcessor contsructer Entered
Nov 23, 2024 1:18:55 PM com.itextos.beacon.smslog.StartupFlowLog log
INFO: AbstractKafkaComponentProcessor contsructer Entered
Nov 23, 2024 1:18:55 PM com.itextos.beacon.smslog.StartupFlowLog log
INFO: Thread 'Thread~common~smpp_dlr_handover~smpp_dlr_handover-high~1'started for Component 'SMPP_DLR' Cluster 'common' Actual Cluster 'COMMON' Topic name 'smpp_dlr_handover-high' Thread index '1' with sleep time millis '100'
Nov 23, 2024 1:18:55 PM com.itextos.beacon.smslog.StartupFlowLog log
INFO:  SmppDlrFallbackPollerHolder.getInstance() finished
Nov 23, 2024 1:21:02 PM com.itextos.beacon.smslog.StartupFlowLog log
INFO: Invoking for Component 'SMPP_DLR' with Startup Arguments StartupRuntimeArguments [mPlatformCluster=[], mInterfaceGroup=[], mMessageType=null, mMessagePriority=[], mClientIds=[]]
Nov 23, 2024 1:21:02 PM com.itextos.beacon.smslog.StartupFlowLog log
INFO: Processing for the cluster Type 'COMMON'
Nov 23, 2024 1:21:02 PM com.itextos.beacon.smslog.StartupFlowLog log
INFO: platformCluster : COMMON topicName : smpp_dlr_handover-high
Nov 23, 2024 1:21:02 PM com.itextos.beacon.smslog.StartupFlowLog log
INFO: platformCluster :  common
Nov 23, 2024 1:21:02 PM com.itextos.beacon.smslog.StartupFlowLog log
INFO: key :  smpp_dlr_handover~common~smpp_dlr_handover-high
Nov 23, 2024 1:21:02 PM com.itextos.beacon.smslog.StartupFlowLog log
INFO: Creating Kafka Consumers for SMPP_DLR-COMMON-smpp_dlr_handover-high
Nov 23, 2024 1:21:03 PM com.itextos.beacon.smslog.StartupFlowLog log
INFO: Kafka Cluster Component map : KafkaClusterComponentMap [mComponent=SMPP_DLR, mPlatformClusterType=COMMON, mKafkaProducerClusterName=trans-platform, mKafkaConsumerClusterName=trans-platform, mKafkaConsumerGroupName=group_smpp_dlr_handover, mKafkaClientConsumerCount=1, mSleepTimeInMillis=100, mThreadsCount=1, mIntlThreadCount=1, mMaxProducersPerTopic=1]
Nov 23, 2024 1:21:03 PM com.itextos.beacon.smslog.StartupFlowLog log
INFO: Consumer Kafka Cluster name : 'trans-platform'
Nov 23, 2024 1:21:03 PM com.itextos.beacon.smslog.StartupFlowLog log
INFO: Kafka Cluster found : 'KafkaClusterInfo [mKafkaClusterName=trans-platform, mKafkaProducerProperties=/platform/properties/bulk/kafka-producer.properties, mKafkaConsumerProperties=/platform/properties/bulk/kafka-consumer.properties]'
Nov 23, 2024 1:21:03 PM com.itextos.beacon.smslog.StartupFlowLog log
INFO: Topic Name to use :'smpp_dlr_handover-high'
Nov 23, 2024 1:21:03 PM com.itextos.beacon.smslog.StartupFlowLog log
INFO: Final Topic name to use : 'smpp-dlr-handover-high'
Nov 23, 2024 1:21:03 PM com.itextos.beacon.smslog.StartupFlowLog log
INFO: Kafka Cluster Producer Properties found : '/kafka-producer.properties_do1'
Nov 23, 2024 1:21:03 PM com.itextos.beacon.smslog.StartupFlowLog log
INFO: Kafka Cluster Consumer Properties found : '/kafka-consumer.properties_do1'
Nov 23, 2024 1:21:04 PM com.itextos.beacon.smslog.StartupFlowLog log
INFO: createConsumerClients : main~smpp_dlr_handover~consumer~1~null-172.21.0.4  topicName : smpp-dlr-handover-high
Nov 23, 2024 1:21:04 PM com.itextos.beacon.smslog.StartupFlowLog log
INFO: clusterInMemCollection : {common={smpp_dlr_handover-high=com.itextos.beacon.commonlib.kafkaservice.consumer.ConsumerInMemCollection@27462a88}}
Nov 23, 2024 1:21:04 PM com.itextos.beacon.smslog.StartupFlowLog log
INFO: aTopicsToConsume : 'smpp_dlr_handover-high
Nov 23, 2024 1:21:04 PM com.itextos.beacon.smslog.StartupFlowLog log
INFO: platformCluster : 'COMMON
Nov 23, 2024 1:21:04 PM com.itextos.beacon.smslog.StartupFlowLog log
INFO: Consumer to start for the Cluster Type Name : 'common' Cluster COMMON topics : common topicInMemCollection : {smpp_dlr_handover-high=com.itextos.beacon.commonlib.kafkaservice.consumer.ConsumerInMemCollection@27462a88}
Nov 23, 2024 1:21:04 PM com.itextos.beacon.smslog.StartupFlowLog log
INFO: createConsumerThreads : aClusterName : common aPlatformCluster :  COMMON aTopicName : smpp_dlr_handover-high aClassName : com.itextos.beacon.platform.smppdlr.process.SMPPDlrProcessor
Nov 23, 2024 1:21:04 PM com.itextos.beacon.smslog.StartupFlowLog log
INFO: AbstractCommonComponentProcessor contsructer Entered
Nov 23, 2024 1:21:04 PM com.itextos.beacon.smslog.StartupFlowLog log
INFO: AbstractKafkaComponentProcessor contsructer Entered
Nov 23, 2024 1:21:04 PM com.itextos.beacon.smslog.StartupFlowLog log
INFO: Thread 'Thread~common~smpp_dlr_handover~smpp_dlr_handover-high~1'started for Component 'SMPP_DLR' Cluster 'common' Actual Cluster 'COMMON' Topic name 'smpp_dlr_handover-high' Thread index '1' with sleep time millis '100'
Nov 23, 2024 1:21:04 PM com.itextos.beacon.smslog.StartupFlowLog log
INFO:  SmppDlrFallbackPollerHolder.getInstance() finished
Nov 28, 2024 9:41:15 PM com.itextos.beacon.smslog.StartupFlowLog log
INFO: Invoking for Component 'SMPP_DLR' with Startup Arguments StartupRuntimeArguments [mPlatformCluster=[], mInterfaceGroup=[], mMessageType=null, mMessagePriority=[], mClientIds=[]]
Nov 28, 2024 9:41:15 PM com.itextos.beacon.smslog.StartupFlowLog log
INFO: Processing for the cluster Type 'COMMON'
Nov 28, 2024 9:41:15 PM com.itextos.beacon.smslog.StartupFlowLog log
INFO: platformCluster : COMMON topicName : smpp_dlr_handover-high
Nov 28, 2024 9:41:15 PM com.itextos.beacon.smslog.StartupFlowLog log
INFO: platformCluster :  common
Nov 28, 2024 9:41:15 PM com.itextos.beacon.smslog.StartupFlowLog log
INFO: key :  smpp_dlr_handover~common~smpp_dlr_handover-high
Nov 28, 2024 9:41:15 PM com.itextos.beacon.smslog.StartupFlowLog log
INFO: Creating Kafka Consumers for SMPP_DLR-COMMON-smpp_dlr_handover-high
Nov 28, 2024 9:41:16 PM com.itextos.beacon.smslog.StartupFlowLog log
INFO: Kafka Cluster Component map : KafkaClusterComponentMap [mComponent=SMPP_DLR, mPlatformClusterType=COMMON, mKafkaProducerClusterName=trans-platform, mKafkaConsumerClusterName=trans-platform, mKafkaConsumerGroupName=group_smpp_dlr_handover, mKafkaClientConsumerCount=3, mSleepTimeInMillis=100, mThreadsCount=1, mIntlThreadCount=1, mMaxProducersPerTopic=1]
Nov 28, 2024 9:41:16 PM com.itextos.beacon.smslog.StartupFlowLog log
INFO: Consumer Kafka Cluster name : 'trans-platform'
Nov 28, 2024 9:41:16 PM com.itextos.beacon.smslog.StartupFlowLog log
INFO: Kafka Cluster found : 'KafkaClusterInfo [mKafkaClusterName=trans-platform, mKafkaProducerProperties=/platform/properties/bulk/kafka-producer.properties, mKafkaConsumerProperties=/platform/properties/bulk/kafka-consumer.properties]'
Nov 28, 2024 9:41:16 PM com.itextos.beacon.smslog.StartupFlowLog log
INFO: Topic Name to use :'smpp_dlr_handover-high'
Nov 28, 2024 9:41:16 PM com.itextos.beacon.smslog.StartupFlowLog log
INFO: Final Topic name to use : 'smpp-dlr-handover-high'
Nov 28, 2024 9:41:16 PM com.itextos.beacon.smslog.StartupFlowLog log
INFO: Kafka Cluster Producer Properties found : '/kafka-producer.properties_do1'
Nov 28, 2024 9:41:16 PM com.itextos.beacon.smslog.StartupFlowLog log
INFO: Kafka Cluster Consumer Properties found : '/kafka-consumer.properties_do1'
Nov 28, 2024 9:41:16 PM com.itextos.beacon.smslog.StartupFlowLog log
INFO: createConsumerClients : main~smpp_dlr_handover~consumer~1~null-172.21.0.4  topicName : smpp-dlr-handover-high
Nov 28, 2024 9:41:16 PM com.itextos.beacon.smslog.StartupFlowLog log
INFO: createConsumerClients : main~smpp_dlr_handover~consumer~2~null-172.21.0.4  topicName : smpp-dlr-handover-high
Nov 28, 2024 9:41:16 PM com.itextos.beacon.smslog.StartupFlowLog log
INFO: createConsumerClients : main~smpp_dlr_handover~consumer~3~null-172.21.0.4  topicName : smpp-dlr-handover-high
Nov 28, 2024 9:41:16 PM com.itextos.beacon.smslog.StartupFlowLog log
INFO: clusterInMemCollection : {common={smpp_dlr_handover-high=com.itextos.beacon.commonlib.kafkaservice.consumer.ConsumerInMemCollection@6221a451}}
Nov 28, 2024 9:41:16 PM com.itextos.beacon.smslog.StartupFlowLog log
INFO: aTopicsToConsume : 'smpp_dlr_handover-high
Nov 28, 2024 9:41:16 PM com.itextos.beacon.smslog.StartupFlowLog log
INFO: platformCluster : 'COMMON
Nov 28, 2024 9:41:16 PM com.itextos.beacon.smslog.StartupFlowLog log
INFO: Consumer to start for the Cluster Type Name : 'common' Cluster COMMON topics : common topicInMemCollection : {smpp_dlr_handover-high=com.itextos.beacon.commonlib.kafkaservice.consumer.ConsumerInMemCollection@6221a451}
Nov 28, 2024 9:41:16 PM com.itextos.beacon.smslog.StartupFlowLog log
INFO: createConsumerThreads : aClusterName : common aPlatformCluster :  COMMON aTopicName : smpp_dlr_handover-high aClassName : com.itextos.beacon.platform.smppdlr.process.SMPPDlrProcessor
Nov 28, 2024 9:41:16 PM com.itextos.beacon.smslog.StartupFlowLog log
INFO: AbstractCommonComponentProcessor contsructer Entered
Nov 28, 2024 9:41:16 PM com.itextos.beacon.smslog.StartupFlowLog log
INFO: AbstractKafkaComponentProcessor contsructer Entered
Nov 28, 2024 9:41:16 PM com.itextos.beacon.smslog.StartupFlowLog log
INFO: Thread 'Thread~common~smpp_dlr_handover~smpp_dlr_handover-high~1'started for Component 'SMPP_DLR' Cluster 'common' Actual Cluster 'COMMON' Topic name 'smpp_dlr_handover-high' Thread index '1' with sleep time millis '100'
Nov 28, 2024 9:41:17 PM com.itextos.beacon.smslog.StartupFlowLog log
INFO:  SmppDlrFallbackPollerHolder.getInstance() finished
Nov 28, 2024 9:42:46 PM com.itextos.beacon.smslog.StartupFlowLog log
INFO: Invoking for Component 'SMPP_DLR' with Startup Arguments StartupRuntimeArguments [mPlatformCluster=[], mInterfaceGroup=[], mMessageType=null, mMessagePriority=[], mClientIds=[]]
Nov 28, 2024 9:42:46 PM com.itextos.beacon.smslog.StartupFlowLog log
INFO: Processing for the cluster Type 'COMMON'
Nov 28, 2024 9:42:46 PM com.itextos.beacon.smslog.StartupFlowLog log
INFO: platformCluster : COMMON topicName : smpp_dlr_handover-high
Nov 28, 2024 9:42:46 PM com.itextos.beacon.smslog.StartupFlowLog log
INFO: platformCluster :  common
Nov 28, 2024 9:42:46 PM com.itextos.beacon.smslog.StartupFlowLog log
INFO: key :  smpp_dlr_handover~common~smpp_dlr_handover-high
Nov 28, 2024 9:42:46 PM com.itextos.beacon.smslog.StartupFlowLog log
INFO: Creating Kafka Consumers for SMPP_DLR-COMMON-smpp_dlr_handover-high
Nov 28, 2024 9:42:50 PM com.itextos.beacon.smslog.StartupFlowLog log
INFO: Kafka Cluster Component map : KafkaClusterComponentMap [mComponent=SMPP_DLR, mPlatformClusterType=COMMON, mKafkaProducerClusterName=trans-platform, mKafkaConsumerClusterName=trans-platform, mKafkaConsumerGroupName=group_smpp_dlr_handover, mKafkaClientConsumerCount=3, mSleepTimeInMillis=100, mThreadsCount=1, mIntlThreadCount=1, mMaxProducersPerTopic=1]
Nov 28, 2024 9:42:50 PM com.itextos.beacon.smslog.StartupFlowLog log
INFO: Consumer Kafka Cluster name : 'trans-platform'
Nov 28, 2024 9:42:50 PM com.itextos.beacon.smslog.StartupFlowLog log
INFO: Kafka Cluster found : 'KafkaClusterInfo [mKafkaClusterName=trans-platform, mKafkaProducerProperties=/platform/properties/bulk/kafka-producer.properties, mKafkaConsumerProperties=/platform/properties/bulk/kafka-consumer.properties]'
Nov 28, 2024 9:42:50 PM com.itextos.beacon.smslog.StartupFlowLog log
INFO: Topic Name to use :'smpp_dlr_handover-high'
Nov 28, 2024 9:42:50 PM com.itextos.beacon.smslog.StartupFlowLog log
INFO: Final Topic name to use : 'smpp-dlr-handover-high'
Nov 28, 2024 9:42:50 PM com.itextos.beacon.smslog.StartupFlowLog log
INFO: Kafka Cluster Producer Properties found : '/kafka-producer.properties_do1'
Nov 28, 2024 9:42:50 PM com.itextos.beacon.smslog.StartupFlowLog log
INFO: Kafka Cluster Consumer Properties found : '/kafka-consumer.properties_do1'
Nov 28, 2024 9:42:51 PM com.itextos.beacon.smslog.StartupFlowLog log
INFO: createConsumerClients : main~smpp_dlr_handover~consumer~1~null-172.21.0.4  topicName : smpp-dlr-handover-high
Nov 28, 2024 9:42:51 PM com.itextos.beacon.smslog.StartupFlowLog log
INFO: createConsumerClients : main~smpp_dlr_handover~consumer~2~null-172.21.0.4  topicName : smpp-dlr-handover-high
Nov 28, 2024 9:42:51 PM com.itextos.beacon.smslog.StartupFlowLog log
INFO: createConsumerClients : main~smpp_dlr_handover~consumer~3~null-172.21.0.4  topicName : smpp-dlr-handover-high
Nov 28, 2024 9:42:51 PM com.itextos.beacon.smslog.StartupFlowLog log
INFO: clusterInMemCollection : {common={smpp_dlr_handover-high=com.itextos.beacon.commonlib.kafkaservice.consumer.ConsumerInMemCollection@6221a451}}
Nov 28, 2024 9:42:51 PM com.itextos.beacon.smslog.StartupFlowLog log
INFO: aTopicsToConsume : 'smpp_dlr_handover-high
Nov 28, 2024 9:42:51 PM com.itextos.beacon.smslog.StartupFlowLog log
INFO: platformCluster : 'COMMON
Nov 28, 2024 9:42:51 PM com.itextos.beacon.smslog.StartupFlowLog log
INFO: Consumer to start for the Cluster Type Name : 'common' Cluster COMMON topics : common topicInMemCollection : {smpp_dlr_handover-high=com.itextos.beacon.commonlib.kafkaservice.consumer.ConsumerInMemCollection@6221a451}
Nov 28, 2024 9:42:51 PM com.itextos.beacon.smslog.StartupFlowLog log
INFO: createConsumerThreads : aClusterName : common aPlatformCluster :  COMMON aTopicName : smpp_dlr_handover-high aClassName : com.itextos.beacon.platform.smppdlr.process.SMPPDlrProcessor
Nov 28, 2024 9:42:52 PM com.itextos.beacon.smslog.StartupFlowLog log
INFO: AbstractCommonComponentProcessor contsructer Entered
Nov 28, 2024 9:42:52 PM com.itextos.beacon.smslog.StartupFlowLog log
INFO: AbstractKafkaComponentProcessor contsructer Entered
Nov 28, 2024 9:42:52 PM com.itextos.beacon.smslog.StartupFlowLog log
INFO: Thread 'Thread~common~smpp_dlr_handover~smpp_dlr_handover-high~1'started for Component 'SMPP_DLR' Cluster 'common' Actual Cluster 'COMMON' Topic name 'smpp_dlr_handover-high' Thread index '1' with sleep time millis '100'
Nov 28, 2024 9:42:52 PM com.itextos.beacon.smslog.StartupFlowLog log
INFO:  SmppDlrFallbackPollerHolder.getInstance() finished
Nov 30, 2024 7:17:28 AM com.itextos.beacon.smslog.StartupFlowLog log
INFO: Invoking for Component 'SMPP_DLR' with Startup Arguments StartupRuntimeArguments [mPlatformCluster=[], mInterfaceGroup=[], mMessageType=null, mMessagePriority=[], mClientIds=[]]
Nov 30, 2024 7:17:28 AM com.itextos.beacon.smslog.StartupFlowLog log
INFO: Processing for the cluster Type 'COMMON'
Nov 30, 2024 7:17:28 AM com.itextos.beacon.smslog.StartupFlowLog log
INFO: platformCluster : COMMON topicName : smpp_dlr_handover-high
Nov 30, 2024 7:17:29 AM com.itextos.beacon.smslog.StartupFlowLog log
INFO: platformCluster :  common
Nov 30, 2024 7:17:29 AM com.itextos.beacon.smslog.StartupFlowLog log
INFO: key :  smpp_dlr_handover~common~smpp_dlr_handover-high
Nov 30, 2024 7:17:29 AM com.itextos.beacon.smslog.StartupFlowLog log
INFO: Creating Kafka Consumers for SMPP_DLR-COMMON-smpp_dlr_handover-high
Nov 30, 2024 7:17:29 AM com.itextos.beacon.smslog.StartupFlowLog log
INFO: Kafka Cluster Component map : KafkaClusterComponentMap [mComponent=SMPP_DLR, mPlatformClusterType=COMMON, mKafkaProducerClusterName=trans-platform, mKafkaConsumerClusterName=trans-platform, mKafkaConsumerGroupName=group_smpp_dlr_handover, mKafkaClientConsumerCount=5, mSleepTimeInMillis=100, mThreadsCount=1, mIntlThreadCount=1, mMaxProducersPerTopic=1]
Nov 30, 2024 7:17:29 AM com.itextos.beacon.smslog.StartupFlowLog log
INFO: Consumer Kafka Cluster name : 'trans-platform'
Nov 30, 2024 7:17:29 AM com.itextos.beacon.smslog.StartupFlowLog log
INFO: Kafka Cluster found : 'KafkaClusterInfo [mKafkaClusterName=trans-platform, mKafkaProducerProperties=/platform/properties/bulk/kafka-producer.properties, mKafkaConsumerProperties=/platform/properties/bulk/kafka-consumer.properties]'
Nov 30, 2024 7:17:29 AM com.itextos.beacon.smslog.StartupFlowLog log
INFO: Topic Name to use :'smpp_dlr_handover-high'
Nov 30, 2024 7:17:29 AM com.itextos.beacon.smslog.StartupFlowLog log
INFO: Final Topic name to use : 'smpp-dlr-handover-high'
Nov 30, 2024 7:17:29 AM com.itextos.beacon.smslog.StartupFlowLog log
INFO: Kafka Cluster Producer Properties found : '/kafka-producer.properties_do1'
Nov 30, 2024 7:17:29 AM com.itextos.beacon.smslog.StartupFlowLog log
INFO: Kafka Cluster Consumer Properties found : '/kafka-consumer.properties_do1'
Nov 30, 2024 7:17:30 AM com.itextos.beacon.smslog.StartupFlowLog log
INFO: createConsumerClients : main~smpp_dlr_handover~consumer~1~null-172.21.0.4  topicName : smpp-dlr-handover-high
Nov 30, 2024 7:17:30 AM com.itextos.beacon.smslog.StartupFlowLog log
INFO: createConsumerClients : main~smpp_dlr_handover~consumer~2~null-172.21.0.4  topicName : smpp-dlr-handover-high
Nov 30, 2024 7:17:30 AM com.itextos.beacon.smslog.StartupFlowLog log
INFO: createConsumerClients : main~smpp_dlr_handover~consumer~3~null-172.21.0.4  topicName : smpp-dlr-handover-high
Nov 30, 2024 7:17:30 AM com.itextos.beacon.smslog.StartupFlowLog log
INFO: createConsumerClients : main~smpp_dlr_handover~consumer~4~null-172.21.0.4  topicName : smpp-dlr-handover-high
Nov 30, 2024 7:17:30 AM com.itextos.beacon.smslog.StartupFlowLog log
INFO: createConsumerClients : main~smpp_dlr_handover~consumer~5~null-172.21.0.4  topicName : smpp-dlr-handover-high
Nov 30, 2024 7:17:30 AM com.itextos.beacon.smslog.StartupFlowLog log
INFO: clusterInMemCollection : {common={smpp_dlr_handover-high=com.itextos.beacon.commonlib.kafkaservice.consumer.ConsumerInMemCollection@6e6f2380}}
Nov 30, 2024 7:17:30 AM com.itextos.beacon.smslog.StartupFlowLog log
INFO: aTopicsToConsume : 'smpp_dlr_handover-high
Nov 30, 2024 7:17:30 AM com.itextos.beacon.smslog.StartupFlowLog log
INFO: platformCluster : 'COMMON
Nov 30, 2024 7:17:30 AM com.itextos.beacon.smslog.StartupFlowLog log
INFO: Consumer to start for the Cluster Type Name : 'common' Cluster COMMON topics : common topicInMemCollection : {smpp_dlr_handover-high=com.itextos.beacon.commonlib.kafkaservice.consumer.ConsumerInMemCollection@6e6f2380}
Nov 30, 2024 7:17:30 AM com.itextos.beacon.smslog.StartupFlowLog log
INFO: createConsumerThreads : aClusterName : common aPlatformCluster :  COMMON aTopicName : smpp_dlr_handover-high aClassName : com.itextos.beacon.platform.smppdlr.process.SMPPDlrProcessor
Nov 30, 2024 7:17:30 AM com.itextos.beacon.smslog.StartupFlowLog log
INFO: AbstractCommonComponentProcessor contsructer Entered
Nov 30, 2024 7:17:30 AM com.itextos.beacon.smslog.StartupFlowLog log
INFO: AbstractKafkaComponentProcessor contsructer Entered
Nov 30, 2024 7:17:30 AM com.itextos.beacon.smslog.StartupFlowLog log
INFO: Thread 'Thread~common~smpp_dlr_handover~smpp_dlr_handover-high~1'started for Component 'SMPP_DLR' Cluster 'common' Actual Cluster 'COMMON' Topic name 'smpp_dlr_handover-high' Thread index '1' with sleep time millis '100'
Nov 30, 2024 7:17:30 AM com.itextos.beacon.smslog.StartupFlowLog log
INFO:  SmppDlrFallbackPollerHolder.getInstance() finished
Nov 30, 2024 1:26:27 PM com.itextos.beacon.smslog.StartupFlowLog log
INFO: Invoking for Component 'SMPP_DLR' with Startup Arguments StartupRuntimeArguments [mPlatformCluster=[], mInterfaceGroup=[], mMessageType=null, mMessagePriority=[], mClientIds=[]]
Nov 30, 2024 1:26:27 PM com.itextos.beacon.smslog.StartupFlowLog log
INFO: Processing for the cluster Type 'COMMON'
Nov 30, 2024 1:26:27 PM com.itextos.beacon.smslog.StartupFlowLog log
INFO: platformCluster : COMMON topicName : smpp_dlr_handover-high
Nov 30, 2024 1:26:27 PM com.itextos.beacon.smslog.StartupFlowLog log
INFO: platformCluster :  common
Nov 30, 2024 1:26:27 PM com.itextos.beacon.smslog.StartupFlowLog log
INFO: key :  smpp_dlr_handover~common~smpp_dlr_handover-high
Nov 30, 2024 1:26:27 PM com.itextos.beacon.smslog.StartupFlowLog log
INFO: Creating Kafka Consumers for SMPP_DLR-COMMON-smpp_dlr_handover-high
Nov 30, 2024 1:26:28 PM com.itextos.beacon.smslog.StartupFlowLog log
INFO: Kafka Cluster Component map : KafkaClusterComponentMap [mComponent=SMPP_DLR, mPlatformClusterType=COMMON, mKafkaProducerClusterName=trans-platform, mKafkaConsumerClusterName=trans-platform, mKafkaConsumerGroupName=group_smpp_dlr_handover, mKafkaClientConsumerCount=5, mSleepTimeInMillis=100, mThreadsCount=1, mIntlThreadCount=1, mMaxProducersPerTopic=3]
Nov 30, 2024 1:26:28 PM com.itextos.beacon.smslog.StartupFlowLog log
INFO: Consumer Kafka Cluster name : 'trans-platform'
Nov 30, 2024 1:26:28 PM com.itextos.beacon.smslog.StartupFlowLog log
INFO: Kafka Cluster found : 'KafkaClusterInfo [mKafkaClusterName=trans-platform, mKafkaProducerProperties=/platform/properties/bulk/kafka-producer.properties, mKafkaConsumerProperties=/platform/properties/bulk/kafka-consumer.properties]'
Nov 30, 2024 1:26:28 PM com.itextos.beacon.smslog.StartupFlowLog log
INFO: Topic Name to use :'smpp_dlr_handover-high'
Nov 30, 2024 1:26:28 PM com.itextos.beacon.smslog.StartupFlowLog log
INFO: Final Topic name to use : 'smpp-dlr-handover-high'
Nov 30, 2024 1:26:28 PM com.itextos.beacon.smslog.StartupFlowLog log
INFO: Kafka Cluster Producer Properties found : '/kafka-producer.properties_do1'
Nov 30, 2024 1:26:28 PM com.itextos.beacon.smslog.StartupFlowLog log
INFO: Kafka Cluster Consumer Properties found : '/kafka-consumer.properties_do1'
Nov 30, 2024 1:26:29 PM com.itextos.beacon.smslog.StartupFlowLog log
INFO: createConsumerClients : main~smpp_dlr_handover~consumer~1~null-172.21.0.4  topicName : smpp-dlr-handover-high
Nov 30, 2024 1:26:29 PM com.itextos.beacon.smslog.StartupFlowLog log
INFO: createConsumerClients : main~smpp_dlr_handover~consumer~2~null-172.21.0.4  topicName : smpp-dlr-handover-high
Nov 30, 2024 1:26:29 PM com.itextos.beacon.smslog.StartupFlowLog log
INFO: createConsumerClients : main~smpp_dlr_handover~consumer~3~null-172.21.0.4  topicName : smpp-dlr-handover-high
Nov 30, 2024 1:26:29 PM com.itextos.beacon.smslog.StartupFlowLog log
INFO: createConsumerClients : main~smpp_dlr_handover~consumer~4~null-172.21.0.4  topicName : smpp-dlr-handover-high
Nov 30, 2024 1:26:29 PM com.itextos.beacon.smslog.StartupFlowLog log
INFO: createConsumerClients : main~smpp_dlr_handover~consumer~5~null-172.21.0.4  topicName : smpp-dlr-handover-high
Nov 30, 2024 1:26:29 PM com.itextos.beacon.smslog.StartupFlowLog log
INFO: clusterInMemCollection : {common={smpp_dlr_handover-high=com.itextos.beacon.commonlib.kafkaservice.consumer.ConsumerInMemCollection@6e6f2380}}
Nov 30, 2024 1:26:29 PM com.itextos.beacon.smslog.StartupFlowLog log
INFO: aTopicsToConsume : 'smpp_dlr_handover-high
Nov 30, 2024 1:26:29 PM com.itextos.beacon.smslog.StartupFlowLog log
INFO: platformCluster : 'COMMON
Nov 30, 2024 1:26:29 PM com.itextos.beacon.smslog.StartupFlowLog log
INFO: Consumer to start for the Cluster Type Name : 'common' Cluster COMMON topics : common topicInMemCollection : {smpp_dlr_handover-high=com.itextos.beacon.commonlib.kafkaservice.consumer.ConsumerInMemCollection@6e6f2380}
Nov 30, 2024 1:26:29 PM com.itextos.beacon.smslog.StartupFlowLog log
INFO: createConsumerThreads : aClusterName : common aPlatformCluster :  COMMON aTopicName : smpp_dlr_handover-high aClassName : com.itextos.beacon.platform.smppdlr.process.SMPPDlrProcessor
Nov 30, 2024 1:26:29 PM com.itextos.beacon.smslog.StartupFlowLog log
INFO: AbstractCommonComponentProcessor contsructer Entered
Nov 30, 2024 1:26:29 PM com.itextos.beacon.smslog.StartupFlowLog log
INFO: AbstractKafkaComponentProcessor contsructer Entered
Nov 30, 2024 1:26:29 PM com.itextos.beacon.smslog.StartupFlowLog log
INFO: Thread 'Thread~common~smpp_dlr_handover~smpp_dlr_handover-high~1'started for Component 'SMPP_DLR' Cluster 'common' Actual Cluster 'COMMON' Topic name 'smpp_dlr_handover-high' Thread index '1' with sleep time millis '100'
Nov 30, 2024 1:26:29 PM com.itextos.beacon.smslog.StartupFlowLog log
INFO:  SmppDlrFallbackPollerHolder.getInstance() finished
