Nov 23, 2024 1:00:11 PM com.itextos.beacon.smslog.ConsumerLog log
INFO:  : Topic Name Topic Name : 't2db-submission-high-1, Consumer InMem Collection Size >>>>>>>> 0
Nov 23, 2024 1:00:11 PM com.itextos.beacon.smslog.ConsumerLog log
INFO:  : Topic Name Topic Name : 't2db-submission-high-1, Consumer InMem Collection Size >>>>>>>> 0
Nov 23, 2024 1:00:30 PM com.itextos.beacon.smslog.ConsumerLog log
INFO:  : Topic Name Topic Name : 't2db-submission-high-1, Consumer InMem Collection Size >>>>>>>> 0
Nov 23, 2024 1:00:30 PM com.itextos.beacon.smslog.ConsumerLog log
INFO:  : Topic Name Topic Name : 't2db-submission-high-1, Consumer InMem Collection Size >>>>>>>> 0
Nov 23, 2024 1:01:37 PM com.itextos.beacon.smslog.ConsumerLog log
INFO:  : Topic Name Topic Name : 't2db-submission-high-1, Consumer InMem Collection Size >>>>>>>> 0
Nov 23, 2024 1:01:37 PM com.itextos.beacon.smslog.ConsumerLog log
INFO:  : Topic Name Topic Name : 't2db-submission-high-1, Consumer InMem Collection Size >>>>>>>> 0
Nov 23, 2024 1:06:03 PM com.itextos.beacon.smslog.ConsumerLog log
INFO:  : Topic Name Topic Name : 't2db-submission-high-1, Consumer InMem Collection Size >>>>>>>> 0
Nov 23, 2024 1:06:03 PM com.itextos.beacon.smslog.ConsumerLog log
INFO:  : Topic Name Topic Name : 't2db-submission-high-1, Consumer InMem Collection Size >>>>>>>> 0
Nov 23, 2024 1:06:13 PM com.itextos.beacon.smslog.ConsumerLog log
INFO:  : Topic Name Topic Name : 't2db-submission-high-1, Consumer InMem Collection Size >>>>>>>> 0
Nov 23, 2024 1:06:13 PM com.itextos.beacon.smslog.ConsumerLog log
INFO:  : Topic Name Topic Name : 't2db-submission-high-1, Consumer InMem Collection Size >>>>>>>> 0
Nov 23, 2024 1:06:23 PM com.itextos.beacon.smslog.ConsumerLog log
INFO:  : Topic Name Topic Name : 't2db-submission-high-1, Consumer InMem Collection Size >>>>>>>> 0
Nov 23, 2024 1:06:23 PM com.itextos.beacon.smslog.ConsumerLog log
INFO:  : Topic Name Topic Name : 't2db-submission-high-1, Consumer InMem Collection Size >>>>>>>> 0
Nov 28, 2024 9:29:43 PM com.itextos.beacon.smslog.ConsumerLog log
INFO:  : Topic Name Topic Name : 't2db-submission-high-1, Consumer InMem Collection Size >>>>>>>> 0
Nov 28, 2024 9:29:43 PM com.itextos.beacon.smslog.ConsumerLog log
INFO:  : Topic Name Topic Name : 't2db-submission-high-1, Consumer InMem Collection Size >>>>>>>> 0
Nov 28, 2024 9:33:00 PM com.itextos.beacon.smslog.ConsumerLog log
INFO:  : Topic Name Topic Name : 't2db-submission-high-3, Consumer InMem Collection Size >>>>>>>> 0
Nov 28, 2024 9:33:00 PM com.itextos.beacon.smslog.ConsumerLog log
INFO:  : Topic Name Topic Name : 't2db-submission-high-2, Consumer InMem Collection Size >>>>>>>> 0
Nov 28, 2024 9:33:00 PM com.itextos.beacon.smslog.ConsumerLog log
INFO:  : Topic Name Topic Name : 't2db-submission-high-3, Consumer InMem Collection Size >>>>>>>> 0
Nov 28, 2024 9:33:00 PM com.itextos.beacon.smslog.ConsumerLog log
INFO:  : Topic Name Topic Name : 't2db-submission-high-3, Consumer InMem Collection Size >>>>>>>> 0
Nov 28, 2024 9:33:00 PM com.itextos.beacon.smslog.ConsumerLog log
INFO:  : Topic Name Topic Name : 't2db-submission-high-2, Consumer InMem Collection Size >>>>>>>> 0
Nov 28, 2024 9:33:00 PM com.itextos.beacon.smslog.ConsumerLog log
INFO:  : Topic Name Topic Name : 't2db-submission-high-2, Consumer InMem Collection Size >>>>>>>> 0
Nov 28, 2024 9:33:00 PM com.itextos.beacon.smslog.ConsumerLog log
INFO:  : Topic Name Topic Name : 't2db-submission-high-3, Consumer InMem Collection Size >>>>>>>> 0
Nov 28, 2024 9:33:00 PM com.itextos.beacon.smslog.ConsumerLog log
INFO:  : Topic Name Topic Name : 't2db-submission-high-2, Consumer InMem Collection Size >>>>>>>> 0
Nov 28, 2024 9:33:00 PM com.itextos.beacon.smslog.ConsumerLog log
INFO:  : Topic Name Topic Name : 't2db-submission-high-3, Consumer InMem Collection Size >>>>>>>> 0
Nov 28, 2024 9:33:00 PM com.itextos.beacon.smslog.ConsumerLog log
INFO:  : Topic Name Topic Name : 't2db-submission-high-2, Consumer InMem Collection Size >>>>>>>> 0
Nov 28, 2024 9:33:00 PM com.itextos.beacon.smslog.ConsumerLog log
INFO:  : Topic Name Topic Name : 't2db-submission-high-1, Consumer InMem Collection Size >>>>>>>> 0
Nov 28, 2024 9:33:00 PM com.itextos.beacon.smslog.ConsumerLog log
INFO:  : Topic Name Topic Name : 't2db-submission-high-1, Consumer InMem Collection Size >>>>>>>> 0
Nov 28, 2024 9:33:00 PM com.itextos.beacon.smslog.ConsumerLog log
INFO:  : Topic Name Topic Name : 't2db-submission-high-1, Consumer InMem Collection Size >>>>>>>> 0
Nov 28, 2024 9:33:00 PM com.itextos.beacon.smslog.ConsumerLog log
INFO:  : Topic Name Topic Name : 't2db-submission-high-1, Consumer InMem Collection Size >>>>>>>> 0
Nov 28, 2024 9:33:00 PM com.itextos.beacon.smslog.ConsumerLog log
INFO:  isCompletelyStopped : true
Nov 28, 2024 9:33:00 PM com.itextos.beacon.smslog.ConsumerLog log
INFO:  : Topic Name Topic Name : 't2db-submission-high-1, Consumer InMem Collection Size >>>>>>>> 0
Nov 28, 2024 9:33:00 PM com.itextos.beacon.smslog.ConsumerLog log
INFO:  isCompletelyStopped : true
Nov 28, 2024 9:33:00 PM com.itextos.beacon.smslog.ConsumerLog log
INFO:  : Topic Name Topic Name : 't2db-submission-high-1, Consumer InMem Collection Size >>>>>>>> 0
Nov 28, 2024 9:33:00 PM com.itextos.beacon.smslog.ConsumerLog log
INFO:  : Topic Name Topic Name : 't2db-submission-high-1, Consumer InMem Collection Size >>>>>>>> 0
Nov 28, 2024 9:33:00 PM com.itextos.beacon.smslog.ConsumerLog log
INFO:  isCompletelyStopped : true
Nov 30, 2024 6:56:34 AM com.itextos.beacon.smslog.ConsumerLog log
INFO:  : Topic Name Topic Name : 't2db-submission-high-1, Consumer InMem Collection Size >>>>>>>> 0
Nov 30, 2024 6:56:34 AM com.itextos.beacon.smslog.ConsumerLog log
INFO:  : Topic Name Topic Name : 't2db-submission-high-1, Consumer InMem Collection Size >>>>>>>> 0
Nov 30, 2024 7:13:21 AM com.itextos.beacon.smslog.ConsumerLog log
INFO:  : Topic Name Topic Name : 't2db-submission-high-2, Consumer InMem Collection Size >>>>>>>> 0
Nov 30, 2024 7:13:21 AM com.itextos.beacon.smslog.ConsumerLog log
INFO:  : Topic Name Topic Name : 't2db-submission-high-2, Consumer InMem Collection Size >>>>>>>> 0
Nov 30, 2024 7:13:22 AM com.itextos.beacon.smslog.ConsumerLog log
INFO:  : Topic Name Topic Name : 't2db-submission-high-1, Consumer InMem Collection Size >>>>>>>> 0
Nov 30, 2024 7:13:22 AM com.itextos.beacon.smslog.ConsumerLog log
INFO:  : Topic Name Topic Name : 't2db-submission-high-1, Consumer InMem Collection Size >>>>>>>> 0
Nov 30, 2024 7:13:23 AM com.itextos.beacon.smslog.ConsumerLog log
INFO:  : Topic Name Topic Name : 't2db-submission-high-3, Consumer InMem Collection Size >>>>>>>> 0
Nov 30, 2024 7:13:23 AM com.itextos.beacon.smslog.ConsumerLog log
INFO:  : Topic Name Topic Name : 't2db-submission-high-3, Consumer InMem Collection Size >>>>>>>> 0
Nov 30, 2024 1:18:27 PM com.itextos.beacon.smslog.ConsumerLog log
INFO:  : Topic Name Topic Name : 't2db-submission-high-5, Consumer InMem Collection Size >>>>>>>> 0
Nov 30, 2024 1:18:27 PM com.itextos.beacon.smslog.ConsumerLog log
INFO:  : Topic Name Topic Name : 't2db-submission-high-3, Consumer InMem Collection Size >>>>>>>> 0
Nov 30, 2024 1:18:27 PM com.itextos.beacon.smslog.ConsumerLog log
INFO:  : Topic Name Topic Name : 't2db-submission-high-5, Consumer InMem Collection Size >>>>>>>> 0
Nov 30, 2024 1:18:27 PM com.itextos.beacon.smslog.ConsumerLog log
INFO:  : Topic Name Topic Name : 't2db-submission-high-3, Consumer InMem Collection Size >>>>>>>> 0
Nov 30, 2024 1:18:27 PM com.itextos.beacon.smslog.ConsumerLog log
INFO:  : Topic Name Topic Name : 't2db-submission-high-4, Consumer InMem Collection Size >>>>>>>> 0
Nov 30, 2024 1:18:27 PM com.itextos.beacon.smslog.ConsumerLog log
INFO:  : Topic Name Topic Name : 't2db-submission-high-4, Consumer InMem Collection Size >>>>>>>> 0
Nov 30, 2024 1:18:28 PM com.itextos.beacon.smslog.ConsumerLog log
INFO:  : Topic Name Topic Name : 't2db-submission-high-1, Consumer InMem Collection Size >>>>>>>> 0
Nov 30, 2024 1:18:28 PM com.itextos.beacon.smslog.ConsumerLog log
INFO:  : Topic Name Topic Name : 't2db-submission-high-1, Consumer InMem Collection Size >>>>>>>> 0
Nov 30, 2024 1:18:28 PM com.itextos.beacon.smslog.ConsumerLog log
INFO:  : Topic Name Topic Name : 't2db-submission-high-2, Consumer InMem Collection Size >>>>>>>> 0
Nov 30, 2024 1:18:28 PM com.itextos.beacon.smslog.ConsumerLog log
INFO:  : Topic Name Topic Name : 't2db-submission-high-2, Consumer InMem Collection Size >>>>>>>> 0
Nov 30, 2024 1:24:12 PM com.itextos.beacon.smslog.ConsumerLog log
INFO:  : Topic Name Topic Name : 't2db-submission-high-1, Consumer InMem Collection Size >>>>>>>> 0
Nov 30, 2024 1:24:12 PM com.itextos.beacon.smslog.ConsumerLog log
INFO:  : Topic Name Topic Name : 't2db-submission-high-1, Consumer InMem Collection Size >>>>>>>> 0
Nov 30, 2024 1:24:12 PM com.itextos.beacon.smslog.ConsumerLog log
INFO:  : Topic Name Topic Name : 't2db-submission-high-2, Consumer InMem Collection Size >>>>>>>> 0
Nov 30, 2024 1:24:12 PM com.itextos.beacon.smslog.ConsumerLog log
INFO:  : Topic Name Topic Name : 't2db-submission-high-2, Consumer InMem Collection Size >>>>>>>> 0
Nov 30, 2024 1:24:14 PM com.itextos.beacon.smslog.ConsumerLog log
INFO:  : Topic Name Topic Name : 't2db-submission-high-5, Consumer InMem Collection Size >>>>>>>> 0
Nov 30, 2024 1:24:14 PM com.itextos.beacon.smslog.ConsumerLog log
INFO:  : Topic Name Topic Name : 't2db-submission-high-5, Consumer InMem Collection Size >>>>>>>> 0
Nov 30, 2024 1:24:14 PM com.itextos.beacon.smslog.ConsumerLog log
INFO:  : Topic Name Topic Name : 't2db-submission-high-3, Consumer InMem Collection Size >>>>>>>> 0
Nov 30, 2024 1:24:14 PM com.itextos.beacon.smslog.ConsumerLog log
INFO:  : Topic Name Topic Name : 't2db-submission-high-3, Consumer InMem Collection Size >>>>>>>> 0
Nov 30, 2024 1:24:14 PM com.itextos.beacon.smslog.ConsumerLog log
INFO:  : Topic Name Topic Name : 't2db-submission-high-4, Consumer InMem Collection Size >>>>>>>> 0
Nov 30, 2024 1:24:14 PM com.itextos.beacon.smslog.ConsumerLog log
INFO:  : Topic Name Topic Name : 't2db-submission-high-4, Consumer InMem Collection Size >>>>>>>> 0
Dec 03, 2024 8:08:15 PM com.itextos.beacon.smslog.ConsumerLog log
INFO:  : Topic Name Topic Name : 't2db-submission-high-1, Consumer InMem Collection Size >>>>>>>> 0
Dec 03, 2024 8:08:15 PM com.itextos.beacon.smslog.ConsumerLog log
INFO:  : Topic Name Topic Name : 't2db-submission-high-1, Consumer InMem Collection Size >>>>>>>> 0
Dec 03, 2024 8:08:16 PM com.itextos.beacon.smslog.ConsumerLog log
INFO:  : Topic Name Topic Name : 't2db-submission-high-3, Consumer InMem Collection Size >>>>>>>> 0
Dec 03, 2024 8:08:16 PM com.itextos.beacon.smslog.ConsumerLog log
INFO:  : Topic Name Topic Name : 't2db-submission-high-3, Consumer InMem Collection Size >>>>>>>> 0
Dec 03, 2024 8:08:16 PM com.itextos.beacon.smslog.ConsumerLog log
INFO:  : Topic Name Topic Name : 't2db-submission-high-4, Consumer InMem Collection Size >>>>>>>> 0
Dec 03, 2024 8:08:16 PM com.itextos.beacon.smslog.ConsumerLog log
INFO:  : Topic Name Topic Name : 't2db-submission-high-4, Consumer InMem Collection Size >>>>>>>> 0
Dec 03, 2024 8:08:17 PM com.itextos.beacon.smslog.ConsumerLog log
INFO:  : Topic Name Topic Name : 't2db-submission-high-2, Consumer InMem Collection Size >>>>>>>> 0
Dec 03, 2024 8:08:17 PM com.itextos.beacon.smslog.ConsumerLog log
INFO:  : Topic Name Topic Name : 't2db-submission-high-2, Consumer InMem Collection Size >>>>>>>> 0
Dec 03, 2024 8:08:17 PM com.itextos.beacon.smslog.ConsumerLog log
INFO:  : Topic Name Topic Name : 't2db-submission-high-5, Consumer InMem Collection Size >>>>>>>> 0
Dec 03, 2024 8:08:17 PM com.itextos.beacon.smslog.ConsumerLog log
INFO:  : Topic Name Topic Name : 't2db-submission-high-5, Consumer InMem Collection Size >>>>>>>> 0
