Nov 20, 2024 9:46:57 AM com.itextos.beacon.smslog.DebugLog log
INFO: module : subt2tb
Nov 20, 2024 9:46:57 AM com.itextos.beacon.smslog.DebugLog log
INFO: Invoking for Component 'T2DB_SUBMISSION' with Startup Arguments StartupRuntimeArguments [mPlatformCluster=[], mInterfaceGroup=[], mMessageType=null, mMessagePriority=[], mClientIds=[]]
Nov 20, 2024 9:49:15 AM com.itextos.beacon.smslog.DebugLog log
INFO: module : dnt2tb
Nov 20, 2024 9:49:15 AM com.itextos.beacon.smslog.DebugLog log
INFO: Invoking for Component 'T2DB_DELIVERIES' with Startup Arguments StartupRuntimeArguments [mPlatformCluster=[], mInterfaceGroup=[], mMessageType=null, mMessagePriority=[], mClientIds=[]]
Nov 20, 2024 9:57:47 AM com.itextos.beacon.smslog.DebugLog log
INFO: module : clienthandovert2tb
Nov 20, 2024 9:57:47 AM com.itextos.beacon.smslog.DebugLog log
INFO: Invoking for Component 'T2DB_CLIENT_HANDOVER_RETRY_DATA' with Startup Arguments StartupRuntimeArguments [mPlatformCluster=[], mInterfaceGroup=[], mMessageType=null, mMessagePriority=[], mClientIds=[]]
Nov 20, 2024 9:57:50 AM com.itextos.beacon.smslog.DebugLog log
INFO: Invoking for Component 'T2DB_CLIENT_HANDOVER_LOG' with Startup Arguments StartupRuntimeArguments [mPlatformCluster=[], mInterfaceGroup=[], mMessageType=null, mMessagePriority=[], mClientIds=[]]
Nov 20, 2024 9:57:50 AM com.itextos.beacon.smslog.DebugLog log
INFO: Invoking for Component 'T2DB_CLIENT_HANDOVER_MASTER_LOG' with Startup Arguments StartupRuntimeArguments [mPlatformCluster=[], mInterfaceGroup=[], mMessageType=null, mMessagePriority=[], mClientIds=[]]
Nov 23, 2024 1:07:52 PM com.itextos.beacon.smslog.DebugLog log
INFO: module : clienthandovert2tb
Nov 23, 2024 1:07:52 PM com.itextos.beacon.smslog.DebugLog log
INFO: Invoking for Component 'T2DB_CLIENT_HANDOVER_RETRY_DATA' with Startup Arguments StartupRuntimeArguments [mPlatformCluster=[], mInterfaceGroup=[], mMessageType=null, mMessagePriority=[], mClientIds=[]]
Nov 23, 2024 1:07:57 PM com.itextos.beacon.smslog.DebugLog log
INFO: Invoking for Component 'T2DB_CLIENT_HANDOVER_LOG' with Startup Arguments StartupRuntimeArguments [mPlatformCluster=[], mInterfaceGroup=[], mMessageType=null, mMessagePriority=[], mClientIds=[]]
Nov 23, 2024 1:07:57 PM com.itextos.beacon.smslog.DebugLog log
INFO: Invoking for Component 'T2DB_CLIENT_HANDOVER_MASTER_LOG' with Startup Arguments StartupRuntimeArguments [mPlatformCluster=[], mInterfaceGroup=[], mMessageType=null, mMessagePriority=[], mClientIds=[]]
Nov 28, 2024 9:31:32 PM com.itextos.beacon.smslog.DebugLog log
INFO: module : clienthandovert2tb
Nov 28, 2024 9:31:32 PM com.itextos.beacon.smslog.DebugLog log
INFO: Invoking for Component 'T2DB_CLIENT_HANDOVER_RETRY_DATA' with Startup Arguments StartupRuntimeArguments [mPlatformCluster=[], mInterfaceGroup=[], mMessageType=null, mMessagePriority=[], mClientIds=[]]
Nov 28, 2024 9:31:39 PM com.itextos.beacon.smslog.DebugLog log
INFO: Invoking for Component 'T2DB_CLIENT_HANDOVER_LOG' with Startup Arguments StartupRuntimeArguments [mPlatformCluster=[], mInterfaceGroup=[], mMessageType=null, mMessagePriority=[], mClientIds=[]]
Nov 28, 2024 9:31:39 PM com.itextos.beacon.smslog.DebugLog log
INFO: Invoking for Component 'T2DB_CLIENT_HANDOVER_MASTER_LOG' with Startup Arguments StartupRuntimeArguments [mPlatformCluster=[], mInterfaceGroup=[], mMessageType=null, mMessagePriority=[], mClientIds=[]]
Nov 28, 2024 9:34:35 PM com.itextos.beacon.smslog.DebugLog log
INFO: module : clienthandovert2tb
Nov 28, 2024 9:34:35 PM com.itextos.beacon.smslog.DebugLog log
INFO: Invoking for Component 'T2DB_CLIENT_HANDOVER_RETRY_DATA' with Startup Arguments StartupRuntimeArguments [mPlatformCluster=[], mInterfaceGroup=[], mMessageType=null, mMessagePriority=[], mClientIds=[]]
Nov 28, 2024 9:34:46 PM com.itextos.beacon.smslog.DebugLog log
INFO: Invoking for Component 'T2DB_CLIENT_HANDOVER_LOG' with Startup Arguments StartupRuntimeArguments [mPlatformCluster=[], mInterfaceGroup=[], mMessageType=null, mMessagePriority=[], mClientIds=[]]
Nov 28, 2024 9:34:47 PM com.itextos.beacon.smslog.DebugLog log
INFO: Invoking for Component 'T2DB_CLIENT_HANDOVER_MASTER_LOG' with Startup Arguments StartupRuntimeArguments [mPlatformCluster=[], mInterfaceGroup=[], mMessageType=null, mMessagePriority=[], mClientIds=[]]
Nov 30, 2024 7:14:54 AM com.itextos.beacon.smslog.DebugLog log
INFO: module : clienthandovert2tb
Nov 30, 2024 7:14:54 AM com.itextos.beacon.smslog.DebugLog log
INFO: Invoking for Component 'T2DB_CLIENT_HANDOVER_RETRY_DATA' with Startup Arguments StartupRuntimeArguments [mPlatformCluster=[], mInterfaceGroup=[], mMessageType=null, mMessagePriority=[], mClientIds=[]]
Nov 30, 2024 7:15:00 AM com.itextos.beacon.smslog.DebugLog log
INFO: Invoking for Component 'T2DB_CLIENT_HANDOVER_LOG' with Startup Arguments StartupRuntimeArguments [mPlatformCluster=[], mInterfaceGroup=[], mMessageType=null, mMessagePriority=[], mClientIds=[]]
Nov 30, 2024 7:15:00 AM com.itextos.beacon.smslog.DebugLog log
INFO: Invoking for Component 'T2DB_CLIENT_HANDOVER_MASTER_LOG' with Startup Arguments StartupRuntimeArguments [mPlatformCluster=[], mInterfaceGroup=[], mMessageType=null, mMessagePriority=[], mClientIds=[]]
Nov 30, 2024 1:25:56 PM com.itextos.beacon.smslog.DebugLog log
INFO: module : clienthandovert2tb
Nov 30, 2024 1:25:56 PM com.itextos.beacon.smslog.DebugLog log
INFO: Invoking for Component 'T2DB_CLIENT_HANDOVER_RETRY_DATA' with Startup Arguments StartupRuntimeArguments [mPlatformCluster=[], mInterfaceGroup=[], mMessageType=null, mMessagePriority=[], mClientIds=[]]
Nov 30, 2024 1:26:01 PM com.itextos.beacon.smslog.DebugLog log
INFO: Invoking for Component 'T2DB_CLIENT_HANDOVER_LOG' with Startup Arguments StartupRuntimeArguments [mPlatformCluster=[], mInterfaceGroup=[], mMessageType=null, mMessagePriority=[], mClientIds=[]]
Nov 30, 2024 1:26:01 PM com.itextos.beacon.smslog.DebugLog log
INFO: Invoking for Component 'T2DB_CLIENT_HANDOVER_MASTER_LOG' with Startup Arguments StartupRuntimeArguments [mPlatformCluster=[], mInterfaceGroup=[], mMessageType=null, mMessagePriority=[], mClientIds=[]]
